2023-02-08 13:38:27.606 [info] Extension host with pid 1476 started
2023-02-08 13:38:27.606 [error] Error: EEXIST: file already exists, open '/home/vagrant/.vscode-server/data/User/workspaceStorage/c2d548dddc6058bd8a646987c8302a31/vscode.lock'
2023-02-08 13:38:27.681 [info] Lock '/home/vagrant/.vscode-server/data/User/workspaceStorage/c2d548dddc6058bd8a646987c8302a31/vscode.lock': Could not acquire lock, checking if the file is stale.
2023-02-08 13:38:27.681 [info] Lock '/home/vagrant/.vscode-server/data/User/workspaceStorage/c2d548dddc6058bd8a646987c8302a31/vscode.lock': The pid 17462 appears to be gone.
2023-02-08 13:38:27.682 [info] Lock '/home/vagrant/.vscode-server/data/User/workspaceStorage/c2d548dddc6058bd8a646987c8302a31/vscode.lock': Deleting a stale lock.
2023-02-08 13:38:27.731 [info] ExtensionService#_doActivateExtension vscode.git-base, startup: true, activationEvent: '*', root cause: vscode.git
2023-02-08 13:38:27.951 [info] Lock '/home/vagrant/.vscode-server/data/User/workspaceStorage/c2d548dddc6058bd8a646987c8302a31/vscode.lock': Lock acquired.
2023-02-08 13:38:28.100 [info] ExtensionService#_doActivateExtension vscode.git, startup: true, activationEvent: '*'
2023-02-08 13:38:28.101 [info] ExtensionService#_doActivateExtension vscode.github, startup: true, activationEvent: '*'
2023-02-08 13:38:28.811 [info] ExtensionService#_doActivateExtension vscode.debug-auto-launch, startup: false, activationEvent: 'onStartupFinished'
2023-02-08 13:38:28.811 [info] ExtensionService#_doActivateExtension vscode.emmet, startup: false, activationEvent: 'onStartupFinished'
2023-02-08 13:38:28.812 [info] ExtensionService#_doActivateExtension vscode.merge-conflict, startup: false, activationEvent: 'onStartupFinished'
2023-02-08 13:38:28.812 [info] Eager extensions activated
2023-02-08 13:38:29.615 [warning] [Decorations] CAPPING events from decorations provider vscode.git 2088
2023-02-08 13:38:30.628 [warning] [Decorations] CAPPING events from decorations provider vscode.git 2089
2023-02-08 13:38:45.167 [warning] [Decorations] CAPPING events from decorations provider vscode.git 2089
2023-02-08 13:38:45.694 [info] ExtensionService#_doActivateExtension vscode.npm, startup: false, activationEvent: 'onLanguage:properties'
2023-02-08 13:38:50.271 [warning] [Decorations] CAPPING events from decorations provider vscode.git 2089
2023-02-08 13:38:55.400 [warning] [Decorations] CAPPING events from decorations provider vscode.git 2089
2023-02-08 13:39:33.344 [warning] [Decorations] CAPPING events from decorations provider vscode.git 2089
2023-02-08 13:39:38.447 [warning] [Decorations] CAPPING events from decorations provider vscode.git 2089
2023-02-08 13:39:43.562 [warning] [Decorations] CAPPING events from decorations provider vscode.git 2089
2023-02-08 13:39:48.703 [warning] [Decorations] CAPPING events from decorations provider vscode.git 2089
2023-02-08 13:39:53.777 [warning] [Decorations] CAPPING events from decorations provider vscode.git 2089
2023-02-08 13:39:58.858 [warning] [Decorations] CAPPING events from decorations provider vscode.git 2089
2023-02-08 13:40:03.938 [warning] [Decorations] CAPPING events from decorations provider vscode.git 2089
2023-02-08 13:40:38.806 [error] Error: connect ETIMEDOUT 13.78.111.198:443
	at TCPConnectWrap.afterConnect [as oncomplete] (node:net:1157:16)
2023-02-08 13:42:26.862 [warning] [Decorations] CAPPING events from decorations provider vscode.git 2089
2023-02-08 13:42:31.940 [warning] [Decorations] CAPPING events from decorations provider vscode.git 2089
2023-02-08 13:42:37.010 [warning] [Decorations] CAPPING events from decorations provider vscode.git 2089
2023-02-08 13:42:42.140 [warning] [Decorations] CAPPING events from decorations provider vscode.git 2089
2023-02-08 13:44:03.071 [warning] [Decorations] CAPPING events from decorations provider vscode.git 2089
2023-02-08 13:44:08.153 [warning] [Decorations] CAPPING events from decorations provider vscode.git 2089
2023-02-08 13:44:13.259 [warning] [Decorations] CAPPING events from decorations provider vscode.git 2089
2023-02-08 13:44:18.468 [warning] [Decorations] CAPPING events from decorations provider vscode.git 2089
2023-02-08 13:44:23.600 [warning] [Decorations] CAPPING events from decorations provider vscode.git 2089
2023-02-09 07:21:50.469 [info] Extension host terminating: renderer disconnected for too long (2)
2023-02-09 07:21:50.480 [info] Lock '/home/vagrant/.vscode-server/data/User/workspaceStorage/c2d548dddc6058bd8a646987c8302a31/vscode.lock': Marking the lockfile as scheduled to be released in 6000 ms.
2023-02-09 07:21:50.602 [info] Extension host with pid 1476 exiting with code 0
