2023-01-20 10:06:30.003 [info] Extension host with pid 12685 started
2023-01-20 10:06:30.213 [info] ExtensionService#_doActivateExtension vscode.git-base, startup: true, activationEvent: '*', root cause: vscode.git
2023-01-20 10:06:30.284 [info] Lock '/home/vagrant/.vscode-server/data/User/workspaceStorage/c2d548dddc6058bd8a646987c8302a31/vscode.lock': Lock acquired.
2023-01-20 10:06:30.567 [info] ExtensionService#_doActivateExtension vscode.git, startup: true, activationEvent: '*'
2023-01-20 10:06:30.568 [info] ExtensionService#_doActivateExtension vscode.github, startup: true, activationEvent: '*'
2023-01-20 10:06:31.217 [info] ExtensionService#_doActivateExtension vscode.debug-auto-launch, startup: false, activationEvent: 'onStartupFinished'
2023-01-20 10:06:31.218 [info] ExtensionService#_doActivateExtension vscode.emmet, startup: false, activationEvent: 'onStartupFinished'
2023-01-20 10:06:31.218 [info] ExtensionService#_doActivateExtension vscode.merge-conflict, startup: false, activationEvent: 'onStartupFinished'
2023-01-20 10:06:31.219 [info] Eager extensions activated
2023-01-20 10:06:32.201 [warning] [Decorations] CAPPING events from decorations provider vscode.git 1923
2023-01-20 10:06:33.297 [warning] [Decorations] CAPPING events from decorations provider vscode.git 1923
2023-01-20 10:06:40.372 [warning] [Decorations] CAPPING events from decorations provider vscode.git 1924
2023-01-20 10:06:45.498 [warning] [Decorations] CAPPING events from decorations provider vscode.git 1924
2023-01-20 10:06:53.425 [warning] [Decorations] CAPPING events from decorations provider vscode.git 1924
2023-01-20 10:06:58.544 [warning] [Decorations] CAPPING events from decorations provider vscode.git 1924
2023-01-20 10:11:44.888 [warning] [Decorations] CAPPING events from decorations provider vscode.git 1924
2023-01-20 10:11:50.026 [warning] [Decorations] CAPPING events from decorations provider vscode.git 1924
2023-01-20 10:11:55.160 [warning] [Decorations] CAPPING events from decorations provider vscode.git 1924
2023-01-20 10:19:38.052 [warning] [Decorations] CAPPING events from decorations provider vscode.git 1924
2023-01-20 10:19:43.197 [warning] [Decorations] CAPPING events from decorations provider vscode.git 1924
2023-01-20 10:19:48.378 [warning] [Decorations] CAPPING events from decorations provider vscode.git 1924
2023-01-20 10:19:53.493 [warning] [Decorations] CAPPING events from decorations provider vscode.git 1924
2023-01-20 10:19:58.590 [warning] [Decorations] CAPPING events from decorations provider vscode.git 1924
2023-01-20 10:20:03.716 [warning] [Decorations] CAPPING events from decorations provider vscode.git 1924
2023-01-20 10:20:08.835 [warning] [Decorations] CAPPING events from decorations provider vscode.git 1924
2023-01-20 10:20:13.930 [warning] [Decorations] CAPPING events from decorations provider vscode.git 1924
2023-01-20 10:20:19.048 [warning] [Decorations] CAPPING events from decorations provider vscode.git 1924
2023-01-20 10:20:24.196 [warning] [Decorations] CAPPING events from decorations provider vscode.git 1924
2023-01-20 10:20:29.320 [warning] [Decorations] CAPPING events from decorations provider vscode.git 1924
2023-01-20 10:20:34.462 [warning] [Decorations] CAPPING events from decorations provider vscode.git 1924
2023-01-20 10:20:39.578 [warning] [Decorations] CAPPING events from decorations provider vscode.git 1924
2023-01-20 10:20:44.782 [warning] [Decorations] CAPPING events from decorations provider vscode.git 1924
2023-01-20 10:20:49.901 [warning] [Decorations] CAPPING events from decorations provider vscode.git 1924
2023-01-20 10:20:55.087 [warning] [Decorations] CAPPING events from decorations provider vscode.git 1924
2023-01-20 10:21:00.198 [warning] [Decorations] CAPPING events from decorations provider vscode.git 1924
2023-01-20 10:21:05.387 [warning] [Decorations] CAPPING events from decorations provider vscode.git 1924
2023-01-20 10:21:10.489 [warning] [Decorations] CAPPING events from decorations provider vscode.git 1924
2023-01-20 10:21:15.619 [warning] [Decorations] CAPPING events from decorations provider vscode.git 1924
2023-01-20 10:21:20.733 [warning] [Decorations] CAPPING events from decorations provider vscode.git 1924
2023-01-20 10:21:25.923 [warning] [Decorations] CAPPING events from decorations provider vscode.git 1924
2023-01-20 10:21:31.044 [warning] [Decorations] CAPPING events from decorations provider vscode.git 1924
2023-01-20 10:21:36.246 [warning] [Decorations] CAPPING events from decorations provider vscode.git 1924
2023-01-20 10:21:41.371 [warning] [Decorations] CAPPING events from decorations provider vscode.git 1924
2023-01-20 10:21:46.585 [warning] [Decorations] CAPPING events from decorations provider vscode.git 1924
2023-01-20 10:21:51.730 [warning] [Decorations] CAPPING events from decorations provider vscode.git 1924
2023-01-20 10:21:56.894 [warning] [Decorations] CAPPING events from decorations provider vscode.git 1924
2023-01-20 10:22:02.002 [warning] [Decorations] CAPPING events from decorations provider vscode.git 1924
2023-01-20 10:22:07.203 [warning] [Decorations] CAPPING events from decorations provider vscode.git 1924
2023-01-20 10:22:12.386 [warning] [Decorations] CAPPING events from decorations provider vscode.git 1924
2023-01-20 10:22:17.507 [warning] [Decorations] CAPPING events from decorations provider vscode.git 1924
2023-01-20 10:22:22.637 [warning] [Decorations] CAPPING events from decorations provider vscode.git 1924
2023-01-20 10:22:27.843 [warning] [Decorations] CAPPING events from decorations provider vscode.git 1924
2023-01-20 10:22:33.043 [warning] [Decorations] CAPPING events from decorations provider vscode.git 1924
2023-01-20 10:22:38.390 [warning] [Decorations] CAPPING events from decorations provider vscode.git 1924
2023-01-20 10:22:43.613 [warning] [Decorations] CAPPING events from decorations provider vscode.git 1924
2023-01-20 10:22:48.742 [warning] [Decorations] CAPPING events from decorations provider vscode.git 1924
2023-01-20 10:22:53.834 [warning] [Decorations] CAPPING events from decorations provider vscode.git 1924
2023-01-20 10:22:58.953 [warning] [Decorations] CAPPING events from decorations provider vscode.git 1924
2023-01-20 10:23:04.180 [warning] [Decorations] CAPPING events from decorations provider vscode.git 1924
2023-01-20 10:23:09.349 [warning] [Decorations] CAPPING events from decorations provider vscode.git 1924
2023-01-20 10:23:14.454 [warning] [Decorations] CAPPING events from decorations provider vscode.git 1924
2023-01-20 10:23:19.704 [warning] [Decorations] CAPPING events from decorations provider vscode.git 1924
2023-01-20 10:23:29.618 [warning] [Decorations] CAPPING events from decorations provider vscode.git 1924
2023-01-20 10:23:34.733 [warning] [Decorations] CAPPING events from decorations provider vscode.git 1924
2023-01-20 10:23:39.839 [warning] [Decorations] CAPPING events from decorations provider vscode.git 1924
2023-01-20 10:23:45.081 [warning] [Decorations] CAPPING events from decorations provider vscode.git 1924
2023-01-20 10:23:50.320 [warning] [Decorations] CAPPING events from decorations provider vscode.git 1924
2023-01-20 10:23:55.604 [warning] [Decorations] CAPPING events from decorations provider vscode.git 1924
2023-01-20 10:47:26.183 [warning] [Decorations] CAPPING events from decorations provider vscode.git 1924
2023-01-20 10:48:38.239 [warning] [Decorations] CAPPING events from decorations provider vscode.git 1924
2023-01-20 10:48:43.356 [warning] [Decorations] CAPPING events from decorations provider vscode.git 1924
2023-01-20 10:48:48.517 [warning] [Decorations] CAPPING events from decorations provider vscode.git 1924
2023-01-20 10:48:53.636 [warning] [Decorations] CAPPING events from decorations provider vscode.git 1924
2023-01-20 10:48:58.823 [warning] [Decorations] CAPPING events from decorations provider vscode.git 1924
2023-01-20 10:49:03.942 [warning] [Decorations] CAPPING events from decorations provider vscode.git 1924
2023-01-20 16:08:56.888 [info] Extension host terminating: renderer disconnected for too long (1)
2023-01-20 16:08:56.901 [info] Lock '/home/vagrant/.vscode-server/data/User/workspaceStorage/c2d548dddc6058bd8a646987c8302a31/vscode.lock': Marking the lockfile as scheduled to be released in 6000 ms.
2023-01-20 16:08:56.957 [info] Extension host with pid 12685 exiting with code 0
