2023-02-15 12:31:02.934 [info] Extension host with pid 9332 started
2023-02-15 12:31:02.951 [error] Error: EEXIST: file already exists, open '/home/vagrant/.vscode-server/data/User/workspaceStorage/c2d548dddc6058bd8a646987c8302a31/vscode.lock'
2023-02-15 12:31:02.964 [info] Lock '/home/vagrant/.vscode-server/data/User/workspaceStorage/c2d548dddc6058bd8a646987c8302a31/vscode.lock': Could not acquire lock, checking if the file is stale.
2023-02-15 12:31:02.971 [info] Lock '/home/vagrant/.vscode-server/data/User/workspaceStorage/c2d548dddc6058bd8a646987c8302a31/vscode.lock': The lock does not look stale, elapsed: 21 ms, giving up.
2023-02-15 12:31:02.980 [info] Lock '/home/vagrant/.vscode-server/data/User/workspaceStorage/c2d548dddc6058bd8a646987c8302a31-1/vscode.lock': Lock acquired.
2023-02-15 12:31:03.342 [info] ExtensionService#_doActivateExtension vscode.git-base, startup: true, activationEvent: '*', root cause: vscode.git
2023-02-15 12:31:03.518 [info] ExtensionService#_doActivateExtension vscode.git, startup: true, activationEvent: '*'
2023-02-15 12:31:03.519 [info] ExtensionService#_doActivateExtension vscode.github, startup: true, activationEvent: '*'
2023-02-15 12:31:04.038 [info] ExtensionService#_doActivateExtension vscode.debug-auto-launch, startup: false, activationEvent: 'onStartupFinished'
2023-02-15 12:31:04.039 [info] ExtensionService#_doActivateExtension vscode.emmet, startup: false, activationEvent: 'onStartupFinished'
2023-02-15 12:31:04.039 [info] ExtensionService#_doActivateExtension vscode.merge-conflict, startup: false, activationEvent: 'onStartupFinished'
2023-02-15 12:31:04.040 [info] Eager extensions activated
2023-02-15 12:31:04.774 [warning] [Decorations] CAPPING events from decorations provider vscode.git 2203
2023-02-15 12:31:05.770 [warning] [Decorations] CAPPING events from decorations provider vscode.git 2203
2023-02-15 12:33:13.939 [error] Error: connect ETIMEDOUT 40.79.150.121:443
	at TCPConnectWrap.afterConnect [as oncomplete] (node:net:1157:16)
2023-02-15 12:36:04.288 [warning] [Decorations] CAPPING events from decorations provider vscode.git 2204
2023-02-15 12:36:09.399 [warning] [Decorations] CAPPING events from decorations provider vscode.git 2204
2023-02-15 12:36:14.585 [warning] [Decorations] CAPPING events from decorations provider vscode.git 2204
2023-02-15 12:36:19.803 [warning] [Decorations] CAPPING events from decorations provider vscode.git 2204
2023-02-15 12:36:24.932 [warning] [Decorations] CAPPING events from decorations provider vscode.git 2204
2023-02-15 12:36:30.097 [warning] [Decorations] CAPPING events from decorations provider vscode.git 2204
2023-02-15 12:36:35.287 [warning] [Decorations] CAPPING events from decorations provider vscode.git 2204
2023-02-15 12:36:40.413 [warning] [Decorations] CAPPING events from decorations provider vscode.git 2204
2023-02-15 12:36:45.523 [warning] [Decorations] CAPPING events from decorations provider vscode.git 2204
2023-02-15 12:36:50.633 [warning] [Decorations] CAPPING events from decorations provider vscode.git 2204
2023-02-15 12:36:55.800 [warning] [Decorations] CAPPING events from decorations provider vscode.git 2204
2023-02-15 12:37:00.913 [warning] [Decorations] CAPPING events from decorations provider vscode.git 2204
2023-02-15 12:37:06.069 [warning] [Decorations] CAPPING events from decorations provider vscode.git 2204
2023-02-15 12:37:11.187 [warning] [Decorations] CAPPING events from decorations provider vscode.git 2204
2023-02-15 12:37:16.304 [warning] [Decorations] CAPPING events from decorations provider vscode.git 2204
2023-02-15 12:37:21.420 [warning] [Decorations] CAPPING events from decorations provider vscode.git 2204
2023-02-15 12:37:26.574 [warning] [Decorations] CAPPING events from decorations provider vscode.git 2204
2023-02-15 12:37:31.731 [warning] [Decorations] CAPPING events from decorations provider vscode.git 2204
2023-02-15 12:37:36.856 [warning] [Decorations] CAPPING events from decorations provider vscode.git 2204
2023-02-15 12:37:41.990 [warning] [Decorations] CAPPING events from decorations provider vscode.git 2204
2023-02-15 12:37:47.172 [warning] [Decorations] CAPPING events from decorations provider vscode.git 2204
2023-02-15 12:37:52.354 [warning] [Decorations] CAPPING events from decorations provider vscode.git 2204
2023-02-15 12:37:57.483 [warning] [Decorations] CAPPING events from decorations provider vscode.git 2204
2023-02-15 12:38:02.785 [warning] [Decorations] CAPPING events from decorations provider vscode.git 2204
2023-02-15 12:38:07.981 [warning] [Decorations] CAPPING events from decorations provider vscode.git 2204
2023-02-15 12:38:13.232 [warning] [Decorations] CAPPING events from decorations provider vscode.git 2204
2023-02-15 12:38:18.392 [warning] [Decorations] CAPPING events from decorations provider vscode.git 2204
2023-02-15 12:38:23.544 [warning] [Decorations] CAPPING events from decorations provider vscode.git 2204
2023-02-15 12:38:28.666 [warning] [Decorations] CAPPING events from decorations provider vscode.git 2204
2023-02-15 12:38:33.913 [warning] [Decorations] CAPPING events from decorations provider vscode.git 2204
2023-02-15 12:38:39.081 [warning] [Decorations] CAPPING events from decorations provider vscode.git 2204
2023-02-15 12:38:44.235 [warning] [Decorations] CAPPING events from decorations provider vscode.git 2204
2023-02-15 12:38:49.385 [warning] [Decorations] CAPPING events from decorations provider vscode.git 2204
2023-02-15 12:38:54.519 [warning] [Decorations] CAPPING events from decorations provider vscode.git 2204
2023-02-15 12:38:59.705 [warning] [Decorations] CAPPING events from decorations provider vscode.git 2204
2023-02-15 12:39:04.805 [warning] [Decorations] CAPPING events from decorations provider vscode.git 2204
2023-02-15 12:39:09.980 [warning] [Decorations] CAPPING events from decorations provider vscode.git 2204
2023-02-15 12:39:15.150 [warning] [Decorations] CAPPING events from decorations provider vscode.git 2204
2023-02-15 12:39:20.253 [warning] [Decorations] CAPPING events from decorations provider vscode.git 2204
2023-02-15 12:39:25.448 [warning] [Decorations] CAPPING events from decorations provider vscode.git 2204
2023-02-15 12:39:30.642 [warning] [Decorations] CAPPING events from decorations provider vscode.git 2204
2023-02-15 12:39:35.787 [warning] [Decorations] CAPPING events from decorations provider vscode.git 2204
2023-02-15 12:39:40.940 [warning] [Decorations] CAPPING events from decorations provider vscode.git 2204
2023-02-15 12:39:46.070 [warning] [Decorations] CAPPING events from decorations provider vscode.git 2204
2023-02-15 12:39:51.238 [warning] [Decorations] CAPPING events from decorations provider vscode.git 2204
2023-02-15 12:39:56.332 [warning] [Decorations] CAPPING events from decorations provider vscode.git 2204
2023-02-15 12:40:01.501 [warning] [Decorations] CAPPING events from decorations provider vscode.git 2204
2023-02-15 12:40:06.693 [warning] [Decorations] CAPPING events from decorations provider vscode.git 2204
2023-02-15 12:40:11.835 [warning] [Decorations] CAPPING events from decorations provider vscode.git 2204
2023-02-15 12:40:17.025 [warning] [Decorations] CAPPING events from decorations provider vscode.git 2204
2023-02-15 12:40:22.130 [warning] [Decorations] CAPPING events from decorations provider vscode.git 2204
2023-02-15 12:40:27.241 [warning] [Decorations] CAPPING events from decorations provider vscode.git 2204
2023-02-15 12:40:32.346 [warning] [Decorations] CAPPING events from decorations provider vscode.git 2204
2023-02-15 12:40:37.506 [warning] [Decorations] CAPPING events from decorations provider vscode.git 2204
2023-02-15 12:40:42.713 [warning] [Decorations] CAPPING events from decorations provider vscode.git 2204
2023-02-15 12:40:47.874 [warning] [Decorations] CAPPING events from decorations provider vscode.git 2204
2023-02-15 12:40:53.042 [warning] [Decorations] CAPPING events from decorations provider vscode.git 2204
2023-02-15 12:40:58.202 [warning] [Decorations] CAPPING events from decorations provider vscode.git 2204
2023-02-15 12:41:03.434 [warning] [Decorations] CAPPING events from decorations provider vscode.git 2204
2023-02-15 12:41:08.551 [warning] [Decorations] CAPPING events from decorations provider vscode.git 2204
2023-02-15 12:41:13.765 [warning] [Decorations] CAPPING events from decorations provider vscode.git 2204
2023-02-15 12:41:18.935 [warning] [Decorations] CAPPING events from decorations provider vscode.git 2204
2023-02-15 12:41:24.064 [warning] [Decorations] CAPPING events from decorations provider vscode.git 2204
2023-02-15 12:41:29.174 [warning] [Decorations] CAPPING events from decorations provider vscode.git 2204
2023-02-15 12:41:34.333 [warning] [Decorations] CAPPING events from decorations provider vscode.git 2204
2023-02-15 12:41:39.480 [warning] [Decorations] CAPPING events from decorations provider vscode.git 2204
2023-02-15 12:41:44.644 [warning] [Decorations] CAPPING events from decorations provider vscode.git 2204
2023-02-15 12:41:49.766 [warning] [Decorations] CAPPING events from decorations provider vscode.git 2204
2023-02-15 12:41:54.902 [warning] [Decorations] CAPPING events from decorations provider vscode.git 2204
2023-02-15 12:42:00.016 [warning] [Decorations] CAPPING events from decorations provider vscode.git 2204
2023-02-15 12:42:05.119 [warning] [Decorations] CAPPING events from decorations provider vscode.git 2204
2023-02-15 12:42:10.251 [warning] [Decorations] CAPPING events from decorations provider vscode.git 2204
2023-02-15 12:42:15.414 [warning] [Decorations] CAPPING events from decorations provider vscode.git 2204
2023-02-15 12:42:20.565 [warning] [Decorations] CAPPING events from decorations provider vscode.git 2204
2023-02-15 12:42:25.670 [warning] [Decorations] CAPPING events from decorations provider vscode.git 2204
2023-02-15 12:42:30.776 [warning] [Decorations] CAPPING events from decorations provider vscode.git 2204
2023-02-15 12:42:35.912 [warning] [Decorations] CAPPING events from decorations provider vscode.git 2204
2023-02-15 12:42:41.073 [warning] [Decorations] CAPPING events from decorations provider vscode.git 2204
2023-02-15 12:42:46.188 [warning] [Decorations] CAPPING events from decorations provider vscode.git 2204
2023-02-15 12:42:51.429 [warning] [Decorations] CAPPING events from decorations provider vscode.git 2204
2023-02-15 12:42:56.665 [warning] [Decorations] CAPPING events from decorations provider vscode.git 2204
2023-02-15 12:43:01.835 [warning] [Decorations] CAPPING events from decorations provider vscode.git 2204
2023-02-15 12:43:07.023 [warning] [Decorations] CAPPING events from decorations provider vscode.git 2204
2023-02-15 12:43:12.152 [warning] [Decorations] CAPPING events from decorations provider vscode.git 2204
2023-02-15 12:43:17.336 [warning] [Decorations] CAPPING events from decorations provider vscode.git 2204
2023-02-15 12:43:22.467 [warning] [Decorations] CAPPING events from decorations provider vscode.git 2204
2023-02-15 12:43:27.597 [warning] [Decorations] CAPPING events from decorations provider vscode.git 2204
2023-02-15 12:43:32.744 [warning] [Decorations] CAPPING events from decorations provider vscode.git 2204
2023-02-15 12:43:37.906 [warning] [Decorations] CAPPING events from decorations provider vscode.git 2204
2023-02-15 12:43:43.031 [warning] [Decorations] CAPPING events from decorations provider vscode.git 2204
2023-02-15 12:43:48.241 [warning] [Decorations] CAPPING events from decorations provider vscode.git 2204
2023-02-15 12:43:53.429 [warning] [Decorations] CAPPING events from decorations provider vscode.git 2204
2023-02-15 12:43:58.540 [warning] [Decorations] CAPPING events from decorations provider vscode.git 2204
2023-02-15 12:44:03.758 [warning] [Decorations] CAPPING events from decorations provider vscode.git 2204
2023-02-15 12:44:08.937 [warning] [Decorations] CAPPING events from decorations provider vscode.git 2204
2023-02-15 12:44:14.156 [warning] [Decorations] CAPPING events from decorations provider vscode.git 2204
2023-02-15 12:44:19.296 [warning] [Decorations] CAPPING events from decorations provider vscode.git 2204
2023-02-15 12:44:24.424 [warning] [Decorations] CAPPING events from decorations provider vscode.git 2204
2023-02-15 12:44:29.636 [warning] [Decorations] CAPPING events from decorations provider vscode.git 2204
2023-02-15 12:44:34.769 [warning] [Decorations] CAPPING events from decorations provider vscode.git 2204
2023-02-15 12:44:39.878 [warning] [Decorations] CAPPING events from decorations provider vscode.git 2204
2023-02-15 12:44:45.027 [warning] [Decorations] CAPPING events from decorations provider vscode.git 2204
2023-02-15 12:44:50.215 [warning] [Decorations] CAPPING events from decorations provider vscode.git 2204
2023-02-15 12:44:55.336 [warning] [Decorations] CAPPING events from decorations provider vscode.git 2204
2023-02-15 12:45:00.503 [warning] [Decorations] CAPPING events from decorations provider vscode.git 2204
2023-02-15 12:45:05.673 [warning] [Decorations] CAPPING events from decorations provider vscode.git 2204
2023-02-15 12:45:10.787 [warning] [Decorations] CAPPING events from decorations provider vscode.git 2204
2023-02-15 12:45:15.909 [warning] [Decorations] CAPPING events from decorations provider vscode.git 2204
2023-02-15 12:45:21.066 [warning] [Decorations] CAPPING events from decorations provider vscode.git 2204
2023-02-15 12:45:26.234 [warning] [Decorations] CAPPING events from decorations provider vscode.git 2204
2023-02-15 12:45:31.437 [warning] [Decorations] CAPPING events from decorations provider vscode.git 2204
2023-02-15 12:45:36.549 [warning] [Decorations] CAPPING events from decorations provider vscode.git 2204
2023-02-15 12:45:41.706 [warning] [Decorations] CAPPING events from decorations provider vscode.git 2204
2023-02-15 12:45:46.869 [warning] [Decorations] CAPPING events from decorations provider vscode.git 2204
2023-02-15 12:45:52.082 [warning] [Decorations] CAPPING events from decorations provider vscode.git 2204
2023-02-15 12:45:57.244 [warning] [Decorations] CAPPING events from decorations provider vscode.git 2204
2023-02-15 12:46:02.451 [warning] [Decorations] CAPPING events from decorations provider vscode.git 2204
2023-02-15 12:46:07.600 [warning] [Decorations] CAPPING events from decorations provider vscode.git 2204
2023-02-15 12:46:12.823 [warning] [Decorations] CAPPING events from decorations provider vscode.git 2204
2023-02-15 12:46:17.981 [warning] [Decorations] CAPPING events from decorations provider vscode.git 2204
2023-02-15 12:46:23.128 [warning] [Decorations] CAPPING events from decorations provider vscode.git 2204
2023-02-15 12:46:28.259 [warning] [Decorations] CAPPING events from decorations provider vscode.git 2204
2023-02-15 12:46:33.432 [warning] [Decorations] CAPPING events from decorations provider vscode.git 2204
2023-02-15 12:46:38.671 [warning] [Decorations] CAPPING events from decorations provider vscode.git 2204
2023-02-15 12:46:43.835 [warning] [Decorations] CAPPING events from decorations provider vscode.git 2204
2023-02-15 12:46:48.994 [warning] [Decorations] CAPPING events from decorations provider vscode.git 2204
2023-02-15 12:46:54.248 [warning] [Decorations] CAPPING events from decorations provider vscode.git 2204
2023-02-15 12:46:59.383 [warning] [Decorations] CAPPING events from decorations provider vscode.git 2204
2023-02-15 12:47:04.602 [warning] [Decorations] CAPPING events from decorations provider vscode.git 2204
2023-02-15 12:47:09.772 [warning] [Decorations] CAPPING events from decorations provider vscode.git 2204
2023-02-15 12:47:14.925 [warning] [Decorations] CAPPING events from decorations provider vscode.git 2204
2023-02-15 12:47:20.022 [warning] [Decorations] CAPPING events from decorations provider vscode.git 2204
2023-02-15 12:47:25.173 [warning] [Decorations] CAPPING events from decorations provider vscode.git 2204
2023-02-15 12:47:30.381 [warning] [Decorations] CAPPING events from decorations provider vscode.git 2204
2023-02-15 12:47:35.566 [warning] [Decorations] CAPPING events from decorations provider vscode.git 2204
2023-02-15 12:47:40.758 [warning] [Decorations] CAPPING events from decorations provider vscode.git 2204
2023-02-15 12:47:45.910 [warning] [Decorations] CAPPING events from decorations provider vscode.git 2204
2023-02-15 12:47:51.058 [warning] [Decorations] CAPPING events from decorations provider vscode.git 2204
2023-02-15 12:47:56.236 [warning] [Decorations] CAPPING events from decorations provider vscode.git 2204
2023-02-15 12:48:01.376 [warning] [Decorations] CAPPING events from decorations provider vscode.git 2204
2023-02-15 12:48:06.533 [warning] [Decorations] CAPPING events from decorations provider vscode.git 2204
2023-02-15 12:48:11.682 [warning] [Decorations] CAPPING events from decorations provider vscode.git 2204
2023-02-15 12:48:16.835 [warning] [Decorations] CAPPING events from decorations provider vscode.git 2204
2023-02-15 12:48:21.960 [warning] [Decorations] CAPPING events from decorations provider vscode.git 2204
2023-02-15 12:48:27.152 [warning] [Decorations] CAPPING events from decorations provider vscode.git 2204
2023-02-15 12:48:32.324 [warning] [Decorations] CAPPING events from decorations provider vscode.git 2204
2023-02-15 12:48:37.487 [warning] [Decorations] CAPPING events from decorations provider vscode.git 2204
2023-02-15 12:48:42.652 [warning] [Decorations] CAPPING events from decorations provider vscode.git 2204
2023-02-15 12:48:47.865 [warning] [Decorations] CAPPING events from decorations provider vscode.git 2204
2023-02-15 12:48:53.047 [warning] [Decorations] CAPPING events from decorations provider vscode.git 2204
2023-02-15 12:48:58.216 [warning] [Decorations] CAPPING events from decorations provider vscode.git 2204
2023-02-15 12:49:03.416 [warning] [Decorations] CAPPING events from decorations provider vscode.git 2204
2023-02-15 12:49:08.618 [warning] [Decorations] CAPPING events from decorations provider vscode.git 2204
2023-02-15 12:49:13.813 [warning] [Decorations] CAPPING events from decorations provider vscode.git 2204
2023-02-15 12:49:18.998 [warning] [Decorations] CAPPING events from decorations provider vscode.git 2204
2023-02-15 12:49:24.171 [warning] [Decorations] CAPPING events from decorations provider vscode.git 2204
2023-02-15 12:49:29.301 [warning] [Decorations] CAPPING events from decorations provider vscode.git 2204
2023-02-15 12:49:34.397 [warning] [Decorations] CAPPING events from decorations provider vscode.git 2204
2023-02-15 12:49:39.563 [warning] [Decorations] CAPPING events from decorations provider vscode.git 2204
2023-02-15 12:49:44.693 [warning] [Decorations] CAPPING events from decorations provider vscode.git 2204
2023-02-15 12:49:49.798 [warning] [Decorations] CAPPING events from decorations provider vscode.git 2204
2023-02-15 12:49:54.992 [warning] [Decorations] CAPPING events from decorations provider vscode.git 2204
2023-02-15 12:50:00.231 [warning] [Decorations] CAPPING events from decorations provider vscode.git 2204
2023-02-15 12:50:05.348 [warning] [Decorations] CAPPING events from decorations provider vscode.git 2204
2023-02-15 12:50:10.562 [warning] [Decorations] CAPPING events from decorations provider vscode.git 2204
2023-02-15 12:50:15.705 [warning] [Decorations] CAPPING events from decorations provider vscode.git 2204
2023-02-15 12:50:20.898 [warning] [Decorations] CAPPING events from decorations provider vscode.git 2204
2023-02-15 12:50:26.058 [warning] [Decorations] CAPPING events from decorations provider vscode.git 2204
2023-02-15 12:50:31.222 [warning] [Decorations] CAPPING events from decorations provider vscode.git 2204
2023-02-15 12:50:36.342 [warning] [Decorations] CAPPING events from decorations provider vscode.git 2204
2023-02-15 12:50:41.530 [warning] [Decorations] CAPPING events from decorations provider vscode.git 2204
2023-02-15 12:50:46.678 [warning] [Decorations] CAPPING events from decorations provider vscode.git 2204
2023-02-15 12:50:51.838 [warning] [Decorations] CAPPING events from decorations provider vscode.git 2204
2023-02-15 12:50:56.967 [warning] [Decorations] CAPPING events from decorations provider vscode.git 2204
2023-02-15 12:51:02.202 [warning] [Decorations] CAPPING events from decorations provider vscode.git 2204
2023-02-15 12:51:07.365 [warning] [Decorations] CAPPING events from decorations provider vscode.git 2204
2023-02-15 12:51:12.536 [warning] [Decorations] CAPPING events from decorations provider vscode.git 2204
2023-02-15 12:51:17.672 [warning] [Decorations] CAPPING events from decorations provider vscode.git 2204
2023-02-15 12:51:22.846 [warning] [Decorations] CAPPING events from decorations provider vscode.git 2204
2023-02-15 12:51:28.021 [warning] [Decorations] CAPPING events from decorations provider vscode.git 2204
2023-02-15 12:51:33.206 [warning] [Decorations] CAPPING events from decorations provider vscode.git 2204
2023-02-15 12:51:38.344 [warning] [Decorations] CAPPING events from decorations provider vscode.git 2204
2023-02-15 12:51:43.464 [warning] [Decorations] CAPPING events from decorations provider vscode.git 2204
2023-02-15 12:51:48.629 [warning] [Decorations] CAPPING events from decorations provider vscode.git 2204
2023-02-15 12:51:53.731 [warning] [Decorations] CAPPING events from decorations provider vscode.git 2204
2023-02-15 12:51:58.848 [warning] [Decorations] CAPPING events from decorations provider vscode.git 2204
2023-02-15 12:52:03.972 [warning] [Decorations] CAPPING events from decorations provider vscode.git 2204
2023-02-15 12:52:09.092 [warning] [Decorations] CAPPING events from decorations provider vscode.git 2204
2023-02-15 12:52:14.280 [warning] [Decorations] CAPPING events from decorations provider vscode.git 2204
2023-02-15 12:52:19.453 [warning] [Decorations] CAPPING events from decorations provider vscode.git 2204
2023-02-15 12:52:24.635 [warning] [Decorations] CAPPING events from decorations provider vscode.git 2204
2023-02-15 12:52:29.793 [warning] [Decorations] CAPPING events from decorations provider vscode.git 2204
2023-02-15 12:52:34.933 [warning] [Decorations] CAPPING events from decorations provider vscode.git 2204
2023-02-15 12:52:40.101 [warning] [Decorations] CAPPING events from decorations provider vscode.git 2204
2023-02-15 12:52:45.365 [warning] [Decorations] CAPPING events from decorations provider vscode.git 2204
2023-02-15 12:52:50.513 [warning] [Decorations] CAPPING events from decorations provider vscode.git 2204
2023-02-15 12:52:55.699 [warning] [Decorations] CAPPING events from decorations provider vscode.git 2204
2023-02-15 12:53:00.911 [warning] [Decorations] CAPPING events from decorations provider vscode.git 2204
2023-02-15 12:53:06.223 [warning] [Decorations] CAPPING events from decorations provider vscode.git 2204
2023-02-15 12:53:11.389 [warning] [Decorations] CAPPING events from decorations provider vscode.git 2204
2023-02-15 12:53:16.595 [warning] [Decorations] CAPPING events from decorations provider vscode.git 2204
2023-02-15 12:53:21.738 [warning] [Decorations] CAPPING events from decorations provider vscode.git 2204
2023-02-15 12:53:26.937 [warning] [Decorations] CAPPING events from decorations provider vscode.git 2204
2023-02-15 12:53:32.091 [warning] [Decorations] CAPPING events from decorations provider vscode.git 2204
2023-02-15 12:53:37.278 [warning] [Decorations] CAPPING events from decorations provider vscode.git 2204
2023-02-15 12:53:42.484 [warning] [Decorations] CAPPING events from decorations provider vscode.git 2204
2023-02-15 12:53:47.648 [warning] [Decorations] CAPPING events from decorations provider vscode.git 2204
2023-02-15 12:53:52.791 [warning] [Decorations] CAPPING events from decorations provider vscode.git 2204
2023-02-15 12:53:58.054 [warning] [Decorations] CAPPING events from decorations provider vscode.git 2204
2023-02-15 12:54:03.290 [warning] [Decorations] CAPPING events from decorations provider vscode.git 2204
2023-02-15 12:54:08.438 [warning] [Decorations] CAPPING events from decorations provider vscode.git 2204
2023-02-15 12:54:13.634 [warning] [Decorations] CAPPING events from decorations provider vscode.git 2204
2023-02-15 12:54:18.785 [warning] [Decorations] CAPPING events from decorations provider vscode.git 2204
2023-02-15 12:54:23.927 [warning] [Decorations] CAPPING events from decorations provider vscode.git 2204
2023-02-15 12:54:29.122 [warning] [Decorations] CAPPING events from decorations provider vscode.git 2204
2023-02-15 12:54:34.285 [warning] [Decorations] CAPPING events from decorations provider vscode.git 2204
2023-02-15 12:54:39.526 [warning] [Decorations] CAPPING events from decorations provider vscode.git 2204
2023-02-15 12:54:44.692 [warning] [Decorations] CAPPING events from decorations provider vscode.git 2204
2023-02-15 12:54:49.875 [warning] [Decorations] CAPPING events from decorations provider vscode.git 2204
2023-02-15 12:54:55.100 [warning] [Decorations] CAPPING events from decorations provider vscode.git 2204
2023-02-15 12:55:00.351 [warning] [Decorations] CAPPING events from decorations provider vscode.git 2204
2023-02-15 12:55:05.551 [warning] [Decorations] CAPPING events from decorations provider vscode.git 2204
2023-02-15 12:55:10.701 [warning] [Decorations] CAPPING events from decorations provider vscode.git 2204
2023-02-15 12:55:15.798 [warning] [Decorations] CAPPING events from decorations provider vscode.git 2204
2023-02-15 12:55:20.899 [warning] [Decorations] CAPPING events from decorations provider vscode.git 2204
2023-02-15 12:55:26.006 [warning] [Decorations] CAPPING events from decorations provider vscode.git 2204
2023-02-15 12:55:31.244 [warning] [Decorations] CAPPING events from decorations provider vscode.git 2204
2023-02-15 12:55:36.425 [warning] [Decorations] CAPPING events from decorations provider vscode.git 2204
2023-02-15 12:55:41.649 [warning] [Decorations] CAPPING events from decorations provider vscode.git 2204
2023-02-15 12:55:46.812 [warning] [Decorations] CAPPING events from decorations provider vscode.git 2204
2023-02-15 12:55:51.973 [warning] [Decorations] CAPPING events from decorations provider vscode.git 2204
2023-02-15 12:55:57.111 [warning] [Decorations] CAPPING events from decorations provider vscode.git 2204
2023-02-15 12:56:02.261 [warning] [Decorations] CAPPING events from decorations provider vscode.git 2204
2023-02-15 12:56:07.360 [warning] [Decorations] CAPPING events from decorations provider vscode.git 2204
2023-02-15 12:56:12.590 [warning] [Decorations] CAPPING events from decorations provider vscode.git 2204
2023-02-15 12:56:17.703 [warning] [Decorations] CAPPING events from decorations provider vscode.git 2204
2023-02-15 12:56:22.929 [warning] [Decorations] CAPPING events from decorations provider vscode.git 2204
2023-02-15 12:56:28.072 [warning] [Decorations] CAPPING events from decorations provider vscode.git 2204
2023-02-15 12:56:33.278 [warning] [Decorations] CAPPING events from decorations provider vscode.git 2204
2023-02-15 12:56:38.496 [warning] [Decorations] CAPPING events from decorations provider vscode.git 2204
2023-02-15 12:56:43.702 [warning] [Decorations] CAPPING events from decorations provider vscode.git 2204
2023-02-15 12:56:48.812 [warning] [Decorations] CAPPING events from decorations provider vscode.git 2204
2023-02-15 12:56:53.972 [warning] [Decorations] CAPPING events from decorations provider vscode.git 2204
2023-02-15 12:56:59.122 [warning] [Decorations] CAPPING events from decorations provider vscode.git 2204
2023-02-15 12:57:04.231 [warning] [Decorations] CAPPING events from decorations provider vscode.git 2204
2023-02-15 12:57:09.398 [warning] [Decorations] CAPPING events from decorations provider vscode.git 2204
2023-02-15 12:57:14.581 [warning] [Decorations] CAPPING events from decorations provider vscode.git 2204
2023-02-15 12:57:19.714 [warning] [Decorations] CAPPING events from decorations provider vscode.git 2204
2023-02-15 12:57:24.863 [warning] [Decorations] CAPPING events from decorations provider vscode.git 2204
2023-02-15 12:57:30.060 [warning] [Decorations] CAPPING events from decorations provider vscode.git 2204
2023-02-15 12:57:35.207 [warning] [Decorations] CAPPING events from decorations provider vscode.git 2204
2023-02-15 12:57:40.421 [warning] [Decorations] CAPPING events from decorations provider vscode.git 2204
2023-02-15 12:57:45.601 [warning] [Decorations] CAPPING events from decorations provider vscode.git 2204
2023-02-15 12:57:50.778 [warning] [Decorations] CAPPING events from decorations provider vscode.git 2204
2023-02-15 12:57:56.021 [warning] [Decorations] CAPPING events from decorations provider vscode.git 2204
2023-02-15 12:58:01.145 [warning] [Decorations] CAPPING events from decorations provider vscode.git 2204
2023-02-15 12:58:06.294 [warning] [Decorations] CAPPING events from decorations provider vscode.git 2204
2023-02-15 12:58:11.440 [warning] [Decorations] CAPPING events from decorations provider vscode.git 2204
2023-02-15 12:58:16.600 [warning] [Decorations] CAPPING events from decorations provider vscode.git 2204
2023-02-15 12:58:21.767 [warning] [Decorations] CAPPING events from decorations provider vscode.git 2204
2023-02-15 12:58:26.948 [warning] [Decorations] CAPPING events from decorations provider vscode.git 2204
2023-02-15 12:58:32.091 [warning] [Decorations] CAPPING events from decorations provider vscode.git 2204
2023-02-15 12:58:37.199 [warning] [Decorations] CAPPING events from decorations provider vscode.git 2204
2023-02-15 12:58:42.357 [warning] [Decorations] CAPPING events from decorations provider vscode.git 2204
2023-02-15 12:58:47.517 [warning] [Decorations] CAPPING events from decorations provider vscode.git 2204
2023-02-15 12:58:52.671 [warning] [Decorations] CAPPING events from decorations provider vscode.git 2204
2023-02-15 12:58:57.850 [warning] [Decorations] CAPPING events from decorations provider vscode.git 2204
2023-02-15 12:59:02.993 [warning] [Decorations] CAPPING events from decorations provider vscode.git 2204
2023-02-15 12:59:08.111 [warning] [Decorations] CAPPING events from decorations provider vscode.git 2204
2023-02-15 12:59:13.277 [warning] [Decorations] CAPPING events from decorations provider vscode.git 2204
2023-02-15 12:59:18.456 [warning] [Decorations] CAPPING events from decorations provider vscode.git 2204
2023-02-15 12:59:23.720 [warning] [Decorations] CAPPING events from decorations provider vscode.git 2204
2023-02-15 12:59:28.880 [warning] [Decorations] CAPPING events from decorations provider vscode.git 2204
2023-02-15 12:59:34.026 [warning] [Decorations] CAPPING events from decorations provider vscode.git 2204
2023-02-15 12:59:39.216 [warning] [Decorations] CAPPING events from decorations provider vscode.git 2204
2023-02-15 12:59:44.416 [warning] [Decorations] CAPPING events from decorations provider vscode.git 2204
2023-02-15 12:59:49.531 [warning] [Decorations] CAPPING events from decorations provider vscode.git 2204
2023-02-15 12:59:54.666 [warning] [Decorations] CAPPING events from decorations provider vscode.git 2204
2023-02-15 12:59:59.927 [warning] [Decorations] CAPPING events from decorations provider vscode.git 2204
2023-02-15 13:00:05.122 [warning] [Decorations] CAPPING events from decorations provider vscode.git 2204
2023-02-15 13:00:10.265 [warning] [Decorations] CAPPING events from decorations provider vscode.git 2204
2023-02-15 13:00:15.512 [warning] [Decorations] CAPPING events from decorations provider vscode.git 2204
2023-02-15 13:01:14.608 [warning] [Decorations] CAPPING events from decorations provider vscode.git 2204
2023-02-15 13:01:19.833 [warning] [Decorations] CAPPING events from decorations provider vscode.git 2204
