2023-02-02 08:28:01.069 [info] Extension host with pid 1690 started
2023-02-02 08:28:01.329 [info] Lock '/home/vagrant/.vscode-server/data/User/workspaceStorage/c2d548dddc6058bd8a646987c8302a31/vscode.lock': Lock acquired.
2023-02-02 08:28:01.764 [info] ExtensionService#_doActivateExtension vscode.git-base, startup: true, activationEvent: '*', root cause: vscode.git
2023-02-02 08:28:02.026 [info] ExtensionService#_doActivateExtension vscode.git, startup: true, activationEvent: '*'
2023-02-02 08:28:02.027 [info] ExtensionService#_doActivateExtension vscode.github, startup: true, activationEvent: '*'
2023-02-02 08:28:04.867 [info] ExtensionService#_doActivateExtension vscode.debug-auto-launch, startup: false, activationEvent: 'onStartupFinished'
2023-02-02 08:28:04.870 [info] ExtensionService#_doActivateExtension vscode.emmet, startup: false, activationEvent: 'onStartupFinished'
2023-02-02 08:28:04.871 [info] ExtensionService#_doActivateExtension vscode.merge-conflict, startup: false, activationEvent: 'onStartupFinished'
2023-02-02 08:28:04.873 [info] Eager extensions activated
2023-02-02 08:28:07.802 [warning] [Decorations] CAPPING events from decorations provider vscode.git 1930
2023-02-02 08:28:12.625 [warning] [Decorations] CAPPING events from decorations provider vscode.git 1930
2023-02-02 08:28:18.346 [info] ExtensionService#_doActivateExtension vscode.npm, startup: false, activationEvent: 'onLanguage:properties'
2023-02-02 08:28:19.551 [warning] [Decorations] CAPPING events from decorations provider vscode.git 1930
2023-02-02 08:28:26.063 [warning] [Decorations] CAPPING events from decorations provider vscode.git 1930
2023-02-02 08:28:31.756 [warning] [Decorations] CAPPING events from decorations provider vscode.git 1930
2023-02-02 08:28:37.582 [warning] [Decorations] CAPPING events from decorations provider vscode.git 1930
2023-02-02 08:28:43.267 [warning] [Decorations] CAPPING events from decorations provider vscode.git 1930
2023-02-02 08:28:49.360 [warning] [Decorations] CAPPING events from decorations provider vscode.git 1930
2023-02-02 08:28:55.174 [warning] [Decorations] CAPPING events from decorations provider vscode.git 1930
2023-02-02 08:29:00.985 [warning] [Decorations] CAPPING events from decorations provider vscode.git 1930
2023-02-02 08:29:07.065 [warning] [Decorations] CAPPING events from decorations provider vscode.git 1930
2023-02-02 08:29:13.171 [warning] [Decorations] CAPPING events from decorations provider vscode.git 1930
2023-02-02 08:29:19.152 [warning] [Decorations] CAPPING events from decorations provider vscode.git 1931
2023-02-02 08:29:24.865 [warning] [Decorations] CAPPING events from decorations provider vscode.git 1933
2023-02-02 08:29:31.556 [warning] [Decorations] CAPPING events from decorations provider vscode.git 1933
2023-02-02 08:29:38.975 [warning] [Decorations] CAPPING events from decorations provider vscode.git 1933
2023-02-02 08:30:10.968 [warning] [Decorations] CAPPING events from decorations provider vscode.git 1933
2023-02-02 08:30:16.710 [warning] [Decorations] CAPPING events from decorations provider vscode.git 1933
2023-02-02 08:30:19.185 [error] Error: connect ETIMEDOUT 13.89.179.8:443
	at TCPConnectWrap.afterConnect [as oncomplete] (node:net:1157:16)
2023-02-02 08:33:29.238 [warning] [Decorations] CAPPING events from decorations provider vscode.git 1933
2023-02-02 08:33:35.100 [warning] [Decorations] CAPPING events from decorations provider vscode.git 1933
2023-02-02 08:33:40.815 [warning] [Decorations] CAPPING events from decorations provider vscode.git 1933
2023-02-02 08:33:46.398 [warning] [Decorations] CAPPING events from decorations provider vscode.git 1933
2023-02-02 08:33:52.138 [warning] [Decorations] CAPPING events from decorations provider vscode.git 1933
2023-02-02 08:33:57.816 [warning] [Decorations] CAPPING events from decorations provider vscode.git 1934
2023-02-02 08:34:03.817 [warning] [Decorations] CAPPING events from decorations provider vscode.git 1934
2023-02-02 08:34:29.881 [warning] [Decorations] CAPPING events from decorations provider vscode.git 1934
2023-02-02 08:34:35.537 [warning] [Decorations] CAPPING events from decorations provider vscode.git 1934
2023-02-02 08:34:41.297 [warning] [Decorations] CAPPING events from decorations provider vscode.git 1934
2023-02-02 08:34:47.006 [warning] [Decorations] CAPPING events from decorations provider vscode.git 1934
2023-02-02 08:34:52.674 [warning] [Decorations] CAPPING events from decorations provider vscode.git 1934
2023-02-02 08:34:58.503 [warning] [Decorations] CAPPING events from decorations provider vscode.git 1934
2023-02-02 08:35:04.374 [warning] [Decorations] CAPPING events from decorations provider vscode.git 1934
2023-02-02 08:35:10.125 [warning] [Decorations] CAPPING events from decorations provider vscode.git 1934
2023-02-02 08:35:15.737 [warning] [Decorations] CAPPING events from decorations provider vscode.git 1934
2023-02-02 08:35:21.373 [warning] [Decorations] CAPPING events from decorations provider vscode.git 1934
2023-02-02 08:35:27.041 [warning] [Decorations] CAPPING events from decorations provider vscode.git 1934
2023-02-02 08:35:32.740 [warning] [Decorations] CAPPING events from decorations provider vscode.git 1934
2023-02-02 08:35:38.320 [warning] [Decorations] CAPPING events from decorations provider vscode.git 1934
2023-02-02 08:35:44.013 [warning] [Decorations] CAPPING events from decorations provider vscode.git 1936
2023-02-02 08:35:50.081 [warning] [Decorations] CAPPING events from decorations provider vscode.git 1936
2023-02-02 08:35:56.159 [warning] [Decorations] CAPPING events from decorations provider vscode.git 1936
2023-02-02 08:36:01.799 [warning] [Decorations] CAPPING events from decorations provider vscode.git 1936
2023-02-02 08:36:07.492 [warning] [Decorations] CAPPING events from decorations provider vscode.git 1936
2023-02-02 08:36:52.015 [warning] [Decorations] CAPPING events from decorations provider vscode.git 1937
2023-02-02 08:36:57.773 [warning] [Decorations] CAPPING events from decorations provider vscode.git 1937
2023-02-02 08:37:03.440 [warning] [Decorations] CAPPING events from decorations provider vscode.git 1937
2023-02-02 08:37:09.161 [warning] [Decorations] CAPPING events from decorations provider vscode.git 1937
2023-02-02 08:37:14.823 [warning] [Decorations] CAPPING events from decorations provider vscode.git 1937
2023-02-02 08:37:20.520 [warning] [Decorations] CAPPING events from decorations provider vscode.git 1937
2023-02-02 08:37:26.133 [warning] [Decorations] CAPPING events from decorations provider vscode.git 1937
2023-02-02 08:37:31.755 [warning] [Decorations] CAPPING events from decorations provider vscode.git 1937
2023-02-02 08:37:37.344 [warning] [Decorations] CAPPING events from decorations provider vscode.git 1937
2023-02-02 08:37:43.081 [warning] [Decorations] CAPPING events from decorations provider vscode.git 1937
2023-02-02 08:37:48.659 [warning] [Decorations] CAPPING events from decorations provider vscode.git 1937
2023-02-02 08:37:54.482 [warning] [Decorations] CAPPING events from decorations provider vscode.git 1937
2023-02-02 08:38:00.088 [warning] [Decorations] CAPPING events from decorations provider vscode.git 1937
2023-02-02 08:38:05.776 [warning] [Decorations] CAPPING events from decorations provider vscode.git 1937
2023-02-02 08:38:11.371 [warning] [Decorations] CAPPING events from decorations provider vscode.git 1937
2023-02-02 08:38:16.978 [warning] [Decorations] CAPPING events from decorations provider vscode.git 1937
2023-02-02 08:38:22.602 [warning] [Decorations] CAPPING events from decorations provider vscode.git 1937
2023-02-02 08:38:28.264 [warning] [Decorations] CAPPING events from decorations provider vscode.git 1937
2023-02-02 08:39:18.894 [warning] [Decorations] CAPPING events from decorations provider vscode.git 1937
2023-02-02 08:39:24.956 [warning] [Decorations] CAPPING events from decorations provider vscode.git 1937
2023-02-02 08:39:30.534 [warning] [Decorations] CAPPING events from decorations provider vscode.git 1937
2023-02-02 08:39:36.226 [warning] [Decorations] CAPPING events from decorations provider vscode.git 1937
2023-02-02 08:39:41.854 [warning] [Decorations] CAPPING events from decorations provider vscode.git 1937
2023-02-02 08:39:47.639 [warning] [Decorations] CAPPING events from decorations provider vscode.git 1937
2023-02-02 08:39:53.420 [warning] [Decorations] CAPPING events from decorations provider vscode.git 1937
2023-02-02 08:39:59.117 [warning] [Decorations] CAPPING events from decorations provider vscode.git 1937
2023-02-02 08:40:05.045 [warning] [Decorations] CAPPING events from decorations provider vscode.git 1937
2023-02-02 08:40:10.788 [warning] [Decorations] CAPPING events from decorations provider vscode.git 1937
2023-02-02 08:40:16.396 [warning] [Decorations] CAPPING events from decorations provider vscode.git 1937
2023-02-02 08:41:46.501 [warning] [Decorations] CAPPING events from decorations provider vscode.git 1937
2023-02-02 08:41:52.114 [warning] [Decorations] CAPPING events from decorations provider vscode.git 1937
2023-02-02 08:41:57.757 [warning] [Decorations] CAPPING events from decorations provider vscode.git 1937
2023-02-02 08:42:03.424 [warning] [Decorations] CAPPING events from decorations provider vscode.git 1937
2023-02-02 08:42:09.068 [warning] [Decorations] CAPPING events from decorations provider vscode.git 1937
2023-02-02 08:42:14.656 [warning] [Decorations] CAPPING events from decorations provider vscode.git 1937
2023-02-02 08:42:20.366 [warning] [Decorations] CAPPING events from decorations provider vscode.git 1937
2023-02-02 08:42:26.050 [warning] [Decorations] CAPPING events from decorations provider vscode.git 1937
2023-02-02 08:42:31.739 [warning] [Decorations] CAPPING events from decorations provider vscode.git 1937
2023-02-02 08:53:03.805 [warning] [Decorations] CAPPING events from decorations provider vscode.git 1937
2023-02-02 08:53:09.617 [warning] [Decorations] CAPPING events from decorations provider vscode.git 1937
2023-02-02 08:53:15.240 [warning] [Decorations] CAPPING events from decorations provider vscode.git 1937
2023-02-02 08:53:20.897 [warning] [Decorations] CAPPING events from decorations provider vscode.git 1937
2023-02-02 08:53:26.571 [warning] [Decorations] CAPPING events from decorations provider vscode.git 1937
2023-02-02 08:53:32.185 [warning] [Decorations] CAPPING events from decorations provider vscode.git 1937
2023-02-02 08:53:37.765 [warning] [Decorations] CAPPING events from decorations provider vscode.git 1937
2023-02-02 08:53:43.596 [warning] [Decorations] CAPPING events from decorations provider vscode.git 1937
2023-02-02 09:06:42.667 [warning] [Decorations] CAPPING events from decorations provider vscode.git 1937
2023-02-02 09:06:48.460 [warning] [Decorations] CAPPING events from decorations provider vscode.git 1937
2023-02-02 09:06:54.127 [warning] [Decorations] CAPPING events from decorations provider vscode.git 1937
2023-02-02 09:06:59.888 [warning] [Decorations] CAPPING events from decorations provider vscode.git 1937
2023-02-02 09:07:05.544 [warning] [Decorations] CAPPING events from decorations provider vscode.git 1938
2023-02-02 09:07:11.252 [warning] [Decorations] CAPPING events from decorations provider vscode.git 1938
2023-02-02 09:07:17.090 [warning] [Decorations] CAPPING events from decorations provider vscode.git 1938
2023-02-02 09:07:22.798 [warning] [Decorations] CAPPING events from decorations provider vscode.git 1938
2023-02-02 09:07:28.536 [warning] [Decorations] CAPPING events from decorations provider vscode.git 1938
2023-02-02 09:07:34.147 [warning] [Decorations] CAPPING events from decorations provider vscode.git 1938
2023-02-02 09:07:39.721 [warning] [Decorations] CAPPING events from decorations provider vscode.git 1938
2023-02-02 09:07:45.430 [warning] [Decorations] CAPPING events from decorations provider vscode.git 1938
2023-02-02 09:07:51.063 [warning] [Decorations] CAPPING events from decorations provider vscode.git 1938
2023-02-02 09:07:56.767 [warning] [Decorations] CAPPING events from decorations provider vscode.git 1938
2023-02-02 09:08:02.369 [warning] [Decorations] CAPPING events from decorations provider vscode.git 1938
2023-02-02 09:08:07.980 [warning] [Decorations] CAPPING events from decorations provider vscode.git 1938
2023-02-02 09:08:13.592 [warning] [Decorations] CAPPING events from decorations provider vscode.git 1938
2023-02-02 09:11:59.447 [warning] [Decorations] CAPPING events from decorations provider vscode.git 1938
2023-02-02 09:12:05.079 [warning] [Decorations] CAPPING events from decorations provider vscode.git 1938
2023-02-02 09:12:13.470 [warning] [Decorations] CAPPING events from decorations provider vscode.git 1939
2023-02-02 09:12:19.459 [warning] [Decorations] CAPPING events from decorations provider vscode.git 1939
2023-02-02 09:12:25.206 [warning] [Decorations] CAPPING events from decorations provider vscode.git 1939
2023-02-02 09:12:30.893 [warning] [Decorations] CAPPING events from decorations provider vscode.git 1939
2023-02-02 09:12:36.706 [warning] [Decorations] CAPPING events from decorations provider vscode.git 1939
2023-02-02 09:12:42.299 [warning] [Decorations] CAPPING events from decorations provider vscode.git 1939
2023-02-02 09:12:47.858 [warning] [Decorations] CAPPING events from decorations provider vscode.git 1939
2023-02-02 09:12:53.535 [warning] [Decorations] CAPPING events from decorations provider vscode.git 1939
2023-02-02 09:12:59.238 [warning] [Decorations] CAPPING events from decorations provider vscode.git 1939
2023-02-02 09:13:04.898 [warning] [Decorations] CAPPING events from decorations provider vscode.git 1939
2023-02-02 09:13:10.476 [warning] [Decorations] CAPPING events from decorations provider vscode.git 1939
2023-02-02 09:13:16.061 [warning] [Decorations] CAPPING events from decorations provider vscode.git 1939
2023-02-02 09:13:21.757 [warning] [Decorations] CAPPING events from decorations provider vscode.git 1939
2023-02-02 09:13:27.338 [warning] [Decorations] CAPPING events from decorations provider vscode.git 1939
2023-02-02 09:13:33.429 [warning] [Decorations] CAPPING events from decorations provider vscode.git 1939
2023-02-02 09:13:39.003 [warning] [Decorations] CAPPING events from decorations provider vscode.git 1940
2023-02-02 09:13:44.694 [warning] [Decorations] CAPPING events from decorations provider vscode.git 1940
2023-02-02 09:13:50.328 [warning] [Decorations] CAPPING events from decorations provider vscode.git 1940
2023-02-02 09:13:56.041 [warning] [Decorations] CAPPING events from decorations provider vscode.git 1940
2023-02-02 09:14:01.551 [warning] [Decorations] CAPPING events from decorations provider vscode.git 1940
2023-02-02 09:14:07.162 [warning] [Decorations] CAPPING events from decorations provider vscode.git 1941
2023-02-02 09:18:09.173 [warning] [Decorations] CAPPING events from decorations provider vscode.git 1941
2023-02-02 09:18:14.803 [warning] [Decorations] CAPPING events from decorations provider vscode.git 1941
2023-02-02 09:19:40.859 [warning] [Decorations] CAPPING events from decorations provider vscode.git 1941
2023-02-02 09:19:46.705 [warning] [Decorations] CAPPING events from decorations provider vscode.git 1941
2023-02-02 09:19:52.398 [warning] [Decorations] CAPPING events from decorations provider vscode.git 1941
2023-02-02 09:19:58.096 [warning] [Decorations] CAPPING events from decorations provider vscode.git 1941
2023-02-02 09:20:03.661 [warning] [Decorations] CAPPING events from decorations provider vscode.git 1941
2023-02-02 09:47:14.409 [warning] [Decorations] CAPPING events from decorations provider vscode.git 1941
2023-02-02 09:47:19.644 [warning] [Decorations] CAPPING events from decorations provider vscode.git 1941
2023-02-02 09:47:24.805 [warning] [Decorations] CAPPING events from decorations provider vscode.git 1941
2023-02-02 09:47:29.969 [warning] [Decorations] CAPPING events from decorations provider vscode.git 1941
2023-02-02 09:47:35.140 [warning] [Decorations] CAPPING events from decorations provider vscode.git 1941
2023-02-02 09:47:40.260 [warning] [Decorations] CAPPING events from decorations provider vscode.git 1941
2023-02-02 09:47:45.504 [warning] [Decorations] CAPPING events from decorations provider vscode.git 1941
2023-02-02 09:47:50.629 [warning] [Decorations] CAPPING events from decorations provider vscode.git 1941
2023-02-02 09:47:55.774 [warning] [Decorations] CAPPING events from decorations provider vscode.git 1941
2023-02-02 09:48:00.962 [warning] [Decorations] CAPPING events from decorations provider vscode.git 1941
2023-02-02 09:48:06.117 [warning] [Decorations] CAPPING events from decorations provider vscode.git 1941
2023-02-02 09:48:11.335 [warning] [Decorations] CAPPING events from decorations provider vscode.git 1941
2023-02-02 09:48:16.608 [warning] [Decorations] CAPPING events from decorations provider vscode.git 1941
2023-02-02 09:48:21.888 [warning] [Decorations] CAPPING events from decorations provider vscode.git 1941
2023-02-02 09:48:27.098 [warning] [Decorations] CAPPING events from decorations provider vscode.git 1941
2023-02-02 09:48:32.324 [warning] [Decorations] CAPPING events from decorations provider vscode.git 1941
2023-02-02 09:48:37.470 [warning] [Decorations] CAPPING events from decorations provider vscode.git 1941
2023-02-02 09:48:42.775 [warning] [Decorations] CAPPING events from decorations provider vscode.git 1941
2023-02-02 09:48:48.033 [warning] [Decorations] CAPPING events from decorations provider vscode.git 1941
2023-02-02 09:48:53.192 [warning] [Decorations] CAPPING events from decorations provider vscode.git 1941
2023-02-02 09:48:58.434 [warning] [Decorations] CAPPING events from decorations provider vscode.git 1941
2023-02-02 09:49:03.660 [warning] [Decorations] CAPPING events from decorations provider vscode.git 1941
2023-02-02 09:49:08.853 [warning] [Decorations] CAPPING events from decorations provider vscode.git 1941
2023-02-02 09:49:14.009 [warning] [Decorations] CAPPING events from decorations provider vscode.git 1941
2023-02-02 09:49:19.166 [warning] [Decorations] CAPPING events from decorations provider vscode.git 1941
2023-02-02 09:52:33.325 [warning] [Decorations] CAPPING events from decorations provider vscode.git 1941
2023-02-02 09:52:38.527 [warning] [Decorations] CAPPING events from decorations provider vscode.git 1941
2023-02-02 09:52:43.875 [warning] [Decorations] CAPPING events from decorations provider vscode.git 1941
2023-02-02 09:52:49.090 [warning] [Decorations] CAPPING events from decorations provider vscode.git 1941
2023-02-02 09:52:54.314 [warning] [Decorations] CAPPING events from decorations provider vscode.git 1941
2023-02-02 09:52:59.443 [warning] [Decorations] CAPPING events from decorations provider vscode.git 1941
2023-02-02 09:53:04.626 [warning] [Decorations] CAPPING events from decorations provider vscode.git 1941
2023-02-02 09:53:09.839 [warning] [Decorations] CAPPING events from decorations provider vscode.git 1941
2023-02-02 09:53:14.988 [warning] [Decorations] CAPPING events from decorations provider vscode.git 1941
2023-02-02 09:53:20.132 [warning] [Decorations] CAPPING events from decorations provider vscode.git 1941
2023-02-02 09:53:25.365 [warning] [Decorations] CAPPING events from decorations provider vscode.git 1941
2023-02-02 09:53:30.554 [warning] [Decorations] CAPPING events from decorations provider vscode.git 1941
2023-02-02 09:55:01.482 [warning] [Decorations] CAPPING events from decorations provider vscode.git 1941
2023-02-02 09:55:06.640 [warning] [Decorations] CAPPING events from decorations provider vscode.git 1941
2023-02-02 09:55:11.811 [warning] [Decorations] CAPPING events from decorations provider vscode.git 1941
2023-02-02 09:55:17.004 [warning] [Decorations] CAPPING events from decorations provider vscode.git 1941
2023-02-02 09:55:22.149 [warning] [Decorations] CAPPING events from decorations provider vscode.git 1941
2023-02-02 09:55:27.308 [warning] [Decorations] CAPPING events from decorations provider vscode.git 1941
2023-02-02 09:55:32.458 [warning] [Decorations] CAPPING events from decorations provider vscode.git 1941
2023-02-02 09:56:08.209 [warning] [Decorations] CAPPING events from decorations provider vscode.git 1941
2023-02-02 09:56:13.360 [warning] [Decorations] CAPPING events from decorations provider vscode.git 1941
2023-02-02 09:56:18.709 [warning] [Decorations] CAPPING events from decorations provider vscode.git 1941
2023-02-02 09:56:24.096 [warning] [Decorations] CAPPING events from decorations provider vscode.git 1941
2023-02-02 09:56:29.260 [warning] [Decorations] CAPPING events from decorations provider vscode.git 1941
2023-02-02 09:56:34.525 [warning] [Decorations] CAPPING events from decorations provider vscode.git 1941
2023-02-02 09:56:39.767 [warning] [Decorations] CAPPING events from decorations provider vscode.git 1941
2023-02-02 10:23:53.876 [warning] [Decorations] CAPPING events from decorations provider vscode.git 1941
2023-02-02 10:23:59.129 [warning] [Decorations] CAPPING events from decorations provider vscode.git 1941
2023-02-02 10:26:17.877 [warning] [Decorations] CAPPING events from decorations provider vscode.git 1941
2023-02-02 10:26:23.086 [warning] [Decorations] CAPPING events from decorations provider vscode.git 1941
2023-02-02 10:38:16.221 [warning] [Decorations] CAPPING events from decorations provider vscode.git 1941
2023-02-02 10:38:21.387 [warning] [Decorations] CAPPING events from decorations provider vscode.git 1941
2023-02-02 10:38:26.750 [warning] [Decorations] CAPPING events from decorations provider vscode.git 1941
2023-02-02 10:38:31.973 [warning] [Decorations] CAPPING events from decorations provider vscode.git 1941
2023-02-02 10:38:37.138 [warning] [Decorations] CAPPING events from decorations provider vscode.git 1941
2023-02-02 10:38:42.328 [warning] [Decorations] CAPPING events from decorations provider vscode.git 1941
2023-02-02 10:38:47.549 [warning] [Decorations] CAPPING events from decorations provider vscode.git 1942
2023-02-02 10:38:52.952 [warning] [Decorations] CAPPING events from decorations provider vscode.git 1942
2023-02-02 10:38:58.235 [warning] [Decorations] CAPPING events from decorations provider vscode.git 1942
2023-02-02 10:39:03.400 [warning] [Decorations] CAPPING events from decorations provider vscode.git 1942
2023-02-02 10:39:08.573 [warning] [Decorations] CAPPING events from decorations provider vscode.git 1942
2023-02-02 10:39:13.727 [warning] [Decorations] CAPPING events from decorations provider vscode.git 1942
2023-02-02 10:39:18.998 [warning] [Decorations] CAPPING events from decorations provider vscode.git 1942
2023-02-02 10:39:24.181 [warning] [Decorations] CAPPING events from decorations provider vscode.git 1942
2023-02-02 10:39:29.362 [warning] [Decorations] CAPPING events from decorations provider vscode.git 1942
2023-02-02 10:39:34.654 [warning] [Decorations] CAPPING events from decorations provider vscode.git 1942
2023-02-02 10:39:39.839 [warning] [Decorations] CAPPING events from decorations provider vscode.git 1942
2023-02-02 10:39:45.072 [warning] [Decorations] CAPPING events from decorations provider vscode.git 1942
2023-02-02 10:39:50.268 [warning] [Decorations] CAPPING events from decorations provider vscode.git 1942
2023-02-02 10:39:55.442 [warning] [Decorations] CAPPING events from decorations provider vscode.git 1942
2023-02-02 10:40:00.635 [warning] [Decorations] CAPPING events from decorations provider vscode.git 1942
2023-02-02 10:40:05.842 [warning] [Decorations] CAPPING events from decorations provider vscode.git 1942
2023-02-02 10:40:10.992 [warning] [Decorations] CAPPING events from decorations provider vscode.git 1942
2023-02-02 10:40:16.124 [warning] [Decorations] CAPPING events from decorations provider vscode.git 1942
2023-02-02 10:40:21.306 [warning] [Decorations] CAPPING events from decorations provider vscode.git 1942
2023-02-02 10:40:26.506 [warning] [Decorations] CAPPING events from decorations provider vscode.git 1942
2023-02-02 10:40:31.684 [warning] [Decorations] CAPPING events from decorations provider vscode.git 1942
2023-02-02 10:40:36.878 [warning] [Decorations] CAPPING events from decorations provider vscode.git 1942
2023-02-02 10:40:42.055 [warning] [Decorations] CAPPING events from decorations provider vscode.git 1942
2023-02-02 10:40:47.310 [warning] [Decorations] CAPPING events from decorations provider vscode.git 1942
2023-02-02 10:40:52.441 [warning] [Decorations] CAPPING events from decorations provider vscode.git 1942
2023-02-02 10:40:57.625 [warning] [Decorations] CAPPING events from decorations provider vscode.git 1942
2023-02-02 10:41:02.876 [warning] [Decorations] CAPPING events from decorations provider vscode.git 1942
2023-02-02 10:41:08.067 [warning] [Decorations] CAPPING events from decorations provider vscode.git 1942
2023-02-02 10:41:13.237 [warning] [Decorations] CAPPING events from decorations provider vscode.git 1942
2023-02-02 10:41:18.409 [warning] [Decorations] CAPPING events from decorations provider vscode.git 1942
2023-02-02 10:41:23.614 [warning] [Decorations] CAPPING events from decorations provider vscode.git 1942
2023-02-02 10:41:28.790 [warning] [Decorations] CAPPING events from decorations provider vscode.git 1942
2023-02-02 10:41:33.963 [warning] [Decorations] CAPPING events from decorations provider vscode.git 1942
2023-02-02 10:41:39.180 [warning] [Decorations] CAPPING events from decorations provider vscode.git 1942
2023-02-02 10:41:44.349 [warning] [Decorations] CAPPING events from decorations provider vscode.git 1942
2023-02-02 10:41:49.466 [warning] [Decorations] CAPPING events from decorations provider vscode.git 1942
2023-02-02 10:41:54.600 [warning] [Decorations] CAPPING events from decorations provider vscode.git 1942
2023-02-02 10:41:59.790 [warning] [Decorations] CAPPING events from decorations provider vscode.git 1942
2023-02-02 10:42:04.913 [warning] [Decorations] CAPPING events from decorations provider vscode.git 1942
2023-02-02 10:42:10.115 [warning] [Decorations] CAPPING events from decorations provider vscode.git 1942
2023-02-02 10:42:15.326 [warning] [Decorations] CAPPING events from decorations provider vscode.git 1942
2023-02-02 10:42:20.534 [warning] [Decorations] CAPPING events from decorations provider vscode.git 1942
2023-02-02 10:42:25.682 [warning] [Decorations] CAPPING events from decorations provider vscode.git 1942
2023-02-02 10:42:30.879 [warning] [Decorations] CAPPING events from decorations provider vscode.git 1942
2023-02-02 10:42:36.088 [warning] [Decorations] CAPPING events from decorations provider vscode.git 1942
2023-02-02 10:42:41.303 [warning] [Decorations] CAPPING events from decorations provider vscode.git 1942
2023-02-02 10:42:46.470 [warning] [Decorations] CAPPING events from decorations provider vscode.git 1942
2023-02-02 10:42:51.606 [warning] [Decorations] CAPPING events from decorations provider vscode.git 1942
2023-02-02 10:42:56.792 [warning] [Decorations] CAPPING events from decorations provider vscode.git 1942
2023-02-02 10:43:01.934 [warning] [Decorations] CAPPING events from decorations provider vscode.git 1942
2023-02-02 10:43:07.131 [warning] [Decorations] CAPPING events from decorations provider vscode.git 1942
2023-02-02 10:43:12.308 [warning] [Decorations] CAPPING events from decorations provider vscode.git 1942
2023-02-02 10:43:17.518 [warning] [Decorations] CAPPING events from decorations provider vscode.git 1942
2023-02-02 10:43:22.738 [warning] [Decorations] CAPPING events from decorations provider vscode.git 1942
2023-02-02 10:43:27.900 [warning] [Decorations] CAPPING events from decorations provider vscode.git 1942
2023-02-02 10:43:33.047 [warning] [Decorations] CAPPING events from decorations provider vscode.git 1942
2023-02-02 10:43:38.215 [warning] [Decorations] CAPPING events from decorations provider vscode.git 1942
2023-02-02 10:43:43.384 [warning] [Decorations] CAPPING events from decorations provider vscode.git 1942
2023-02-02 10:43:59.535 [warning] [Decorations] CAPPING events from decorations provider vscode.git 1942
2023-02-02 10:44:04.814 [warning] [Decorations] CAPPING events from decorations provider vscode.git 1942
2023-02-02 10:44:09.993 [warning] [Decorations] CAPPING events from decorations provider vscode.git 1942
2023-02-02 10:44:15.200 [warning] [Decorations] CAPPING events from decorations provider vscode.git 1942
2023-02-02 10:44:20.413 [warning] [Decorations] CAPPING events from decorations provider vscode.git 1942
2023-02-02 10:44:25.580 [warning] [Decorations] CAPPING events from decorations provider vscode.git 1942
2023-02-02 10:44:30.740 [warning] [Decorations] CAPPING events from decorations provider vscode.git 1942
2023-02-02 10:44:35.953 [warning] [Decorations] CAPPING events from decorations provider vscode.git 1942
2023-02-02 10:44:41.130 [warning] [Decorations] CAPPING events from decorations provider vscode.git 1942
2023-02-02 10:44:46.309 [warning] [Decorations] CAPPING events from decorations provider vscode.git 1942
2023-02-02 10:44:51.511 [warning] [Decorations] CAPPING events from decorations provider vscode.git 1942
2023-02-02 10:44:56.715 [warning] [Decorations] CAPPING events from decorations provider vscode.git 1942
2023-02-02 10:45:21.646 [warning] [Decorations] CAPPING events from decorations provider vscode.git 1942
2023-02-02 10:45:26.932 [warning] [Decorations] CAPPING events from decorations provider vscode.git 1942
2023-02-02 10:45:32.077 [warning] [Decorations] CAPPING events from decorations provider vscode.git 1942
2023-02-02 10:45:37.244 [warning] [Decorations] CAPPING events from decorations provider vscode.git 1942
2023-02-02 10:45:42.440 [warning] [Decorations] CAPPING events from decorations provider vscode.git 1942
2023-02-02 10:45:55.917 [warning] [Decorations] CAPPING events from decorations provider vscode.git 1942
2023-02-02 10:46:01.106 [warning] [Decorations] CAPPING events from decorations provider vscode.git 1942
2023-02-02 10:46:06.296 [warning] [Decorations] CAPPING events from decorations provider vscode.git 1942
2023-02-02 10:46:11.429 [warning] [Decorations] CAPPING events from decorations provider vscode.git 1944
2023-02-02 10:46:16.756 [warning] [Decorations] CAPPING events from decorations provider vscode.git 1944
2023-02-02 10:46:23.796 [warning] [Decorations] CAPPING events from decorations provider vscode.git 1944
2023-02-02 10:46:29.002 [warning] [Decorations] CAPPING events from decorations provider vscode.git 1944
2023-02-02 10:46:34.156 [warning] [Decorations] CAPPING events from decorations provider vscode.git 1944
2023-02-02 10:46:39.342 [warning] [Decorations] CAPPING events from decorations provider vscode.git 1944
2023-02-02 10:46:44.564 [warning] [Decorations] CAPPING events from decorations provider vscode.git 1944
2023-02-02 10:46:49.725 [warning] [Decorations] CAPPING events from decorations provider vscode.git 1944
2023-02-02 10:46:54.853 [warning] [Decorations] CAPPING events from decorations provider vscode.git 1944
2023-02-02 10:46:59.995 [warning] [Decorations] CAPPING events from decorations provider vscode.git 1944
2023-02-02 10:47:05.194 [warning] [Decorations] CAPPING events from decorations provider vscode.git 1944
2023-02-02 10:47:10.411 [warning] [Decorations] CAPPING events from decorations provider vscode.git 1944
2023-02-02 10:47:15.616 [warning] [Decorations] CAPPING events from decorations provider vscode.git 1944
2023-02-02 10:47:20.766 [warning] [Decorations] CAPPING events from decorations provider vscode.git 1944
2023-02-02 10:47:25.915 [warning] [Decorations] CAPPING events from decorations provider vscode.git 1944
2023-02-02 10:47:31.188 [warning] [Decorations] CAPPING events from decorations provider vscode.git 1944
2023-02-02 10:47:36.369 [warning] [Decorations] CAPPING events from decorations provider vscode.git 1944
2023-02-02 10:47:41.609 [warning] [Decorations] CAPPING events from decorations provider vscode.git 1944
2023-02-02 10:47:46.806 [warning] [Decorations] CAPPING events from decorations provider vscode.git 1944
2023-02-02 10:47:52.038 [warning] [Decorations] CAPPING events from decorations provider vscode.git 1944
2023-02-02 10:47:57.354 [warning] [Decorations] CAPPING events from decorations provider vscode.git 1944
2023-02-02 10:48:02.516 [warning] [Decorations] CAPPING events from decorations provider vscode.git 1944
2023-02-02 10:48:07.720 [warning] [Decorations] CAPPING events from decorations provider vscode.git 1944
2023-02-02 10:48:12.932 [warning] [Decorations] CAPPING events from decorations provider vscode.git 1944
2023-02-02 10:48:18.096 [warning] [Decorations] CAPPING events from decorations provider vscode.git 1944
2023-02-02 10:48:23.276 [warning] [Decorations] CAPPING events from decorations provider vscode.git 1944
2023-02-02 10:48:28.510 [warning] [Decorations] CAPPING events from decorations provider vscode.git 1944
2023-02-02 10:48:33.717 [warning] [Decorations] CAPPING events from decorations provider vscode.git 1944
2023-02-02 10:48:38.850 [warning] [Decorations] CAPPING events from decorations provider vscode.git 1944
2023-02-02 10:48:44.084 [warning] [Decorations] CAPPING events from decorations provider vscode.git 1944
2023-02-02 10:48:49.227 [warning] [Decorations] CAPPING events from decorations provider vscode.git 1944
2023-02-02 10:48:54.444 [warning] [Decorations] CAPPING events from decorations provider vscode.git 1944
2023-02-02 10:48:59.628 [warning] [Decorations] CAPPING events from decorations provider vscode.git 1944
2023-02-02 10:49:04.814 [warning] [Decorations] CAPPING events from decorations provider vscode.git 1944
2023-02-02 10:49:10.001 [warning] [Decorations] CAPPING events from decorations provider vscode.git 1944
2023-02-02 10:49:15.161 [warning] [Decorations] CAPPING events from decorations provider vscode.git 1944
2023-02-02 10:49:20.362 [warning] [Decorations] CAPPING events from decorations provider vscode.git 1944
2023-02-02 10:49:25.562 [warning] [Decorations] CAPPING events from decorations provider vscode.git 1944
2023-02-02 10:49:30.694 [warning] [Decorations] CAPPING events from decorations provider vscode.git 1944
2023-02-02 10:49:35.972 [warning] [Decorations] CAPPING events from decorations provider vscode.git 1945
2023-02-02 10:49:41.106 [warning] [Decorations] CAPPING events from decorations provider vscode.git 1945
2023-02-02 10:49:46.284 [warning] [Decorations] CAPPING events from decorations provider vscode.git 1945
2023-02-02 10:49:51.458 [warning] [Decorations] CAPPING events from decorations provider vscode.git 1945
2023-02-02 10:49:56.613 [warning] [Decorations] CAPPING events from decorations provider vscode.git 1945
2023-02-02 10:50:01.740 [warning] [Decorations] CAPPING events from decorations provider vscode.git 1945
2023-02-02 10:50:06.929 [warning] [Decorations] CAPPING events from decorations provider vscode.git 1945
2023-02-02 10:50:12.103 [warning] [Decorations] CAPPING events from decorations provider vscode.git 1945
2023-02-02 10:50:17.268 [warning] [Decorations] CAPPING events from decorations provider vscode.git 1945
2023-02-02 10:50:22.385 [warning] [Decorations] CAPPING events from decorations provider vscode.git 1945
2023-02-02 10:50:27.577 [warning] [Decorations] CAPPING events from decorations provider vscode.git 1945
2023-02-02 10:50:32.814 [warning] [Decorations] CAPPING events from decorations provider vscode.git 1945
2023-02-02 10:50:37.983 [warning] [Decorations] CAPPING events from decorations provider vscode.git 1945
2023-02-02 10:50:43.287 [warning] [Decorations] CAPPING events from decorations provider vscode.git 1945
2023-02-02 10:50:48.456 [warning] [Decorations] CAPPING events from decorations provider vscode.git 1945
2023-02-02 10:50:53.624 [warning] [Decorations] CAPPING events from decorations provider vscode.git 1945
2023-02-02 10:50:58.892 [warning] [Decorations] CAPPING events from decorations provider vscode.git 1945
2023-02-02 10:51:04.045 [warning] [Decorations] CAPPING events from decorations provider vscode.git 1945
2023-02-02 10:51:09.245 [warning] [Decorations] CAPPING events from decorations provider vscode.git 1945
2023-02-02 10:51:14.521 [warning] [Decorations] CAPPING events from decorations provider vscode.git 1945
2023-02-02 10:51:19.670 [warning] [Decorations] CAPPING events from decorations provider vscode.git 1945
2023-02-02 10:51:24.893 [warning] [Decorations] CAPPING events from decorations provider vscode.git 1945
2023-02-02 10:51:30.051 [warning] [Decorations] CAPPING events from decorations provider vscode.git 1945
2023-02-02 10:51:35.224 [warning] [Decorations] CAPPING events from decorations provider vscode.git 1945
2023-02-02 10:51:40.357 [warning] [Decorations] CAPPING events from decorations provider vscode.git 1945
2023-02-02 10:51:45.550 [warning] [Decorations] CAPPING events from decorations provider vscode.git 1945
2023-02-02 10:51:50.850 [warning] [Decorations] CAPPING events from decorations provider vscode.git 1945
2023-02-02 10:51:56.087 [warning] [Decorations] CAPPING events from decorations provider vscode.git 1945
2023-02-02 10:52:01.271 [warning] [Decorations] CAPPING events from decorations provider vscode.git 1945
2023-02-02 10:52:06.458 [warning] [Decorations] CAPPING events from decorations provider vscode.git 1945
2023-02-02 10:52:11.632 [warning] [Decorations] CAPPING events from decorations provider vscode.git 1945
2023-02-02 10:52:16.751 [warning] [Decorations] CAPPING events from decorations provider vscode.git 1945
2023-02-02 10:52:21.914 [warning] [Decorations] CAPPING events from decorations provider vscode.git 1945
2023-02-02 10:52:27.109 [warning] [Decorations] CAPPING events from decorations provider vscode.git 1945
2023-02-02 10:52:32.321 [warning] [Decorations] CAPPING events from decorations provider vscode.git 1945
2023-02-02 10:52:37.490 [warning] [Decorations] CAPPING events from decorations provider vscode.git 1945
2023-02-02 10:52:42.632 [warning] [Decorations] CAPPING events from decorations provider vscode.git 1946
2023-02-02 10:52:47.771 [warning] [Decorations] CAPPING events from decorations provider vscode.git 1946
2023-02-02 10:52:52.886 [warning] [Decorations] CAPPING events from decorations provider vscode.git 1946
2023-02-02 10:52:58.119 [warning] [Decorations] CAPPING events from decorations provider vscode.git 1947
2023-02-02 10:53:03.378 [warning] [Decorations] CAPPING events from decorations provider vscode.git 1948
2023-02-02 10:53:08.559 [warning] [Decorations] CAPPING events from decorations provider vscode.git 1948
2023-02-02 10:53:13.724 [warning] [Decorations] CAPPING events from decorations provider vscode.git 1947
2023-02-02 10:53:18.886 [warning] [Decorations] CAPPING events from decorations provider vscode.git 1947
2023-02-02 10:53:24.053 [warning] [Decorations] CAPPING events from decorations provider vscode.git 1947
2023-02-02 10:53:29.240 [warning] [Decorations] CAPPING events from decorations provider vscode.git 1947
2023-02-02 10:53:34.397 [warning] [Decorations] CAPPING events from decorations provider vscode.git 1947
2023-02-02 10:53:39.590 [warning] [Decorations] CAPPING events from decorations provider vscode.git 1947
2023-02-02 10:54:09.540 [warning] [Decorations] CAPPING events from decorations provider vscode.git 1947
2023-02-02 10:54:14.703 [warning] [Decorations] CAPPING events from decorations provider vscode.git 1947
2023-02-02 10:54:19.848 [warning] [Decorations] CAPPING events from decorations provider vscode.git 1947
2023-02-02 10:54:25.012 [warning] [Decorations] CAPPING events from decorations provider vscode.git 1947
2023-02-02 10:54:30.172 [warning] [Decorations] CAPPING events from decorations provider vscode.git 1947
2023-02-02 10:54:35.335 [warning] [Decorations] CAPPING events from decorations provider vscode.git 1947
2023-02-02 10:54:40.515 [warning] [Decorations] CAPPING events from decorations provider vscode.git 1947
2023-02-02 10:54:45.698 [warning] [Decorations] CAPPING events from decorations provider vscode.git 1947
2023-02-02 10:54:50.880 [warning] [Decorations] CAPPING events from decorations provider vscode.git 1947
2023-02-02 10:54:56.036 [warning] [Decorations] CAPPING events from decorations provider vscode.git 1947
2023-02-02 10:57:10.577 [warning] [Decorations] CAPPING events from decorations provider vscode.git 1947
2023-02-02 10:57:15.736 [warning] [Decorations] CAPPING events from decorations provider vscode.git 1947
2023-02-02 10:57:20.974 [warning] [Decorations] CAPPING events from decorations provider vscode.git 1947
2023-02-02 10:57:26.163 [warning] [Decorations] CAPPING events from decorations provider vscode.git 1947
2023-02-02 10:57:31.428 [warning] [Decorations] CAPPING events from decorations provider vscode.git 1947
2023-02-02 10:57:36.610 [warning] [Decorations] CAPPING events from decorations provider vscode.git 1947
2023-02-02 10:57:41.840 [warning] [Decorations] CAPPING events from decorations provider vscode.git 1947
2023-02-02 10:57:46.997 [warning] [Decorations] CAPPING events from decorations provider vscode.git 1947
2023-02-02 10:57:52.301 [warning] [Decorations] CAPPING events from decorations provider vscode.git 1947
2023-02-02 10:57:57.618 [warning] [Decorations] CAPPING events from decorations provider vscode.git 1947
2023-02-02 10:58:02.859 [warning] [Decorations] CAPPING events from decorations provider vscode.git 1947
2023-02-02 10:58:08.118 [warning] [Decorations] CAPPING events from decorations provider vscode.git 1947
2023-02-02 10:58:13.390 [warning] [Decorations] CAPPING events from decorations provider vscode.git 1947
2023-02-02 10:58:18.599 [warning] [Decorations] CAPPING events from decorations provider vscode.git 1947
2023-02-02 10:58:23.866 [warning] [Decorations] CAPPING events from decorations provider vscode.git 1947
2023-02-02 12:44:25.808 [warning] [Decorations] CAPPING events from decorations provider vscode.git 1947
2023-02-02 12:50:09.101 [warning] [Decorations] CAPPING events from decorations provider vscode.git 1947
2023-02-02 12:50:14.349 [warning] [Decorations] CAPPING events from decorations provider vscode.git 1947
2023-02-02 12:50:19.650 [warning] [Decorations] CAPPING events from decorations provider vscode.git 1947
2023-02-02 12:50:24.780 [warning] [Decorations] CAPPING events from decorations provider vscode.git 1947
2023-02-02 12:50:29.942 [warning] [Decorations] CAPPING events from decorations provider vscode.git 1947
2023-02-02 12:50:35.078 [warning] [Decorations] CAPPING events from decorations provider vscode.git 1947
2023-02-02 12:50:40.289 [warning] [Decorations] CAPPING events from decorations provider vscode.git 1947
2023-02-02 12:50:45.433 [warning] [Decorations] CAPPING events from decorations provider vscode.git 1947
2023-02-02 12:50:50.642 [warning] [Decorations] CAPPING events from decorations provider vscode.git 1947
2023-02-02 12:50:55.763 [warning] [Decorations] CAPPING events from decorations provider vscode.git 1947
2023-02-02 12:51:00.945 [warning] [Decorations] CAPPING events from decorations provider vscode.git 1947
2023-02-02 12:51:06.133 [warning] [Decorations] CAPPING events from decorations provider vscode.git 1947
2023-02-02 12:51:11.351 [warning] [Decorations] CAPPING events from decorations provider vscode.git 1947
2023-02-02 12:51:17.308 [warning] [Decorations] CAPPING events from decorations provider vscode.git 1947
2023-02-02 12:51:24.016 [warning] [Decorations] CAPPING events from decorations provider vscode.git 1947
2023-02-02 13:35:06.569 [info] Extension host terminating: renderer disconnected for too long (2)
2023-02-02 13:35:06.575 [info] Lock '/home/vagrant/.vscode-server/data/User/workspaceStorage/c2d548dddc6058bd8a646987c8302a31/vscode.lock': Marking the lockfile as scheduled to be released in 6000 ms.
2023-02-02 13:35:06.622 [info] Extension host with pid 1690 exiting with code 0
