2023-02-14 14:49:41.103 [info] Log level: Info
2023-02-14 14:49:41.104 [info] Validating found git in: "git"
2023-02-14 14:49:41.104 [info] Using git "1.8.3.1" from "git"
2023-02-14 14:49:41.104 [info] > git rev-parse --show-toplevel [173ms]
2023-02-14 14:49:41.104 [info] > git rev-parse --git-dir --git-common-dir [1ms]
2023-02-14 14:49:41.104 [info] Open repository: /home/vagrant
2023-02-14 14:49:41.104 [warning] ENOENT: no such file or directory, open '/home/vagrant/--git-common-dir/config'
2023-02-14 14:49:41.104 [info] > git rev-parse --show-toplevel [39ms]
2023-02-14 14:49:41.104 [info] > git rev-parse --show-toplevel [7ms]
2023-02-14 14:49:41.104 [info] > git config --get commit.template [38ms]
2023-02-14 14:49:41.104 [info] > git remote --verbose [55ms]
2023-02-14 14:49:41.104 [info] > git rev-parse --show-toplevel [3ms]
2023-02-14 14:49:41.104 [info] > git rev-parse --show-toplevel [17ms]
2023-02-14 14:49:41.104 [info] > git rev-parse --show-toplevel [1ms]
2023-02-14 14:49:41.104 [info] > git for-each-ref --format=%(refname)%00%(upstream:short)%00%(objectname) refs/heads/main refs/remotes/main [40ms]
2023-02-14 14:49:41.104 [info] > git rev-list --left-right --count main...origin/main [0ms]
2023-02-14 14:49:41.104 [info] > git rev-parse --show-toplevel [37ms]
2023-02-14 14:49:41.104 [info] > git for-each-ref --sort -committerdate --format %(refname) %(objectname) %(*objectname) [4ms]
2023-02-14 14:49:41.104 [info] > git status -z -uall [182ms]
2023-02-14 14:49:41.104 [warning] ENOENT: no such file or directory, open '/home/vagrant/--git-common-dir/config'
2023-02-14 14:49:41.104 [info] > git config --get commit.template [10ms]
2023-02-14 14:49:41.104 [info] > git remote --verbose [30ms]
2023-02-14 14:49:41.104 [info] > git for-each-ref --format=%(refname)%00%(upstream:short)%00%(objectname) refs/heads/main refs/remotes/main [2ms]
2023-02-14 14:49:41.104 [info] > git rev-list --left-right --count main...origin/main [167ms]
2023-02-14 14:49:41.104 [info] > git for-each-ref --sort -committerdate --format %(refname) %(objectname) %(*objectname) [1ms]
2023-02-14 14:49:41.104 [info] > git status -z -uall [130ms]
2023-02-14 14:49:41.104 [info] > git check-ignore -v -z --stdin [402ms]
2023-02-14 14:49:41.105 [info] > git show --textconv :ansible_dir/custom_hosts.yml [17ms]
2023-02-14 14:49:41.105 [info] > git ls-files --stage -- /home/vagrant/ansible_dir/custom_hosts.yml [2ms]
2023-02-14 14:49:42.771 [warning] ENOENT: no such file or directory, open '/home/vagrant/--git-common-dir/config'
2023-02-14 14:49:42.781 [info] > git config --get commit.template [1ms]
2023-02-14 14:49:42.782 [info] > git remote --verbose [11ms]
2023-02-14 14:49:42.796 [info] > git for-each-ref --format=%(refname)%00%(upstream:short)%00%(objectname) refs/heads/main refs/remotes/main [1ms]
2023-02-14 14:49:42.805 [info] > git rev-list --left-right --count main...origin/main [2ms]
2023-02-14 14:49:42.854 [info] > git for-each-ref --sort -committerdate --format %(refname) %(objectname) %(*objectname) [0ms]
2023-02-14 14:49:42.870 [info] > git status -z -uall [42ms]
2023-02-14 14:49:47.897 [warning] ENOENT: no such file or directory, open '/home/vagrant/--git-common-dir/config'
2023-02-14 14:49:47.904 [info] > git config --get commit.template [1ms]
2023-02-14 14:49:47.904 [info] > git remote --verbose [7ms]
2023-02-14 14:49:47.915 [info] > git for-each-ref --format=%(refname)%00%(upstream:short)%00%(objectname) refs/heads/main refs/remotes/main [0ms]
2023-02-14 14:49:47.921 [info] > git rev-list --left-right --count main...origin/main [1ms]
2023-02-14 14:49:47.949 [info] > git for-each-ref --sort -committerdate --format %(refname) %(objectname) %(*objectname) [0ms]
2023-02-14 14:49:47.960 [info] > git status -z -uall [17ms]
2023-02-14 14:49:49.337 [info] > git check-ignore -v -z --stdin [3ms]
2023-02-14 14:49:51.105 [info] > git check-ignore -v -z --stdin [60ms]
2023-02-14 14:49:52.988 [warning] ENOENT: no such file or directory, open '/home/vagrant/--git-common-dir/config'
2023-02-14 14:49:52.994 [info] > git config --get commit.template [1ms]
2023-02-14 14:49:52.994 [info] > git remote --verbose [7ms]
2023-02-14 14:49:53.005 [info] > git for-each-ref --format=%(refname)%00%(upstream:short)%00%(objectname) refs/heads/main refs/remotes/main [2ms]
2023-02-14 14:49:53.011 [info] > git rev-list --left-right --count main...origin/main [1ms]
2023-02-14 14:49:53.035 [info] > git for-each-ref --sort -committerdate --format %(refname) %(objectname) %(*objectname) [1ms]
2023-02-14 14:49:53.050 [info] > git status -z -uall [25ms]
2023-02-14 14:49:56.774 [info] > git show --textconv :ansible_dir/roles/apache/tasks/main.yml [7ms]
2023-02-14 14:49:56.774 [info] > git ls-files --stage -- /home/vagrant/ansible_dir/roles/apache/tasks/main.yml [1ms]
2023-02-14 14:49:58.093 [warning] ENOENT: no such file or directory, open '/home/vagrant/--git-common-dir/config'
2023-02-14 14:49:58.107 [info] > git config --get commit.template [1ms]
2023-02-14 14:49:58.108 [info] > git remote --verbose [15ms]
2023-02-14 14:49:58.117 [info] > git for-each-ref --format=%(refname)%00%(upstream:short)%00%(objectname) refs/heads/main refs/remotes/main [0ms]
2023-02-14 14:49:58.124 [info] > git rev-list --left-right --count main...origin/main [1ms]
2023-02-14 14:49:58.150 [info] > git for-each-ref --sort -committerdate --format %(refname) %(objectname) %(*objectname) [0ms]
2023-02-14 14:49:58.156 [info] > git status -z -uall [13ms]
2023-02-14 14:50:03.189 [warning] ENOENT: no such file or directory, open '/home/vagrant/--git-common-dir/config'
2023-02-14 14:50:03.202 [info] > git config --get commit.template [1ms]
2023-02-14 14:50:03.202 [info] > git remote --verbose [14ms]
2023-02-14 14:50:03.216 [info] > git for-each-ref --format=%(refname)%00%(upstream:short)%00%(objectname) refs/heads/main refs/remotes/main [1ms]
2023-02-14 14:50:03.223 [info] > git rev-list --left-right --count main...origin/main [1ms]
2023-02-14 14:50:03.255 [info] > git for-each-ref --sort -committerdate --format %(refname) %(objectname) %(*objectname) [1ms]
2023-02-14 14:50:03.266 [info] > git status -z -uall [23ms]
2023-02-14 14:50:08.299 [warning] ENOENT: no such file or directory, open '/home/vagrant/--git-common-dir/config'
2023-02-14 14:50:08.307 [info] > git config --get commit.template [1ms]
2023-02-14 14:50:08.307 [info] > git remote --verbose [9ms]
2023-02-14 14:50:08.321 [info] > git for-each-ref --format=%(refname)%00%(upstream:short)%00%(objectname) refs/heads/main refs/remotes/main [1ms]
2023-02-14 14:50:08.329 [info] > git rev-list --left-right --count main...origin/main [1ms]
2023-02-14 14:50:08.371 [info] > git for-each-ref --sort -committerdate --format %(refname) %(objectname) %(*objectname) [3ms]
2023-02-14 14:50:08.489 [info] > git status -z -uall [142ms]
2023-02-14 14:50:13.540 [warning] ENOENT: no such file or directory, open '/home/vagrant/--git-common-dir/config'
2023-02-14 14:50:13.546 [info] > git config --get commit.template [0ms]
2023-02-14 14:50:13.546 [info] > git remote --verbose [6ms]
2023-02-14 14:50:13.554 [info] > git for-each-ref --format=%(refname)%00%(upstream:short)%00%(objectname) refs/heads/main refs/remotes/main [1ms]
2023-02-14 14:50:13.559 [info] > git rev-list --left-right --count main...origin/main [0ms]
2023-02-14 14:50:13.582 [info] > git for-each-ref --sort -committerdate --format %(refname) %(objectname) %(*objectname) [0ms]
2023-02-14 14:50:13.596 [info] > git status -z -uall [19ms]
2023-02-14 14:50:18.667 [warning] ENOENT: no such file or directory, open '/home/vagrant/--git-common-dir/config'
2023-02-14 14:50:18.680 [info] > git config --get commit.template [5ms]
2023-02-14 14:50:18.680 [info] > git remote --verbose [13ms]
2023-02-14 14:50:18.701 [info] > git for-each-ref --format=%(refname)%00%(upstream:short)%00%(objectname) refs/heads/main refs/remotes/main [1ms]
2023-02-14 14:50:18.707 [info] > git rev-list --left-right --count main...origin/main [1ms]
2023-02-14 14:50:18.738 [info] > git for-each-ref --sort -committerdate --format %(refname) %(objectname) %(*objectname) [1ms]
2023-02-14 14:50:18.748 [info] > git status -z -uall [20ms]
2023-02-14 14:50:23.783 [warning] ENOENT: no such file or directory, open '/home/vagrant/--git-common-dir/config'
2023-02-14 14:50:23.794 [info] > git config --get commit.template [2ms]
2023-02-14 14:50:23.794 [info] > git remote --verbose [12ms]
2023-02-14 14:50:23.809 [info] > git for-each-ref --format=%(refname)%00%(upstream:short)%00%(objectname) refs/heads/main refs/remotes/main [0ms]
2023-02-14 14:50:23.818 [info] > git rev-list --left-right --count main...origin/main [0ms]
2023-02-14 14:50:23.841 [info] > git for-each-ref --sort -committerdate --format %(refname) %(objectname) %(*objectname) [0ms]
2023-02-14 14:50:23.861 [info] > git status -z -uall [26ms]
2023-02-14 14:50:28.902 [warning] ENOENT: no such file or directory, open '/home/vagrant/--git-common-dir/config'
2023-02-14 14:50:28.918 [info] > git config --get commit.template [2ms]
2023-02-14 14:50:28.919 [info] > git remote --verbose [17ms]
2023-02-14 14:50:28.943 [info] > git for-each-ref --format=%(refname)%00%(upstream:short)%00%(objectname) refs/heads/main refs/remotes/main [2ms]
2023-02-14 14:50:28.959 [info] > git rev-list --left-right --count main...origin/main [1ms]
2023-02-14 14:50:28.986 [info] > git for-each-ref --sort -committerdate --format %(refname) %(objectname) %(*objectname) [1ms]
2023-02-14 14:50:29.118 [info] > git status -z -uall [142ms]
2023-02-14 14:50:34.155 [warning] ENOENT: no such file or directory, open '/home/vagrant/--git-common-dir/config'
2023-02-14 14:50:34.171 [info] > git config --get commit.template [3ms]
2023-02-14 14:50:34.171 [info] > git remote --verbose [16ms]
2023-02-14 14:50:34.182 [info] > git for-each-ref --format=%(refname)%00%(upstream:short)%00%(objectname) refs/heads/main refs/remotes/main [0ms]
2023-02-14 14:50:34.191 [info] > git rev-list --left-right --count main...origin/main [1ms]
2023-02-14 14:50:34.219 [info] > git for-each-ref --sort -committerdate --format %(refname) %(objectname) %(*objectname) [1ms]
2023-02-14 14:50:34.239 [info] > git status -z -uall [31ms]
2023-02-14 14:50:39.267 [warning] ENOENT: no such file or directory, open '/home/vagrant/--git-common-dir/config'
2023-02-14 14:50:39.277 [info] > git config --get commit.template [2ms]
2023-02-14 14:50:39.277 [info] > git remote --verbose [10ms]
2023-02-14 14:50:39.336 [info] > git for-each-ref --format=%(refname)%00%(upstream:short)%00%(objectname) refs/heads/main refs/remotes/main [1ms]
2023-02-14 14:50:39.342 [info] > git rev-list --left-right --count main...origin/main [1ms]
2023-02-14 14:50:39.367 [info] > git for-each-ref --sort -committerdate --format %(refname) %(objectname) %(*objectname) [1ms]
2023-02-14 14:50:39.383 [info] > git status -z -uall [22ms]
2023-02-14 14:50:44.413 [warning] ENOENT: no such file or directory, open '/home/vagrant/--git-common-dir/config'
2023-02-14 14:50:44.419 [info] > git config --get commit.template [1ms]
2023-02-14 14:50:44.419 [info] > git remote --verbose [7ms]
2023-02-14 14:50:44.428 [info] > git for-each-ref --format=%(refname)%00%(upstream:short)%00%(objectname) refs/heads/main refs/remotes/main [1ms]
2023-02-14 14:50:44.440 [info] > git rev-list --left-right --count main...origin/main [1ms]
2023-02-14 14:50:44.469 [info] > git for-each-ref --sort -committerdate --format %(refname) %(objectname) %(*objectname) [0ms]
2023-02-14 14:50:44.508 [info] > git status -z -uall [51ms]
2023-02-14 14:50:49.577 [warning] ENOENT: no such file or directory, open '/home/vagrant/--git-common-dir/config'
2023-02-14 14:50:49.589 [info] > git config --get commit.template [1ms]
2023-02-14 14:50:49.589 [info] > git remote --verbose [12ms]
2023-02-14 14:50:49.596 [info] > git for-each-ref --format=%(refname)%00%(upstream:short)%00%(objectname) refs/heads/main refs/remotes/main [1ms]
2023-02-14 14:50:49.604 [info] > git rev-list --left-right --count main...origin/main [0ms]
2023-02-14 14:50:49.626 [info] > git for-each-ref --sort -committerdate --format %(refname) %(objectname) %(*objectname) [0ms]
2023-02-14 14:50:49.671 [info] > git status -z -uall [51ms]
2023-02-14 14:50:54.701 [warning] ENOENT: no such file or directory, open '/home/vagrant/--git-common-dir/config'
2023-02-14 14:50:54.710 [info] > git config --get commit.template [1ms]
2023-02-14 14:50:54.711 [info] > git remote --verbose [9ms]
2023-02-14 14:50:54.719 [info] > git for-each-ref --format=%(refname)%00%(upstream:short)%00%(objectname) refs/heads/main refs/remotes/main [1ms]
2023-02-14 14:50:54.726 [info] > git rev-list --left-right --count main...origin/main [1ms]
2023-02-14 14:50:54.754 [info] > git for-each-ref --sort -committerdate --format %(refname) %(objectname) %(*objectname) [0ms]
2023-02-14 14:50:54.763 [info] > git status -z -uall [19ms]
2023-02-14 14:50:59.803 [warning] ENOENT: no such file or directory, open '/home/vagrant/--git-common-dir/config'
2023-02-14 14:50:59.808 [info] > git config --get commit.template [0ms]
2023-02-14 14:50:59.808 [info] > git remote --verbose [5ms]
2023-02-14 14:50:59.815 [info] > git for-each-ref --format=%(refname)%00%(upstream:short)%00%(objectname) refs/heads/main refs/remotes/main [0ms]
2023-02-14 14:50:59.821 [info] > git rev-list --left-right --count main...origin/main [0ms]
2023-02-14 14:50:59.848 [info] > git for-each-ref --sort -committerdate --format %(refname) %(objectname) %(*objectname) [0ms]
2023-02-14 14:50:59.852 [info] > git status -z -uall [9ms]
2023-02-14 14:51:04.883 [warning] ENOENT: no such file or directory, open '/home/vagrant/--git-common-dir/config'
2023-02-14 14:51:04.892 [info] > git config --get commit.template [1ms]
2023-02-14 14:51:04.892 [info] > git remote --verbose [9ms]
2023-02-14 14:51:04.905 [info] > git for-each-ref --format=%(refname)%00%(upstream:short)%00%(objectname) refs/heads/main refs/remotes/main [0ms]
2023-02-14 14:51:04.916 [info] > git rev-list --left-right --count main...origin/main [3ms]
2023-02-14 14:51:05.008 [info] > git for-each-ref --sort -committerdate --format %(refname) %(objectname) %(*objectname) [6ms]
2023-02-14 14:51:05.048 [info] > git status -z -uall [61ms]
2023-02-14 14:59:32.023 [warning] ENOENT: no such file or directory, open '/home/vagrant/--git-common-dir/config'
2023-02-14 14:59:32.040 [info] > git config --get commit.template [1ms]
2023-02-14 14:59:32.045 [info] > git remote --verbose [20ms]
2023-02-14 14:59:32.075 [info] > git for-each-ref --format=%(refname)%00%(upstream:short)%00%(objectname) refs/heads/main refs/remotes/main [2ms]
2023-02-14 14:59:32.086 [info] > git rev-list --left-right --count main...origin/main [1ms]
2023-02-14 14:59:32.130 [info] > git for-each-ref --sort -committerdate --format %(refname) %(objectname) %(*objectname) [1ms]
2023-02-14 14:59:32.142 [info] > git status -z -uall [34ms]
2023-02-14 14:59:37.171 [warning] ENOENT: no such file or directory, open '/home/vagrant/--git-common-dir/config'
2023-02-14 14:59:37.176 [info] > git config --get commit.template [1ms]
2023-02-14 14:59:37.176 [info] > git remote --verbose [5ms]
2023-02-14 14:59:37.186 [info] > git for-each-ref --format=%(refname)%00%(upstream:short)%00%(objectname) refs/heads/main refs/remotes/main [1ms]
2023-02-14 14:59:37.192 [info] > git rev-list --left-right --count main...origin/main [0ms]
2023-02-14 14:59:37.212 [info] > git for-each-ref --sort -committerdate --format %(refname) %(objectname) %(*objectname) [0ms]
2023-02-14 14:59:37.225 [info] > git status -z -uall [18ms]
2023-02-14 14:59:42.258 [warning] ENOENT: no such file or directory, open '/home/vagrant/--git-common-dir/config'
2023-02-14 14:59:42.267 [info] > git config --get commit.template [1ms]
2023-02-14 14:59:42.267 [info] > git remote --verbose [9ms]
2023-02-14 14:59:42.279 [info] > git for-each-ref --format=%(refname)%00%(upstream:short)%00%(objectname) refs/heads/main refs/remotes/main [0ms]
2023-02-14 14:59:42.284 [info] > git rev-list --left-right --count main...origin/main [1ms]
2023-02-14 14:59:42.314 [info] > git for-each-ref --sort -committerdate --format %(refname) %(objectname) %(*objectname) [0ms]
2023-02-14 14:59:42.322 [info] > git status -z -uall [16ms]
2023-02-14 14:59:47.355 [warning] ENOENT: no such file or directory, open '/home/vagrant/--git-common-dir/config'
2023-02-14 14:59:47.362 [info] > git config --get commit.template [1ms]
2023-02-14 14:59:47.362 [info] > git remote --verbose [7ms]
2023-02-14 14:59:47.371 [info] > git for-each-ref --format=%(refname)%00%(upstream:short)%00%(objectname) refs/heads/main refs/remotes/main [0ms]
2023-02-14 14:59:47.376 [info] > git rev-list --left-right --count main...origin/main [1ms]
2023-02-14 14:59:47.405 [info] > git for-each-ref --sort -committerdate --format %(refname) %(objectname) %(*objectname) [0ms]
2023-02-14 14:59:47.410 [info] > git status -z -uall [11ms]
2023-02-14 14:59:48.296 [info] > git show --textconv :ansible_dir/index.html.j2 [9ms]
2023-02-14 14:59:48.296 [info] > git ls-files --stage -- /home/vagrant/ansible_dir/index.html.j2 [1ms]
2023-02-14 14:59:52.436 [warning] ENOENT: no such file or directory, open '/home/vagrant/--git-common-dir/config'
2023-02-14 14:59:52.441 [info] > git config --get commit.template [1ms]
2023-02-14 14:59:52.441 [info] > git remote --verbose [5ms]
2023-02-14 14:59:52.449 [info] > git for-each-ref --format=%(refname)%00%(upstream:short)%00%(objectname) refs/heads/main refs/remotes/main [1ms]
2023-02-14 14:59:52.455 [info] > git rev-list --left-right --count main...origin/main [1ms]
2023-02-14 14:59:52.479 [info] > git for-each-ref --sort -committerdate --format %(refname) %(objectname) %(*objectname) [1ms]
2023-02-14 14:59:52.487 [info] > git status -z -uall [15ms]
2023-02-14 15:14:25.463 [warning] ENOENT: no such file or directory, open '/home/vagrant/--git-common-dir/config'
2023-02-14 15:14:25.475 [info] > git config --get commit.template [0ms]
2023-02-14 15:14:25.475 [info] > git remote --verbose [12ms]
2023-02-14 15:14:25.489 [info] > git for-each-ref --format=%(refname)%00%(upstream:short)%00%(objectname) refs/heads/main refs/remotes/main [1ms]
2023-02-14 15:14:25.497 [info] > git rev-list --left-right --count main...origin/main [1ms]
2023-02-14 15:14:25.525 [info] > git for-each-ref --sort -committerdate --format %(refname) %(objectname) %(*objectname) [1ms]
2023-02-14 15:14:25.557 [info] > git status -z -uall [39ms]
2023-02-14 15:14:30.009 [info] > git show --textconv :ansible_dir/roles/apache/handlers/main.yml [6ms]
2023-02-14 15:14:30.009 [info] > git ls-files --stage -- /home/vagrant/ansible_dir/roles/apache/handlers/main.yml [1ms]
2023-02-14 15:14:30.611 [warning] ENOENT: no such file or directory, open '/home/vagrant/--git-common-dir/config'
2023-02-14 15:14:30.621 [info] > git config --get commit.template [1ms]
2023-02-14 15:14:30.621 [info] > git remote --verbose [10ms]
2023-02-14 15:14:30.630 [info] > git for-each-ref --format=%(refname)%00%(upstream:short)%00%(objectname) refs/heads/main refs/remotes/main [1ms]
2023-02-14 15:14:30.640 [info] > git rev-list --left-right --count main...origin/main [0ms]
2023-02-14 15:14:30.662 [info] > git for-each-ref --sort -committerdate --format %(refname) %(objectname) %(*objectname) [0ms]
2023-02-14 15:14:30.678 [info] > git status -z -uall [22ms]
2023-02-14 15:14:35.710 [warning] ENOENT: no such file or directory, open '/home/vagrant/--git-common-dir/config'
2023-02-14 15:14:35.719 [info] > git config --get commit.template [1ms]
2023-02-14 15:14:35.719 [info] > git remote --verbose [9ms]
2023-02-14 15:14:35.728 [info] > git for-each-ref --format=%(refname)%00%(upstream:short)%00%(objectname) refs/heads/main refs/remotes/main [0ms]
2023-02-14 15:14:35.736 [info] > git rev-list --left-right --count main...origin/main [1ms]
2023-02-14 15:14:35.764 [info] > git for-each-ref --sort -committerdate --format %(refname) %(objectname) %(*objectname) [1ms]
2023-02-14 15:14:35.785 [info] > git status -z -uall [29ms]
2023-02-14 15:16:18.733 [warning] ENOENT: no such file or directory, open '/home/vagrant/--git-common-dir/config'
2023-02-14 15:16:18.754 [info] > git config --get commit.template [0ms]
2023-02-14 15:16:18.755 [info] > git remote --verbose [22ms]
2023-02-14 15:16:18.798 [info] > git for-each-ref --format=%(refname)%00%(upstream:short)%00%(objectname) refs/heads/main refs/remotes/main [1ms]
2023-02-14 15:16:18.808 [info] > git rev-list --left-right --count main...origin/main [1ms]
2023-02-14 15:16:18.838 [info] > git for-each-ref --sort -committerdate --format %(refname) %(objectname) %(*objectname) [1ms]
2023-02-14 15:16:18.853 [info] > git status -z -uall [22ms]
2023-02-14 15:16:23.918 [warning] ENOENT: no such file or directory, open '/home/vagrant/--git-common-dir/config'
2023-02-14 15:16:23.929 [info] > git config --get commit.template [1ms]
2023-02-14 15:16:23.930 [info] > git remote --verbose [13ms]
2023-02-14 15:16:23.942 [info] > git for-each-ref --format=%(refname)%00%(upstream:short)%00%(objectname) refs/heads/main refs/remotes/main [0ms]
2023-02-14 15:16:23.954 [info] > git rev-list --left-right --count main...origin/main [0ms]
2023-02-14 15:16:23.991 [info] > git for-each-ref --sort -committerdate --format %(refname) %(objectname) %(*objectname) [0ms]
2023-02-14 15:16:24.001 [info] > git status -z -uall [32ms]
2023-02-14 15:16:29.039 [warning] ENOENT: no such file or directory, open '/home/vagrant/--git-common-dir/config'
2023-02-14 15:16:29.048 [info] > git config --get commit.template [1ms]
2023-02-14 15:16:29.048 [info] > git remote --verbose [9ms]
2023-02-14 15:16:29.059 [info] > git for-each-ref --format=%(refname)%00%(upstream:short)%00%(objectname) refs/heads/main refs/remotes/main [1ms]
2023-02-14 15:16:29.066 [info] > git rev-list --left-right --count main...origin/main [1ms]
2023-02-14 15:16:29.100 [info] > git for-each-ref --sort -committerdate --format %(refname) %(objectname) %(*objectname) [1ms]
2023-02-14 15:16:29.154 [info] > git status -z -uall [65ms]
2023-02-14 15:16:34.179 [warning] ENOENT: no such file or directory, open '/home/vagrant/--git-common-dir/config'
2023-02-14 15:16:34.189 [info] > git config --get commit.template [0ms]
2023-02-14 15:16:34.189 [info] > git remote --verbose [11ms]
2023-02-14 15:16:34.203 [info] > git for-each-ref --format=%(refname)%00%(upstream:short)%00%(objectname) refs/heads/main refs/remotes/main [0ms]
2023-02-14 15:16:34.210 [info] > git rev-list --left-right --count main...origin/main [1ms]
2023-02-14 15:16:34.279 [info] > git for-each-ref --sort -committerdate --format %(refname) %(objectname) %(*objectname) [1ms]
2023-02-14 15:16:34.301 [info] > git status -z -uall [32ms]
2023-02-14 15:16:35.954 [info] > git show --textconv :ansible_dir/webservers.yml [9ms]
2023-02-14 15:16:35.954 [info] > git ls-files --stage -- /home/vagrant/ansible_dir/webservers.yml [1ms]
2023-02-14 15:16:39.328 [warning] ENOENT: no such file or directory, open '/home/vagrant/--git-common-dir/config'
2023-02-14 15:16:39.333 [info] > git config --get commit.template [0ms]
2023-02-14 15:16:39.333 [info] > git remote --verbose [5ms]
2023-02-14 15:16:39.342 [info] > git for-each-ref --format=%(refname)%00%(upstream:short)%00%(objectname) refs/heads/main refs/remotes/main [0ms]
2023-02-14 15:16:39.347 [info] > git rev-list --left-right --count main...origin/main [0ms]
2023-02-14 15:16:39.375 [info] > git for-each-ref --sort -committerdate --format %(refname) %(objectname) %(*objectname) [1ms]
2023-02-14 15:16:39.381 [info] > git status -z -uall [13ms]
