2023-02-10 09:04:30.718 [info] Extension host with pid 25232 started
2023-02-10 09:04:30.788 [info] Lock '/home/vagrant/.vscode-server/data/User/workspaceStorage/c2d548dddc6058bd8a646987c8302a31/vscode.lock': Lock acquired.
2023-02-10 09:04:30.916 [info] ExtensionService#_doActivateExtension vscode.git-base, startup: true, activationEvent: '*', root cause: vscode.git
2023-02-10 09:04:31.708 [info] ExtensionService#_doActivateExtension vscode.git, startup: true, activationEvent: '*'
2023-02-10 09:04:31.709 [info] ExtensionService#_doActivateExtension vscode.github, startup: true, activationEvent: '*'
2023-02-10 09:04:32.421 [info] ExtensionService#_doActivateExtension vscode.debug-auto-launch, startup: false, activationEvent: 'onStartupFinished'
2023-02-10 09:04:32.421 [info] ExtensionService#_doActivateExtension vscode.emmet, startup: false, activationEvent: 'onStartupFinished'
2023-02-10 09:04:32.422 [info] ExtensionService#_doActivateExtension vscode.merge-conflict, startup: false, activationEvent: 'onStartupFinished'
2023-02-10 09:04:32.422 [info] Eager extensions activated
2023-02-10 09:04:33.474 [warning] [Decorations] CAPPING events from decorations provider vscode.git 2155
2023-02-10 09:04:34.528 [warning] [Decorations] CAPPING events from decorations provider vscode.git 2156
2023-02-10 09:10:11.587 [warning] [Decorations] CAPPING events from decorations provider vscode.git 2156
2023-02-10 09:10:16.745 [warning] [Decorations] CAPPING events from decorations provider vscode.git 2155
2023-02-10 09:10:21.901 [warning] [Decorations] CAPPING events from decorations provider vscode.git 2155
2023-02-10 09:10:27.020 [warning] [Decorations] CAPPING events from decorations provider vscode.git 2155
2023-02-10 09:10:32.290 [warning] [Decorations] CAPPING events from decorations provider vscode.git 2155
2023-02-10 09:10:37.442 [warning] [Decorations] CAPPING events from decorations provider vscode.git 2155
2023-02-10 09:10:42.584 [warning] [Decorations] CAPPING events from decorations provider vscode.git 2155
2023-02-10 09:10:47.738 [warning] [Decorations] CAPPING events from decorations provider vscode.git 2155
2023-02-10 09:10:52.921 [warning] [Decorations] CAPPING events from decorations provider vscode.git 2155
2023-02-10 09:10:58.108 [warning] [Decorations] CAPPING events from decorations provider vscode.git 2155
2023-02-10 09:11:03.254 [warning] [Decorations] CAPPING events from decorations provider vscode.git 2155
2023-02-10 09:11:08.388 [warning] [Decorations] CAPPING events from decorations provider vscode.git 2155
2023-02-10 09:11:13.493 [warning] [Decorations] CAPPING events from decorations provider vscode.git 2155
2023-02-10 09:11:18.607 [warning] [Decorations] CAPPING events from decorations provider vscode.git 2155
2023-02-10 09:11:23.884 [warning] [Decorations] CAPPING events from decorations provider vscode.git 2155
2023-02-10 09:11:29.060 [warning] [Decorations] CAPPING events from decorations provider vscode.git 2155
2023-02-10 09:11:34.202 [warning] [Decorations] CAPPING events from decorations provider vscode.git 2155
2023-02-10 09:11:39.388 [warning] [Decorations] CAPPING events from decorations provider vscode.git 2155
2023-02-10 09:11:44.539 [warning] [Decorations] CAPPING events from decorations provider vscode.git 2155
2023-02-10 09:11:49.672 [warning] [Decorations] CAPPING events from decorations provider vscode.git 2155
2023-02-10 09:11:54.857 [warning] [Decorations] CAPPING events from decorations provider vscode.git 2155
2023-02-10 09:11:59.969 [warning] [Decorations] CAPPING events from decorations provider vscode.git 2155
2023-02-10 09:12:05.132 [warning] [Decorations] CAPPING events from decorations provider vscode.git 2155
2023-02-10 09:12:10.238 [warning] [Decorations] CAPPING events from decorations provider vscode.git 2155
2023-02-10 09:12:15.428 [warning] [Decorations] CAPPING events from decorations provider vscode.git 2155
2023-02-10 09:12:20.542 [warning] [Decorations] CAPPING events from decorations provider vscode.git 2155
2023-02-10 09:12:25.696 [warning] [Decorations] CAPPING events from decorations provider vscode.git 2155
2023-02-10 09:12:30.852 [warning] [Decorations] CAPPING events from decorations provider vscode.git 2155
2023-02-10 09:12:36.032 [warning] [Decorations] CAPPING events from decorations provider vscode.git 2155
2023-02-10 09:12:41.134 [warning] [Decorations] CAPPING events from decorations provider vscode.git 2155
2023-02-10 09:12:46.289 [warning] [Decorations] CAPPING events from decorations provider vscode.git 2155
2023-02-10 09:12:51.399 [warning] [Decorations] CAPPING events from decorations provider vscode.git 2155
2023-02-10 09:12:56.568 [warning] [Decorations] CAPPING events from decorations provider vscode.git 2155
2023-02-10 09:13:01.672 [warning] [Decorations] CAPPING events from decorations provider vscode.git 2155
2023-02-10 09:13:06.874 [warning] [Decorations] CAPPING events from decorations provider vscode.git 2155
2023-02-10 09:13:12.004 [warning] [Decorations] CAPPING events from decorations provider vscode.git 2155
2023-02-10 09:13:17.155 [warning] [Decorations] CAPPING events from decorations provider vscode.git 2155
2023-02-10 09:13:22.267 [warning] [Decorations] CAPPING events from decorations provider vscode.git 2155
2023-02-10 09:13:27.433 [warning] [Decorations] CAPPING events from decorations provider vscode.git 2155
2023-02-10 09:13:32.530 [warning] [Decorations] CAPPING events from decorations provider vscode.git 2155
2023-02-10 09:13:37.692 [warning] [Decorations] CAPPING events from decorations provider vscode.git 2155
2023-02-10 09:13:42.810 [warning] [Decorations] CAPPING events from decorations provider vscode.git 2155
2023-02-10 09:13:48.000 [warning] [Decorations] CAPPING events from decorations provider vscode.git 2155
2023-02-10 09:13:53.126 [warning] [Decorations] CAPPING events from decorations provider vscode.git 2155
2023-02-10 09:13:58.307 [warning] [Decorations] CAPPING events from decorations provider vscode.git 2155
2023-02-10 09:14:03.416 [warning] [Decorations] CAPPING events from decorations provider vscode.git 2155
2023-02-10 09:14:08.532 [warning] [Decorations] CAPPING events from decorations provider vscode.git 2155
2023-02-10 09:14:13.714 [warning] [Decorations] CAPPING events from decorations provider vscode.git 2155
2023-02-10 09:14:18.835 [warning] [Decorations] CAPPING events from decorations provider vscode.git 2155
2023-02-10 09:14:24.006 [warning] [Decorations] CAPPING events from decorations provider vscode.git 2155
2023-02-10 09:14:29.111 [warning] [Decorations] CAPPING events from decorations provider vscode.git 2155
2023-02-10 09:14:34.268 [warning] [Decorations] CAPPING events from decorations provider vscode.git 2155
2023-02-10 09:14:39.374 [warning] [Decorations] CAPPING events from decorations provider vscode.git 2155
2023-02-10 09:14:44.540 [warning] [Decorations] CAPPING events from decorations provider vscode.git 2155
2023-02-10 09:14:49.640 [warning] [Decorations] CAPPING events from decorations provider vscode.git 2155
2023-02-10 09:14:54.782 [warning] [Decorations] CAPPING events from decorations provider vscode.git 2155
2023-02-10 09:14:59.894 [warning] [Decorations] CAPPING events from decorations provider vscode.git 2155
2023-02-10 09:15:05.037 [warning] [Decorations] CAPPING events from decorations provider vscode.git 2155
2023-02-10 09:15:10.146 [warning] [Decorations] CAPPING events from decorations provider vscode.git 2155
2023-02-10 09:15:15.317 [warning] [Decorations] CAPPING events from decorations provider vscode.git 2155
2023-02-10 09:15:20.419 [warning] [Decorations] CAPPING events from decorations provider vscode.git 2155
2023-02-10 09:15:25.549 [warning] [Decorations] CAPPING events from decorations provider vscode.git 2155
2023-02-10 09:15:30.669 [warning] [Decorations] CAPPING events from decorations provider vscode.git 2155
2023-02-10 09:15:35.855 [warning] [Decorations] CAPPING events from decorations provider vscode.git 2155
2023-02-10 09:15:40.967 [warning] [Decorations] CAPPING events from decorations provider vscode.git 2155
2023-02-10 09:15:46.137 [warning] [Decorations] CAPPING events from decorations provider vscode.git 2155
2023-02-10 09:15:51.236 [warning] [Decorations] CAPPING events from decorations provider vscode.git 2155
2023-02-10 09:15:56.391 [warning] [Decorations] CAPPING events from decorations provider vscode.git 2155
2023-02-10 09:16:01.505 [warning] [Decorations] CAPPING events from decorations provider vscode.git 2155
2023-02-10 09:16:06.673 [warning] [Decorations] CAPPING events from decorations provider vscode.git 2155
2023-02-10 09:16:11.782 [warning] [Decorations] CAPPING events from decorations provider vscode.git 2155
2023-02-10 09:16:17.010 [warning] [Decorations] CAPPING events from decorations provider vscode.git 2155
2023-02-10 09:16:22.175 [warning] [Decorations] CAPPING events from decorations provider vscode.git 2155
2023-02-10 09:16:27.287 [warning] [Decorations] CAPPING events from decorations provider vscode.git 2155
2023-02-10 09:16:32.405 [warning] [Decorations] CAPPING events from decorations provider vscode.git 2155
2023-02-10 09:16:37.566 [warning] [Decorations] CAPPING events from decorations provider vscode.git 2155
2023-02-10 09:16:42.678 [warning] [Decorations] CAPPING events from decorations provider vscode.git 2155
2023-02-10 09:16:47.823 [warning] [Decorations] CAPPING events from decorations provider vscode.git 2155
2023-02-10 09:16:52.932 [warning] [Decorations] CAPPING events from decorations provider vscode.git 2155
2023-02-10 09:16:58.081 [warning] [Decorations] CAPPING events from decorations provider vscode.git 2155
2023-02-10 09:17:03.200 [warning] [Decorations] CAPPING events from decorations provider vscode.git 2155
2023-02-10 09:17:08.358 [warning] [Decorations] CAPPING events from decorations provider vscode.git 2155
2023-02-10 09:17:13.468 [warning] [Decorations] CAPPING events from decorations provider vscode.git 2155
2023-02-10 09:17:18.625 [warning] [Decorations] CAPPING events from decorations provider vscode.git 2155
2023-02-10 09:17:23.755 [warning] [Decorations] CAPPING events from decorations provider vscode.git 2155
2023-02-10 09:17:28.945 [warning] [Decorations] CAPPING events from decorations provider vscode.git 2155
2023-02-10 09:17:34.052 [warning] [Decorations] CAPPING events from decorations provider vscode.git 2155
2023-02-10 09:17:39.195 [warning] [Decorations] CAPPING events from decorations provider vscode.git 2155
2023-02-10 09:17:44.313 [warning] [Decorations] CAPPING events from decorations provider vscode.git 2155
2023-02-10 09:17:49.485 [warning] [Decorations] CAPPING events from decorations provider vscode.git 2155
2023-02-10 09:17:54.589 [warning] [Decorations] CAPPING events from decorations provider vscode.git 2155
2023-02-10 09:17:59.703 [warning] [Decorations] CAPPING events from decorations provider vscode.git 2155
2023-02-10 09:18:04.942 [warning] [Decorations] CAPPING events from decorations provider vscode.git 2155
2023-02-10 09:18:10.079 [warning] [Decorations] CAPPING events from decorations provider vscode.git 2155
2023-02-10 09:18:15.230 [warning] [Decorations] CAPPING events from decorations provider vscode.git 2155
2023-02-10 09:18:20.324 [warning] [Decorations] CAPPING events from decorations provider vscode.git 2155
2023-02-10 09:18:25.480 [warning] [Decorations] CAPPING events from decorations provider vscode.git 2155
2023-02-10 09:18:30.583 [warning] [Decorations] CAPPING events from decorations provider vscode.git 2155
2023-02-10 09:18:35.732 [warning] [Decorations] CAPPING events from decorations provider vscode.git 2155
2023-02-10 09:18:40.854 [warning] [Decorations] CAPPING events from decorations provider vscode.git 2155
2023-02-10 09:18:46.013 [warning] [Decorations] CAPPING events from decorations provider vscode.git 2155
2023-02-10 09:18:51.124 [warning] [Decorations] CAPPING events from decorations provider vscode.git 2155
2023-02-10 09:18:56.277 [warning] [Decorations] CAPPING events from decorations provider vscode.git 2155
2023-02-10 09:19:01.392 [warning] [Decorations] CAPPING events from decorations provider vscode.git 2155
2023-02-10 09:19:06.555 [warning] [Decorations] CAPPING events from decorations provider vscode.git 2155
2023-02-10 09:19:11.664 [warning] [Decorations] CAPPING events from decorations provider vscode.git 2155
2023-02-10 09:19:16.823 [warning] [Decorations] CAPPING events from decorations provider vscode.git 2155
2023-02-10 09:19:21.941 [warning] [Decorations] CAPPING events from decorations provider vscode.git 2155
2023-02-10 09:19:27.141 [warning] [Decorations] CAPPING events from decorations provider vscode.git 2155
2023-02-10 09:19:32.292 [warning] [Decorations] CAPPING events from decorations provider vscode.git 2155
2023-02-10 09:19:37.442 [warning] [Decorations] CAPPING events from decorations provider vscode.git 2155
2023-02-10 09:19:42.553 [warning] [Decorations] CAPPING events from decorations provider vscode.git 2155
2023-02-10 09:19:47.701 [warning] [Decorations] CAPPING events from decorations provider vscode.git 2155
2023-02-10 09:19:52.804 [warning] [Decorations] CAPPING events from decorations provider vscode.git 2155
2023-02-10 09:19:57.980 [warning] [Decorations] CAPPING events from decorations provider vscode.git 2155
2023-02-10 09:20:03.093 [warning] [Decorations] CAPPING events from decorations provider vscode.git 2155
2023-02-10 09:20:08.244 [warning] [Decorations] CAPPING events from decorations provider vscode.git 2155
2023-02-10 09:20:13.411 [warning] [Decorations] CAPPING events from decorations provider vscode.git 2155
2023-02-10 09:20:18.543 [warning] [Decorations] CAPPING events from decorations provider vscode.git 2155
2023-02-10 09:20:23.675 [warning] [Decorations] CAPPING events from decorations provider vscode.git 2155
2023-02-10 09:20:28.823 [warning] [Decorations] CAPPING events from decorations provider vscode.git 2155
2023-02-10 09:20:33.929 [warning] [Decorations] CAPPING events from decorations provider vscode.git 2155
2023-02-10 09:20:39.095 [warning] [Decorations] CAPPING events from decorations provider vscode.git 2155
2023-02-10 09:20:44.222 [warning] [Decorations] CAPPING events from decorations provider vscode.git 2155
2023-02-10 09:20:49.333 [warning] [Decorations] CAPPING events from decorations provider vscode.git 2155
2023-02-10 09:20:54.437 [warning] [Decorations] CAPPING events from decorations provider vscode.git 2155
2023-02-10 09:20:59.549 [warning] [Decorations] CAPPING events from decorations provider vscode.git 2155
2023-02-10 09:21:04.687 [warning] [Decorations] CAPPING events from decorations provider vscode.git 2155
2023-02-10 09:21:09.815 [warning] [Decorations] CAPPING events from decorations provider vscode.git 2155
2023-02-10 09:21:14.923 [warning] [Decorations] CAPPING events from decorations provider vscode.git 2155
2023-02-10 09:21:20.059 [warning] [Decorations] CAPPING events from decorations provider vscode.git 2155
2023-02-10 09:21:25.213 [warning] [Decorations] CAPPING events from decorations provider vscode.git 2155
2023-02-10 09:21:30.342 [warning] [Decorations] CAPPING events from decorations provider vscode.git 2155
2023-02-10 09:21:35.457 [warning] [Decorations] CAPPING events from decorations provider vscode.git 2155
2023-02-10 09:26:25.800 [warning] [Decorations] CAPPING events from decorations provider vscode.git 2155
2023-02-10 09:26:30.934 [warning] [Decorations] CAPPING events from decorations provider vscode.git 2155
2023-02-10 09:26:36.065 [warning] [Decorations] CAPPING events from decorations provider vscode.git 2155
2023-02-10 09:26:41.225 [warning] [Decorations] CAPPING events from decorations provider vscode.git 2155
2023-02-10 09:26:46.335 [warning] [Decorations] CAPPING events from decorations provider vscode.git 2155
2023-02-10 09:26:51.437 [warning] [Decorations] CAPPING events from decorations provider vscode.git 2155
2023-02-10 09:26:56.647 [warning] [Decorations] CAPPING events from decorations provider vscode.git 2155
2023-02-10 09:27:01.829 [warning] [Decorations] CAPPING events from decorations provider vscode.git 2155
2023-02-10 09:27:06.957 [warning] [Decorations] CAPPING events from decorations provider vscode.git 2155
2023-02-10 09:27:12.097 [warning] [Decorations] CAPPING events from decorations provider vscode.git 2155
2023-02-10 09:27:17.231 [warning] [Decorations] CAPPING events from decorations provider vscode.git 2155
2023-02-10 09:27:22.353 [warning] [Decorations] CAPPING events from decorations provider vscode.git 2155
2023-02-10 09:27:27.559 [warning] [Decorations] CAPPING events from decorations provider vscode.git 2155
2023-02-10 09:27:32.676 [warning] [Decorations] CAPPING events from decorations provider vscode.git 2155
2023-02-10 09:27:37.791 [warning] [Decorations] CAPPING events from decorations provider vscode.git 2155
2023-02-10 09:27:42.954 [warning] [Decorations] CAPPING events from decorations provider vscode.git 2155
2023-02-10 09:27:48.075 [warning] [Decorations] CAPPING events from decorations provider vscode.git 2155
2023-02-10 09:27:53.214 [warning] [Decorations] CAPPING events from decorations provider vscode.git 2155
2023-02-10 09:27:58.339 [warning] [Decorations] CAPPING events from decorations provider vscode.git 2155
2023-02-10 09:28:03.486 [warning] [Decorations] CAPPING events from decorations provider vscode.git 2155
2023-02-10 09:28:08.600 [warning] [Decorations] CAPPING events from decorations provider vscode.git 2155
2023-02-10 09:28:13.760 [warning] [Decorations] CAPPING events from decorations provider vscode.git 2155
2023-02-10 09:28:18.870 [warning] [Decorations] CAPPING events from decorations provider vscode.git 2155
2023-02-10 09:28:24.034 [warning] [Decorations] CAPPING events from decorations provider vscode.git 2155
2023-02-10 09:28:29.214 [warning] [Decorations] CAPPING events from decorations provider vscode.git 2155
2023-02-10 09:28:34.344 [warning] [Decorations] CAPPING events from decorations provider vscode.git 2155
2023-02-10 09:28:39.496 [warning] [Decorations] CAPPING events from decorations provider vscode.git 2155
2023-02-10 09:28:44.710 [warning] [Decorations] CAPPING events from decorations provider vscode.git 2155
2023-02-10 09:28:49.893 [warning] [Decorations] CAPPING events from decorations provider vscode.git 2155
2023-02-10 09:28:55.049 [warning] [Decorations] CAPPING events from decorations provider vscode.git 2155
2023-02-10 09:29:00.259 [warning] [Decorations] CAPPING events from decorations provider vscode.git 2155
2023-02-10 09:29:05.446 [warning] [Decorations] CAPPING events from decorations provider vscode.git 2155
2023-02-10 09:29:10.581 [warning] [Decorations] CAPPING events from decorations provider vscode.git 2155
2023-02-10 09:29:15.740 [warning] [Decorations] CAPPING events from decorations provider vscode.git 2155
2023-02-10 09:29:20.839 [warning] [Decorations] CAPPING events from decorations provider vscode.git 2155
2023-02-10 09:29:26.043 [warning] [Decorations] CAPPING events from decorations provider vscode.git 2155
2023-02-10 09:29:31.179 [warning] [Decorations] CAPPING events from decorations provider vscode.git 2155
2023-02-10 09:29:36.330 [warning] [Decorations] CAPPING events from decorations provider vscode.git 2155
2023-02-10 10:54:43.075 [warning] [Decorations] CAPPING events from decorations provider vscode.git 2155
2023-02-10 10:54:48.172 [warning] [Decorations] CAPPING events from decorations provider vscode.git 2155
2023-02-10 10:54:53.305 [warning] [Decorations] CAPPING events from decorations provider vscode.git 2155
2023-02-10 10:54:58.426 [warning] [Decorations] CAPPING events from decorations provider vscode.git 2155
2023-02-10 10:55:03.499 [warning] [Decorations] CAPPING events from decorations provider vscode.git 2155
2023-02-10 10:55:08.604 [warning] [Decorations] CAPPING events from decorations provider vscode.git 2155
2023-02-10 10:55:13.670 [warning] [Decorations] CAPPING events from decorations provider vscode.git 2155
2023-02-10 10:55:18.754 [warning] [Decorations] CAPPING events from decorations provider vscode.git 2155
2023-02-10 10:55:23.853 [warning] [Decorations] CAPPING events from decorations provider vscode.git 2155
2023-02-10 10:55:28.923 [warning] [Decorations] CAPPING events from decorations provider vscode.git 2155
2023-02-10 10:55:34.029 [warning] [Decorations] CAPPING events from decorations provider vscode.git 2155
2023-02-10 10:55:39.114 [warning] [Decorations] CAPPING events from decorations provider vscode.git 2155
2023-02-10 10:55:44.187 [warning] [Decorations] CAPPING events from decorations provider vscode.git 2155
2023-02-10 10:55:49.290 [warning] [Decorations] CAPPING events from decorations provider vscode.git 2155
2023-02-10 10:55:54.369 [warning] [Decorations] CAPPING events from decorations provider vscode.git 2155
2023-02-10 10:55:59.503 [warning] [Decorations] CAPPING events from decorations provider vscode.git 2155
2023-02-10 10:56:04.585 [warning] [Decorations] CAPPING events from decorations provider vscode.git 2155
2023-02-10 10:56:09.712 [warning] [Decorations] CAPPING events from decorations provider vscode.git 2155
2023-02-10 10:56:14.774 [warning] [Decorations] CAPPING events from decorations provider vscode.git 2155
2023-02-10 10:56:19.898 [warning] [Decorations] CAPPING events from decorations provider vscode.git 2155
2023-02-10 10:56:24.966 [warning] [Decorations] CAPPING events from decorations provider vscode.git 2155
2023-02-10 10:56:30.063 [warning] [Decorations] CAPPING events from decorations provider vscode.git 2155
2023-02-10 10:56:35.140 [warning] [Decorations] CAPPING events from decorations provider vscode.git 2155
2023-02-10 10:56:40.254 [warning] [Decorations] CAPPING events from decorations provider vscode.git 2155
2023-02-10 10:56:45.383 [warning] [Decorations] CAPPING events from decorations provider vscode.git 2155
2023-02-10 10:56:50.485 [warning] [Decorations] CAPPING events from decorations provider vscode.git 2155
2023-02-10 10:56:55.592 [warning] [Decorations] CAPPING events from decorations provider vscode.git 2155
2023-02-10 10:57:00.661 [warning] [Decorations] CAPPING events from decorations provider vscode.git 2155
2023-02-10 10:57:05.779 [warning] [Decorations] CAPPING events from decorations provider vscode.git 2155
2023-02-10 10:57:10.845 [warning] [Decorations] CAPPING events from decorations provider vscode.git 2155
2023-02-10 10:57:15.943 [warning] [Decorations] CAPPING events from decorations provider vscode.git 2155
2023-02-10 10:57:21.013 [warning] [Decorations] CAPPING events from decorations provider vscode.git 2155
2023-02-10 10:57:26.158 [warning] [Decorations] CAPPING events from decorations provider vscode.git 2155
2023-02-10 10:57:31.243 [warning] [Decorations] CAPPING events from decorations provider vscode.git 2155
2023-02-10 10:57:36.372 [warning] [Decorations] CAPPING events from decorations provider vscode.git 2155
2023-02-10 10:57:41.442 [warning] [Decorations] CAPPING events from decorations provider vscode.git 2155
2023-02-10 10:57:46.540 [warning] [Decorations] CAPPING events from decorations provider vscode.git 2155
2023-02-10 10:57:51.606 [warning] [Decorations] CAPPING events from decorations provider vscode.git 2155
2023-02-10 10:57:56.787 [warning] [Decorations] CAPPING events from decorations provider vscode.git 2155
2023-02-10 10:58:01.898 [warning] [Decorations] CAPPING events from decorations provider vscode.git 2157
2023-02-10 10:58:07.056 [warning] [Decorations] CAPPING events from decorations provider vscode.git 2157
2023-02-10 10:58:12.131 [warning] [Decorations] CAPPING events from decorations provider vscode.git 2157
2023-02-10 10:58:28.561 [warning] [Decorations] CAPPING events from decorations provider vscode.git 2157
2023-02-10 10:58:33.675 [warning] [Decorations] CAPPING events from decorations provider vscode.git 2155
2023-02-10 10:59:19.507 [warning] [Decorations] CAPPING events from decorations provider vscode.git 2155
2023-02-10 10:59:24.603 [warning] [Decorations] CAPPING events from decorations provider vscode.git 2155
2023-02-10 10:59:29.773 [warning] [Decorations] CAPPING events from decorations provider vscode.git 2155
2023-02-10 10:59:34.871 [warning] [Decorations] CAPPING events from decorations provider vscode.git 2155
2023-02-10 10:59:57.376 [warning] [Decorations] CAPPING events from decorations provider vscode.git 2155
2023-02-10 11:00:02.463 [warning] [Decorations] CAPPING events from decorations provider vscode.git 2155
2023-02-10 11:00:07.552 [warning] [Decorations] CAPPING events from decorations provider vscode.git 2155
2023-02-10 11:00:12.723 [warning] [Decorations] CAPPING events from decorations provider vscode.git 2155
2023-02-10 11:00:17.816 [warning] [Decorations] CAPPING events from decorations provider vscode.git 2155
2023-02-10 11:00:22.924 [warning] [Decorations] CAPPING events from decorations provider vscode.git 2155
2023-02-10 11:00:27.995 [warning] [Decorations] CAPPING events from decorations provider vscode.git 2155
2023-02-10 11:00:33.138 [warning] [Decorations] CAPPING events from decorations provider vscode.git 2155
2023-02-10 11:00:38.218 [warning] [Decorations] CAPPING events from decorations provider vscode.git 2155
2023-02-10 11:00:43.312 [warning] [Decorations] CAPPING events from decorations provider vscode.git 2155
2023-02-10 11:00:48.481 [warning] [Decorations] CAPPING events from decorations provider vscode.git 2155
2023-02-10 11:00:53.588 [warning] [Decorations] CAPPING events from decorations provider vscode.git 2155
2023-02-10 11:00:58.660 [warning] [Decorations] CAPPING events from decorations provider vscode.git 2155
2023-02-10 11:01:03.787 [warning] [Decorations] CAPPING events from decorations provider vscode.git 2155
2023-02-10 11:01:08.858 [warning] [Decorations] CAPPING events from decorations provider vscode.git 2155
2023-02-10 11:01:13.927 [warning] [Decorations] CAPPING events from decorations provider vscode.git 2155
2023-02-10 11:01:19.044 [warning] [Decorations] CAPPING events from decorations provider vscode.git 2155
2023-02-10 11:01:24.150 [warning] [Decorations] CAPPING events from decorations provider vscode.git 2155
2023-02-10 11:01:29.268 [warning] [Decorations] CAPPING events from decorations provider vscode.git 2155
2023-02-10 11:01:34.372 [warning] [Decorations] CAPPING events from decorations provider vscode.git 2155
2023-02-10 11:01:39.448 [warning] [Decorations] CAPPING events from decorations provider vscode.git 2155
2023-02-10 11:01:44.525 [warning] [Decorations] CAPPING events from decorations provider vscode.git 2155
2023-02-10 11:01:49.593 [warning] [Decorations] CAPPING events from decorations provider vscode.git 2155
2023-02-10 11:01:54.692 [warning] [Decorations] CAPPING events from decorations provider vscode.git 2155
2023-02-10 11:01:59.772 [warning] [Decorations] CAPPING events from decorations provider vscode.git 2155
2023-02-10 11:02:04.889 [warning] [Decorations] CAPPING events from decorations provider vscode.git 2155
2023-02-10 11:02:09.969 [warning] [Decorations] CAPPING events from decorations provider vscode.git 2155
2023-02-10 11:02:15.039 [warning] [Decorations] CAPPING events from decorations provider vscode.git 2155
2023-02-10 11:02:20.119 [warning] [Decorations] CAPPING events from decorations provider vscode.git 2155
2023-02-10 11:02:25.272 [warning] [Decorations] CAPPING events from decorations provider vscode.git 2155
2023-02-10 11:02:30.359 [warning] [Decorations] CAPPING events from decorations provider vscode.git 2155
2023-02-10 11:02:35.488 [warning] [Decorations] CAPPING events from decorations provider vscode.git 2155
2023-02-10 11:02:40.563 [warning] [Decorations] CAPPING events from decorations provider vscode.git 2155
2023-02-10 11:02:45.645 [warning] [Decorations] CAPPING events from decorations provider vscode.git 2155
2023-02-10 11:02:55.298 [warning] [Decorations] CAPPING events from decorations provider vscode.git 2155
2023-02-10 11:03:00.375 [warning] [Decorations] CAPPING events from decorations provider vscode.git 2155
2023-02-10 11:03:05.486 [warning] [Decorations] CAPPING events from decorations provider vscode.git 2155
2023-02-10 11:03:10.600 [warning] [Decorations] CAPPING events from decorations provider vscode.git 2155
2023-02-10 11:03:21.076 [warning] [Decorations] CAPPING events from decorations provider vscode.git 2155
2023-02-10 11:03:26.159 [warning] [Decorations] CAPPING events from decorations provider vscode.git 2155
2023-02-10 11:03:31.281 [warning] [Decorations] CAPPING events from decorations provider vscode.git 2155
2023-02-10 11:03:36.353 [warning] [Decorations] CAPPING events from decorations provider vscode.git 2155
2023-02-10 11:03:41.422 [warning] [Decorations] CAPPING events from decorations provider vscode.git 2155
2023-02-10 11:03:46.530 [warning] [Decorations] CAPPING events from decorations provider vscode.git 2155
2023-02-10 11:03:51.596 [warning] [Decorations] CAPPING events from decorations provider vscode.git 2155
2023-02-10 11:03:56.673 [warning] [Decorations] CAPPING events from decorations provider vscode.git 2155
2023-02-10 11:04:01.799 [warning] [Decorations] CAPPING events from decorations provider vscode.git 2155
2023-02-10 11:04:06.887 [warning] [Decorations] CAPPING events from decorations provider vscode.git 2155
2023-02-10 11:04:11.986 [warning] [Decorations] CAPPING events from decorations provider vscode.git 2155
2023-02-10 11:04:17.073 [warning] [Decorations] CAPPING events from decorations provider vscode.git 2155
2023-02-10 11:04:22.560 [warning] [Decorations] CAPPING events from decorations provider vscode.git 2155
2023-02-10 11:04:27.663 [warning] [Decorations] CAPPING events from decorations provider vscode.git 2155
2023-02-10 11:04:32.736 [warning] [Decorations] CAPPING events from decorations provider vscode.git 2155
2023-02-10 11:04:37.880 [warning] [Decorations] CAPPING events from decorations provider vscode.git 2155
2023-02-10 11:04:42.951 [warning] [Decorations] CAPPING events from decorations provider vscode.git 2155
2023-02-10 11:04:48.135 [warning] [Decorations] CAPPING events from decorations provider vscode.git 2155
2023-02-10 11:04:53.208 [warning] [Decorations] CAPPING events from decorations provider vscode.git 2155
2023-02-10 11:04:58.275 [warning] [Decorations] CAPPING events from decorations provider vscode.git 2155
2023-02-10 11:05:03.414 [warning] [Decorations] CAPPING events from decorations provider vscode.git 2155
2023-02-10 11:05:08.509 [warning] [Decorations] CAPPING events from decorations provider vscode.git 2155
2023-02-10 11:05:13.613 [warning] [Decorations] CAPPING events from decorations provider vscode.git 2155
2023-02-10 11:05:18.742 [warning] [Decorations] CAPPING events from decorations provider vscode.git 2155
2023-02-10 11:05:23.811 [warning] [Decorations] CAPPING events from decorations provider vscode.git 2155
2023-02-10 11:05:28.903 [warning] [Decorations] CAPPING events from decorations provider vscode.git 2155
2023-02-10 11:05:34.009 [warning] [Decorations] CAPPING events from decorations provider vscode.git 2155
2023-02-10 11:05:39.081 [warning] [Decorations] CAPPING events from decorations provider vscode.git 2155
2023-02-10 11:05:44.154 [warning] [Decorations] CAPPING events from decorations provider vscode.git 2155
2023-02-10 11:05:49.275 [warning] [Decorations] CAPPING events from decorations provider vscode.git 2155
2023-02-10 11:05:54.345 [warning] [Decorations] CAPPING events from decorations provider vscode.git 2155
2023-02-10 11:05:59.488 [warning] [Decorations] CAPPING events from decorations provider vscode.git 2155
2023-02-10 11:06:04.597 [warning] [Decorations] CAPPING events from decorations provider vscode.git 2157
2023-02-10 11:06:09.716 [warning] [Decorations] CAPPING events from decorations provider vscode.git 2157
2023-02-10 11:06:14.806 [warning] [Decorations] CAPPING events from decorations provider vscode.git 2157
2023-02-10 11:06:19.919 [warning] [Decorations] CAPPING events from decorations provider vscode.git 2157
2023-02-10 11:06:27.337 [warning] [Decorations] CAPPING events from decorations provider vscode.git 2157
2023-02-10 11:06:32.411 [warning] [Decorations] CAPPING events from decorations provider vscode.git 2155
2023-02-10 11:06:37.522 [warning] [Decorations] CAPPING events from decorations provider vscode.git 2155
2023-02-10 11:06:42.669 [warning] [Decorations] CAPPING events from decorations provider vscode.git 2155
2023-02-10 11:06:47.807 [warning] [Decorations] CAPPING events from decorations provider vscode.git 2155
2023-02-10 11:06:52.877 [warning] [Decorations] CAPPING events from decorations provider vscode.git 2155
2023-02-10 11:06:57.963 [warning] [Decorations] CAPPING events from decorations provider vscode.git 2155
2023-02-10 11:17:05.177 [warning] [Decorations] CAPPING events from decorations provider vscode.git 2155
2023-02-10 11:17:10.257 [warning] [Decorations] CAPPING events from decorations provider vscode.git 2155
2023-02-10 11:17:15.328 [warning] [Decorations] CAPPING events from decorations provider vscode.git 2155
2023-02-10 11:17:20.429 [warning] [Decorations] CAPPING events from decorations provider vscode.git 2155
2023-02-10 11:17:25.499 [warning] [Decorations] CAPPING events from decorations provider vscode.git 2155
2023-02-10 11:17:30.570 [warning] [Decorations] CAPPING events from decorations provider vscode.git 2155
2023-02-10 11:17:35.666 [warning] [Decorations] CAPPING events from decorations provider vscode.git 2155
2023-02-10 11:17:40.729 [warning] [Decorations] CAPPING events from decorations provider vscode.git 2155
2023-02-10 11:17:45.794 [warning] [Decorations] CAPPING events from decorations provider vscode.git 2155
2023-02-10 11:17:50.904 [warning] [Decorations] CAPPING events from decorations provider vscode.git 2155
2023-02-10 11:17:55.977 [warning] [Decorations] CAPPING events from decorations provider vscode.git 2155
2023-02-10 16:10:19.887 [info] Extension host terminating: renderer disconnected for too long (1)
2023-02-10 16:10:19.888 [info] Lock '/home/vagrant/.vscode-server/data/User/workspaceStorage/c2d548dddc6058bd8a646987c8302a31/vscode.lock': Marking the lockfile as scheduled to be released in 6000 ms.
2023-02-10 16:10:19.898 [info] Extension host with pid 25232 exiting with code 0
