2023-02-27 14:37:47.283 [info] Log level: Info
2023-02-27 14:37:47.284 [info] Validating found git in: "git"
2023-02-27 14:37:47.284 [info] Using git "1.8.3.1" from "git"
2023-02-27 14:37:47.284 [info] > git rev-parse --show-toplevel [156ms]
2023-02-27 14:37:47.284 [info] > git rev-parse --git-dir --git-common-dir [1ms]
2023-02-27 14:37:47.284 [info] Open repository: /home/vagrant
2023-02-27 14:37:47.284 [warning] ENOENT: no such file or directory, open '/home/vagrant/--git-common-dir/config'
2023-02-27 14:37:47.284 [info] > git rev-parse --show-toplevel [35ms]
2023-02-27 14:37:47.284 [info] > git rev-parse --show-toplevel [2ms]
2023-02-27 14:37:47.284 [info] > git config --get commit.template [57ms]
2023-02-27 14:37:47.284 [info] > git remote --verbose [80ms]
2023-02-27 14:37:47.284 [info] > git rev-parse --show-toplevel [9ms]
2023-02-27 14:37:47.284 [info] > git rev-parse --show-toplevel [88ms]
2023-02-27 14:37:47.284 [info] > git rev-parse --show-toplevel [1ms]
2023-02-27 14:37:47.284 [info] > git for-each-ref --format=%(refname)%00%(upstream:short)%00%(objectname) refs/heads/main refs/remotes/main [62ms]
2023-02-27 14:37:47.284 [info] > git rev-list --left-right --count main...origin/main [1ms]
2023-02-27 14:37:47.284 [info] > git rev-parse --show-toplevel [53ms]
2023-02-27 14:37:47.284 [info] > git for-each-ref --sort -committerdate --format %(refname) %(objectname) %(*objectname) [8ms]
2023-02-27 14:37:47.284 [info] > git status -z -uall [263ms]
2023-02-27 14:37:47.284 [warning] ENOENT: no such file or directory, open '/home/vagrant/--git-common-dir/config'
2023-02-27 14:37:47.284 [info] > git config --get commit.template [870ms]
2023-02-27 14:37:47.284 [info] > git remote --verbose [875ms]
2023-02-27 14:37:47.285 [info] > git check-ignore -v -z --stdin [19ms]
2023-02-27 14:37:47.285 [info] > git for-each-ref --format=%(refname)%00%(upstream:short)%00%(objectname) refs/heads/main refs/remotes/main [5ms]
2023-02-27 14:37:47.285 [info] > git rev-list --left-right --count main...origin/main [1ms]
2023-02-27 14:37:47.285 [info] > git for-each-ref --sort -committerdate --format %(refname) %(objectname) %(*objectname) [6ms]
2023-02-27 14:37:47.370 [info] > git status -z -uall [158ms]
2023-02-27 14:37:48.093 [info] > git show --textconv :ansible_dir/report.yml [595ms]
2023-02-27 14:37:48.093 [info] > git ls-files --stage -- /home/vagrant/ansible_dir/report.yml [581ms]
2023-02-27 14:37:48.232 [info] > git check-ignore -v -z --stdin [75ms]
2023-02-27 14:37:50.232 [warning] ENOENT: no such file or directory, open '/home/vagrant/--git-common-dir/config'
2023-02-27 14:37:50.244 [info] > git config --get commit.template [0ms]
2023-02-27 14:37:50.244 [info] > git remote --verbose [12ms]
2023-02-27 14:37:50.257 [info] > git for-each-ref --format=%(refname)%00%(upstream:short)%00%(objectname) refs/heads/main refs/remotes/main [1ms]
2023-02-27 14:37:50.264 [info] > git rev-list --left-right --count main...origin/main [0ms]
2023-02-27 14:37:50.317 [info] > git for-each-ref --sort -committerdate --format %(refname) %(objectname) %(*objectname) [1ms]
2023-02-27 14:37:50.330 [info] > git status -z -uall [38ms]
2023-02-27 14:37:55.416 [warning] ENOENT: no such file or directory, open '/home/vagrant/--git-common-dir/config'
2023-02-27 14:37:55.429 [info] > git config --get commit.template [1ms]
2023-02-27 14:37:55.429 [info] > git remote --verbose [13ms]
2023-02-27 14:37:55.501 [info] > git for-each-ref --format=%(refname)%00%(upstream:short)%00%(objectname) refs/heads/main refs/remotes/main [1ms]
2023-02-27 14:37:55.507 [info] > git rev-list --left-right --count main...origin/main [0ms]
2023-02-27 14:37:55.531 [info] > git for-each-ref --sort -committerdate --format %(refname) %(objectname) %(*objectname) [2ms]
2023-02-27 14:37:55.585 [info] > git status -z -uall [65ms]
2023-02-27 14:38:00.643 [warning] ENOENT: no such file or directory, open '/home/vagrant/--git-common-dir/config'
2023-02-27 14:38:00.655 [info] > git config --get commit.template [1ms]
2023-02-27 14:38:00.655 [info] > git remote --verbose [13ms]
2023-02-27 14:38:00.668 [info] > git for-each-ref --format=%(refname)%00%(upstream:short)%00%(objectname) refs/heads/main refs/remotes/main [1ms]
2023-02-27 14:38:00.678 [info] > git rev-list --left-right --count main...origin/main [1ms]
2023-02-27 14:38:00.707 [info] > git for-each-ref --sort -committerdate --format %(refname) %(objectname) %(*objectname) [1ms]
2023-02-27 14:38:00.728 [info] > git status -z -uall [30ms]
2023-02-27 14:38:05.777 [warning] ENOENT: no such file or directory, open '/home/vagrant/--git-common-dir/config'
2023-02-27 14:38:05.786 [info] > git config --get commit.template [1ms]
2023-02-27 14:38:05.787 [info] > git remote --verbose [11ms]
2023-02-27 14:38:05.795 [info] > git for-each-ref --format=%(refname)%00%(upstream:short)%00%(objectname) refs/heads/main refs/remotes/main [0ms]
2023-02-27 14:38:05.802 [info] > git rev-list --left-right --count main...origin/main [1ms]
2023-02-27 14:38:05.851 [info] > git for-each-ref --sort -committerdate --format %(refname) %(objectname) %(*objectname) [18ms]
2023-02-27 14:38:05.895 [info] > git status -z -uall [76ms]
2023-02-27 14:38:10.961 [warning] ENOENT: no such file or directory, open '/home/vagrant/--git-common-dir/config'
2023-02-27 14:38:10.976 [info] > git config --get commit.template [2ms]
2023-02-27 14:38:10.977 [info] > git remote --verbose [15ms]
2023-02-27 14:38:10.991 [info] > git for-each-ref --format=%(refname)%00%(upstream:short)%00%(objectname) refs/heads/main refs/remotes/main [1ms]
2023-02-27 14:38:10.998 [info] > git rev-list --left-right --count main...origin/main [1ms]
2023-02-27 14:38:11.029 [info] > git for-each-ref --sort -committerdate --format %(refname) %(objectname) %(*objectname) [1ms]
2023-02-27 14:38:11.048 [info] > git status -z -uall [27ms]
2023-02-27 14:38:16.089 [warning] ENOENT: no such file or directory, open '/home/vagrant/--git-common-dir/config'
2023-02-27 14:38:16.100 [info] > git config --get commit.template [1ms]
2023-02-27 14:38:16.101 [info] > git remote --verbose [12ms]
2023-02-27 14:38:16.111 [info] > git for-each-ref --format=%(refname)%00%(upstream:short)%00%(objectname) refs/heads/main refs/remotes/main [1ms]
2023-02-27 14:38:16.123 [info] > git rev-list --left-right --count main...origin/main [1ms]
2023-02-27 14:38:16.158 [info] > git for-each-ref --sort -committerdate --format %(refname) %(objectname) %(*objectname) [2ms]
2023-02-27 14:38:16.194 [info] > git status -z -uall [47ms]
2023-02-27 14:38:21.299 [warning] ENOENT: no such file or directory, open '/home/vagrant/--git-common-dir/config'
2023-02-27 14:38:21.308 [info] > git config --get commit.template [4ms]
2023-02-27 14:38:21.308 [info] > git remote --verbose [10ms]
2023-02-27 14:38:21.325 [info] > git for-each-ref --format=%(refname)%00%(upstream:short)%00%(objectname) refs/heads/main refs/remotes/main [1ms]
2023-02-27 14:38:21.333 [info] > git rev-list --left-right --count main...origin/main [3ms]
2023-02-27 14:38:21.373 [info] > git for-each-ref --sort -committerdate --format %(refname) %(objectname) %(*objectname) [1ms]
2023-02-27 14:38:21.394 [info] > git status -z -uall [37ms]
2023-02-27 14:38:26.462 [warning] ENOENT: no such file or directory, open '/home/vagrant/--git-common-dir/config'
2023-02-27 14:38:26.469 [info] > git config --get commit.template [1ms]
2023-02-27 14:38:26.469 [info] > git remote --verbose [8ms]
2023-02-27 14:38:26.480 [info] > git for-each-ref --format=%(refname)%00%(upstream:short)%00%(objectname) refs/heads/main refs/remotes/main [1ms]
2023-02-27 14:38:26.488 [info] > git rev-list --left-right --count main...origin/main [1ms]
2023-02-27 14:38:26.510 [info] > git for-each-ref --sort -committerdate --format %(refname) %(objectname) %(*objectname) [0ms]
2023-02-27 14:38:26.536 [info] > git status -z -uall [33ms]
2023-02-27 14:38:31.584 [warning] ENOENT: no such file or directory, open '/home/vagrant/--git-common-dir/config'
2023-02-27 14:38:31.599 [info] > git config --get commit.template [3ms]
2023-02-27 14:38:31.600 [info] > git remote --verbose [17ms]
2023-02-27 14:38:31.611 [info] > git for-each-ref --format=%(refname)%00%(upstream:short)%00%(objectname) refs/heads/main refs/remotes/main [1ms]
2023-02-27 14:38:31.617 [info] > git rev-list --left-right --count main...origin/main [1ms]
2023-02-27 14:38:31.646 [info] > git for-each-ref --sort -committerdate --format %(refname) %(objectname) %(*objectname) [0ms]
2023-02-27 14:38:31.654 [info] > git status -z -uall [14ms]
2023-02-27 14:38:36.708 [warning] ENOENT: no such file or directory, open '/home/vagrant/--git-common-dir/config'
2023-02-27 14:38:36.716 [info] > git config --get commit.template [3ms]
2023-02-27 14:38:36.716 [info] > git remote --verbose [9ms]
2023-02-27 14:38:36.733 [info] > git for-each-ref --format=%(refname)%00%(upstream:short)%00%(objectname) refs/heads/main refs/remotes/main [1ms]
2023-02-27 14:38:36.738 [info] > git rev-list --left-right --count main...origin/main [0ms]
2023-02-27 14:38:36.761 [info] > git for-each-ref --sort -committerdate --format %(refname) %(objectname) %(*objectname) [1ms]
2023-02-27 14:38:36.775 [info] > git status -z -uall [20ms]
2023-02-27 14:38:41.811 [warning] ENOENT: no such file or directory, open '/home/vagrant/--git-common-dir/config'
2023-02-27 14:38:41.821 [info] > git config --get commit.template [1ms]
2023-02-27 14:38:41.821 [info] > git remote --verbose [10ms]
2023-02-27 14:38:41.832 [info] > git for-each-ref --format=%(refname)%00%(upstream:short)%00%(objectname) refs/heads/main refs/remotes/main [2ms]
2023-02-27 14:38:41.849 [info] > git rev-list --left-right --count main...origin/main [2ms]
2023-02-27 14:38:41.878 [info] > git for-each-ref --sort -committerdate --format %(refname) %(objectname) %(*objectname) [0ms]
2023-02-27 14:38:41.923 [info] > git status -z -uall [51ms]
2023-02-27 14:38:47.002 [warning] ENOENT: no such file or directory, open '/home/vagrant/--git-common-dir/config'
2023-02-27 14:38:47.012 [info] > git config --get commit.template [1ms]
2023-02-27 14:38:47.012 [info] > git remote --verbose [11ms]
2023-02-27 14:38:47.026 [info] > git for-each-ref --format=%(refname)%00%(upstream:short)%00%(objectname) refs/heads/main refs/remotes/main [2ms]
2023-02-27 14:38:47.084 [info] > git rev-list --left-right --count main...origin/main [1ms]
2023-02-27 14:38:47.112 [info] > git for-each-ref --sort -committerdate --format %(refname) %(objectname) %(*objectname) [4ms]
2023-02-27 14:38:47.160 [info] > git status -z -uall [57ms]
2023-02-27 14:38:52.192 [warning] ENOENT: no such file or directory, open '/home/vagrant/--git-common-dir/config'
2023-02-27 14:38:52.202 [info] > git config --get commit.template [1ms]
2023-02-27 14:38:52.202 [info] > git remote --verbose [10ms]
2023-02-27 14:38:52.216 [info] > git for-each-ref --format=%(refname)%00%(upstream:short)%00%(objectname) refs/heads/main refs/remotes/main [1ms]
2023-02-27 14:38:52.224 [info] > git rev-list --left-right --count main...origin/main [1ms]
2023-02-27 14:38:52.253 [info] > git for-each-ref --sort -committerdate --format %(refname) %(objectname) %(*objectname) [0ms]
2023-02-27 14:38:52.279 [info] > git status -z -uall [35ms]
2023-02-27 14:38:57.308 [warning] ENOENT: no such file or directory, open '/home/vagrant/--git-common-dir/config'
2023-02-27 14:38:57.323 [info] > git config --get commit.template [3ms]
2023-02-27 14:38:57.325 [info] > git remote --verbose [16ms]
2023-02-27 14:38:57.418 [info] > git for-each-ref --format=%(refname)%00%(upstream:short)%00%(objectname) refs/heads/main refs/remotes/main [1ms]
2023-02-27 14:38:57.430 [info] > git rev-list --left-right --count main...origin/main [1ms]
2023-02-27 14:38:57.455 [info] > git for-each-ref --sort -committerdate --format %(refname) %(objectname) %(*objectname) [0ms]
2023-02-27 14:38:57.496 [info] > git status -z -uall [47ms]
2023-02-27 14:39:02.522 [warning] ENOENT: no such file or directory, open '/home/vagrant/--git-common-dir/config'
2023-02-27 14:39:02.534 [info] > git config --get commit.template [2ms]
2023-02-27 14:39:02.534 [info] > git remote --verbose [13ms]
2023-02-27 14:39:02.553 [info] > git for-each-ref --format=%(refname)%00%(upstream:short)%00%(objectname) refs/heads/main refs/remotes/main [1ms]
2023-02-27 14:39:02.565 [info] > git rev-list --left-right --count main...origin/main [1ms]
2023-02-27 14:39:02.587 [info] > git for-each-ref --sort -committerdate --format %(refname) %(objectname) %(*objectname) [0ms]
2023-02-27 14:39:02.614 [info] > git status -z -uall [34ms]
2023-02-27 14:39:07.683 [warning] ENOENT: no such file or directory, open '/home/vagrant/--git-common-dir/config'
2023-02-27 14:39:07.695 [info] > git config --get commit.template [2ms]
2023-02-27 14:39:07.695 [info] > git remote --verbose [12ms]
2023-02-27 14:39:07.782 [info] > git for-each-ref --format=%(refname)%00%(upstream:short)%00%(objectname) refs/heads/main refs/remotes/main [1ms]
2023-02-27 14:39:07.787 [info] > git rev-list --left-right --count main...origin/main [0ms]
2023-02-27 14:39:07.813 [info] > git for-each-ref --sort -committerdate --format %(refname) %(objectname) %(*objectname) [0ms]
2023-02-27 14:39:07.837 [info] > git status -z -uall [33ms]
2023-02-27 14:39:12.872 [warning] ENOENT: no such file or directory, open '/home/vagrant/--git-common-dir/config'
2023-02-27 14:39:12.885 [info] > git config --get commit.template [1ms]
2023-02-27 14:39:12.885 [info] > git remote --verbose [14ms]
2023-02-27 14:39:12.898 [info] > git for-each-ref --format=%(refname)%00%(upstream:short)%00%(objectname) refs/heads/main refs/remotes/main [0ms]
2023-02-27 14:39:12.905 [info] > git rev-list --left-right --count main...origin/main [2ms]
2023-02-27 14:39:12.939 [info] > git for-each-ref --sort -committerdate --format %(refname) %(objectname) %(*objectname) [1ms]
2023-02-27 14:39:12.945 [info] > git status -z -uall [13ms]
2023-02-27 14:39:40.505 [warning] ENOENT: no such file or directory, open '/home/vagrant/--git-common-dir/config'
2023-02-27 14:39:40.520 [info] > git config --get commit.template [1ms]
2023-02-27 14:39:40.521 [info] > git remote --verbose [17ms]
2023-02-27 14:39:40.543 [info] > git for-each-ref --format=%(refname)%00%(upstream:short)%00%(objectname) refs/heads/main refs/remotes/main [6ms]
2023-02-27 14:39:40.567 [info] > git rev-list --left-right --count main...origin/main [4ms]
2023-02-27 14:39:40.635 [info] > git for-each-ref --sort -committerdate --format %(refname) %(objectname) %(*objectname) [28ms]
2023-02-27 14:39:40.697 [info] > git status -z -uall [113ms]
2023-02-27 14:39:42.818 [info] > git check-ignore -v -z --stdin [5ms]
2023-02-27 14:39:45.872 [warning] ENOENT: no such file or directory, open '/home/vagrant/--git-common-dir/config'
2023-02-27 14:39:45.879 [info] > git config --get commit.template [1ms]
2023-02-27 14:39:45.880 [info] > git remote --verbose [8ms]
2023-02-27 14:39:45.889 [info] > git for-each-ref --format=%(refname)%00%(upstream:short)%00%(objectname) refs/heads/main refs/remotes/main [1ms]
2023-02-27 14:39:45.896 [info] > git rev-list --left-right --count main...origin/main [1ms]
2023-02-27 14:39:45.927 [info] > git for-each-ref --sort -committerdate --format %(refname) %(objectname) %(*objectname) [1ms]
2023-02-27 14:39:45.947 [info] > git status -z -uall [29ms]
2023-02-27 14:42:19.205 [warning] ENOENT: no such file or directory, open '/home/vagrant/--git-common-dir/config'
2023-02-27 14:42:19.214 [info] > git config --get commit.template [0ms]
2023-02-27 14:42:19.214 [info] > git remote --verbose [10ms]
2023-02-27 14:42:19.223 [info] > git for-each-ref --format=%(refname)%00%(upstream:short)%00%(objectname) refs/heads/main refs/remotes/main [0ms]
2023-02-27 14:42:19.237 [info] > git rev-list --left-right --count main...origin/main [1ms]
2023-02-27 14:42:19.272 [info] > git for-each-ref --sort -committerdate --format %(refname) %(objectname) %(*objectname) [0ms]
2023-02-27 14:42:19.303 [info] > git status -z -uall [40ms]
2023-02-27 14:42:45.260 [warning] ENOENT: no such file or directory, open '/home/vagrant/--git-common-dir/config'
2023-02-27 14:42:45.270 [info] > git config --get commit.template [1ms]
2023-02-27 14:42:45.270 [info] > git remote --verbose [11ms]
2023-02-27 14:42:45.292 [info] > git for-each-ref --format=%(refname)%00%(upstream:short)%00%(objectname) refs/heads/main refs/remotes/main [0ms]
2023-02-27 14:42:45.300 [info] > git rev-list --left-right --count main...origin/main [1ms]
2023-02-27 14:42:45.331 [info] > git for-each-ref --sort -committerdate --format %(refname) %(objectname) %(*objectname) [1ms]
2023-02-27 14:42:45.360 [info] > git status -z -uall [39ms]
2023-02-27 14:46:45.235 [warning] ENOENT: no such file or directory, open '/home/vagrant/--git-common-dir/config'
2023-02-27 14:46:45.249 [info] > git config --get commit.template [1ms]
2023-02-27 14:46:45.250 [info] > git remote --verbose [15ms]
2023-02-27 14:46:45.267 [info] > git for-each-ref --format=%(refname)%00%(upstream:short)%00%(objectname) refs/heads/main refs/remotes/main [1ms]
2023-02-27 14:46:45.277 [info] > git rev-list --left-right --count main...origin/main [1ms]
2023-02-27 14:46:45.305 [info] > git for-each-ref --sort -committerdate --format %(refname) %(objectname) %(*objectname) [1ms]
2023-02-27 14:46:45.337 [info] > git status -z -uall [43ms]
2023-02-27 14:46:50.397 [warning] ENOENT: no such file or directory, open '/home/vagrant/--git-common-dir/config'
2023-02-27 14:46:50.402 [info] > git config --get commit.template [0ms]
2023-02-27 14:46:50.402 [info] > git remote --verbose [6ms]
2023-02-27 14:46:50.409 [info] > git for-each-ref --format=%(refname)%00%(upstream:short)%00%(objectname) refs/heads/main refs/remotes/main [1ms]
2023-02-27 14:46:50.420 [info] > git rev-list --left-right --count main...origin/main [2ms]
2023-02-27 14:46:50.463 [info] > git for-each-ref --sort -committerdate --format %(refname) %(objectname) %(*objectname) [1ms]
2023-02-27 14:46:50.486 [info] > git status -z -uall [49ms]
2023-02-27 14:46:55.280 [info] > git ls-files --stage -- /home/vagrant/ansible_dir/report.yml [1ms]
2023-02-27 14:46:55.303 [info] > git show --textconv :ansible_dir/report.yml [2ms]
2023-02-27 14:46:55.547 [warning] ENOENT: no such file or directory, open '/home/vagrant/--git-common-dir/config'
2023-02-27 14:46:55.558 [info] > git config --get commit.template [1ms]
2023-02-27 14:46:55.559 [info] > git remote --verbose [12ms]
2023-02-27 14:46:55.570 [info] > git for-each-ref --format=%(refname)%00%(upstream:short)%00%(objectname) refs/heads/main refs/remotes/main [1ms]
2023-02-27 14:46:55.578 [info] > git rev-list --left-right --count main...origin/main [0ms]
2023-02-27 14:46:55.600 [info] > git for-each-ref --sort -committerdate --format %(refname) %(objectname) %(*objectname) [0ms]
2023-02-27 14:46:55.626 [info] > git status -z -uall [31ms]
2023-02-27 14:47:00.676 [warning] ENOENT: no such file or directory, open '/home/vagrant/--git-common-dir/config'
2023-02-27 14:47:00.682 [info] > git config --get commit.template [1ms]
2023-02-27 14:47:00.682 [info] > git remote --verbose [6ms]
2023-02-27 14:47:00.690 [info] > git for-each-ref --format=%(refname)%00%(upstream:short)%00%(objectname) refs/heads/main refs/remotes/main [1ms]
2023-02-27 14:47:00.732 [info] > git rev-list --left-right --count main...origin/main [1ms]
2023-02-27 14:47:00.760 [info] > git for-each-ref --sort -committerdate --format %(refname) %(objectname) %(*objectname) [3ms]
2023-02-27 14:47:00.788 [info] > git status -z -uall [37ms]
2023-02-27 14:47:05.827 [warning] ENOENT: no such file or directory, open '/home/vagrant/--git-common-dir/config'
2023-02-27 14:47:05.836 [info] > git config --get commit.template [1ms]
2023-02-27 14:47:05.837 [info] > git remote --verbose [10ms]
2023-02-27 14:47:05.846 [info] > git for-each-ref --format=%(refname)%00%(upstream:short)%00%(objectname) refs/heads/main refs/remotes/main [1ms]
2023-02-27 14:47:05.856 [info] > git rev-list --left-right --count main...origin/main [0ms]
2023-02-27 14:47:05.882 [info] > git for-each-ref --sort -committerdate --format %(refname) %(objectname) %(*objectname) [0ms]
2023-02-27 14:47:05.892 [info] > git status -z -uall [16ms]
2023-02-27 14:47:10.921 [warning] ENOENT: no such file or directory, open '/home/vagrant/--git-common-dir/config'
2023-02-27 14:47:10.932 [info] > git config --get commit.template [1ms]
2023-02-27 14:47:10.932 [info] > git remote --verbose [11ms]
2023-02-27 14:47:10.945 [info] > git for-each-ref --format=%(refname)%00%(upstream:short)%00%(objectname) refs/heads/main refs/remotes/main [1ms]
2023-02-27 14:47:10.954 [info] > git rev-list --left-right --count main...origin/main [0ms]
2023-02-27 14:47:10.976 [info] > git for-each-ref --sort -committerdate --format %(refname) %(objectname) %(*objectname) [1ms]
2023-02-27 14:47:10.989 [info] > git status -z -uall [19ms]
2023-02-27 14:47:16.031 [warning] ENOENT: no such file or directory, open '/home/vagrant/--git-common-dir/config'
2023-02-27 14:47:16.048 [info] > git config --get commit.template [2ms]
2023-02-27 14:47:16.048 [info] > git remote --verbose [17ms]
2023-02-27 14:47:16.061 [info] > git for-each-ref --format=%(refname)%00%(upstream:short)%00%(objectname) refs/heads/main refs/remotes/main [0ms]
2023-02-27 14:47:16.069 [info] > git rev-list --left-right --count main...origin/main [0ms]
2023-02-27 14:47:16.096 [info] > git for-each-ref --sort -committerdate --format %(refname) %(objectname) %(*objectname) [0ms]
2023-02-27 14:47:16.118 [info] > git status -z -uall [30ms]
2023-02-27 14:47:21.180 [warning] ENOENT: no such file or directory, open '/home/vagrant/--git-common-dir/config'
2023-02-27 14:47:21.206 [info] > git config --get commit.template [1ms]
2023-02-27 14:47:21.207 [info] > git remote --verbose [27ms]
2023-02-27 14:47:21.237 [info] > git for-each-ref --format=%(refname)%00%(upstream:short)%00%(objectname) refs/heads/main refs/remotes/main [1ms]
2023-02-27 14:47:21.244 [info] > git rev-list --left-right --count main...origin/main [1ms]
2023-02-27 14:47:21.316 [info] > git for-each-ref --sort -committerdate --format %(refname) %(objectname) %(*objectname) [1ms]
2023-02-27 14:47:21.400 [info] > git status -z -uall [95ms]
