2023-01-19 09:55:32.771 [info] Extension host with pid 1666 started
2023-01-19 09:55:32.792 [error] Error: EEXIST: file already exists, open '/home/vagrant/.vscode-server/data/User/workspaceStorage/c2d548dddc6058bd8a646987c8302a31/vscode.lock'
2023-01-19 09:55:32.805 [info] Lock '/home/vagrant/.vscode-server/data/User/workspaceStorage/c2d548dddc6058bd8a646987c8302a31/vscode.lock': Could not acquire lock, checking if the file is stale.
2023-01-19 09:55:32.840 [info] Lock '/home/vagrant/.vscode-server/data/User/workspaceStorage/c2d548dddc6058bd8a646987c8302a31/vscode.lock': The pid 1892 appears to be gone.
2023-01-19 09:55:32.840 [info] Lock '/home/vagrant/.vscode-server/data/User/workspaceStorage/c2d548dddc6058bd8a646987c8302a31/vscode.lock': Deleting a stale lock.
2023-01-19 09:55:32.869 [info] Lock '/home/vagrant/.vscode-server/data/User/workspaceStorage/c2d548dddc6058bd8a646987c8302a31/vscode.lock': Lock acquired.
2023-01-19 09:55:32.933 [info] ExtensionService#_doActivateExtension vscode.git-base, startup: true, activationEvent: '*', root cause: vscode.git
2023-01-19 09:55:33.257 [info] ExtensionService#_doActivateExtension vscode.git, startup: true, activationEvent: '*'
2023-01-19 09:55:33.258 [info] ExtensionService#_doActivateExtension vscode.github, startup: true, activationEvent: '*'
2023-01-19 09:55:34.239 [info] ExtensionService#_doActivateExtension vscode.debug-auto-launch, startup: false, activationEvent: 'onStartupFinished'
2023-01-19 09:55:34.240 [info] ExtensionService#_doActivateExtension vscode.emmet, startup: false, activationEvent: 'onStartupFinished'
2023-01-19 09:55:34.241 [info] ExtensionService#_doActivateExtension vscode.merge-conflict, startup: false, activationEvent: 'onStartupFinished'
2023-01-19 09:55:34.242 [info] Eager extensions activated
2023-01-19 09:55:35.120 [warning] [Decorations] CAPPING events from decorations provider vscode.git 1897
2023-01-19 09:55:36.132 [warning] [Decorations] CAPPING events from decorations provider vscode.git 1898
2023-01-19 09:55:39.155 [warning] [Decorations] CAPPING events from decorations provider vscode.git 1898
2023-01-19 09:55:44.378 [warning] [Decorations] CAPPING events from decorations provider vscode.git 1898
2023-01-19 09:55:49.560 [warning] [Decorations] CAPPING events from decorations provider vscode.git 1898
2023-01-19 09:55:54.761 [warning] [Decorations] CAPPING events from decorations provider vscode.git 1898
2023-01-19 09:55:59.892 [warning] [Decorations] CAPPING events from decorations provider vscode.git 1898
2023-01-19 09:56:05.134 [warning] [Decorations] CAPPING events from decorations provider vscode.git 1898
2023-01-19 09:56:10.280 [warning] [Decorations] CAPPING events from decorations provider vscode.git 1898
2023-01-19 09:56:15.522 [warning] [Decorations] CAPPING events from decorations provider vscode.git 1898
2023-01-19 09:56:20.671 [warning] [Decorations] CAPPING events from decorations provider vscode.git 1898
2023-01-19 09:56:25.870 [warning] [Decorations] CAPPING events from decorations provider vscode.git 1898
2023-01-19 09:56:31.016 [warning] [Decorations] CAPPING events from decorations provider vscode.git 1898
2023-01-19 09:57:06.590 [warning] [Decorations] CAPPING events from decorations provider vscode.git 1898
2023-01-19 09:57:11.731 [warning] [Decorations] CAPPING events from decorations provider vscode.git 1898
2023-01-19 09:57:16.887 [warning] [Decorations] CAPPING events from decorations provider vscode.git 1898
2023-01-19 09:59:19.986 [warning] [Decorations] CAPPING events from decorations provider vscode.git 1898
2023-01-19 09:59:25.127 [warning] [Decorations] CAPPING events from decorations provider vscode.git 1898
2023-01-19 09:59:30.364 [warning] [Decorations] CAPPING events from decorations provider vscode.git 1898
2023-01-19 09:59:35.511 [warning] [Decorations] CAPPING events from decorations provider vscode.git 1898
2023-01-19 09:59:40.776 [warning] [Decorations] CAPPING events from decorations provider vscode.git 1898
2023-01-19 09:59:45.906 [warning] [Decorations] CAPPING events from decorations provider vscode.git 1898
2023-01-19 09:59:51.055 [warning] [Decorations] CAPPING events from decorations provider vscode.git 1898
2023-01-19 09:59:56.241 [warning] [Decorations] CAPPING events from decorations provider vscode.git 1898
2023-01-19 10:00:01.393 [warning] [Decorations] CAPPING events from decorations provider vscode.git 1898
2023-01-19 10:00:06.673 [warning] [Decorations] CAPPING events from decorations provider vscode.git 1898
2023-01-19 10:00:11.912 [warning] [Decorations] CAPPING events from decorations provider vscode.git 1898
2023-01-19 10:00:17.084 [warning] [Decorations] CAPPING events from decorations provider vscode.git 1898
2023-01-19 10:00:22.237 [warning] [Decorations] CAPPING events from decorations provider vscode.git 1898
2023-01-19 10:00:27.409 [warning] [Decorations] CAPPING events from decorations provider vscode.git 1898
2023-01-19 10:00:32.542 [warning] [Decorations] CAPPING events from decorations provider vscode.git 1898
2023-01-19 10:00:37.676 [warning] [Decorations] CAPPING events from decorations provider vscode.git 1898
2023-01-19 10:00:42.875 [warning] [Decorations] CAPPING events from decorations provider vscode.git 1898
2023-01-19 10:00:47.987 [warning] [Decorations] CAPPING events from decorations provider vscode.git 1898
2023-01-19 10:00:53.549 [warning] [Decorations] CAPPING events from decorations provider vscode.git 1899
2023-01-19 10:00:58.818 [warning] [Decorations] CAPPING events from decorations provider vscode.git 1899
2023-01-19 10:01:04.065 [warning] [Decorations] CAPPING events from decorations provider vscode.git 1899
2023-01-19 10:01:09.229 [warning] [Decorations] CAPPING events from decorations provider vscode.git 1899
2023-01-19 10:01:14.449 [warning] [Decorations] CAPPING events from decorations provider vscode.git 1899
2023-01-19 10:01:19.656 [warning] [Decorations] CAPPING events from decorations provider vscode.git 1899
2023-01-19 10:01:24.794 [warning] [Decorations] CAPPING events from decorations provider vscode.git 1899
2023-01-19 10:01:29.920 [warning] [Decorations] CAPPING events from decorations provider vscode.git 1899
2023-01-19 10:01:36.737 [warning] [Decorations] CAPPING events from decorations provider vscode.git 1899
2023-01-19 10:01:41.977 [warning] [Decorations] CAPPING events from decorations provider vscode.git 1901
2023-01-19 10:01:47.220 [warning] [Decorations] CAPPING events from decorations provider vscode.git 1901
2023-01-19 10:01:52.487 [warning] [Decorations] CAPPING events from decorations provider vscode.git 1901
2023-01-19 10:01:59.333 [warning] [Decorations] CAPPING events from decorations provider vscode.git 1905
2023-01-19 10:02:05.164 [warning] [Decorations] CAPPING events from decorations provider vscode.git 1905
2023-01-19 10:02:10.328 [warning] [Decorations] CAPPING events from decorations provider vscode.git 1899
2023-01-19 10:02:15.492 [warning] [Decorations] CAPPING events from decorations provider vscode.git 1899
2023-01-19 10:02:20.618 [warning] [Decorations] CAPPING events from decorations provider vscode.git 1899
2023-01-19 10:02:25.835 [warning] [Decorations] CAPPING events from decorations provider vscode.git 1899
2023-01-19 10:02:30.980 [warning] [Decorations] CAPPING events from decorations provider vscode.git 1899
2023-01-19 10:02:36.150 [warning] [Decorations] CAPPING events from decorations provider vscode.git 1899
2023-01-19 10:02:41.377 [warning] [Decorations] CAPPING events from decorations provider vscode.git 1899
2023-01-19 10:02:46.502 [warning] [Decorations] CAPPING events from decorations provider vscode.git 1899
2023-01-19 10:02:51.699 [warning] [Decorations] CAPPING events from decorations provider vscode.git 1899
2023-01-19 10:02:56.946 [warning] [Decorations] CAPPING events from decorations provider vscode.git 1899
2023-01-19 10:03:02.179 [warning] [Decorations] CAPPING events from decorations provider vscode.git 1899
2023-01-19 10:03:07.398 [warning] [Decorations] CAPPING events from decorations provider vscode.git 1899
2023-01-19 10:03:12.637 [warning] [Decorations] CAPPING events from decorations provider vscode.git 1899
2023-01-19 10:03:17.874 [warning] [Decorations] CAPPING events from decorations provider vscode.git 1899
2023-01-19 10:03:23.046 [warning] [Decorations] CAPPING events from decorations provider vscode.git 1899
2023-01-19 10:03:28.197 [warning] [Decorations] CAPPING events from decorations provider vscode.git 1899
2023-01-19 10:03:33.387 [warning] [Decorations] CAPPING events from decorations provider vscode.git 1899
2023-01-19 10:03:38.495 [warning] [Decorations] CAPPING events from decorations provider vscode.git 1899
2023-01-19 10:03:43.703 [warning] [Decorations] CAPPING events from decorations provider vscode.git 1899
2023-01-19 10:03:49.032 [warning] [Decorations] CAPPING events from decorations provider vscode.git 1899
2023-01-19 10:03:54.189 [warning] [Decorations] CAPPING events from decorations provider vscode.git 1899
2023-01-19 10:03:59.425 [warning] [Decorations] CAPPING events from decorations provider vscode.git 1899
2023-01-19 10:04:04.633 [warning] [Decorations] CAPPING events from decorations provider vscode.git 1899
2023-01-19 10:04:09.774 [warning] [Decorations] CAPPING events from decorations provider vscode.git 1899
2023-01-19 10:04:14.981 [warning] [Decorations] CAPPING events from decorations provider vscode.git 1899
2023-01-19 10:04:20.107 [warning] [Decorations] CAPPING events from decorations provider vscode.git 1899
2023-01-19 10:04:25.247 [warning] [Decorations] CAPPING events from decorations provider vscode.git 1899
2023-01-19 10:04:30.464 [warning] [Decorations] CAPPING events from decorations provider vscode.git 1899
2023-01-19 10:04:35.698 [warning] [Decorations] CAPPING events from decorations provider vscode.git 1899
2023-01-19 10:04:40.920 [warning] [Decorations] CAPPING events from decorations provider vscode.git 1899
2023-01-19 10:04:46.061 [warning] [Decorations] CAPPING events from decorations provider vscode.git 1900
2023-01-19 10:04:51.184 [warning] [Decorations] CAPPING events from decorations provider vscode.git 1900
2023-01-19 10:04:56.356 [warning] [Decorations] CAPPING events from decorations provider vscode.git 1900
2023-01-19 10:05:01.559 [warning] [Decorations] CAPPING events from decorations provider vscode.git 1900
2023-01-19 10:05:06.746 [warning] [Decorations] CAPPING events from decorations provider vscode.git 1900
2023-01-19 10:05:11.899 [warning] [Decorations] CAPPING events from decorations provider vscode.git 1900
2023-01-19 10:05:17.064 [warning] [Decorations] CAPPING events from decorations provider vscode.git 1900
2023-01-19 10:05:22.219 [warning] [Decorations] CAPPING events from decorations provider vscode.git 1900
2023-01-19 10:05:27.594 [warning] [Decorations] CAPPING events from decorations provider vscode.git 1900
2023-01-19 10:05:32.730 [warning] [Decorations] CAPPING events from decorations provider vscode.git 1902
2023-01-19 10:05:38.156 [warning] [Decorations] CAPPING events from decorations provider vscode.git 1902
2023-01-19 10:05:47.089 [warning] [Decorations] CAPPING events from decorations provider vscode.git 1902
2023-01-19 10:05:52.225 [warning] [Decorations] CAPPING events from decorations provider vscode.git 1900
2023-01-19 10:05:57.535 [warning] [Decorations] CAPPING events from decorations provider vscode.git 1900
2023-01-19 10:06:02.701 [warning] [Decorations] CAPPING events from decorations provider vscode.git 1900
2023-01-19 10:06:07.844 [warning] [Decorations] CAPPING events from decorations provider vscode.git 1900
2023-01-19 10:06:13.040 [warning] [Decorations] CAPPING events from decorations provider vscode.git 1900
2023-01-19 10:06:18.197 [warning] [Decorations] CAPPING events from decorations provider vscode.git 1900
2023-01-19 10:06:23.410 [warning] [Decorations] CAPPING events from decorations provider vscode.git 1900
2023-01-19 10:06:28.670 [warning] [Decorations] CAPPING events from decorations provider vscode.git 1900
2023-01-19 10:06:33.941 [warning] [Decorations] CAPPING events from decorations provider vscode.git 1900
2023-01-19 10:06:39.083 [warning] [Decorations] CAPPING events from decorations provider vscode.git 1901
2023-01-19 10:06:44.373 [warning] [Decorations] CAPPING events from decorations provider vscode.git 1902
2023-01-19 10:06:49.532 [warning] [Decorations] CAPPING events from decorations provider vscode.git 1903
2023-01-19 10:06:54.887 [warning] [Decorations] CAPPING events from decorations provider vscode.git 1905
2023-01-19 10:07:00.019 [warning] [Decorations] CAPPING events from decorations provider vscode.git 1905
2023-01-19 10:07:05.309 [warning] [Decorations] CAPPING events from decorations provider vscode.git 1901
2023-01-19 10:07:10.532 [warning] [Decorations] CAPPING events from decorations provider vscode.git 1901
2023-01-19 10:07:15.727 [warning] [Decorations] CAPPING events from decorations provider vscode.git 1902
2023-01-19 10:07:20.891 [warning] [Decorations] CAPPING events from decorations provider vscode.git 1903
2023-01-19 10:07:26.160 [warning] [Decorations] CAPPING events from decorations provider vscode.git 1904
2023-01-19 10:07:31.538 [warning] [Decorations] CAPPING events from decorations provider vscode.git 1906
2023-01-19 10:07:36.654 [warning] [Decorations] CAPPING events from decorations provider vscode.git 1907
2023-01-19 10:07:41.880 [warning] [Decorations] CAPPING events from decorations provider vscode.git 1907
2023-01-19 10:07:47.058 [warning] [Decorations] CAPPING events from decorations provider vscode.git 1907
2023-01-19 10:07:52.299 [warning] [Decorations] CAPPING events from decorations provider vscode.git 1907
2023-01-19 10:07:57.467 [warning] [Decorations] CAPPING events from decorations provider vscode.git 1907
2023-01-19 10:08:02.790 [warning] [Decorations] CAPPING events from decorations provider vscode.git 1907
2023-01-19 10:08:07.982 [warning] [Decorations] CAPPING events from decorations provider vscode.git 1907
2023-01-19 10:08:13.220 [warning] [Decorations] CAPPING events from decorations provider vscode.git 1902
2023-01-19 10:08:18.390 [warning] [Decorations] CAPPING events from decorations provider vscode.git 1902
2023-01-19 10:08:23.634 [warning] [Decorations] CAPPING events from decorations provider vscode.git 1902
2023-01-19 10:08:28.784 [warning] [Decorations] CAPPING events from decorations provider vscode.git 1902
2023-01-19 10:08:34.046 [warning] [Decorations] CAPPING events from decorations provider vscode.git 1902
2023-01-19 10:08:39.279 [warning] [Decorations] CAPPING events from decorations provider vscode.git 1902
2023-01-19 10:08:44.454 [warning] [Decorations] CAPPING events from decorations provider vscode.git 1902
2023-01-19 10:08:49.620 [warning] [Decorations] CAPPING events from decorations provider vscode.git 1902
2023-01-19 10:08:54.863 [warning] [Decorations] CAPPING events from decorations provider vscode.git 1902
2023-01-19 10:08:59.992 [warning] [Decorations] CAPPING events from decorations provider vscode.git 1902
2023-01-19 10:09:05.221 [warning] [Decorations] CAPPING events from decorations provider vscode.git 1902
2023-01-19 10:09:10.361 [warning] [Decorations] CAPPING events from decorations provider vscode.git 1902
2023-01-19 10:09:15.555 [warning] [Decorations] CAPPING events from decorations provider vscode.git 1902
2023-01-19 10:09:20.766 [warning] [Decorations] CAPPING events from decorations provider vscode.git 1902
2023-01-19 10:09:26.033 [warning] [Decorations] CAPPING events from decorations provider vscode.git 1902
2023-01-19 10:09:31.164 [warning] [Decorations] CAPPING events from decorations provider vscode.git 1902
2023-01-19 10:09:36.329 [warning] [Decorations] CAPPING events from decorations provider vscode.git 1902
2023-01-19 10:09:41.494 [warning] [Decorations] CAPPING events from decorations provider vscode.git 1902
2023-01-19 10:09:46.686 [warning] [Decorations] CAPPING events from decorations provider vscode.git 1902
2023-01-19 10:09:51.926 [warning] [Decorations] CAPPING events from decorations provider vscode.git 1902
2023-01-19 10:09:57.103 [warning] [Decorations] CAPPING events from decorations provider vscode.git 1902
2023-01-19 10:10:02.287 [warning] [Decorations] CAPPING events from decorations provider vscode.git 1902
2023-01-19 10:10:07.404 [warning] [Decorations] CAPPING events from decorations provider vscode.git 1902
2023-01-19 10:10:12.559 [warning] [Decorations] CAPPING events from decorations provider vscode.git 1902
2023-01-19 10:10:17.702 [warning] [Decorations] CAPPING events from decorations provider vscode.git 1902
2023-01-19 10:10:22.862 [warning] [Decorations] CAPPING events from decorations provider vscode.git 1902
2023-01-19 10:10:27.981 [warning] [Decorations] CAPPING events from decorations provider vscode.git 1902
2023-01-19 10:10:33.137 [warning] [Decorations] CAPPING events from decorations provider vscode.git 1902
2023-01-19 10:10:38.287 [warning] [Decorations] CAPPING events from decorations provider vscode.git 1902
2023-01-19 10:10:43.473 [warning] [Decorations] CAPPING events from decorations provider vscode.git 1903
2023-01-19 10:10:48.752 [warning] [Decorations] CAPPING events from decorations provider vscode.git 1903
2023-01-19 10:10:53.899 [warning] [Decorations] CAPPING events from decorations provider vscode.git 1905
2023-01-19 10:10:59.083 [warning] [Decorations] CAPPING events from decorations provider vscode.git 1905
2023-01-19 10:11:04.425 [warning] [Decorations] CAPPING events from decorations provider vscode.git 1906
2023-01-19 10:11:09.850 [warning] [Decorations] CAPPING events from decorations provider vscode.git 1908
2023-01-19 10:11:15.115 [warning] [Decorations] CAPPING events from decorations provider vscode.git 1908
2023-01-19 10:11:20.304 [warning] [Decorations] CAPPING events from decorations provider vscode.git 1908
2023-01-19 10:11:25.515 [warning] [Decorations] CAPPING events from decorations provider vscode.git 1903
2023-01-19 10:11:30.652 [warning] [Decorations] CAPPING events from decorations provider vscode.git 1903
2023-01-19 10:11:35.778 [warning] [Decorations] CAPPING events from decorations provider vscode.git 1903
2023-01-19 10:13:10.732 [warning] [Decorations] CAPPING events from decorations provider vscode.git 1903
2023-01-19 10:13:15.899 [warning] [Decorations] CAPPING events from decorations provider vscode.git 1903
2023-01-19 10:13:21.040 [warning] [Decorations] CAPPING events from decorations provider vscode.git 1903
2023-01-19 10:13:26.271 [warning] [Decorations] CAPPING events from decorations provider vscode.git 1903
2023-01-19 10:13:31.437 [warning] [Decorations] CAPPING events from decorations provider vscode.git 1903
2023-01-19 10:13:36.640 [warning] [Decorations] CAPPING events from decorations provider vscode.git 1903
2023-01-19 10:13:50.010 [warning] [Decorations] CAPPING events from decorations provider vscode.git 1903
2023-01-19 10:13:55.241 [warning] [Decorations] CAPPING events from decorations provider vscode.git 1903
2023-01-19 10:14:26.557 [warning] [Decorations] CAPPING events from decorations provider vscode.git 1903
2023-01-19 10:14:31.826 [warning] [Decorations] CAPPING events from decorations provider vscode.git 1903
2023-01-19 10:14:39.737 [warning] [Decorations] CAPPING events from decorations provider vscode.git 1903
2023-01-19 10:14:44.928 [warning] [Decorations] CAPPING events from decorations provider vscode.git 1903
2023-01-19 10:14:50.062 [warning] [Decorations] CAPPING events from decorations provider vscode.git 1903
2023-01-19 10:14:55.289 [warning] [Decorations] CAPPING events from decorations provider vscode.git 1903
2023-01-19 10:15:06.376 [warning] [Decorations] CAPPING events from decorations provider vscode.git 1903
2023-01-19 10:15:11.593 [warning] [Decorations] CAPPING events from decorations provider vscode.git 1903
2023-01-19 10:15:16.773 [warning] [Decorations] CAPPING events from decorations provider vscode.git 1903
2023-01-19 10:15:22.097 [warning] [Decorations] CAPPING events from decorations provider vscode.git 1904
2023-01-19 10:15:27.264 [warning] [Decorations] CAPPING events from decorations provider vscode.git 1906
2023-01-19 10:15:32.548 [warning] [Decorations] CAPPING events from decorations provider vscode.git 1906
2023-01-19 10:15:37.734 [warning] [Decorations] CAPPING events from decorations provider vscode.git 1909
2023-01-19 10:15:43.885 [warning] [Decorations] CAPPING events from decorations provider vscode.git 1911
2023-01-19 10:15:49.190 [warning] [Decorations] CAPPING events from decorations provider vscode.git 1911
2023-01-19 10:15:54.515 [warning] [Decorations] CAPPING events from decorations provider vscode.git 1904
2023-01-19 10:15:59.707 [warning] [Decorations] CAPPING events from decorations provider vscode.git 1904
2023-01-19 10:16:04.971 [warning] [Decorations] CAPPING events from decorations provider vscode.git 1904
2023-01-19 10:16:10.213 [warning] [Decorations] CAPPING events from decorations provider vscode.git 1904
2023-01-19 10:16:15.414 [warning] [Decorations] CAPPING events from decorations provider vscode.git 1904
2023-01-19 10:16:20.576 [warning] [Decorations] CAPPING events from decorations provider vscode.git 1904
2023-01-19 10:16:25.765 [warning] [Decorations] CAPPING events from decorations provider vscode.git 1904
2023-01-19 10:16:30.942 [warning] [Decorations] CAPPING events from decorations provider vscode.git 1904
2023-01-19 10:16:36.162 [warning] [Decorations] CAPPING events from decorations provider vscode.git 1904
2023-01-19 10:16:41.313 [warning] [Decorations] CAPPING events from decorations provider vscode.git 1904
2023-01-19 10:16:46.541 [warning] [Decorations] CAPPING events from decorations provider vscode.git 1904
2023-01-19 10:16:51.692 [warning] [Decorations] CAPPING events from decorations provider vscode.git 1904
2023-01-19 10:16:56.821 [warning] [Decorations] CAPPING events from decorations provider vscode.git 1904
2023-01-19 10:17:01.982 [warning] [Decorations] CAPPING events from decorations provider vscode.git 1904
2023-01-19 10:17:07.186 [warning] [Decorations] CAPPING events from decorations provider vscode.git 1905
2023-01-19 10:17:13.210 [warning] [Decorations] CAPPING events from decorations provider vscode.git 1906
2023-01-19 10:17:18.483 [warning] [Decorations] CAPPING events from decorations provider vscode.git 1906
2023-01-19 10:17:23.707 [warning] [Decorations] CAPPING events from decorations provider vscode.git 1905
2023-01-19 10:17:28.914 [warning] [Decorations] CAPPING events from decorations provider vscode.git 1905
2023-01-19 10:17:34.139 [warning] [Decorations] CAPPING events from decorations provider vscode.git 1905
2023-01-19 10:17:39.447 [warning] [Decorations] CAPPING events from decorations provider vscode.git 1905
2023-01-19 10:17:44.665 [warning] [Decorations] CAPPING events from decorations provider vscode.git 1905
2023-01-19 10:17:49.793 [warning] [Decorations] CAPPING events from decorations provider vscode.git 1905
2023-01-19 10:17:54.957 [warning] [Decorations] CAPPING events from decorations provider vscode.git 1905
2023-01-19 10:18:00.142 [warning] [Decorations] CAPPING events from decorations provider vscode.git 1905
2023-01-19 10:18:05.268 [warning] [Decorations] CAPPING events from decorations provider vscode.git 1905
2023-01-19 10:18:10.471 [warning] [Decorations] CAPPING events from decorations provider vscode.git 1905
2023-01-19 10:18:15.623 [warning] [Decorations] CAPPING events from decorations provider vscode.git 1905
2023-01-19 10:18:20.843 [warning] [Decorations] CAPPING events from decorations provider vscode.git 1905
2023-01-19 10:18:25.971 [warning] [Decorations] CAPPING events from decorations provider vscode.git 1905
2023-01-19 10:18:31.118 [warning] [Decorations] CAPPING events from decorations provider vscode.git 1905
2023-01-19 10:18:36.349 [warning] [Decorations] CAPPING events from decorations provider vscode.git 1905
2023-01-19 10:18:41.565 [warning] [Decorations] CAPPING events from decorations provider vscode.git 1905
2023-01-19 10:18:46.686 [warning] [Decorations] CAPPING events from decorations provider vscode.git 1905
2023-01-19 10:18:51.852 [warning] [Decorations] CAPPING events from decorations provider vscode.git 1905
2023-01-19 10:18:57.033 [warning] [Decorations] CAPPING events from decorations provider vscode.git 1905
2023-01-19 10:19:02.321 [warning] [Decorations] CAPPING events from decorations provider vscode.git 1906
2023-01-19 10:19:07.501 [warning] [Decorations] CAPPING events from decorations provider vscode.git 1906
2023-01-19 10:19:12.689 [warning] [Decorations] CAPPING events from decorations provider vscode.git 1906
2023-01-19 10:19:17.944 [warning] [Decorations] CAPPING events from decorations provider vscode.git 1906
2023-01-19 10:19:23.093 [warning] [Decorations] CAPPING events from decorations provider vscode.git 1906
2023-01-19 10:19:28.339 [warning] [Decorations] CAPPING events from decorations provider vscode.git 1906
2023-01-19 10:19:33.578 [warning] [Decorations] CAPPING events from decorations provider vscode.git 1906
2023-01-19 10:19:38.803 [warning] [Decorations] CAPPING events from decorations provider vscode.git 1906
2023-01-19 10:19:44.035 [warning] [Decorations] CAPPING events from decorations provider vscode.git 1906
2023-01-19 10:19:49.169 [warning] [Decorations] CAPPING events from decorations provider vscode.git 1906
2023-01-19 10:19:54.434 [warning] [Decorations] CAPPING events from decorations provider vscode.git 1906
2023-01-19 10:19:59.584 [warning] [Decorations] CAPPING events from decorations provider vscode.git 1906
2023-01-19 10:20:13.359 [warning] [Decorations] CAPPING events from decorations provider vscode.git 1906
2023-01-19 10:20:18.500 [warning] [Decorations] CAPPING events from decorations provider vscode.git 1906
2023-01-19 10:20:23.690 [warning] [Decorations] CAPPING events from decorations provider vscode.git 1906
2023-01-19 10:20:28.914 [warning] [Decorations] CAPPING events from decorations provider vscode.git 1906
2023-01-19 10:20:34.108 [warning] [Decorations] CAPPING events from decorations provider vscode.git 1906
2023-01-19 10:20:39.261 [warning] [Decorations] CAPPING events from decorations provider vscode.git 1906
2023-01-19 10:20:44.486 [warning] [Decorations] CAPPING events from decorations provider vscode.git 1906
2023-01-19 10:20:49.625 [warning] [Decorations] CAPPING events from decorations provider vscode.git 1906
2023-01-19 10:20:54.794 [warning] [Decorations] CAPPING events from decorations provider vscode.git 1907
2023-01-19 10:21:00.068 [warning] [Decorations] CAPPING events from decorations provider vscode.git 1908
2023-01-19 10:21:05.388 [warning] [Decorations] CAPPING events from decorations provider vscode.git 1909
2023-01-19 10:21:10.776 [warning] [Decorations] CAPPING events from decorations provider vscode.git 1914
2023-01-19 10:21:16.240 [warning] [Decorations] CAPPING events from decorations provider vscode.git 1914
2023-01-19 10:21:21.411 [warning] [Decorations] CAPPING events from decorations provider vscode.git 1912
2023-01-19 10:21:26.653 [warning] [Decorations] CAPPING events from decorations provider vscode.git 1907
2023-01-19 10:21:31.851 [warning] [Decorations] CAPPING events from decorations provider vscode.git 1907
2023-01-19 10:21:37.031 [warning] [Decorations] CAPPING events from decorations provider vscode.git 1907
2023-01-19 10:21:42.221 [warning] [Decorations] CAPPING events from decorations provider vscode.git 1907
2023-01-19 10:21:47.448 [warning] [Decorations] CAPPING events from decorations provider vscode.git 1907
2023-01-19 10:21:52.578 [warning] [Decorations] CAPPING events from decorations provider vscode.git 1907
2023-01-19 10:21:57.721 [warning] [Decorations] CAPPING events from decorations provider vscode.git 1908
2023-01-19 10:22:02.873 [warning] [Decorations] CAPPING events from decorations provider vscode.git 1908
2023-01-19 10:22:08.146 [warning] [Decorations] CAPPING events from decorations provider vscode.git 1908
2023-01-19 10:22:13.270 [warning] [Decorations] CAPPING events from decorations provider vscode.git 1908
2023-01-19 10:22:18.419 [warning] [Decorations] CAPPING events from decorations provider vscode.git 1908
2023-01-19 10:22:23.562 [warning] [Decorations] CAPPING events from decorations provider vscode.git 1908
2023-01-19 10:22:28.804 [warning] [Decorations] CAPPING events from decorations provider vscode.git 1908
2023-01-19 10:22:34.109 [warning] [Decorations] CAPPING events from decorations provider vscode.git 1909
2023-01-19 10:22:39.464 [warning] [Decorations] CAPPING events from decorations provider vscode.git 1910
2023-01-19 10:22:44.617 [warning] [Decorations] CAPPING events from decorations provider vscode.git 1911
2023-01-19 10:22:50.015 [warning] [Decorations] CAPPING events from decorations provider vscode.git 1913
2023-01-19 10:22:55.276 [warning] [Decorations] CAPPING events from decorations provider vscode.git 1914
2023-01-19 10:23:00.436 [warning] [Decorations] CAPPING events from decorations provider vscode.git 1914
2023-01-19 10:23:05.584 [warning] [Decorations] CAPPING events from decorations provider vscode.git 1909
2023-01-19 10:23:10.722 [warning] [Decorations] CAPPING events from decorations provider vscode.git 1909
2023-01-19 10:23:15.856 [warning] [Decorations] CAPPING events from decorations provider vscode.git 1909
2023-01-19 10:23:21.094 [warning] [Decorations] CAPPING events from decorations provider vscode.git 1909
2023-01-19 10:23:26.236 [warning] [Decorations] CAPPING events from decorations provider vscode.git 1909
2023-01-19 10:23:31.399 [warning] [Decorations] CAPPING events from decorations provider vscode.git 1909
2023-01-19 10:23:36.543 [warning] [Decorations] CAPPING events from decorations provider vscode.git 1909
2023-01-19 10:23:41.782 [warning] [Decorations] CAPPING events from decorations provider vscode.git 1909
2023-01-19 10:23:46.929 [warning] [Decorations] CAPPING events from decorations provider vscode.git 1909
2023-01-19 10:23:52.158 [warning] [Decorations] CAPPING events from decorations provider vscode.git 1909
2023-01-19 10:23:57.310 [warning] [Decorations] CAPPING events from decorations provider vscode.git 1909
2023-01-19 10:24:02.556 [warning] [Decorations] CAPPING events from decorations provider vscode.git 1909
2023-01-19 10:24:07.750 [warning] [Decorations] CAPPING events from decorations provider vscode.git 1909
2023-01-19 10:24:13.026 [warning] [Decorations] CAPPING events from decorations provider vscode.git 1909
2023-01-19 10:24:18.175 [warning] [Decorations] CAPPING events from decorations provider vscode.git 1909
2023-01-19 10:24:23.373 [warning] [Decorations] CAPPING events from decorations provider vscode.git 1909
2023-01-19 10:24:28.615 [warning] [Decorations] CAPPING events from decorations provider vscode.git 1910
2023-01-19 10:24:33.986 [warning] [Decorations] CAPPING events from decorations provider vscode.git 1910
2023-01-19 10:24:39.141 [warning] [Decorations] CAPPING events from decorations provider vscode.git 1910
2023-01-19 10:24:44.254 [warning] [Decorations] CAPPING events from decorations provider vscode.git 1910
2023-01-19 10:24:49.366 [warning] [Decorations] CAPPING events from decorations provider vscode.git 1910
2023-01-19 10:24:54.612 [warning] [Decorations] CAPPING events from decorations provider vscode.git 1910
2023-01-19 10:24:59.856 [warning] [Decorations] CAPPING events from decorations provider vscode.git 1911
2023-01-19 10:25:05.284 [warning] [Decorations] CAPPING events from decorations provider vscode.git 1912
2023-01-19 10:25:10.430 [warning] [Decorations] CAPPING events from decorations provider vscode.git 1912
2023-01-19 10:25:15.575 [warning] [Decorations] CAPPING events from decorations provider vscode.git 1911
2023-01-19 10:25:20.783 [warning] [Decorations] CAPPING events from decorations provider vscode.git 1911
2023-01-19 10:25:26.036 [warning] [Decorations] CAPPING events from decorations provider vscode.git 1911
2023-01-19 10:25:31.305 [warning] [Decorations] CAPPING events from decorations provider vscode.git 1911
2023-01-19 10:25:36.479 [warning] [Decorations] CAPPING events from decorations provider vscode.git 1911
2023-01-19 10:25:41.617 [warning] [Decorations] CAPPING events from decorations provider vscode.git 1911
2023-01-19 10:25:46.837 [warning] [Decorations] CAPPING events from decorations provider vscode.git 1911
2023-01-19 10:25:51.999 [warning] [Decorations] CAPPING events from decorations provider vscode.git 1911
2023-01-19 10:25:57.222 [warning] [Decorations] CAPPING events from decorations provider vscode.git 1911
2023-01-19 10:26:02.359 [warning] [Decorations] CAPPING events from decorations provider vscode.git 1911
2023-01-19 10:26:07.602 [warning] [Decorations] CAPPING events from decorations provider vscode.git 1911
2023-01-19 10:26:12.732 [warning] [Decorations] CAPPING events from decorations provider vscode.git 1911
2023-01-19 10:26:17.922 [warning] [Decorations] CAPPING events from decorations provider vscode.git 1911
2023-01-19 10:26:23.072 [warning] [Decorations] CAPPING events from decorations provider vscode.git 1911
2023-01-19 10:26:28.340 [warning] [Decorations] CAPPING events from decorations provider vscode.git 1911
2023-01-19 10:26:33.550 [warning] [Decorations] CAPPING events from decorations provider vscode.git 1911
2023-01-19 10:26:38.742 [warning] [Decorations] CAPPING events from decorations provider vscode.git 1911
2023-01-19 10:26:43.869 [warning] [Decorations] CAPPING events from decorations provider vscode.git 1911
2023-01-19 10:26:49.050 [warning] [Decorations] CAPPING events from decorations provider vscode.git 1911
2023-01-19 10:26:54.251 [warning] [Decorations] CAPPING events from decorations provider vscode.git 1912
2023-01-19 10:26:59.764 [warning] [Decorations] CAPPING events from decorations provider vscode.git 1915
2023-01-19 10:27:04.950 [warning] [Decorations] CAPPING events from decorations provider vscode.git 1916
2023-01-19 10:27:10.410 [warning] [Decorations] CAPPING events from decorations provider vscode.git 1918
2023-01-19 10:27:15.832 [warning] [Decorations] CAPPING events from decorations provider vscode.git 1920
2023-01-19 10:27:21.119 [warning] [Decorations] CAPPING events from decorations provider vscode.git 1918
2023-01-19 10:27:26.311 [warning] [Decorations] CAPPING events from decorations provider vscode.git 1912
2023-01-19 10:27:31.547 [warning] [Decorations] CAPPING events from decorations provider vscode.git 1912
2023-01-19 10:27:36.780 [warning] [Decorations] CAPPING events from decorations provider vscode.git 1912
2023-01-19 10:27:41.926 [warning] [Decorations] CAPPING events from decorations provider vscode.git 1912
2023-01-19 10:27:47.123 [warning] [Decorations] CAPPING events from decorations provider vscode.git 1912
2023-01-19 10:27:52.346 [warning] [Decorations] CAPPING events from decorations provider vscode.git 1912
2023-01-19 10:27:57.500 [warning] [Decorations] CAPPING events from decorations provider vscode.git 1912
2023-01-19 10:28:02.764 [warning] [Decorations] CAPPING events from decorations provider vscode.git 1912
2023-01-19 10:28:07.939 [warning] [Decorations] CAPPING events from decorations provider vscode.git 1912
2023-01-19 10:28:13.160 [warning] [Decorations] CAPPING events from decorations provider vscode.git 1912
2023-01-19 10:28:18.290 [warning] [Decorations] CAPPING events from decorations provider vscode.git 1912
2023-01-19 10:28:23.542 [warning] [Decorations] CAPPING events from decorations provider vscode.git 1912
2023-01-19 10:28:28.710 [warning] [Decorations] CAPPING events from decorations provider vscode.git 1912
2023-01-19 10:28:34.011 [warning] [Decorations] CAPPING events from decorations provider vscode.git 1912
2023-01-19 10:28:39.175 [warning] [Decorations] CAPPING events from decorations provider vscode.git 1912
2023-01-19 10:28:44.410 [warning] [Decorations] CAPPING events from decorations provider vscode.git 1912
2023-01-19 10:28:49.562 [warning] [Decorations] CAPPING events from decorations provider vscode.git 1912
2023-01-19 10:28:54.782 [warning] [Decorations] CAPPING events from decorations provider vscode.git 1912
2023-01-19 10:29:00.004 [warning] [Decorations] CAPPING events from decorations provider vscode.git 1912
2023-01-19 10:29:05.162 [warning] [Decorations] CAPPING events from decorations provider vscode.git 1912
2023-01-19 10:29:10.285 [warning] [Decorations] CAPPING events from decorations provider vscode.git 1912
2023-01-19 10:29:15.546 [warning] [Decorations] CAPPING events from decorations provider vscode.git 1912
2023-01-19 10:29:20.713 [warning] [Decorations] CAPPING events from decorations provider vscode.git 1912
2023-01-19 10:29:25.832 [warning] [Decorations] CAPPING events from decorations provider vscode.git 1912
2023-01-19 10:29:30.991 [warning] [Decorations] CAPPING events from decorations provider vscode.git 1912
2023-01-19 10:29:36.248 [warning] [Decorations] CAPPING events from decorations provider vscode.git 1912
2023-01-19 10:29:41.383 [warning] [Decorations] CAPPING events from decorations provider vscode.git 1912
2023-01-19 10:29:46.596 [warning] [Decorations] CAPPING events from decorations provider vscode.git 1912
2023-01-19 10:29:51.748 [warning] [Decorations] CAPPING events from decorations provider vscode.git 1912
2023-01-19 10:29:56.983 [warning] [Decorations] CAPPING events from decorations provider vscode.git 1912
2023-01-19 10:30:02.116 [warning] [Decorations] CAPPING events from decorations provider vscode.git 1912
2023-01-19 10:30:07.335 [warning] [Decorations] CAPPING events from decorations provider vscode.git 1912
2023-01-19 10:30:12.463 [warning] [Decorations] CAPPING events from decorations provider vscode.git 1912
2023-01-19 10:30:17.630 [warning] [Decorations] CAPPING events from decorations provider vscode.git 1912
2023-01-19 10:30:22.786 [warning] [Decorations] CAPPING events from decorations provider vscode.git 1912
2023-01-19 10:30:27.968 [warning] [Decorations] CAPPING events from decorations provider vscode.git 1912
2023-01-19 10:30:33.185 [warning] [Decorations] CAPPING events from decorations provider vscode.git 1912
2023-01-19 10:30:38.349 [warning] [Decorations] CAPPING events from decorations provider vscode.git 1912
2023-01-19 10:30:43.497 [warning] [Decorations] CAPPING events from decorations provider vscode.git 1912
2023-01-19 10:30:48.749 [warning] [Decorations] CAPPING events from decorations provider vscode.git 1912
2023-01-19 10:30:53.882 [warning] [Decorations] CAPPING events from decorations provider vscode.git 1912
2023-01-19 10:30:59.154 [warning] [Decorations] CAPPING events from decorations provider vscode.git 1912
2023-01-19 10:31:04.313 [warning] [Decorations] CAPPING events from decorations provider vscode.git 1912
2023-01-19 10:31:09.556 [warning] [Decorations] CAPPING events from decorations provider vscode.git 1912
2023-01-19 10:31:14.758 [warning] [Decorations] CAPPING events from decorations provider vscode.git 1912
2023-01-19 10:32:21.236 [warning] [Decorations] CAPPING events from decorations provider vscode.git 1912
2023-01-19 10:32:26.356 [warning] [Decorations] CAPPING events from decorations provider vscode.git 1912
2023-01-19 10:32:31.593 [warning] [Decorations] CAPPING events from decorations provider vscode.git 1912
2023-01-19 10:32:36.810 [warning] [Decorations] CAPPING events from decorations provider vscode.git 1912
2023-01-19 10:32:41.933 [warning] [Decorations] CAPPING events from decorations provider vscode.git 1912
2023-01-19 10:32:47.108 [warning] [Decorations] CAPPING events from decorations provider vscode.git 1912
2023-01-19 10:32:52.296 [warning] [Decorations] CAPPING events from decorations provider vscode.git 1912
2023-01-19 10:32:57.531 [warning] [Decorations] CAPPING events from decorations provider vscode.git 1912
2023-01-19 10:33:02.660 [warning] [Decorations] CAPPING events from decorations provider vscode.git 1912
2023-01-19 10:33:07.820 [warning] [Decorations] CAPPING events from decorations provider vscode.git 1912
2023-01-19 10:33:13.076 [warning] [Decorations] CAPPING events from decorations provider vscode.git 1912
2023-01-19 10:33:18.319 [warning] [Decorations] CAPPING events from decorations provider vscode.git 1912
2023-01-19 10:33:23.541 [warning] [Decorations] CAPPING events from decorations provider vscode.git 1912
2023-01-19 10:33:28.671 [warning] [Decorations] CAPPING events from decorations provider vscode.git 1912
2023-01-19 10:33:33.819 [warning] [Decorations] CAPPING events from decorations provider vscode.git 1912
2023-01-19 10:33:38.952 [warning] [Decorations] CAPPING events from decorations provider vscode.git 1912
2023-01-19 10:33:44.155 [warning] [Decorations] CAPPING events from decorations provider vscode.git 1912
2023-01-19 10:33:49.353 [warning] [Decorations] CAPPING events from decorations provider vscode.git 1912
2023-01-19 10:33:54.589 [warning] [Decorations] CAPPING events from decorations provider vscode.git 1912
2023-01-19 10:33:59.756 [warning] [Decorations] CAPPING events from decorations provider vscode.git 1912
2023-01-19 10:34:04.980 [warning] [Decorations] CAPPING events from decorations provider vscode.git 1912
2023-01-19 10:34:10.160 [warning] [Decorations] CAPPING events from decorations provider vscode.git 1912
2023-01-19 10:34:15.383 [warning] [Decorations] CAPPING events from decorations provider vscode.git 1912
2023-01-19 10:34:20.514 [warning] [Decorations] CAPPING events from decorations provider vscode.git 1912
2023-01-19 10:34:25.773 [warning] [Decorations] CAPPING events from decorations provider vscode.git 1912
2023-01-19 10:34:30.932 [warning] [Decorations] CAPPING events from decorations provider vscode.git 1912
2023-01-19 10:34:36.139 [warning] [Decorations] CAPPING events from decorations provider vscode.git 1912
2023-01-19 10:34:41.289 [warning] [Decorations] CAPPING events from decorations provider vscode.git 1912
2023-01-19 10:34:46.500 [warning] [Decorations] CAPPING events from decorations provider vscode.git 1912
2023-01-19 10:34:51.623 [warning] [Decorations] CAPPING events from decorations provider vscode.git 1912
2023-01-19 10:34:56.862 [warning] [Decorations] CAPPING events from decorations provider vscode.git 1912
2023-01-19 10:35:02.015 [warning] [Decorations] CAPPING events from decorations provider vscode.git 1912
2023-01-19 10:35:07.259 [warning] [Decorations] CAPPING events from decorations provider vscode.git 1912
2023-01-19 10:35:12.373 [warning] [Decorations] CAPPING events from decorations provider vscode.git 1912
2023-01-19 10:35:17.711 [warning] [Decorations] CAPPING events from decorations provider vscode.git 1912
2023-01-19 10:35:22.844 [warning] [Decorations] CAPPING events from decorations provider vscode.git 1912
2023-01-19 10:35:28.068 [warning] [Decorations] CAPPING events from decorations provider vscode.git 1912
2023-01-19 10:35:33.212 [warning] [Decorations] CAPPING events from decorations provider vscode.git 1912
2023-01-19 10:35:38.522 [warning] [Decorations] CAPPING events from decorations provider vscode.git 1912
2023-01-19 10:35:43.755 [warning] [Decorations] CAPPING events from decorations provider vscode.git 1912
2023-01-19 10:35:48.935 [warning] [Decorations] CAPPING events from decorations provider vscode.git 1912
2023-01-19 10:35:54.093 [warning] [Decorations] CAPPING events from decorations provider vscode.git 1912
2023-01-19 10:35:59.266 [warning] [Decorations] CAPPING events from decorations provider vscode.git 1912
2023-01-19 10:36:04.409 [warning] [Decorations] CAPPING events from decorations provider vscode.git 1912
2023-01-19 10:36:09.598 [warning] [Decorations] CAPPING events from decorations provider vscode.git 1912
2023-01-19 10:36:14.808 [warning] [Decorations] CAPPING events from decorations provider vscode.git 1912
2023-01-19 10:36:19.948 [warning] [Decorations] CAPPING events from decorations provider vscode.git 1912
2023-01-19 10:36:25.097 [warning] [Decorations] CAPPING events from decorations provider vscode.git 1912
2023-01-19 10:36:30.422 [warning] [Decorations] CAPPING events from decorations provider vscode.git 1912
2023-01-19 10:36:35.573 [warning] [Decorations] CAPPING events from decorations provider vscode.git 1912
2023-01-19 10:36:40.770 [warning] [Decorations] CAPPING events from decorations provider vscode.git 1912
2023-01-19 10:36:45.887 [warning] [Decorations] CAPPING events from decorations provider vscode.git 1912
2023-01-19 10:36:51.088 [warning] [Decorations] CAPPING events from decorations provider vscode.git 1912
2023-01-19 10:36:56.206 [warning] [Decorations] CAPPING events from decorations provider vscode.git 1912
2023-01-19 10:37:01.428 [warning] [Decorations] CAPPING events from decorations provider vscode.git 1912
2023-01-19 10:37:06.626 [warning] [Decorations] CAPPING events from decorations provider vscode.git 1912
2023-01-19 10:37:11.867 [warning] [Decorations] CAPPING events from decorations provider vscode.git 1912
2023-01-19 10:37:16.984 [warning] [Decorations] CAPPING events from decorations provider vscode.git 1912
2023-01-19 10:37:22.107 [warning] [Decorations] CAPPING events from decorations provider vscode.git 1912
2023-01-19 10:37:27.268 [warning] [Decorations] CAPPING events from decorations provider vscode.git 1912
2023-01-19 10:37:32.514 [warning] [Decorations] CAPPING events from decorations provider vscode.git 1912
2023-01-19 10:37:37.669 [warning] [Decorations] CAPPING events from decorations provider vscode.git 1912
2023-01-19 10:37:42.804 [warning] [Decorations] CAPPING events from decorations provider vscode.git 1912
2023-01-19 10:37:47.926 [warning] [Decorations] CAPPING events from decorations provider vscode.git 1912
2023-01-19 10:37:53.139 [warning] [Decorations] CAPPING events from decorations provider vscode.git 1912
2023-01-19 10:37:58.348 [warning] [Decorations] CAPPING events from decorations provider vscode.git 1912
2023-01-19 10:38:03.499 [warning] [Decorations] CAPPING events from decorations provider vscode.git 1912
2023-01-19 10:38:08.619 [warning] [Decorations] CAPPING events from decorations provider vscode.git 1912
2023-01-19 10:38:13.813 [warning] [Decorations] CAPPING events from decorations provider vscode.git 1912
2023-01-19 10:38:18.911 [warning] [Decorations] CAPPING events from decorations provider vscode.git 1912
2023-01-19 10:38:24.138 [warning] [Decorations] CAPPING events from decorations provider vscode.git 1912
2023-01-19 10:38:29.296 [warning] [Decorations] CAPPING events from decorations provider vscode.git 1912
2023-01-19 10:38:34.526 [warning] [Decorations] CAPPING events from decorations provider vscode.git 1912
2023-01-19 10:38:39.627 [warning] [Decorations] CAPPING events from decorations provider vscode.git 1912
2023-01-19 10:38:44.825 [warning] [Decorations] CAPPING events from decorations provider vscode.git 1912
2023-01-19 10:38:49.970 [warning] [Decorations] CAPPING events from decorations provider vscode.git 1912
2023-01-19 10:38:55.130 [warning] [Decorations] CAPPING events from decorations provider vscode.git 1912
2023-01-19 10:39:00.323 [warning] [Decorations] CAPPING events from decorations provider vscode.git 1912
2023-01-19 10:39:05.444 [warning] [Decorations] CAPPING events from decorations provider vscode.git 1912
2023-01-19 10:39:10.602 [warning] [Decorations] CAPPING events from decorations provider vscode.git 1912
2023-01-19 10:39:15.794 [warning] [Decorations] CAPPING events from decorations provider vscode.git 1912
2023-01-19 10:39:20.933 [warning] [Decorations] CAPPING events from decorations provider vscode.git 1912
2023-01-19 10:39:26.157 [warning] [Decorations] CAPPING events from decorations provider vscode.git 1912
2023-01-19 10:39:31.306 [warning] [Decorations] CAPPING events from decorations provider vscode.git 1913
2023-01-19 10:39:36.657 [warning] [Decorations] CAPPING events from decorations provider vscode.git 1913
2023-01-19 10:39:41.813 [warning] [Decorations] CAPPING events from decorations provider vscode.git 1915
2023-01-19 10:39:47.158 [warning] [Decorations] CAPPING events from decorations provider vscode.git 1915
2023-01-19 10:39:52.322 [warning] [Decorations] CAPPING events from decorations provider vscode.git 1918
2023-01-19 10:45:00.843 [warning] [Decorations] CAPPING events from decorations provider vscode.git 1918
2023-01-19 10:45:05.982 [warning] [Decorations] CAPPING events from decorations provider vscode.git 1913
2023-01-19 10:45:11.194 [warning] [Decorations] CAPPING events from decorations provider vscode.git 1913
2023-01-19 10:45:16.338 [warning] [Decorations] CAPPING events from decorations provider vscode.git 1913
2023-01-19 10:45:21.511 [warning] [Decorations] CAPPING events from decorations provider vscode.git 1913
2023-01-19 10:45:26.677 [warning] [Decorations] CAPPING events from decorations provider vscode.git 1914
2023-01-19 10:45:31.977 [warning] [Decorations] CAPPING events from decorations provider vscode.git 1914
2023-01-19 10:45:37.348 [warning] [Decorations] CAPPING events from decorations provider vscode.git 1917
2023-01-19 10:45:42.723 [warning] [Decorations] CAPPING events from decorations provider vscode.git 1917
2023-01-19 10:45:47.935 [warning] [Decorations] CAPPING events from decorations provider vscode.git 1919
2023-01-19 10:45:53.152 [warning] [Decorations] CAPPING events from decorations provider vscode.git 1919
2023-01-19 10:45:58.313 [warning] [Decorations] CAPPING events from decorations provider vscode.git 1919
2023-01-19 10:46:03.558 [warning] [Decorations] CAPPING events from decorations provider vscode.git 1914
2023-01-19 10:46:08.699 [warning] [Decorations] CAPPING events from decorations provider vscode.git 1914
2023-01-19 10:46:13.985 [warning] [Decorations] CAPPING events from decorations provider vscode.git 1914
2023-01-19 10:46:19.126 [warning] [Decorations] CAPPING events from decorations provider vscode.git 1914
2023-01-19 10:46:24.307 [warning] [Decorations] CAPPING events from decorations provider vscode.git 1914
2023-01-19 10:46:29.448 [warning] [Decorations] CAPPING events from decorations provider vscode.git 1914
2023-01-19 10:46:34.667 [warning] [Decorations] CAPPING events from decorations provider vscode.git 1914
2023-01-19 10:46:39.809 [warning] [Decorations] CAPPING events from decorations provider vscode.git 1914
2023-01-19 10:46:45.036 [warning] [Decorations] CAPPING events from decorations provider vscode.git 1914
2023-01-19 10:46:50.182 [warning] [Decorations] CAPPING events from decorations provider vscode.git 1914
2023-01-19 10:46:55.375 [warning] [Decorations] CAPPING events from decorations provider vscode.git 1914
2023-01-19 10:47:00.563 [warning] [Decorations] CAPPING events from decorations provider vscode.git 1914
2023-01-19 10:47:05.833 [warning] [Decorations] CAPPING events from decorations provider vscode.git 1914
2023-01-19 10:47:10.974 [warning] [Decorations] CAPPING events from decorations provider vscode.git 1914
2023-01-19 10:47:16.193 [warning] [Decorations] CAPPING events from decorations provider vscode.git 1914
2023-01-19 10:47:21.322 [warning] [Decorations] CAPPING events from decorations provider vscode.git 1914
2023-01-19 10:47:26.472 [warning] [Decorations] CAPPING events from decorations provider vscode.git 1914
2023-01-19 10:47:31.602 [warning] [Decorations] CAPPING events from decorations provider vscode.git 1914
2023-01-19 10:47:36.763 [warning] [Decorations] CAPPING events from decorations provider vscode.git 1914
2023-01-19 10:47:41.899 [warning] [Decorations] CAPPING events from decorations provider vscode.git 1914
2023-01-19 10:47:47.145 [warning] [Decorations] CAPPING events from decorations provider vscode.git 1914
2023-01-19 10:47:52.286 [warning] [Decorations] CAPPING events from decorations provider vscode.git 1914
2023-01-19 10:47:57.453 [warning] [Decorations] CAPPING events from decorations provider vscode.git 1914
2023-01-19 10:48:02.590 [warning] [Decorations] CAPPING events from decorations provider vscode.git 1914
2023-01-19 10:48:07.747 [warning] [Decorations] CAPPING events from decorations provider vscode.git 1914
2023-01-19 10:48:12.903 [warning] [Decorations] CAPPING events from decorations provider vscode.git 1914
2023-01-19 10:48:18.173 [warning] [Decorations] CAPPING events from decorations provider vscode.git 1914
2023-01-19 10:48:23.326 [warning] [Decorations] CAPPING events from decorations provider vscode.git 1914
2023-01-19 10:48:28.552 [warning] [Decorations] CAPPING events from decorations provider vscode.git 1914
2023-01-19 10:48:33.704 [warning] [Decorations] CAPPING events from decorations provider vscode.git 1914
2023-01-19 10:48:38.920 [warning] [Decorations] CAPPING events from decorations provider vscode.git 1914
2023-01-19 10:48:44.074 [warning] [Decorations] CAPPING events from decorations provider vscode.git 1914
2023-01-19 10:48:49.296 [warning] [Decorations] CAPPING events from decorations provider vscode.git 1914
2023-01-19 10:48:54.442 [warning] [Decorations] CAPPING events from decorations provider vscode.git 1914
2023-01-19 10:48:59.733 [warning] [Decorations] CAPPING events from decorations provider vscode.git 1914
2023-01-19 10:49:04.945 [warning] [Decorations] CAPPING events from decorations provider vscode.git 1914
2023-01-19 10:49:10.093 [warning] [Decorations] CAPPING events from decorations provider vscode.git 1914
2023-01-19 10:49:15.259 [warning] [Decorations] CAPPING events from decorations provider vscode.git 1914
2023-01-19 10:49:20.473 [warning] [Decorations] CAPPING events from decorations provider vscode.git 1914
2023-01-19 10:49:25.633 [warning] [Decorations] CAPPING events from decorations provider vscode.git 1914
2023-01-19 10:49:30.848 [warning] [Decorations] CAPPING events from decorations provider vscode.git 1914
2023-01-19 10:49:35.986 [warning] [Decorations] CAPPING events from decorations provider vscode.git 1914
2023-01-19 10:49:41.134 [warning] [Decorations] CAPPING events from decorations provider vscode.git 1914
2023-01-19 10:49:46.259 [warning] [Decorations] CAPPING events from decorations provider vscode.git 1914
2023-01-19 10:49:51.497 [warning] [Decorations] CAPPING events from decorations provider vscode.git 1914
2023-01-19 10:49:56.614 [warning] [Decorations] CAPPING events from decorations provider vscode.git 1914
2023-01-19 10:50:01.904 [warning] [Decorations] CAPPING events from decorations provider vscode.git 1914
2023-01-19 10:50:07.058 [warning] [Decorations] CAPPING events from decorations provider vscode.git 1914
2023-01-19 10:50:12.315 [warning] [Decorations] CAPPING events from decorations provider vscode.git 1914
2023-01-19 10:50:17.491 [warning] [Decorations] CAPPING events from decorations provider vscode.git 1914
2023-01-19 10:50:22.731 [warning] [Decorations] CAPPING events from decorations provider vscode.git 1914
2023-01-19 10:50:27.934 [warning] [Decorations] CAPPING events from decorations provider vscode.git 1914
2023-01-19 10:50:33.226 [warning] [Decorations] CAPPING events from decorations provider vscode.git 1914
2023-01-19 10:50:38.361 [warning] [Decorations] CAPPING events from decorations provider vscode.git 1914
2023-01-19 10:50:43.576 [warning] [Decorations] CAPPING events from decorations provider vscode.git 1914
2023-01-19 10:50:48.691 [warning] [Decorations] CAPPING events from decorations provider vscode.git 1914
2023-01-19 10:50:53.883 [warning] [Decorations] CAPPING events from decorations provider vscode.git 1914
2023-01-19 10:50:59.059 [warning] [Decorations] CAPPING events from decorations provider vscode.git 1914
2023-01-19 10:51:04.271 [warning] [Decorations] CAPPING events from decorations provider vscode.git 1914
2023-01-19 10:51:09.447 [warning] [Decorations] CAPPING events from decorations provider vscode.git 1914
2023-01-19 10:51:14.677 [warning] [Decorations] CAPPING events from decorations provider vscode.git 1914
2023-01-19 10:51:19.873 [warning] [Decorations] CAPPING events from decorations provider vscode.git 1914
2023-01-19 10:51:25.039 [warning] [Decorations] CAPPING events from decorations provider vscode.git 1914
2023-01-19 10:51:30.196 [warning] [Decorations] CAPPING events from decorations provider vscode.git 1914
2023-01-19 10:51:35.475 [warning] [Decorations] CAPPING events from decorations provider vscode.git 1914
2023-01-19 10:51:40.624 [warning] [Decorations] CAPPING events from decorations provider vscode.git 1914
2023-01-19 10:51:45.866 [warning] [Decorations] CAPPING events from decorations provider vscode.git 1914
2023-01-19 10:51:51.060 [warning] [Decorations] CAPPING events from decorations provider vscode.git 1914
2023-01-19 10:51:56.200 [warning] [Decorations] CAPPING events from decorations provider vscode.git 1914
2023-01-19 10:52:01.319 [warning] [Decorations] CAPPING events from decorations provider vscode.git 1914
2023-01-19 10:52:06.583 [warning] [Decorations] CAPPING events from decorations provider vscode.git 1914
2023-01-19 10:52:11.726 [warning] [Decorations] CAPPING events from decorations provider vscode.git 1914
2023-01-19 10:52:16.936 [warning] [Decorations] CAPPING events from decorations provider vscode.git 1914
2023-01-19 10:52:22.110 [warning] [Decorations] CAPPING events from decorations provider vscode.git 1914
2023-01-19 10:52:27.313 [warning] [Decorations] CAPPING events from decorations provider vscode.git 1914
2023-01-19 10:52:32.506 [warning] [Decorations] CAPPING events from decorations provider vscode.git 1914
2023-01-19 10:52:37.730 [warning] [Decorations] CAPPING events from decorations provider vscode.git 1914
2023-01-19 10:52:42.904 [warning] [Decorations] CAPPING events from decorations provider vscode.git 1914
2023-01-19 10:52:48.120 [warning] [Decorations] CAPPING events from decorations provider vscode.git 1914
2023-01-19 10:52:53.278 [warning] [Decorations] CAPPING events from decorations provider vscode.git 1914
2023-01-19 10:52:58.494 [warning] [Decorations] CAPPING events from decorations provider vscode.git 1914
2023-01-19 10:53:03.652 [warning] [Decorations] CAPPING events from decorations provider vscode.git 1914
2023-01-19 10:53:08.882 [warning] [Decorations] CAPPING events from decorations provider vscode.git 1914
2023-01-19 10:53:14.036 [warning] [Decorations] CAPPING events from decorations provider vscode.git 1914
2023-01-19 10:53:19.256 [warning] [Decorations] CAPPING events from decorations provider vscode.git 1914
2023-01-19 10:53:24.371 [warning] [Decorations] CAPPING events from decorations provider vscode.git 1914
2023-01-19 10:53:29.550 [warning] [Decorations] CAPPING events from decorations provider vscode.git 1914
2023-01-19 10:53:34.743 [warning] [Decorations] CAPPING events from decorations provider vscode.git 1914
2023-01-19 10:53:39.992 [warning] [Decorations] CAPPING events from decorations provider vscode.git 1914
2023-01-19 10:53:45.142 [warning] [Decorations] CAPPING events from decorations provider vscode.git 1914
2023-01-19 10:53:50.371 [warning] [Decorations] CAPPING events from decorations provider vscode.git 1914
2023-01-19 10:53:55.572 [warning] [Decorations] CAPPING events from decorations provider vscode.git 1914
2023-01-19 10:54:00.837 [warning] [Decorations] CAPPING events from decorations provider vscode.git 1914
2023-01-19 10:54:05.999 [warning] [Decorations] CAPPING events from decorations provider vscode.git 1914
2023-01-19 10:54:11.255 [warning] [Decorations] CAPPING events from decorations provider vscode.git 1914
2023-01-19 10:54:16.388 [warning] [Decorations] CAPPING events from decorations provider vscode.git 1914
2023-01-19 10:54:21.731 [warning] [Decorations] CAPPING events from decorations provider vscode.git 1914
2023-01-19 10:55:10.070 [warning] [Decorations] CAPPING events from decorations provider vscode.git 1914
2023-01-19 10:55:15.397 [warning] [Decorations] CAPPING events from decorations provider vscode.git 1914
2023-01-19 10:55:20.512 [warning] [Decorations] CAPPING events from decorations provider vscode.git 1915
2023-01-19 10:55:25.733 [warning] [Decorations] CAPPING events from decorations provider vscode.git 1915
2023-01-19 10:55:30.852 [warning] [Decorations] CAPPING events from decorations provider vscode.git 1915
2023-01-19 10:55:35.988 [warning] [Decorations] CAPPING events from decorations provider vscode.git 1915
2023-01-19 10:55:41.138 [warning] [Decorations] CAPPING events from decorations provider vscode.git 1915
2023-01-19 10:55:46.369 [warning] [Decorations] CAPPING events from decorations provider vscode.git 1915
2023-01-19 10:55:51.530 [warning] [Decorations] CAPPING events from decorations provider vscode.git 1915
2023-01-19 10:55:56.647 [warning] [Decorations] CAPPING events from decorations provider vscode.git 1916
2023-01-19 10:56:01.818 [warning] [Decorations] CAPPING events from decorations provider vscode.git 1916
2023-01-19 10:56:07.429 [warning] [Decorations] CAPPING events from decorations provider vscode.git 1916
2023-01-19 10:56:12.635 [warning] [Decorations] CAPPING events from decorations provider vscode.git 1918
2023-01-19 10:56:18.041 [warning] [Decorations] CAPPING events from decorations provider vscode.git 1919
2023-01-19 10:56:23.524 [warning] [Decorations] CAPPING events from decorations provider vscode.git 1921
2023-01-19 10:57:10.877 [warning] [Decorations] CAPPING events from decorations provider vscode.git 1921
2023-01-19 10:57:16.005 [warning] [Decorations] CAPPING events from decorations provider vscode.git 1916
2023-01-19 10:57:21.289 [warning] [Decorations] CAPPING events from decorations provider vscode.git 1916
2023-01-19 10:57:59.702 [warning] [Decorations] CAPPING events from decorations provider vscode.git 1916
2023-01-19 10:58:04.921 [warning] [Decorations] CAPPING events from decorations provider vscode.git 1916
2023-01-19 10:58:10.101 [warning] [Decorations] CAPPING events from decorations provider vscode.git 1916
2023-01-19 10:58:15.327 [warning] [Decorations] CAPPING events from decorations provider vscode.git 1916
2023-01-19 10:58:20.490 [warning] [Decorations] CAPPING events from decorations provider vscode.git 1916
2023-01-19 10:58:25.647 [warning] [Decorations] CAPPING events from decorations provider vscode.git 1916
2023-01-19 10:58:30.776 [warning] [Decorations] CAPPING events from decorations provider vscode.git 1916
2023-01-19 10:58:36.015 [warning] [Decorations] CAPPING events from decorations provider vscode.git 1916
2023-01-19 10:58:41.142 [warning] [Decorations] CAPPING events from decorations provider vscode.git 1916
2023-01-19 10:58:46.375 [warning] [Decorations] CAPPING events from decorations provider vscode.git 1916
2023-01-19 10:58:51.532 [warning] [Decorations] CAPPING events from decorations provider vscode.git 1916
2023-01-19 10:58:56.789 [warning] [Decorations] CAPPING events from decorations provider vscode.git 1916
2023-01-19 10:59:01.942 [warning] [Decorations] CAPPING events from decorations provider vscode.git 1916
2023-01-19 10:59:07.197 [warning] [Decorations] CAPPING events from decorations provider vscode.git 1916
2023-01-19 10:59:12.356 [warning] [Decorations] CAPPING events from decorations provider vscode.git 1917
2023-01-19 10:59:17.844 [warning] [Decorations] CAPPING events from decorations provider vscode.git 1918
2023-01-19 10:59:22.999 [warning] [Decorations] CAPPING events from decorations provider vscode.git 1919
2023-01-19 10:59:28.417 [warning] [Decorations] CAPPING events from decorations provider vscode.git 1922
2023-01-19 10:59:33.832 [warning] [Decorations] CAPPING events from decorations provider vscode.git 1922
2023-01-19 10:59:39.865 [warning] [Decorations] CAPPING events from decorations provider vscode.git 1922
2023-01-19 10:59:45.060 [warning] [Decorations] CAPPING events from decorations provider vscode.git 1917
2023-01-19 10:59:50.308 [warning] [Decorations] CAPPING events from decorations provider vscode.git 1917
2023-01-19 10:59:55.531 [warning] [Decorations] CAPPING events from decorations provider vscode.git 1917
2023-01-19 11:00:00.739 [warning] [Decorations] CAPPING events from decorations provider vscode.git 1917
2023-01-19 11:00:05.885 [warning] [Decorations] CAPPING events from decorations provider vscode.git 1917
2023-01-19 11:00:11.155 [warning] [Decorations] CAPPING events from decorations provider vscode.git 1917
2023-01-19 11:00:16.289 [warning] [Decorations] CAPPING events from decorations provider vscode.git 1917
2023-01-19 11:00:21.466 [warning] [Decorations] CAPPING events from decorations provider vscode.git 1917
2023-01-19 11:00:26.580 [warning] [Decorations] CAPPING events from decorations provider vscode.git 1918
2023-01-19 11:00:32.032 [warning] [Decorations] CAPPING events from decorations provider vscode.git 1921
2023-01-19 11:00:37.192 [warning] [Decorations] CAPPING events from decorations provider vscode.git 1922
2023-01-19 11:00:42.614 [warning] [Decorations] CAPPING events from decorations provider vscode.git 1921
2023-01-19 11:00:47.799 [warning] [Decorations] CAPPING events from decorations provider vscode.git 1923
2023-01-19 11:00:53.540 [warning] [Decorations] CAPPING events from decorations provider vscode.git 1925
2023-01-19 11:00:58.741 [warning] [Decorations] CAPPING events from decorations provider vscode.git 1925
2023-01-19 11:01:03.858 [warning] [Decorations] CAPPING events from decorations provider vscode.git 1918
2023-01-19 11:01:09.016 [warning] [Decorations] CAPPING events from decorations provider vscode.git 1918
2023-01-19 11:01:14.244 [warning] [Decorations] CAPPING events from decorations provider vscode.git 1918
2023-01-19 11:01:19.390 [warning] [Decorations] CAPPING events from decorations provider vscode.git 1918
2023-01-19 11:01:24.650 [warning] [Decorations] CAPPING events from decorations provider vscode.git 1918
2023-01-19 11:01:29.805 [warning] [Decorations] CAPPING events from decorations provider vscode.git 1918
2023-01-19 11:01:35.054 [warning] [Decorations] CAPPING events from decorations provider vscode.git 1918
2023-01-19 11:01:40.199 [warning] [Decorations] CAPPING events from decorations provider vscode.git 1918
2023-01-19 11:01:45.420 [warning] [Decorations] CAPPING events from decorations provider vscode.git 1918
2023-01-19 11:01:50.605 [warning] [Decorations] CAPPING events from decorations provider vscode.git 1919
2023-01-19 11:01:56.013 [warning] [Decorations] CAPPING events from decorations provider vscode.git 1919
2023-01-19 11:02:01.210 [warning] [Decorations] CAPPING events from decorations provider vscode.git 1921
2023-01-19 11:02:06.650 [warning] [Decorations] CAPPING events from decorations provider vscode.git 1922
2023-01-19 11:02:11.872 [warning] [Decorations] CAPPING events from decorations provider vscode.git 1924
2023-01-19 11:02:17.211 [warning] [Decorations] CAPPING events from decorations provider vscode.git 1924
2023-01-19 11:02:22.393 [warning] [Decorations] CAPPING events from decorations provider vscode.git 1919
2023-01-19 11:02:27.631 [warning] [Decorations] CAPPING events from decorations provider vscode.git 1919
2023-01-19 11:02:32.845 [warning] [Decorations] CAPPING events from decorations provider vscode.git 1919
2023-01-19 11:02:38.088 [warning] [Decorations] CAPPING events from decorations provider vscode.git 1919
2023-01-19 11:02:43.201 [warning] [Decorations] CAPPING events from decorations provider vscode.git 1919
2023-01-19 11:02:48.436 [warning] [Decorations] CAPPING events from decorations provider vscode.git 1919
2023-01-19 11:02:53.584 [warning] [Decorations] CAPPING events from decorations provider vscode.git 1919
2023-01-19 11:02:58.767 [warning] [Decorations] CAPPING events from decorations provider vscode.git 1919
2023-01-19 11:03:03.964 [warning] [Decorations] CAPPING events from decorations provider vscode.git 1919
2023-01-19 11:03:09.131 [warning] [Decorations] CAPPING events from decorations provider vscode.git 1919
2023-01-19 11:03:14.321 [warning] [Decorations] CAPPING events from decorations provider vscode.git 1919
2023-01-19 11:03:19.527 [warning] [Decorations] CAPPING events from decorations provider vscode.git 1919
2023-01-19 11:03:24.676 [warning] [Decorations] CAPPING events from decorations provider vscode.git 1920
2023-01-19 11:03:29.940 [warning] [Decorations] CAPPING events from decorations provider vscode.git 1920
2023-01-19 11:03:35.083 [warning] [Decorations] CAPPING events from decorations provider vscode.git 1920
2023-01-19 11:03:40.286 [warning] [Decorations] CAPPING events from decorations provider vscode.git 1920
2023-01-19 11:03:45.436 [warning] [Decorations] CAPPING events from decorations provider vscode.git 1920
2023-01-19 11:03:50.686 [warning] [Decorations] CAPPING events from decorations provider vscode.git 1920
2023-01-19 11:03:55.863 [warning] [Decorations] CAPPING events from decorations provider vscode.git 1920
2023-01-19 11:04:01.097 [warning] [Decorations] CAPPING events from decorations provider vscode.git 1920
2023-01-19 11:04:06.267 [warning] [Decorations] CAPPING events from decorations provider vscode.git 1920
2023-01-19 11:04:11.468 [warning] [Decorations] CAPPING events from decorations provider vscode.git 1920
2023-01-19 11:04:16.599 [warning] [Decorations] CAPPING events from decorations provider vscode.git 1920
2023-01-19 11:04:21.829 [warning] [Decorations] CAPPING events from decorations provider vscode.git 1920
2023-01-19 11:04:26.932 [warning] [Decorations] CAPPING events from decorations provider vscode.git 1920
2023-01-19 11:04:32.150 [warning] [Decorations] CAPPING events from decorations provider vscode.git 1920
2023-01-19 11:04:37.313 [warning] [Decorations] CAPPING events from decorations provider vscode.git 1920
2023-01-19 11:04:42.541 [warning] [Decorations] CAPPING events from decorations provider vscode.git 1920
2023-01-19 11:04:47.675 [warning] [Decorations] CAPPING events from decorations provider vscode.git 1920
2023-01-19 11:04:52.898 [warning] [Decorations] CAPPING events from decorations provider vscode.git 1920
2023-01-19 11:04:58.046 [warning] [Decorations] CAPPING events from decorations provider vscode.git 1920
2023-01-19 11:05:03.246 [warning] [Decorations] CAPPING events from decorations provider vscode.git 1920
2023-01-19 11:05:08.414 [warning] [Decorations] CAPPING events from decorations provider vscode.git 1920
2023-01-19 11:05:13.626 [warning] [Decorations] CAPPING events from decorations provider vscode.git 1920
2023-01-19 11:05:18.811 [warning] [Decorations] CAPPING events from decorations provider vscode.git 1920
2023-01-19 11:05:24.036 [warning] [Decorations] CAPPING events from decorations provider vscode.git 1920
2023-01-19 11:05:29.192 [warning] [Decorations] CAPPING events from decorations provider vscode.git 1920
2023-01-19 11:05:34.400 [warning] [Decorations] CAPPING events from decorations provider vscode.git 1920
2023-01-19 11:05:39.529 [warning] [Decorations] CAPPING events from decorations provider vscode.git 1920
2023-01-19 11:05:44.793 [warning] [Decorations] CAPPING events from decorations provider vscode.git 1920
2023-01-19 11:05:49.926 [warning] [Decorations] CAPPING events from decorations provider vscode.git 1920
2023-01-19 11:05:55.124 [warning] [Decorations] CAPPING events from decorations provider vscode.git 1920
2023-01-19 11:06:00.260 [warning] [Decorations] CAPPING events from decorations provider vscode.git 1920
2023-01-19 11:06:05.431 [warning] [Decorations] CAPPING events from decorations provider vscode.git 1920
2023-01-19 11:06:10.571 [warning] [Decorations] CAPPING events from decorations provider vscode.git 1920
2023-01-19 11:06:15.796 [warning] [Decorations] CAPPING events from decorations provider vscode.git 1920
2023-01-19 11:06:20.944 [warning] [Decorations] CAPPING events from decorations provider vscode.git 1920
2023-01-19 11:06:26.139 [warning] [Decorations] CAPPING events from decorations provider vscode.git 1920
2023-01-19 11:06:31.270 [warning] [Decorations] CAPPING events from decorations provider vscode.git 1920
2023-01-19 11:06:36.464 [warning] [Decorations] CAPPING events from decorations provider vscode.git 1920
2023-01-19 11:06:41.609 [warning] [Decorations] CAPPING events from decorations provider vscode.git 1920
2023-01-19 11:06:46.780 [warning] [Decorations] CAPPING events from decorations provider vscode.git 1920
2023-01-19 11:06:51.959 [warning] [Decorations] CAPPING events from decorations provider vscode.git 1920
2023-01-19 11:06:57.204 [warning] [Decorations] CAPPING events from decorations provider vscode.git 1920
2023-01-19 11:07:02.315 [warning] [Decorations] CAPPING events from decorations provider vscode.git 1920
2023-01-19 11:07:07.562 [warning] [Decorations] CAPPING events from decorations provider vscode.git 1920
2023-01-19 11:07:12.700 [warning] [Decorations] CAPPING events from decorations provider vscode.git 1920
2023-01-19 11:07:17.926 [warning] [Decorations] CAPPING events from decorations provider vscode.git 1920
2023-01-19 11:07:23.050 [warning] [Decorations] CAPPING events from decorations provider vscode.git 1920
2023-01-19 11:07:28.276 [warning] [Decorations] CAPPING events from decorations provider vscode.git 1920
2023-01-19 11:07:33.424 [warning] [Decorations] CAPPING events from decorations provider vscode.git 1920
2023-01-19 11:07:38.709 [warning] [Decorations] CAPPING events from decorations provider vscode.git 1920
2023-01-19 11:07:43.852 [warning] [Decorations] CAPPING events from decorations provider vscode.git 1920
2023-01-19 11:07:49.067 [warning] [Decorations] CAPPING events from decorations provider vscode.git 1920
2023-01-19 11:07:54.195 [warning] [Decorations] CAPPING events from decorations provider vscode.git 1920
2023-01-19 11:07:59.391 [warning] [Decorations] CAPPING events from decorations provider vscode.git 1920
2023-01-19 11:08:04.500 [warning] [Decorations] CAPPING events from decorations provider vscode.git 1920
2023-01-19 11:08:09.741 [warning] [Decorations] CAPPING events from decorations provider vscode.git 1920
2023-01-19 11:08:14.883 [warning] [Decorations] CAPPING events from decorations provider vscode.git 1920
2023-01-19 11:08:20.082 [warning] [Decorations] CAPPING events from decorations provider vscode.git 1920
2023-01-19 11:08:25.267 [warning] [Decorations] CAPPING events from decorations provider vscode.git 1920
2023-01-19 11:08:30.475 [warning] [Decorations] CAPPING events from decorations provider vscode.git 1920
2023-01-19 11:08:35.618 [warning] [Decorations] CAPPING events from decorations provider vscode.git 1920
2023-01-19 11:08:40.852 [warning] [Decorations] CAPPING events from decorations provider vscode.git 1920
2023-01-19 11:08:46.058 [warning] [Decorations] CAPPING events from decorations provider vscode.git 1920
2023-01-19 11:08:51.273 [warning] [Decorations] CAPPING events from decorations provider vscode.git 1920
2023-01-19 11:08:56.420 [warning] [Decorations] CAPPING events from decorations provider vscode.git 1920
2023-01-19 11:09:01.634 [warning] [Decorations] CAPPING events from decorations provider vscode.git 1920
2023-01-19 11:09:06.818 [warning] [Decorations] CAPPING events from decorations provider vscode.git 1920
2023-01-19 11:09:12.006 [warning] [Decorations] CAPPING events from decorations provider vscode.git 1920
2023-01-19 11:09:17.162 [warning] [Decorations] CAPPING events from decorations provider vscode.git 1920
2023-01-19 11:09:22.394 [warning] [Decorations] CAPPING events from decorations provider vscode.git 1920
2023-01-19 11:09:27.653 [warning] [Decorations] CAPPING events from decorations provider vscode.git 1920
2023-01-19 11:09:32.819 [warning] [Decorations] CAPPING events from decorations provider vscode.git 1920
2023-01-19 11:09:37.957 [warning] [Decorations] CAPPING events from decorations provider vscode.git 1920
2023-01-19 11:09:43.170 [warning] [Decorations] CAPPING events from decorations provider vscode.git 1920
2023-01-19 11:09:48.286 [warning] [Decorations] CAPPING events from decorations provider vscode.git 1920
2023-01-19 11:09:53.517 [warning] [Decorations] CAPPING events from decorations provider vscode.git 1920
2023-01-19 11:09:58.656 [warning] [Decorations] CAPPING events from decorations provider vscode.git 1920
2023-01-19 11:10:03.897 [warning] [Decorations] CAPPING events from decorations provider vscode.git 1920
2023-01-19 11:10:09.047 [warning] [Decorations] CAPPING events from decorations provider vscode.git 1920
2023-01-19 11:10:14.277 [warning] [Decorations] CAPPING events from decorations provider vscode.git 1920
2023-01-19 11:10:19.446 [warning] [Decorations] CAPPING events from decorations provider vscode.git 1920
2023-01-19 11:10:24.672 [warning] [Decorations] CAPPING events from decorations provider vscode.git 1920
2023-01-19 11:10:29.848 [warning] [Decorations] CAPPING events from decorations provider vscode.git 1920
2023-01-19 11:10:34.970 [warning] [Decorations] CAPPING events from decorations provider vscode.git 1920
2023-01-19 11:10:40.093 [warning] [Decorations] CAPPING events from decorations provider vscode.git 1920
2023-01-19 11:10:45.323 [warning] [Decorations] CAPPING events from decorations provider vscode.git 1920
2023-01-19 11:10:50.476 [warning] [Decorations] CAPPING events from decorations provider vscode.git 1920
2023-01-19 11:10:55.705 [warning] [Decorations] CAPPING events from decorations provider vscode.git 1920
2023-01-19 11:11:00.888 [warning] [Decorations] CAPPING events from decorations provider vscode.git 1920
2023-01-19 11:11:06.098 [warning] [Decorations] CAPPING events from decorations provider vscode.git 1920
2023-01-19 11:11:11.226 [warning] [Decorations] CAPPING events from decorations provider vscode.git 1920
2023-01-19 11:11:16.442 [warning] [Decorations] CAPPING events from decorations provider vscode.git 1920
2023-01-19 11:11:21.589 [warning] [Decorations] CAPPING events from decorations provider vscode.git 1920
2023-01-19 11:11:26.782 [warning] [Decorations] CAPPING events from decorations provider vscode.git 1920
2023-01-19 11:11:31.930 [warning] [Decorations] CAPPING events from decorations provider vscode.git 1920
2023-01-19 11:11:37.143 [warning] [Decorations] CAPPING events from decorations provider vscode.git 1920
2023-01-19 11:11:42.308 [warning] [Decorations] CAPPING events from decorations provider vscode.git 1920
2023-01-19 11:11:47.525 [warning] [Decorations] CAPPING events from decorations provider vscode.git 1920
2023-01-19 11:11:52.637 [warning] [Decorations] CAPPING events from decorations provider vscode.git 1920
2023-01-19 11:11:57.892 [warning] [Decorations] CAPPING events from decorations provider vscode.git 1920
2023-01-19 11:12:03.017 [warning] [Decorations] CAPPING events from decorations provider vscode.git 1920
2023-01-19 11:12:08.232 [warning] [Decorations] CAPPING events from decorations provider vscode.git 1920
2023-01-19 11:12:32.661 [warning] [Decorations] CAPPING events from decorations provider vscode.git 1920
2023-01-19 11:12:37.949 [warning] [Decorations] CAPPING events from decorations provider vscode.git 1920
2023-01-19 11:12:43.097 [warning] [Decorations] CAPPING events from decorations provider vscode.git 1920
2023-01-19 11:12:48.309 [warning] [Decorations] CAPPING events from decorations provider vscode.git 1920
2023-01-19 11:12:53.459 [warning] [Decorations] CAPPING events from decorations provider vscode.git 1920
2023-01-19 11:12:58.679 [warning] [Decorations] CAPPING events from decorations provider vscode.git 1920
2023-01-19 11:13:03.860 [warning] [Decorations] CAPPING events from decorations provider vscode.git 1920
2023-01-19 11:13:09.080 [warning] [Decorations] CAPPING events from decorations provider vscode.git 1920
2023-01-19 11:13:14.240 [warning] [Decorations] CAPPING events from decorations provider vscode.git 1920
2023-01-19 11:13:19.465 [warning] [Decorations] CAPPING events from decorations provider vscode.git 1920
2023-01-19 11:13:24.626 [warning] [Decorations] CAPPING events from decorations provider vscode.git 1920
2023-01-19 11:13:29.953 [warning] [Decorations] CAPPING events from decorations provider vscode.git 1920
2023-01-19 11:13:35.062 [warning] [Decorations] CAPPING events from decorations provider vscode.git 1920
2023-01-19 11:13:40.335 [warning] [Decorations] CAPPING events from decorations provider vscode.git 1920
2023-01-19 11:13:45.516 [warning] [Decorations] CAPPING events from decorations provider vscode.git 1920
2023-01-19 11:13:50.796 [warning] [Decorations] CAPPING events from decorations provider vscode.git 1920
2023-01-19 11:13:55.923 [warning] [Decorations] CAPPING events from decorations provider vscode.git 1920
2023-01-19 11:14:01.137 [warning] [Decorations] CAPPING events from decorations provider vscode.git 1920
2023-01-19 11:14:06.284 [warning] [Decorations] CAPPING events from decorations provider vscode.git 1920
2023-01-19 11:14:11.557 [warning] [Decorations] CAPPING events from decorations provider vscode.git 1920
2023-01-19 11:14:16.692 [warning] [Decorations] CAPPING events from decorations provider vscode.git 1920
2023-01-19 11:14:21.932 [warning] [Decorations] CAPPING events from decorations provider vscode.git 1920
2023-01-19 11:14:27.065 [warning] [Decorations] CAPPING events from decorations provider vscode.git 1920
2023-01-19 11:14:32.293 [warning] [Decorations] CAPPING events from decorations provider vscode.git 1920
2023-01-19 11:14:37.483 [warning] [Decorations] CAPPING events from decorations provider vscode.git 1920
2023-01-19 11:14:42.741 [warning] [Decorations] CAPPING events from decorations provider vscode.git 1920
2023-01-19 11:14:47.877 [warning] [Decorations] CAPPING events from decorations provider vscode.git 1920
2023-01-19 11:14:53.138 [warning] [Decorations] CAPPING events from decorations provider vscode.git 1920
2023-01-19 11:14:58.257 [warning] [Decorations] CAPPING events from decorations provider vscode.git 1920
2023-01-19 11:15:03.480 [warning] [Decorations] CAPPING events from decorations provider vscode.git 1920
2023-01-19 11:15:08.628 [warning] [Decorations] CAPPING events from decorations provider vscode.git 1920
2023-01-19 11:15:13.900 [warning] [Decorations] CAPPING events from decorations provider vscode.git 1920
2023-01-19 11:15:19.081 [warning] [Decorations] CAPPING events from decorations provider vscode.git 1920
2023-01-19 11:15:24.339 [warning] [Decorations] CAPPING events from decorations provider vscode.git 1920
2023-01-19 11:15:29.475 [warning] [Decorations] CAPPING events from decorations provider vscode.git 1920
2023-01-19 11:15:34.662 [warning] [Decorations] CAPPING events from decorations provider vscode.git 1920
2023-01-19 11:15:39.844 [warning] [Decorations] CAPPING events from decorations provider vscode.git 1920
2023-01-19 11:15:45.100 [warning] [Decorations] CAPPING events from decorations provider vscode.git 1920
2023-01-19 11:15:50.227 [warning] [Decorations] CAPPING events from decorations provider vscode.git 1920
2023-01-19 11:15:55.489 [warning] [Decorations] CAPPING events from decorations provider vscode.git 1920
2023-01-19 11:16:00.639 [warning] [Decorations] CAPPING events from decorations provider vscode.git 1920
2023-01-19 11:16:05.860 [warning] [Decorations] CAPPING events from decorations provider vscode.git 1920
2023-01-19 11:16:10.968 [warning] [Decorations] CAPPING events from decorations provider vscode.git 1920
2023-01-19 11:16:16.211 [warning] [Decorations] CAPPING events from decorations provider vscode.git 1920
2023-01-19 11:16:21.358 [warning] [Decorations] CAPPING events from decorations provider vscode.git 1920
2023-01-19 11:16:26.630 [warning] [Decorations] CAPPING events from decorations provider vscode.git 1920
2023-01-19 11:16:31.796 [warning] [Decorations] CAPPING events from decorations provider vscode.git 1920
2023-01-19 11:16:37.080 [warning] [Decorations] CAPPING events from decorations provider vscode.git 1920
2023-01-19 11:16:42.287 [warning] [Decorations] CAPPING events from decorations provider vscode.git 1920
2023-01-19 11:16:47.536 [warning] [Decorations] CAPPING events from decorations provider vscode.git 1920
2023-01-19 11:16:52.657 [warning] [Decorations] CAPPING events from decorations provider vscode.git 1920
2023-01-19 11:16:57.911 [warning] [Decorations] CAPPING events from decorations provider vscode.git 1920
2023-01-19 11:17:03.151 [warning] [Decorations] CAPPING events from decorations provider vscode.git 1920
2023-01-19 11:17:08.272 [warning] [Decorations] CAPPING events from decorations provider vscode.git 1920
2023-01-19 11:17:13.404 [warning] [Decorations] CAPPING events from decorations provider vscode.git 1920
2023-01-19 11:17:18.651 [warning] [Decorations] CAPPING events from decorations provider vscode.git 1920
2023-01-19 11:17:23.817 [warning] [Decorations] CAPPING events from decorations provider vscode.git 1920
2023-01-19 11:17:29.079 [warning] [Decorations] CAPPING events from decorations provider vscode.git 1920
2023-01-19 11:17:34.271 [warning] [Decorations] CAPPING events from decorations provider vscode.git 1920
2023-01-19 11:17:39.501 [warning] [Decorations] CAPPING events from decorations provider vscode.git 1920
2023-01-19 11:17:44.670 [warning] [Decorations] CAPPING events from decorations provider vscode.git 1920
2023-01-19 11:17:49.908 [warning] [Decorations] CAPPING events from decorations provider vscode.git 1920
2023-01-19 11:17:55.050 [warning] [Decorations] CAPPING events from decorations provider vscode.git 1920
2023-01-19 11:18:00.327 [warning] [Decorations] CAPPING events from decorations provider vscode.git 1920
2023-01-19 11:18:05.464 [warning] [Decorations] CAPPING events from decorations provider vscode.git 1920
2023-01-19 11:18:10.750 [warning] [Decorations] CAPPING events from decorations provider vscode.git 1920
2023-01-19 11:18:15.925 [warning] [Decorations] CAPPING events from decorations provider vscode.git 1920
2023-01-19 11:18:21.191 [warning] [Decorations] CAPPING events from decorations provider vscode.git 1920
2023-01-19 11:18:26.338 [warning] [Decorations] CAPPING events from decorations provider vscode.git 1920
2023-01-19 11:18:31.615 [warning] [Decorations] CAPPING events from decorations provider vscode.git 1920
2023-01-19 11:18:36.785 [warning] [Decorations] CAPPING events from decorations provider vscode.git 1920
2023-01-19 11:18:42.003 [warning] [Decorations] CAPPING events from decorations provider vscode.git 1920
2023-01-19 11:18:47.118 [warning] [Decorations] CAPPING events from decorations provider vscode.git 1920
2023-01-19 11:18:52.361 [warning] [Decorations] CAPPING events from decorations provider vscode.git 1920
2023-01-19 11:18:57.606 [warning] [Decorations] CAPPING events from decorations provider vscode.git 1920
2023-01-19 11:19:02.778 [warning] [Decorations] CAPPING events from decorations provider vscode.git 1920
2023-01-19 15:56:21.014 [info] Extension host terminating: renderer disconnected for too long (1)
2023-01-19 15:56:21.036 [info] Lock '/home/vagrant/.vscode-server/data/User/workspaceStorage/c2d548dddc6058bd8a646987c8302a31/vscode.lock': Marking the lockfile as scheduled to be released in 6000 ms.
2023-01-19 15:56:21.187 [info] Extension host with pid 1666 exiting with code 0
