2023-02-17 09:24:37.698 [info] Extension host with pid 1510 started
2023-02-17 09:24:37.820 [info] Lock '/home/vagrant/.vscode-server/data/User/workspaceStorage/c2d548dddc6058bd8a646987c8302a31/vscode.lock': Lock acquired.
2023-02-17 09:24:38.048 [info] ExtensionService#_doActivateExtension vscode.git-base, startup: true, activationEvent: '*', root cause: vscode.git
2023-02-17 09:24:38.779 [info] ExtensionService#_doActivateExtension vscode.git, startup: true, activationEvent: '*'
2023-02-17 09:24:38.781 [info] ExtensionService#_doActivateExtension vscode.github, startup: true, activationEvent: '*'
2023-02-17 09:24:40.395 [info] ExtensionService#_doActivateExtension vscode.debug-auto-launch, startup: false, activationEvent: 'onStartupFinished'
2023-02-17 09:24:40.395 [info] ExtensionService#_doActivateExtension vscode.emmet, startup: false, activationEvent: 'onStartupFinished'
2023-02-17 09:24:40.396 [info] ExtensionService#_doActivateExtension vscode.merge-conflict, startup: false, activationEvent: 'onStartupFinished'
2023-02-17 09:24:40.402 [info] Eager extensions activated
2023-02-17 09:24:41.381 [warning] [Decorations] CAPPING events from decorations provider vscode.git 2202
2023-02-17 09:24:42.649 [warning] [Decorations] CAPPING events from decorations provider vscode.git 2203
2023-02-17 09:24:44.395 [warning] [Decorations] CAPPING events from decorations provider vscode.git 2203
2023-02-17 09:24:49.729 [warning] [Decorations] CAPPING events from decorations provider vscode.git 2203
2023-02-17 09:24:54.883 [warning] [Decorations] CAPPING events from decorations provider vscode.git 2203
2023-02-17 09:25:00.263 [warning] [Decorations] CAPPING events from decorations provider vscode.git 2203
2023-02-17 09:25:05.444 [warning] [Decorations] CAPPING events from decorations provider vscode.git 2203
2023-02-17 09:25:10.639 [warning] [Decorations] CAPPING events from decorations provider vscode.git 2203
2023-02-17 09:25:15.873 [warning] [Decorations] CAPPING events from decorations provider vscode.git 2203
2023-02-17 09:25:21.183 [warning] [Decorations] CAPPING events from decorations provider vscode.git 2203
2023-02-17 09:25:26.499 [warning] [Decorations] CAPPING events from decorations provider vscode.git 2203
2023-02-17 09:25:31.756 [warning] [Decorations] CAPPING events from decorations provider vscode.git 2203
2023-02-17 09:25:36.935 [warning] [Decorations] CAPPING events from decorations provider vscode.git 2203
2023-02-17 09:25:42.216 [warning] [Decorations] CAPPING events from decorations provider vscode.git 2203
2023-02-17 09:25:47.397 [warning] [Decorations] CAPPING events from decorations provider vscode.git 2203
2023-02-17 09:25:52.633 [warning] [Decorations] CAPPING events from decorations provider vscode.git 2203
2023-02-17 09:25:57.927 [warning] [Decorations] CAPPING events from decorations provider vscode.git 2203
2023-02-17 09:26:03.165 [warning] [Decorations] CAPPING events from decorations provider vscode.git 2203
2023-02-17 09:26:08.365 [warning] [Decorations] CAPPING events from decorations provider vscode.git 2203
2023-02-17 09:26:13.642 [warning] [Decorations] CAPPING events from decorations provider vscode.git 2203
2023-02-17 09:26:18.817 [warning] [Decorations] CAPPING events from decorations provider vscode.git 2203
2023-02-17 09:26:24.002 [warning] [Decorations] CAPPING events from decorations provider vscode.git 2203
2023-02-17 09:26:29.164 [warning] [Decorations] CAPPING events from decorations provider vscode.git 2203
2023-02-17 09:26:34.364 [warning] [Decorations] CAPPING events from decorations provider vscode.git 2203
2023-02-17 09:26:39.565 [warning] [Decorations] CAPPING events from decorations provider vscode.git 2203
2023-02-17 09:26:44.895 [warning] [Decorations] CAPPING events from decorations provider vscode.git 2203
2023-02-17 09:26:50.199 [warning] [Decorations] CAPPING events from decorations provider vscode.git 2203
2023-02-17 09:26:55.361 [warning] [Decorations] CAPPING events from decorations provider vscode.git 2203
2023-02-17 09:27:00.586 [warning] [Decorations] CAPPING events from decorations provider vscode.git 2203
2023-02-17 09:27:05.759 [warning] [Decorations] CAPPING events from decorations provider vscode.git 2203
2023-02-17 09:27:11.073 [warning] [Decorations] CAPPING events from decorations provider vscode.git 2203
2023-02-17 09:27:16.372 [warning] [Decorations] CAPPING events from decorations provider vscode.git 2203
2023-02-17 09:27:21.655 [warning] [Decorations] CAPPING events from decorations provider vscode.git 2203
2023-02-17 09:27:26.824 [warning] [Decorations] CAPPING events from decorations provider vscode.git 2203
2023-02-17 09:27:31.992 [warning] [Decorations] CAPPING events from decorations provider vscode.git 2203
2023-02-17 09:27:37.271 [warning] [Decorations] CAPPING events from decorations provider vscode.git 2203
2023-02-17 09:27:43.027 [warning] [Decorations] CAPPING events from decorations provider vscode.git 2203
2023-02-17 09:27:48.370 [warning] [Decorations] CAPPING events from decorations provider vscode.git 2203
2023-02-17 10:06:35.899 [warning] [Decorations] CAPPING events from decorations provider vscode.git 2203
2023-02-17 10:06:41.136 [warning] [Decorations] CAPPING events from decorations provider vscode.git 2203
2023-02-17 10:06:46.608 [warning] [Decorations] CAPPING events from decorations provider vscode.git 2203
2023-02-17 10:07:05.678 [warning] [Decorations] CAPPING events from decorations provider vscode.git 2203
2023-02-17 10:07:10.876 [warning] [Decorations] CAPPING events from decorations provider vscode.git 2203
2023-02-17 10:17:04.487 [warning] [Decorations] CAPPING events from decorations provider vscode.git 2203
2023-02-17 10:17:09.676 [warning] [Decorations] CAPPING events from decorations provider vscode.git 2203
2023-02-17 10:17:14.977 [warning] [Decorations] CAPPING events from decorations provider vscode.git 2203
2023-02-17 10:17:20.292 [warning] [Decorations] CAPPING events from decorations provider vscode.git 2203
2023-02-17 10:17:25.635 [warning] [Decorations] CAPPING events from decorations provider vscode.git 2203
2023-02-17 10:17:30.856 [warning] [Decorations] CAPPING events from decorations provider vscode.git 2203
2023-02-17 10:17:36.066 [warning] [Decorations] CAPPING events from decorations provider vscode.git 2203
2023-02-17 10:17:41.252 [warning] [Decorations] CAPPING events from decorations provider vscode.git 2203
2023-02-17 10:17:46.439 [warning] [Decorations] CAPPING events from decorations provider vscode.git 2203
2023-02-17 10:17:51.658 [warning] [Decorations] CAPPING events from decorations provider vscode.git 2203
2023-02-17 10:17:56.887 [warning] [Decorations] CAPPING events from decorations provider vscode.git 2203
2023-02-17 10:18:02.064 [warning] [Decorations] CAPPING events from decorations provider vscode.git 2203
2023-02-17 10:24:20.418 [warning] [Decorations] CAPPING events from decorations provider vscode.git 2203
2023-02-17 10:25:09.346 [warning] [Decorations] CAPPING events from decorations provider vscode.git 2203
2023-02-17 10:25:09.391 [info] ExtensionService#_doActivateExtension vscode.npm, startup: false, activationEvent: 'onLanguage:properties'
2023-02-17 10:25:14.549 [warning] [Decorations] CAPPING events from decorations provider vscode.git 2203
2023-02-17 10:25:20.018 [warning] [Decorations] CAPPING events from decorations provider vscode.git 2203
2023-02-17 10:25:25.261 [warning] [Decorations] CAPPING events from decorations provider vscode.git 2203
2023-02-17 10:25:30.621 [warning] [Decorations] CAPPING events from decorations provider vscode.git 2203
2023-02-17 10:25:35.901 [warning] [Decorations] CAPPING events from decorations provider vscode.git 2203
2023-02-17 10:25:41.159 [warning] [Decorations] CAPPING events from decorations provider vscode.git 2203
2023-02-17 10:25:46.355 [warning] [Decorations] CAPPING events from decorations provider vscode.git 2203
2023-02-17 10:25:51.528 [warning] [Decorations] CAPPING events from decorations provider vscode.git 2203
2023-02-17 10:25:56.760 [warning] [Decorations] CAPPING events from decorations provider vscode.git 2203
2023-02-17 10:26:01.906 [warning] [Decorations] CAPPING events from decorations provider vscode.git 2203
2023-02-17 10:26:07.190 [warning] [Decorations] CAPPING events from decorations provider vscode.git 2203
2023-02-17 10:26:12.384 [warning] [Decorations] CAPPING events from decorations provider vscode.git 2203
2023-02-17 10:26:17.782 [warning] [Decorations] CAPPING events from decorations provider vscode.git 2203
2023-02-17 10:26:22.965 [warning] [Decorations] CAPPING events from decorations provider vscode.git 2203
2023-02-17 10:26:28.180 [warning] [Decorations] CAPPING events from decorations provider vscode.git 2203
2023-02-17 10:26:33.364 [warning] [Decorations] CAPPING events from decorations provider vscode.git 2203
2023-02-17 10:26:38.582 [warning] [Decorations] CAPPING events from decorations provider vscode.git 2203
2023-02-17 10:26:43.762 [warning] [Decorations] CAPPING events from decorations provider vscode.git 2203
2023-02-17 10:26:49.102 [warning] [Decorations] CAPPING events from decorations provider vscode.git 2203
2023-02-17 10:26:54.368 [warning] [Decorations] CAPPING events from decorations provider vscode.git 2203
2023-02-17 10:26:59.548 [warning] [Decorations] CAPPING events from decorations provider vscode.git 2203
2023-02-17 10:27:04.713 [warning] [Decorations] CAPPING events from decorations provider vscode.git 2203
2023-02-17 10:27:09.924 [warning] [Decorations] CAPPING events from decorations provider vscode.git 2203
2023-02-17 10:27:15.140 [warning] [Decorations] CAPPING events from decorations provider vscode.git 2203
2023-02-17 10:27:20.345 [warning] [Decorations] CAPPING events from decorations provider vscode.git 2203
2023-02-17 10:27:25.544 [warning] [Decorations] CAPPING events from decorations provider vscode.git 2203
2023-02-17 10:27:30.812 [warning] [Decorations] CAPPING events from decorations provider vscode.git 2203
2023-02-17 10:27:35.993 [warning] [Decorations] CAPPING events from decorations provider vscode.git 2203
2023-02-17 10:27:41.276 [warning] [Decorations] CAPPING events from decorations provider vscode.git 2203
2023-02-17 10:27:46.714 [warning] [Decorations] CAPPING events from decorations provider vscode.git 2203
2023-02-17 10:27:51.980 [warning] [Decorations] CAPPING events from decorations provider vscode.git 2204
2023-02-17 10:27:57.398 [warning] [Decorations] CAPPING events from decorations provider vscode.git 2205
2023-02-17 10:28:12.228 [warning] [Decorations] CAPPING events from decorations provider vscode.git 2205
2023-02-17 10:28:18.955 [warning] [Decorations] CAPPING events from decorations provider vscode.git 2205
2023-02-17 10:28:24.262 [warning] [Decorations] CAPPING events from decorations provider vscode.git 2205
2023-02-17 10:28:29.610 [warning] [Decorations] CAPPING events from decorations provider vscode.git 2203
2023-02-17 10:28:34.947 [warning] [Decorations] CAPPING events from decorations provider vscode.git 2203
2023-02-17 10:28:40.159 [warning] [Decorations] CAPPING events from decorations provider vscode.git 2203
2023-02-17 10:28:45.459 [warning] [Decorations] CAPPING events from decorations provider vscode.git 2203
2023-02-17 10:28:50.767 [warning] [Decorations] CAPPING events from decorations provider vscode.git 2203
2023-02-17 10:28:56.106 [warning] [Decorations] CAPPING events from decorations provider vscode.git 2203
2023-02-17 10:29:01.481 [warning] [Decorations] CAPPING events from decorations provider vscode.git 2203
2023-02-17 10:29:06.700 [warning] [Decorations] CAPPING events from decorations provider vscode.git 2203
2023-02-17 10:29:11.881 [warning] [Decorations] CAPPING events from decorations provider vscode.git 2203
2023-02-17 10:29:17.177 [warning] [Decorations] CAPPING events from decorations provider vscode.git 2203
2023-02-17 10:29:22.402 [warning] [Decorations] CAPPING events from decorations provider vscode.git 2203
2023-02-17 10:29:27.740 [warning] [Decorations] CAPPING events from decorations provider vscode.git 2203
2023-02-17 10:29:33.142 [warning] [Decorations] CAPPING events from decorations provider vscode.git 2203
2023-02-17 10:29:38.383 [warning] [Decorations] CAPPING events from decorations provider vscode.git 2203
2023-02-17 10:29:43.596 [warning] [Decorations] CAPPING events from decorations provider vscode.git 2203
2023-02-17 10:29:48.989 [warning] [Decorations] CAPPING events from decorations provider vscode.git 2203
2023-02-17 10:29:54.250 [warning] [Decorations] CAPPING events from decorations provider vscode.git 2203
2023-02-17 10:29:59.606 [warning] [Decorations] CAPPING events from decorations provider vscode.git 2203
2023-02-17 10:30:04.810 [warning] [Decorations] CAPPING events from decorations provider vscode.git 2203
2023-02-17 10:30:10.087 [warning] [Decorations] CAPPING events from decorations provider vscode.git 2203
2023-02-17 10:30:15.314 [warning] [Decorations] CAPPING events from decorations provider vscode.git 2203
2023-02-17 10:30:20.539 [warning] [Decorations] CAPPING events from decorations provider vscode.git 2203
2023-02-17 10:30:25.726 [warning] [Decorations] CAPPING events from decorations provider vscode.git 2203
2023-02-17 10:30:31.035 [warning] [Decorations] CAPPING events from decorations provider vscode.git 2203
2023-02-17 10:30:36.315 [warning] [Decorations] CAPPING events from decorations provider vscode.git 2203
2023-02-17 10:30:41.609 [warning] [Decorations] CAPPING events from decorations provider vscode.git 2203
2023-02-17 10:30:46.911 [warning] [Decorations] CAPPING events from decorations provider vscode.git 2203
2023-02-17 10:30:52.104 [warning] [Decorations] CAPPING events from decorations provider vscode.git 2203
2023-02-17 10:30:57.253 [warning] [Decorations] CAPPING events from decorations provider vscode.git 2203
2023-02-17 10:31:02.472 [warning] [Decorations] CAPPING events from decorations provider vscode.git 2203
2023-02-17 10:31:07.712 [warning] [Decorations] CAPPING events from decorations provider vscode.git 2203
2023-02-17 10:31:13.003 [warning] [Decorations] CAPPING events from decorations provider vscode.git 2203
2023-02-17 10:31:18.241 [warning] [Decorations] CAPPING events from decorations provider vscode.git 2203
2023-02-17 10:31:23.437 [warning] [Decorations] CAPPING events from decorations provider vscode.git 2203
2023-02-17 10:31:28.665 [warning] [Decorations] CAPPING events from decorations provider vscode.git 2203
2023-02-17 10:31:33.901 [warning] [Decorations] CAPPING events from decorations provider vscode.git 2203
2023-02-17 10:31:39.104 [warning] [Decorations] CAPPING events from decorations provider vscode.git 2203
2023-02-17 10:31:44.330 [warning] [Decorations] CAPPING events from decorations provider vscode.git 2203
2023-02-17 10:31:49.513 [warning] [Decorations] CAPPING events from decorations provider vscode.git 2203
2023-02-17 10:31:54.776 [warning] [Decorations] CAPPING events from decorations provider vscode.git 2203
2023-02-17 10:32:00.051 [warning] [Decorations] CAPPING events from decorations provider vscode.git 2203
2023-02-17 10:32:05.350 [warning] [Decorations] CAPPING events from decorations provider vscode.git 2203
2023-02-17 10:32:10.595 [warning] [Decorations] CAPPING events from decorations provider vscode.git 2203
2023-02-17 10:32:15.811 [warning] [Decorations] CAPPING events from decorations provider vscode.git 2203
2023-02-17 10:32:20.959 [warning] [Decorations] CAPPING events from decorations provider vscode.git 2203
2023-02-17 10:32:26.221 [warning] [Decorations] CAPPING events from decorations provider vscode.git 2203
2023-02-17 10:32:31.431 [warning] [Decorations] CAPPING events from decorations provider vscode.git 2203
2023-02-17 10:32:36.781 [warning] [Decorations] CAPPING events from decorations provider vscode.git 2203
2023-02-17 10:32:42.047 [warning] [Decorations] CAPPING events from decorations provider vscode.git 2203
2023-02-17 10:32:47.343 [warning] [Decorations] CAPPING events from decorations provider vscode.git 2203
2023-02-17 10:32:52.514 [warning] [Decorations] CAPPING events from decorations provider vscode.git 2203
2023-02-17 10:32:57.750 [warning] [Decorations] CAPPING events from decorations provider vscode.git 2203
2023-02-17 10:33:02.920 [warning] [Decorations] CAPPING events from decorations provider vscode.git 2203
2023-02-17 10:33:08.263 [warning] [Decorations] CAPPING events from decorations provider vscode.git 2203
2023-02-17 10:33:13.564 [warning] [Decorations] CAPPING events from decorations provider vscode.git 2203
2023-02-17 10:33:18.801 [warning] [Decorations] CAPPING events from decorations provider vscode.git 2203
2023-02-17 10:33:23.987 [warning] [Decorations] CAPPING events from decorations provider vscode.git 2203
2023-02-17 10:33:29.228 [warning] [Decorations] CAPPING events from decorations provider vscode.git 2203
2023-02-17 10:33:34.500 [warning] [Decorations] CAPPING events from decorations provider vscode.git 2203
2023-02-17 10:33:39.790 [warning] [Decorations] CAPPING events from decorations provider vscode.git 2203
2023-02-17 10:33:45.044 [warning] [Decorations] CAPPING events from decorations provider vscode.git 2203
2023-02-17 10:33:50.312 [warning] [Decorations] CAPPING events from decorations provider vscode.git 2203
2023-02-17 10:33:59.278 [warning] [Decorations] CAPPING events from decorations provider vscode.git 2203
2023-02-17 10:34:04.741 [warning] [Decorations] CAPPING events from decorations provider vscode.git 2203
2023-02-17 10:34:10.336 [warning] [Decorations] CAPPING events from decorations provider vscode.git 2204
2023-02-17 10:34:15.831 [warning] [Decorations] CAPPING events from decorations provider vscode.git 2206
2023-02-17 10:34:21.049 [warning] [Decorations] CAPPING events from decorations provider vscode.git 2206
2023-02-17 10:34:26.465 [warning] [Decorations] CAPPING events from decorations provider vscode.git 2203
2023-02-17 10:34:31.687 [warning] [Decorations] CAPPING events from decorations provider vscode.git 2203
2023-02-17 10:34:37.136 [warning] [Decorations] CAPPING events from decorations provider vscode.git 2203
2023-02-17 10:34:42.401 [warning] [Decorations] CAPPING events from decorations provider vscode.git 2203
2023-02-17 10:34:47.720 [warning] [Decorations] CAPPING events from decorations provider vscode.git 2203
2023-02-17 10:34:53.188 [warning] [Decorations] CAPPING events from decorations provider vscode.git 2203
2023-02-17 10:34:58.602 [warning] [Decorations] CAPPING events from decorations provider vscode.git 2203
2023-02-17 10:35:03.851 [warning] [Decorations] CAPPING events from decorations provider vscode.git 2203
2023-02-17 10:35:09.249 [warning] [Decorations] CAPPING events from decorations provider vscode.git 2203
2023-02-17 10:35:14.445 [warning] [Decorations] CAPPING events from decorations provider vscode.git 2203
2023-02-17 10:35:19.753 [warning] [Decorations] CAPPING events from decorations provider vscode.git 2203
2023-02-17 10:35:25.142 [warning] [Decorations] CAPPING events from decorations provider vscode.git 2203
2023-02-17 10:35:30.502 [warning] [Decorations] CAPPING events from decorations provider vscode.git 2203
2023-02-17 10:35:35.755 [warning] [Decorations] CAPPING events from decorations provider vscode.git 2203
2023-02-17 10:35:41.223 [warning] [Decorations] CAPPING events from decorations provider vscode.git 2203
2023-02-17 10:35:46.420 [warning] [Decorations] CAPPING events from decorations provider vscode.git 2203
2023-02-17 10:35:51.737 [warning] [Decorations] CAPPING events from decorations provider vscode.git 2203
2023-02-17 10:35:57.168 [warning] [Decorations] CAPPING events from decorations provider vscode.git 2203
2023-02-17 10:36:02.520 [warning] [Decorations] CAPPING events from decorations provider vscode.git 2203
2023-02-17 10:36:07.930 [warning] [Decorations] CAPPING events from decorations provider vscode.git 2203
2023-02-17 10:36:13.322 [warning] [Decorations] CAPPING events from decorations provider vscode.git 2203
2023-02-17 10:36:18.602 [warning] [Decorations] CAPPING events from decorations provider vscode.git 2203
2023-02-17 10:36:24.107 [warning] [Decorations] CAPPING events from decorations provider vscode.git 2203
2023-02-17 10:36:29.453 [warning] [Decorations] CAPPING events from decorations provider vscode.git 2203
2023-02-17 10:36:34.769 [warning] [Decorations] CAPPING events from decorations provider vscode.git 2203
2023-02-17 10:36:40.141 [warning] [Decorations] CAPPING events from decorations provider vscode.git 2203
2023-02-17 10:36:45.343 [warning] [Decorations] CAPPING events from decorations provider vscode.git 2203
2023-02-17 10:36:50.676 [warning] [Decorations] CAPPING events from decorations provider vscode.git 2203
2023-02-17 10:36:56.108 [warning] [Decorations] CAPPING events from decorations provider vscode.git 2203
2023-02-17 10:37:01.521 [warning] [Decorations] CAPPING events from decorations provider vscode.git 2203
2023-02-17 10:37:06.835 [warning] [Decorations] CAPPING events from decorations provider vscode.git 2203
2023-02-17 10:37:12.032 [warning] [Decorations] CAPPING events from decorations provider vscode.git 2203
2023-02-17 10:37:17.374 [warning] [Decorations] CAPPING events from decorations provider vscode.git 2203
2023-02-17 10:37:22.587 [warning] [Decorations] CAPPING events from decorations provider vscode.git 2203
2023-02-17 10:37:27.951 [warning] [Decorations] CAPPING events from decorations provider vscode.git 2203
2023-02-17 10:37:33.255 [warning] [Decorations] CAPPING events from decorations provider vscode.git 2203
2023-02-17 10:37:38.481 [warning] [Decorations] CAPPING events from decorations provider vscode.git 2203
2023-02-17 10:37:43.852 [warning] [Decorations] CAPPING events from decorations provider vscode.git 2203
2023-02-17 10:37:49.070 [warning] [Decorations] CAPPING events from decorations provider vscode.git 2203
2023-02-17 10:37:54.367 [warning] [Decorations] CAPPING events from decorations provider vscode.git 2203
2023-02-17 10:37:59.717 [warning] [Decorations] CAPPING events from decorations provider vscode.git 2203
2023-02-17 10:38:04.945 [warning] [Decorations] CAPPING events from decorations provider vscode.git 2203
2023-02-17 10:38:10.229 [warning] [Decorations] CAPPING events from decorations provider vscode.git 2203
2023-02-17 10:38:15.698 [warning] [Decorations] CAPPING events from decorations provider vscode.git 2203
2023-02-17 10:38:21.122 [warning] [Decorations] CAPPING events from decorations provider vscode.git 2203
2023-02-17 10:38:26.502 [warning] [Decorations] CAPPING events from decorations provider vscode.git 2203
2023-02-17 10:38:31.846 [warning] [Decorations] CAPPING events from decorations provider vscode.git 2203
2023-02-17 10:38:37.135 [warning] [Decorations] CAPPING events from decorations provider vscode.git 2203
2023-02-17 10:38:42.387 [warning] [Decorations] CAPPING events from decorations provider vscode.git 2203
2023-02-17 10:38:47.609 [warning] [Decorations] CAPPING events from decorations provider vscode.git 2203
2023-02-17 10:38:53.069 [warning] [Decorations] CAPPING events from decorations provider vscode.git 2203
2023-02-17 10:38:58.567 [warning] [Decorations] CAPPING events from decorations provider vscode.git 2203
2023-02-17 10:39:04.134 [warning] [Decorations] CAPPING events from decorations provider vscode.git 2206
2023-02-17 10:39:09.454 [warning] [Decorations] CAPPING events from decorations provider vscode.git 2207
2023-02-17 10:39:14.850 [warning] [Decorations] CAPPING events from decorations provider vscode.git 2205
2023-02-17 10:39:20.116 [warning] [Decorations] CAPPING events from decorations provider vscode.git 2205
2023-02-17 10:39:25.448 [warning] [Decorations] CAPPING events from decorations provider vscode.git 2205
2023-02-17 10:39:30.711 [warning] [Decorations] CAPPING events from decorations provider vscode.git 2205
2023-02-17 10:39:36.093 [warning] [Decorations] CAPPING events from decorations provider vscode.git 2205
2023-02-17 10:39:41.403 [warning] [Decorations] CAPPING events from decorations provider vscode.git 2205
2023-02-17 10:39:47.295 [warning] [Decorations] CAPPING events from decorations provider vscode.git 2207
2023-02-17 10:39:52.990 [warning] [Decorations] CAPPING events from decorations provider vscode.git 2208
2023-02-17 10:39:58.337 [warning] [Decorations] CAPPING events from decorations provider vscode.git 2207
2023-02-17 10:40:03.615 [warning] [Decorations] CAPPING events from decorations provider vscode.git 2203
2023-02-17 10:40:08.971 [warning] [Decorations] CAPPING events from decorations provider vscode.git 2203
2023-02-17 10:40:14.249 [warning] [Decorations] CAPPING events from decorations provider vscode.git 2203
2023-02-17 10:40:19.548 [warning] [Decorations] CAPPING events from decorations provider vscode.git 2203
2023-02-17 10:40:24.937 [warning] [Decorations] CAPPING events from decorations provider vscode.git 2203
2023-02-17 10:40:30.168 [warning] [Decorations] CAPPING events from decorations provider vscode.git 2203
2023-02-17 10:40:35.344 [warning] [Decorations] CAPPING events from decorations provider vscode.git 2203
2023-02-17 10:40:40.967 [warning] [Decorations] CAPPING events from decorations provider vscode.git 2206
2023-02-17 10:40:46.208 [warning] [Decorations] CAPPING events from decorations provider vscode.git 2206
2023-02-17 10:40:51.544 [warning] [Decorations] CAPPING events from decorations provider vscode.git 2203
2023-02-17 10:40:56.709 [warning] [Decorations] CAPPING events from decorations provider vscode.git 2203
2023-02-17 10:41:01.999 [warning] [Decorations] CAPPING events from decorations provider vscode.git 2203
2023-02-17 10:41:07.374 [warning] [Decorations] CAPPING events from decorations provider vscode.git 2203
2023-02-17 10:41:12.629 [warning] [Decorations] CAPPING events from decorations provider vscode.git 2203
2023-02-17 10:41:17.888 [warning] [Decorations] CAPPING events from decorations provider vscode.git 2203
2023-02-17 10:41:23.304 [warning] [Decorations] CAPPING events from decorations provider vscode.git 2203
2023-02-17 10:41:28.517 [warning] [Decorations] CAPPING events from decorations provider vscode.git 2203
2023-02-17 10:41:33.849 [warning] [Decorations] CAPPING events from decorations provider vscode.git 2203
2023-02-17 10:41:39.283 [warning] [Decorations] CAPPING events from decorations provider vscode.git 2203
2023-02-17 10:41:44.609 [warning] [Decorations] CAPPING events from decorations provider vscode.git 2203
2023-02-17 10:41:49.966 [warning] [Decorations] CAPPING events from decorations provider vscode.git 2203
2023-02-17 10:41:55.256 [warning] [Decorations] CAPPING events from decorations provider vscode.git 2203
2023-02-17 10:42:00.474 [warning] [Decorations] CAPPING events from decorations provider vscode.git 2203
2023-02-17 10:42:05.662 [warning] [Decorations] CAPPING events from decorations provider vscode.git 2203
2023-02-17 10:42:10.902 [warning] [Decorations] CAPPING events from decorations provider vscode.git 2203
2023-02-17 10:42:16.220 [warning] [Decorations] CAPPING events from decorations provider vscode.git 2203
2023-02-17 10:42:21.437 [warning] [Decorations] CAPPING events from decorations provider vscode.git 2203
2023-02-17 10:42:26.799 [warning] [Decorations] CAPPING events from decorations provider vscode.git 2203
2023-02-17 10:42:32.033 [warning] [Decorations] CAPPING events from decorations provider vscode.git 2203
2023-02-17 10:42:37.258 [warning] [Decorations] CAPPING events from decorations provider vscode.git 2203
2023-02-17 10:42:42.541 [warning] [Decorations] CAPPING events from decorations provider vscode.git 2203
2023-02-17 10:42:47.868 [warning] [Decorations] CAPPING events from decorations provider vscode.git 2203
2023-02-17 10:42:53.136 [warning] [Decorations] CAPPING events from decorations provider vscode.git 2203
2023-02-17 10:42:58.358 [warning] [Decorations] CAPPING events from decorations provider vscode.git 2203
2023-02-17 10:43:03.657 [warning] [Decorations] CAPPING events from decorations provider vscode.git 2203
2023-02-17 10:43:08.995 [warning] [Decorations] CAPPING events from decorations provider vscode.git 2203
2023-02-17 10:43:14.278 [warning] [Decorations] CAPPING events from decorations provider vscode.git 2203
2023-02-17 10:43:19.645 [warning] [Decorations] CAPPING events from decorations provider vscode.git 2203
2023-02-17 10:43:24.799 [warning] [Decorations] CAPPING events from decorations provider vscode.git 2203
2023-02-17 10:43:30.147 [warning] [Decorations] CAPPING events from decorations provider vscode.git 2203
2023-02-17 10:43:35.367 [warning] [Decorations] CAPPING events from decorations provider vscode.git 2203
2023-02-17 10:43:40.704 [warning] [Decorations] CAPPING events from decorations provider vscode.git 2203
2023-02-17 10:43:45.880 [warning] [Decorations] CAPPING events from decorations provider vscode.git 2203
2023-02-17 10:43:51.182 [warning] [Decorations] CAPPING events from decorations provider vscode.git 2203
2023-02-17 10:43:56.601 [warning] [Decorations] CAPPING events from decorations provider vscode.git 2203
2023-02-17 10:44:01.811 [warning] [Decorations] CAPPING events from decorations provider vscode.git 2203
2023-02-17 10:44:07.061 [warning] [Decorations] CAPPING events from decorations provider vscode.git 2203
2023-02-17 10:44:12.474 [warning] [Decorations] CAPPING events from decorations provider vscode.git 2203
2023-02-17 10:44:17.708 [warning] [Decorations] CAPPING events from decorations provider vscode.git 2203
2023-02-17 10:44:23.145 [warning] [Decorations] CAPPING events from decorations provider vscode.git 2203
2023-02-17 10:44:28.358 [warning] [Decorations] CAPPING events from decorations provider vscode.git 2203
2023-02-17 10:44:33.772 [warning] [Decorations] CAPPING events from decorations provider vscode.git 2203
2023-02-17 10:44:39.152 [warning] [Decorations] CAPPING events from decorations provider vscode.git 2203
2023-02-17 10:44:44.474 [warning] [Decorations] CAPPING events from decorations provider vscode.git 2203
2023-02-17 10:44:49.878 [warning] [Decorations] CAPPING events from decorations provider vscode.git 2203
2023-02-17 10:44:55.143 [warning] [Decorations] CAPPING events from decorations provider vscode.git 2203
2023-02-17 10:45:00.507 [warning] [Decorations] CAPPING events from decorations provider vscode.git 2203
2023-02-17 10:45:05.819 [warning] [Decorations] CAPPING events from decorations provider vscode.git 2203
2023-02-17 10:45:11.093 [warning] [Decorations] CAPPING events from decorations provider vscode.git 2203
2023-02-17 10:45:16.457 [warning] [Decorations] CAPPING events from decorations provider vscode.git 2203
2023-02-17 10:45:22.468 [warning] [Decorations] CAPPING events from decorations provider vscode.git 2204
2023-02-17 10:45:29.188 [warning] [Decorations] CAPPING events from decorations provider vscode.git 2206
2023-02-17 10:45:34.931 [warning] [Decorations] CAPPING events from decorations provider vscode.git 2206
2023-02-17 10:45:40.407 [warning] [Decorations] CAPPING events from decorations provider vscode.git 2203
2023-02-17 10:45:45.620 [warning] [Decorations] CAPPING events from decorations provider vscode.git 2203
2023-02-17 10:45:51.023 [warning] [Decorations] CAPPING events from decorations provider vscode.git 2203
2023-02-17 10:45:56.386 [warning] [Decorations] CAPPING events from decorations provider vscode.git 2203
2023-02-17 10:46:01.605 [warning] [Decorations] CAPPING events from decorations provider vscode.git 2203
2023-02-17 10:46:06.857 [warning] [Decorations] CAPPING events from decorations provider vscode.git 2203
2023-02-17 10:46:12.304 [warning] [Decorations] CAPPING events from decorations provider vscode.git 2203
2023-02-17 10:46:17.663 [warning] [Decorations] CAPPING events from decorations provider vscode.git 2203
2023-02-17 10:46:22.913 [warning] [Decorations] CAPPING events from decorations provider vscode.git 2203
2023-02-17 10:46:28.205 [warning] [Decorations] CAPPING events from decorations provider vscode.git 2203
2023-02-17 10:46:33.421 [warning] [Decorations] CAPPING events from decorations provider vscode.git 2203
2023-02-17 10:46:38.675 [warning] [Decorations] CAPPING events from decorations provider vscode.git 2203
2023-02-17 10:46:44.056 [warning] [Decorations] CAPPING events from decorations provider vscode.git 2203
2023-02-17 10:46:49.309 [warning] [Decorations] CAPPING events from decorations provider vscode.git 2203
2023-02-17 10:46:54.612 [warning] [Decorations] CAPPING events from decorations provider vscode.git 2203
2023-02-17 10:47:00.084 [warning] [Decorations] CAPPING events from decorations provider vscode.git 2203
2023-02-17 10:47:05.468 [warning] [Decorations] CAPPING events from decorations provider vscode.git 2203
2023-02-17 10:47:10.934 [warning] [Decorations] CAPPING events from decorations provider vscode.git 2203
2023-02-17 10:47:16.255 [warning] [Decorations] CAPPING events from decorations provider vscode.git 2203
2023-02-17 10:47:21.479 [warning] [Decorations] CAPPING events from decorations provider vscode.git 2203
2023-02-17 10:47:26.800 [warning] [Decorations] CAPPING events from decorations provider vscode.git 2203
2023-02-17 10:47:32.266 [warning] [Decorations] CAPPING events from decorations provider vscode.git 2203
2023-02-17 10:47:37.587 [warning] [Decorations] CAPPING events from decorations provider vscode.git 2203
2023-02-17 10:47:42.798 [warning] [Decorations] CAPPING events from decorations provider vscode.git 2203
2023-02-17 10:47:48.084 [warning] [Decorations] CAPPING events from decorations provider vscode.git 2203
2023-02-17 10:47:53.524 [warning] [Decorations] CAPPING events from decorations provider vscode.git 2203
2023-02-17 10:47:58.779 [warning] [Decorations] CAPPING events from decorations provider vscode.git 2203
2023-02-17 10:48:04.217 [warning] [Decorations] CAPPING events from decorations provider vscode.git 2203
2023-02-17 10:48:09.528 [warning] [Decorations] CAPPING events from decorations provider vscode.git 2203
2023-02-17 10:48:14.708 [warning] [Decorations] CAPPING events from decorations provider vscode.git 2203
2023-02-17 10:48:20.237 [warning] [Decorations] CAPPING events from decorations provider vscode.git 2203
2023-02-17 10:48:25.652 [warning] [Decorations] CAPPING events from decorations provider vscode.git 2204
2023-02-17 10:48:30.938 [warning] [Decorations] CAPPING events from decorations provider vscode.git 2204
2023-02-17 10:48:36.185 [warning] [Decorations] CAPPING events from decorations provider vscode.git 2203
2023-02-17 10:48:41.533 [warning] [Decorations] CAPPING events from decorations provider vscode.git 2203
2023-02-17 10:48:46.790 [warning] [Decorations] CAPPING events from decorations provider vscode.git 2203
2023-02-17 10:48:52.180 [warning] [Decorations] CAPPING events from decorations provider vscode.git 2203
2023-02-17 10:48:57.407 [warning] [Decorations] CAPPING events from decorations provider vscode.git 2203
2023-02-17 10:49:02.863 [warning] [Decorations] CAPPING events from decorations provider vscode.git 2203
2023-02-17 10:49:08.063 [warning] [Decorations] CAPPING events from decorations provider vscode.git 2203
2023-02-17 10:49:13.343 [warning] [Decorations] CAPPING events from decorations provider vscode.git 2203
2023-02-17 10:49:18.652 [warning] [Decorations] CAPPING events from decorations provider vscode.git 2203
2023-02-17 10:49:23.861 [warning] [Decorations] CAPPING events from decorations provider vscode.git 2203
2023-02-17 10:49:29.043 [warning] [Decorations] CAPPING events from decorations provider vscode.git 2203
2023-02-17 10:49:34.323 [warning] [Decorations] CAPPING events from decorations provider vscode.git 2203
2023-02-17 10:49:39.532 [warning] [Decorations] CAPPING events from decorations provider vscode.git 2203
2023-02-17 10:49:44.831 [warning] [Decorations] CAPPING events from decorations provider vscode.git 2203
2023-02-17 10:49:50.067 [warning] [Decorations] CAPPING events from decorations provider vscode.git 2203
2023-02-17 10:49:55.410 [warning] [Decorations] CAPPING events from decorations provider vscode.git 2203
2023-02-17 10:50:00.768 [warning] [Decorations] CAPPING events from decorations provider vscode.git 2203
2023-02-17 10:50:05.993 [warning] [Decorations] CAPPING events from decorations provider vscode.git 2203
2023-02-17 10:50:11.212 [warning] [Decorations] CAPPING events from decorations provider vscode.git 2203
2023-02-17 10:50:54.067 [warning] [Decorations] CAPPING events from decorations provider vscode.git 2203
2023-02-17 10:50:59.288 [warning] [Decorations] CAPPING events from decorations provider vscode.git 2203
2023-02-17 10:51:04.622 [warning] [Decorations] CAPPING events from decorations provider vscode.git 2203
2023-02-17 10:51:09.926 [warning] [Decorations] CAPPING events from decorations provider vscode.git 2203
2023-02-17 10:51:15.121 [warning] [Decorations] CAPPING events from decorations provider vscode.git 2203
2023-02-17 10:51:20.321 [warning] [Decorations] CAPPING events from decorations provider vscode.git 2203
2023-02-17 10:51:25.593 [warning] [Decorations] CAPPING events from decorations provider vscode.git 2203
2023-02-17 10:51:30.810 [warning] [Decorations] CAPPING events from decorations provider vscode.git 2203
2023-02-17 10:51:36.177 [warning] [Decorations] CAPPING events from decorations provider vscode.git 2203
2023-02-17 10:51:41.462 [warning] [Decorations] CAPPING events from decorations provider vscode.git 2203
2023-02-17 10:51:46.756 [warning] [Decorations] CAPPING events from decorations provider vscode.git 2203
2023-02-17 10:51:52.156 [warning] [Decorations] CAPPING events from decorations provider vscode.git 2203
2023-02-17 10:51:57.348 [warning] [Decorations] CAPPING events from decorations provider vscode.git 2203
2023-02-17 10:52:02.626 [warning] [Decorations] CAPPING events from decorations provider vscode.git 2203
2023-02-17 10:52:07.847 [warning] [Decorations] CAPPING events from decorations provider vscode.git 2203
2023-02-17 10:52:13.165 [warning] [Decorations] CAPPING events from decorations provider vscode.git 2203
2023-02-17 10:52:18.391 [warning] [Decorations] CAPPING events from decorations provider vscode.git 2203
2023-02-17 10:52:23.608 [warning] [Decorations] CAPPING events from decorations provider vscode.git 2203
2023-02-17 10:52:28.923 [warning] [Decorations] CAPPING events from decorations provider vscode.git 2203
2023-02-17 10:52:34.218 [warning] [Decorations] CAPPING events from decorations provider vscode.git 2203
2023-02-17 10:52:39.543 [warning] [Decorations] CAPPING events from decorations provider vscode.git 2203
2023-02-17 10:52:44.791 [warning] [Decorations] CAPPING events from decorations provider vscode.git 2203
2023-02-17 10:52:50.140 [warning] [Decorations] CAPPING events from decorations provider vscode.git 2203
2023-02-17 10:52:55.445 [warning] [Decorations] CAPPING events from decorations provider vscode.git 2203
2023-02-17 10:53:00.770 [warning] [Decorations] CAPPING events from decorations provider vscode.git 2203
2023-02-17 10:53:06.051 [warning] [Decorations] CAPPING events from decorations provider vscode.git 2203
2023-02-17 10:53:11.282 [warning] [Decorations] CAPPING events from decorations provider vscode.git 2203
2023-02-17 10:53:16.596 [warning] [Decorations] CAPPING events from decorations provider vscode.git 2203
2023-02-17 10:53:21.838 [warning] [Decorations] CAPPING events from decorations provider vscode.git 2203
2023-02-17 10:53:27.029 [warning] [Decorations] CAPPING events from decorations provider vscode.git 2203
2023-02-17 10:53:32.337 [warning] [Decorations] CAPPING events from decorations provider vscode.git 2203
2023-02-17 10:53:37.582 [warning] [Decorations] CAPPING events from decorations provider vscode.git 2203
2023-02-17 10:53:42.796 [warning] [Decorations] CAPPING events from decorations provider vscode.git 2203
2023-02-17 10:53:48.103 [warning] [Decorations] CAPPING events from decorations provider vscode.git 2203
2023-02-17 10:53:53.350 [warning] [Decorations] CAPPING events from decorations provider vscode.git 2203
2023-02-17 10:53:58.591 [warning] [Decorations] CAPPING events from decorations provider vscode.git 2203
2023-02-17 10:54:03.751 [warning] [Decorations] CAPPING events from decorations provider vscode.git 2203
2023-02-17 10:54:09.068 [warning] [Decorations] CAPPING events from decorations provider vscode.git 2203
2023-02-17 10:54:14.328 [warning] [Decorations] CAPPING events from decorations provider vscode.git 2203
2023-02-17 10:54:19.532 [warning] [Decorations] CAPPING events from decorations provider vscode.git 2203
2023-02-17 10:54:24.823 [warning] [Decorations] CAPPING events from decorations provider vscode.git 2203
2023-02-17 10:54:30.042 [warning] [Decorations] CAPPING events from decorations provider vscode.git 2203
2023-02-17 10:54:35.421 [warning] [Decorations] CAPPING events from decorations provider vscode.git 2203
2023-02-17 10:54:40.770 [warning] [Decorations] CAPPING events from decorations provider vscode.git 2203
2023-02-17 10:54:46.004 [warning] [Decorations] CAPPING events from decorations provider vscode.git 2203
2023-02-17 10:54:51.255 [warning] [Decorations] CAPPING events from decorations provider vscode.git 2203
2023-02-17 10:59:43.020 [warning] [Decorations] CAPPING events from decorations provider vscode.git 2203
2023-02-17 10:59:48.444 [warning] [Decorations] CAPPING events from decorations provider vscode.git 2203
2023-02-17 11:07:11.835 [warning] [Decorations] CAPPING events from decorations provider vscode.git 2203
2023-02-17 16:16:54.065 [info] Extension host terminating: renderer disconnected for too long (1)
2023-02-17 16:16:54.070 [info] Lock '/home/vagrant/.vscode-server/data/User/workspaceStorage/c2d548dddc6058bd8a646987c8302a31/vscode.lock': Marking the lockfile as scheduled to be released in 6000 ms.
2023-02-17 16:16:54.121 [info] Extension host with pid 1510 exiting with code 0
