2023-01-20 10:06:34.337 [info] Log level: Info
2023-01-20 10:06:34.338 [info] Validating found git in: "git"
2023-01-20 10:06:34.338 [info] Using git "1.8.3.1" from "git"
2023-01-20 10:06:34.338 [info] > git rev-parse --show-toplevel [100ms]
2023-01-20 10:06:34.338 [info] > git rev-parse --git-dir --git-common-dir [2ms]
2023-01-20 10:06:34.338 [info] Open repository: /home/vagrant
2023-01-20 10:06:34.338 [warning] ENOENT: no such file or directory, open '/home/vagrant/--git-common-dir/config'
2023-01-20 10:06:34.338 [info] > git rev-parse --show-toplevel [99ms]
2023-01-20 10:06:34.338 [info] > git rev-parse --show-toplevel [15ms]
2023-01-20 10:06:34.338 [info] > git remote --verbose [126ms]
2023-01-20 10:06:34.338 [info] > git rev-parse --show-toplevel [4ms]
2023-01-20 10:06:34.339 [info] > git config --get commit.template [70ms]
2023-01-20 10:06:34.339 [info] > git rev-parse --show-toplevel [14ms]
2023-01-20 10:06:34.339 [info] > git rev-parse --show-toplevel [1ms]
2023-01-20 10:06:34.339 [info] > git for-each-ref --format=%(refname)%00%(upstream:short)%00%(objectname) refs/heads/main refs/remotes/main [24ms]
2023-01-20 10:06:34.339 [info] > git rev-list --left-right --count main...origin/main [1ms]
2023-01-20 10:06:34.339 [info] > git rev-parse --show-toplevel [51ms]
2023-01-20 10:06:34.339 [info] > git for-each-ref --sort -committerdate --format %(refname) %(objectname) %(*objectname) [10ms]
2023-01-20 10:06:34.339 [info] > git status -z -uall [283ms]
2023-01-20 10:06:34.339 [warning] ENOENT: no such file or directory, open '/home/vagrant/--git-common-dir/config'
2023-01-20 10:06:34.339 [info] > git config --get commit.template [15ms]
2023-01-20 10:06:34.339 [info] > git remote --verbose [28ms]
2023-01-20 10:06:34.339 [info] > git for-each-ref --format=%(refname)%00%(upstream:short)%00%(objectname) refs/heads/main refs/remotes/main [1ms]
2023-01-20 10:06:34.339 [info] > git rev-list --left-right --count main...origin/main [1ms]
2023-01-20 10:06:34.339 [info] > git for-each-ref --sort -committerdate --format %(refname) %(objectname) %(*objectname) [6ms]
2023-01-20 10:06:34.339 [info] > git status -z -uall [158ms]
2023-01-20 10:06:34.339 [info] > git check-ignore -v -z --stdin [58ms]
2023-01-20 10:06:34.342 [info] > git show --textconv :ansible_dir/roles/fact_ansi/tasks/main.yml [24ms]
2023-01-20 10:06:34.342 [info] > git ls-files --stage -- /home/vagrant/ansible_dir/roles/fact_ansi/tasks/main.yml [5ms]
2023-01-20 10:06:40.236 [warning] ENOENT: no such file or directory, open '/home/vagrant/--git-common-dir/config'
2023-01-20 10:06:40.247 [info] > git config --get commit.template [1ms]
2023-01-20 10:06:40.248 [info] > git remote --verbose [11ms]
2023-01-20 10:06:40.268 [info] > git for-each-ref --format=%(refname)%00%(upstream:short)%00%(objectname) refs/heads/main refs/remotes/main [1ms]
2023-01-20 10:06:40.277 [info] > git rev-list --left-right --count main...origin/main [1ms]
2023-01-20 10:06:40.330 [info] > git for-each-ref --sort -committerdate --format %(refname) %(objectname) %(*objectname) [1ms]
2023-01-20 10:06:40.344 [info] > git status -z -uall [44ms]
2023-01-20 10:06:45.382 [warning] ENOENT: no such file or directory, open '/home/vagrant/--git-common-dir/config'
2023-01-20 10:06:45.390 [info] > git config --get commit.template [1ms]
2023-01-20 10:06:45.390 [info] > git remote --verbose [8ms]
2023-01-20 10:06:45.400 [info] > git for-each-ref --format=%(refname)%00%(upstream:short)%00%(objectname) refs/heads/main refs/remotes/main [1ms]
2023-01-20 10:06:45.409 [info] > git rev-list --left-right --count main...origin/main [1ms]
2023-01-20 10:06:45.435 [info] > git for-each-ref --sort -committerdate --format %(refname) %(objectname) %(*objectname) [1ms]
2023-01-20 10:06:45.457 [info] > git status -z -uall [32ms]
2023-01-20 10:06:53.210 [warning] ENOENT: no such file or directory, open '/home/vagrant/--git-common-dir/config'
2023-01-20 10:06:53.229 [info] > git config --get commit.template [1ms]
2023-01-20 10:06:53.254 [info] > git remote --verbose [44ms]
2023-01-20 10:06:53.255 [info] > git for-each-ref --format=%(refname)%00%(upstream:short)%00%(objectname) refs/heads/main refs/remotes/main [2ms]
2023-01-20 10:06:53.268 [info] > git rev-list --left-right --count main...origin/main [2ms]
2023-01-20 10:06:53.314 [info] > git for-each-ref --sort -committerdate --format %(refname) %(objectname) %(*objectname) [1ms]
2023-01-20 10:06:53.342 [info] > git status -z -uall [47ms]
2023-01-20 10:06:58.442 [warning] ENOENT: no such file or directory, open '/home/vagrant/--git-common-dir/config'
2023-01-20 10:06:58.453 [info] > git config --get commit.template [1ms]
2023-01-20 10:06:58.453 [info] > git remote --verbose [11ms]
2023-01-20 10:06:58.467 [info] > git for-each-ref --format=%(refname)%00%(upstream:short)%00%(objectname) refs/heads/main refs/remotes/main [1ms]
2023-01-20 10:06:58.474 [info] > git rev-list --left-right --count main...origin/main [1ms]
2023-01-20 10:06:58.503 [info] > git for-each-ref --sort -committerdate --format %(refname) %(objectname) %(*objectname) [1ms]
2023-01-20 10:06:58.523 [info] > git status -z -uall [35ms]
2023-01-20 10:11:44.675 [warning] ENOENT: no such file or directory, open '/home/vagrant/--git-common-dir/config'
2023-01-20 10:11:44.686 [info] > git config --get commit.template [1ms]
2023-01-20 10:11:44.686 [info] > git remote --verbose [11ms]
2023-01-20 10:11:44.708 [info] > git for-each-ref --format=%(refname)%00%(upstream:short)%00%(objectname) refs/heads/main refs/remotes/main [1ms]
2023-01-20 10:11:44.720 [info] > git rev-list --left-right --count main...origin/main [1ms]
2023-01-20 10:11:44.761 [info] > git for-each-ref --sort -committerdate --format %(refname) %(objectname) %(*objectname) [1ms]
2023-01-20 10:11:44.826 [info] > git status -z -uall [77ms]
2023-01-20 10:11:47.578 [info] > git check-ignore -v -z --stdin [7ms]
2023-01-20 10:11:49.908 [warning] ENOENT: no such file or directory, open '/home/vagrant/--git-common-dir/config'
2023-01-20 10:11:49.922 [info] > git config --get commit.template [3ms]
2023-01-20 10:11:49.923 [info] > git remote --verbose [14ms]
2023-01-20 10:11:49.931 [info] > git for-each-ref --format=%(refname)%00%(upstream:short)%00%(objectname) refs/heads/main refs/remotes/main [1ms]
2023-01-20 10:11:49.937 [info] > git rev-list --left-right --count main...origin/main [0ms]
2023-01-20 10:11:49.962 [info] > git for-each-ref --sort -committerdate --format %(refname) %(objectname) %(*objectname) [0ms]
2023-01-20 10:11:49.990 [info] > git status -z -uall [37ms]
2023-01-20 10:11:55.050 [warning] ENOENT: no such file or directory, open '/home/vagrant/--git-common-dir/config'
2023-01-20 10:11:55.062 [info] > git config --get commit.template [1ms]
2023-01-20 10:11:55.062 [info] > git remote --verbose [12ms]
2023-01-20 10:11:55.071 [info] > git for-each-ref --format=%(refname)%00%(upstream:short)%00%(objectname) refs/heads/main refs/remotes/main [1ms]
2023-01-20 10:11:55.077 [info] > git rev-list --left-right --count main...origin/main [1ms]
2023-01-20 10:11:55.099 [info] > git for-each-ref --sort -committerdate --format %(refname) %(objectname) %(*objectname) [1ms]
2023-01-20 10:11:55.112 [info] > git status -z -uall [19ms]
2023-01-20 10:19:37.843 [warning] ENOENT: no such file or directory, open '/home/vagrant/--git-common-dir/config'
2023-01-20 10:19:37.862 [info] > git config --get commit.template [6ms]
2023-01-20 10:19:37.862 [info] > git remote --verbose [19ms]
2023-01-20 10:19:37.877 [info] > git for-each-ref --format=%(refname)%00%(upstream:short)%00%(objectname) refs/heads/main refs/remotes/main [0ms]
2023-01-20 10:19:37.885 [info] > git rev-list --left-right --count main...origin/main [1ms]
2023-01-20 10:19:37.922 [info] > git for-each-ref --sort -committerdate --format %(refname) %(objectname) %(*objectname) [1ms]
2023-01-20 10:19:37.977 [info] > git status -z -uall [67ms]
2023-01-20 10:19:43.077 [warning] ENOENT: no such file or directory, open '/home/vagrant/--git-common-dir/config'
2023-01-20 10:19:43.093 [info] > git config --get commit.template [1ms]
2023-01-20 10:19:43.094 [info] > git remote --verbose [17ms]
2023-01-20 10:19:43.107 [info] > git for-each-ref --format=%(refname)%00%(upstream:short)%00%(objectname) refs/heads/main refs/remotes/main [0ms]
2023-01-20 10:19:43.115 [info] > git rev-list --left-right --count main...origin/main [0ms]
2023-01-20 10:19:43.139 [info] > git for-each-ref --sort -committerdate --format %(refname) %(objectname) %(*objectname) [0ms]
2023-01-20 10:19:43.165 [info] > git status -z -uall [34ms]
2023-01-20 10:19:46.162 [info] > git check-ignore -v -z --stdin [4ms]
2023-01-20 10:19:48.220 [warning] ENOENT: no such file or directory, open '/home/vagrant/--git-common-dir/config'
2023-01-20 10:19:48.230 [info] > git config --get commit.template [1ms]
2023-01-20 10:19:48.230 [info] > git remote --verbose [10ms]
2023-01-20 10:19:48.247 [info] > git for-each-ref --format=%(refname)%00%(upstream:short)%00%(objectname) refs/heads/main refs/remotes/main [3ms]
2023-01-20 10:19:48.253 [info] > git rev-list --left-right --count main...origin/main [0ms]
2023-01-20 10:19:48.290 [info] > git for-each-ref --sort -committerdate --format %(refname) %(objectname) %(*objectname) [0ms]
2023-01-20 10:19:48.347 [info] > git status -z -uall [70ms]
2023-01-20 10:19:51.000 [info] > git show --textconv :ansible_dir/roles/inst_pkg/tasks/main.yml [13ms]
2023-01-20 10:19:51.000 [info] > git ls-files --stage -- /home/vagrant/ansible_dir/roles/inst_pkg/tasks/main.yml [2ms]
2023-01-20 10:19:53.392 [warning] ENOENT: no such file or directory, open '/home/vagrant/--git-common-dir/config'
2023-01-20 10:19:53.399 [info] > git config --get commit.template [0ms]
2023-01-20 10:19:53.400 [info] > git remote --verbose [8ms]
2023-01-20 10:19:53.409 [info] > git for-each-ref --format=%(refname)%00%(upstream:short)%00%(objectname) refs/heads/main refs/remotes/main [1ms]
2023-01-20 10:19:53.414 [info] > git rev-list --left-right --count main...origin/main [0ms]
2023-01-20 10:19:53.444 [info] > git for-each-ref --sort -committerdate --format %(refname) %(objectname) %(*objectname) [1ms]
2023-01-20 10:19:53.460 [info] > git status -z -uall [23ms]
2023-01-20 10:19:58.504 [warning] ENOENT: no such file or directory, open '/home/vagrant/--git-common-dir/config'
2023-01-20 10:19:58.511 [info] > git config --get commit.template [0ms]
2023-01-20 10:19:58.512 [info] > git remote --verbose [8ms]
2023-01-20 10:19:58.523 [info] > git for-each-ref --format=%(refname)%00%(upstream:short)%00%(objectname) refs/heads/main refs/remotes/main [0ms]
2023-01-20 10:19:58.530 [info] > git rev-list --left-right --count main...origin/main [0ms]
2023-01-20 10:19:58.557 [info] > git for-each-ref --sort -committerdate --format %(refname) %(objectname) %(*objectname) [0ms]
2023-01-20 10:19:58.565 [info] > git status -z -uall [14ms]
2023-01-20 10:20:03.604 [warning] ENOENT: no such file or directory, open '/home/vagrant/--git-common-dir/config'
2023-01-20 10:20:03.610 [info] > git remote --verbose [6ms]
2023-01-20 10:20:03.626 [info] > git for-each-ref --format=%(refname)%00%(upstream:short)%00%(objectname) refs/heads/main refs/remotes/main [2ms]
2023-01-20 10:20:03.638 [info] > git config --get commit.template [28ms]
2023-01-20 10:20:03.638 [info] > git rev-list --left-right --count main...origin/main [1ms]
2023-01-20 10:20:03.665 [info] > git for-each-ref --sort -committerdate --format %(refname) %(objectname) %(*objectname) [0ms]
2023-01-20 10:20:03.684 [info] > git status -z -uall [26ms]
2023-01-20 10:20:08.729 [warning] ENOENT: no such file or directory, open '/home/vagrant/--git-common-dir/config'
2023-01-20 10:20:08.736 [info] > git config --get commit.template [1ms]
2023-01-20 10:20:08.737 [info] > git remote --verbose [7ms]
2023-01-20 10:20:08.745 [info] > git for-each-ref --format=%(refname)%00%(upstream:short)%00%(objectname) refs/heads/main refs/remotes/main [0ms]
2023-01-20 10:20:08.751 [info] > git rev-list --left-right --count main...origin/main [0ms]
2023-01-20 10:20:08.785 [info] > git for-each-ref --sort -committerdate --format %(refname) %(objectname) %(*objectname) [1ms]
2023-01-20 10:20:08.812 [info] > git status -z -uall [38ms]
2023-01-20 10:20:13.852 [warning] ENOENT: no such file or directory, open '/home/vagrant/--git-common-dir/config'
2023-01-20 10:20:13.860 [info] > git config --get commit.template [0ms]
2023-01-20 10:20:13.860 [info] > git remote --verbose [9ms]
2023-01-20 10:20:13.868 [info] > git for-each-ref --format=%(refname)%00%(upstream:short)%00%(objectname) refs/heads/main refs/remotes/main [0ms]
2023-01-20 10:20:13.874 [info] > git rev-list --left-right --count main...origin/main [1ms]
2023-01-20 10:20:13.903 [info] > git for-each-ref --sort -committerdate --format %(refname) %(objectname) %(*objectname) [0ms]
2023-01-20 10:20:13.909 [info] > git status -z -uall [15ms]
2023-01-20 10:20:18.945 [warning] ENOENT: no such file or directory, open '/home/vagrant/--git-common-dir/config'
2023-01-20 10:20:18.953 [info] > git config --get commit.template [0ms]
2023-01-20 10:20:18.953 [info] > git remote --verbose [8ms]
2023-01-20 10:20:18.965 [info] > git for-each-ref --format=%(refname)%00%(upstream:short)%00%(objectname) refs/heads/main refs/remotes/main [1ms]
2023-01-20 10:20:18.975 [info] > git rev-list --left-right --count main...origin/main [1ms]
2023-01-20 10:20:18.998 [info] > git for-each-ref --sort -committerdate --format %(refname) %(objectname) %(*objectname) [1ms]
2023-01-20 10:20:19.027 [info] > git status -z -uall [37ms]
2023-01-20 10:20:24.063 [warning] ENOENT: no such file or directory, open '/home/vagrant/--git-common-dir/config'
2023-01-20 10:20:24.074 [info] > git config --get commit.template [1ms]
2023-01-20 10:20:24.074 [info] > git remote --verbose [11ms]
2023-01-20 10:20:24.086 [info] > git for-each-ref --format=%(refname)%00%(upstream:short)%00%(objectname) refs/heads/main refs/remotes/main [0ms]
2023-01-20 10:20:24.093 [info] > git rev-list --left-right --count main...origin/main [1ms]
2023-01-20 10:20:24.131 [info] > git for-each-ref --sort -committerdate --format %(refname) %(objectname) %(*objectname) [1ms]
2023-01-20 10:20:24.153 [info] > git status -z -uall [35ms]
2023-01-20 10:20:29.221 [warning] ENOENT: no such file or directory, open '/home/vagrant/--git-common-dir/config'
2023-01-20 10:20:29.228 [info] > git config --get commit.template [1ms]
2023-01-20 10:20:29.228 [info] > git remote --verbose [7ms]
2023-01-20 10:20:29.239 [info] > git for-each-ref --format=%(refname)%00%(upstream:short)%00%(objectname) refs/heads/main refs/remotes/main [1ms]
2023-01-20 10:20:29.246 [info] > git rev-list --left-right --count main...origin/main [0ms]
2023-01-20 10:20:29.273 [info] > git for-each-ref --sort -committerdate --format %(refname) %(objectname) %(*objectname) [1ms]
2023-01-20 10:20:29.292 [info] > git status -z -uall [25ms]
2023-01-20 10:20:30.689 [info] > git show --textconv :ansible_dir/my_playbook.yml [27ms]
2023-01-20 10:20:30.698 [info] > git ls-files --stage -- /home/vagrant/ansible_dir/my_playbook.yml [21ms]
2023-01-20 10:20:30.710 [info] > git cat-file -s c8569a47971dfbd6216390d9fe89909690ed7b96 [0ms]
2023-01-20 10:20:34.339 [warning] ENOENT: no such file or directory, open '/home/vagrant/--git-common-dir/config'
2023-01-20 10:20:34.347 [info] > git config --get commit.template [1ms]
2023-01-20 10:20:34.347 [info] > git remote --verbose [8ms]
2023-01-20 10:20:34.357 [info] > git for-each-ref --format=%(refname)%00%(upstream:short)%00%(objectname) refs/heads/main refs/remotes/main [0ms]
2023-01-20 10:20:34.375 [info] > git rev-list --left-right --count main...origin/main [2ms]
2023-01-20 10:20:34.406 [info] > git for-each-ref --sort -committerdate --format %(refname) %(objectname) %(*objectname) [0ms]
2023-01-20 10:20:34.431 [info] > git status -z -uall [35ms]
2023-01-20 10:20:39.481 [warning] ENOENT: no such file or directory, open '/home/vagrant/--git-common-dir/config'
2023-01-20 10:20:39.492 [info] > git config --get commit.template [2ms]
2023-01-20 10:20:39.492 [info] > git remote --verbose [11ms]
2023-01-20 10:20:39.503 [info] > git for-each-ref --format=%(refname)%00%(upstream:short)%00%(objectname) refs/heads/main refs/remotes/main [1ms]
2023-01-20 10:20:39.508 [info] > git rev-list --left-right --count main...origin/main [0ms]
2023-01-20 10:20:39.549 [info] > git for-each-ref --sort -committerdate --format %(refname) %(objectname) %(*objectname) [1ms]
2023-01-20 10:20:39.558 [info] > git status -z -uall [37ms]
2023-01-20 10:20:44.594 [warning] ENOENT: no such file or directory, open '/home/vagrant/--git-common-dir/config'
2023-01-20 10:20:44.604 [info] > git config --get commit.template [0ms]
2023-01-20 10:20:44.605 [info] > git remote --verbose [10ms]
2023-01-20 10:20:44.617 [info] > git for-each-ref --format=%(refname)%00%(upstream:short)%00%(objectname) refs/heads/main refs/remotes/main [0ms]
2023-01-20 10:20:44.625 [info] > git rev-list --left-right --count main...origin/main [0ms]
2023-01-20 10:20:44.656 [info] > git for-each-ref --sort -committerdate --format %(refname) %(objectname) %(*objectname) [1ms]
2023-01-20 10:20:44.746 [info] > git status -z -uall [98ms]
2023-01-20 10:20:49.796 [warning] ENOENT: no such file or directory, open '/home/vagrant/--git-common-dir/config'
2023-01-20 10:20:49.805 [info] > git config --get commit.template [1ms]
2023-01-20 10:20:49.805 [info] > git remote --verbose [10ms]
2023-01-20 10:20:49.815 [info] > git for-each-ref --format=%(refname)%00%(upstream:short)%00%(objectname) refs/heads/main refs/remotes/main [0ms]
2023-01-20 10:20:49.823 [info] > git rev-list --left-right --count main...origin/main [0ms]
2023-01-20 10:20:49.854 [info] > git for-each-ref --sort -committerdate --format %(refname) %(objectname) %(*objectname) [1ms]
2023-01-20 10:20:49.869 [info] > git status -z -uall [23ms]
2023-01-20 10:20:54.909 [warning] ENOENT: no such file or directory, open '/home/vagrant/--git-common-dir/config'
2023-01-20 10:20:54.920 [info] > git config --get commit.template [1ms]
2023-01-20 10:20:54.920 [info] > git remote --verbose [11ms]
2023-01-20 10:20:54.932 [info] > git for-each-ref --format=%(refname)%00%(upstream:short)%00%(objectname) refs/heads/main refs/remotes/main [0ms]
2023-01-20 10:20:54.938 [info] > git rev-list --left-right --count main...origin/main [1ms]
2023-01-20 10:20:54.963 [info] > git for-each-ref --sort -committerdate --format %(refname) %(objectname) %(*objectname) [1ms]
2023-01-20 10:20:55.050 [info] > git status -z -uall [96ms]
2023-01-20 10:21:00.106 [warning] ENOENT: no such file or directory, open '/home/vagrant/--git-common-dir/config'
2023-01-20 10:21:00.113 [info] > git config --get commit.template [1ms]
2023-01-20 10:21:00.114 [info] > git remote --verbose [7ms]
2023-01-20 10:21:00.124 [info] > git for-each-ref --format=%(refname)%00%(upstream:short)%00%(objectname) refs/heads/main refs/remotes/main [0ms]
2023-01-20 10:21:00.133 [info] > git rev-list --left-right --count main...origin/main [1ms]
2023-01-20 10:21:00.161 [info] > git for-each-ref --sort -committerdate --format %(refname) %(objectname) %(*objectname) [1ms]
2023-01-20 10:21:00.181 [info] > git status -z -uall [28ms]
2023-01-20 10:21:05.211 [warning] ENOENT: no such file or directory, open '/home/vagrant/--git-common-dir/config'
2023-01-20 10:21:05.219 [info] > git config --get commit.template [0ms]
2023-01-20 10:21:05.219 [info] > git remote --verbose [8ms]
2023-01-20 10:21:05.229 [info] > git for-each-ref --format=%(refname)%00%(upstream:short)%00%(objectname) refs/heads/main refs/remotes/main [0ms]
2023-01-20 10:21:05.237 [info] > git rev-list --left-right --count main...origin/main [0ms]
2023-01-20 10:21:05.264 [info] > git for-each-ref --sort -committerdate --format %(refname) %(objectname) %(*objectname) [0ms]
2023-01-20 10:21:05.330 [info] > git status -z -uall [74ms]
2023-01-20 10:21:10.391 [warning] ENOENT: no such file or directory, open '/home/vagrant/--git-common-dir/config'
2023-01-20 10:21:10.402 [info] > git config --get commit.template [2ms]
2023-01-20 10:21:10.403 [info] > git remote --verbose [12ms]
2023-01-20 10:21:10.413 [info] > git for-each-ref --format=%(refname)%00%(upstream:short)%00%(objectname) refs/heads/main refs/remotes/main [1ms]
2023-01-20 10:21:10.421 [info] > git rev-list --left-right --count main...origin/main [0ms]
2023-01-20 10:21:10.444 [info] > git for-each-ref --sort -committerdate --format %(refname) %(objectname) %(*objectname) [0ms]
2023-01-20 10:21:10.463 [info] > git status -z -uall [25ms]
2023-01-20 10:21:15.505 [warning] ENOENT: no such file or directory, open '/home/vagrant/--git-common-dir/config'
2023-01-20 10:21:15.514 [info] > git config --get commit.template [1ms]
2023-01-20 10:21:15.514 [info] > git remote --verbose [10ms]
2023-01-20 10:21:15.523 [info] > git for-each-ref --format=%(refname)%00%(upstream:short)%00%(objectname) refs/heads/main refs/remotes/main [1ms]
2023-01-20 10:21:15.531 [info] > git rev-list --left-right --count main...origin/main [1ms]
2023-01-20 10:21:15.560 [info] > git for-each-ref --sort -committerdate --format %(refname) %(objectname) %(*objectname) [1ms]
2023-01-20 10:21:15.590 [info] > git status -z -uall [37ms]
2023-01-20 10:21:20.635 [warning] ENOENT: no such file or directory, open '/home/vagrant/--git-common-dir/config'
2023-01-20 10:21:20.641 [info] > git config --get commit.template [1ms]
2023-01-20 10:21:20.642 [info] > git remote --verbose [7ms]
2023-01-20 10:21:20.654 [info] > git for-each-ref --format=%(refname)%00%(upstream:short)%00%(objectname) refs/heads/main refs/remotes/main [1ms]
2023-01-20 10:21:20.661 [info] > git rev-list --left-right --count main...origin/main [1ms]
2023-01-20 10:21:20.698 [info] > git for-each-ref --sort -committerdate --format %(refname) %(objectname) %(*objectname) [1ms]
2023-01-20 10:21:20.712 [info] > git status -z -uall [29ms]
2023-01-20 10:21:25.747 [warning] ENOENT: no such file or directory, open '/home/vagrant/--git-common-dir/config'
2023-01-20 10:21:25.756 [info] > git config --get commit.template [2ms]
2023-01-20 10:21:25.756 [info] > git remote --verbose [9ms]
2023-01-20 10:21:25.772 [info] > git for-each-ref --format=%(refname)%00%(upstream:short)%00%(objectname) refs/heads/main refs/remotes/main [2ms]
2023-01-20 10:21:25.780 [info] > git rev-list --left-right --count main...origin/main [1ms]
2023-01-20 10:21:25.814 [info] > git for-each-ref --sort -committerdate --format %(refname) %(objectname) %(*objectname) [1ms]
2023-01-20 10:21:25.873 [info] > git status -z -uall [70ms]
2023-01-20 10:21:30.927 [warning] ENOENT: no such file or directory, open '/home/vagrant/--git-common-dir/config'
2023-01-20 10:21:30.935 [info] > git config --get commit.template [1ms]
2023-01-20 10:21:30.936 [info] > git remote --verbose [8ms]
2023-01-20 10:21:30.946 [info] > git for-each-ref --format=%(refname)%00%(upstream:short)%00%(objectname) refs/heads/main refs/remotes/main [0ms]
2023-01-20 10:21:30.955 [info] > git rev-list --left-right --count main...origin/main [1ms]
2023-01-20 10:21:30.987 [info] > git for-each-ref --sort -committerdate --format %(refname) %(objectname) %(*objectname) [1ms]
2023-01-20 10:21:31.009 [info] > git status -z -uall [35ms]
2023-01-20 10:21:36.056 [warning] ENOENT: no such file or directory, open '/home/vagrant/--git-common-dir/config'
2023-01-20 10:21:36.066 [info] > git config --get commit.template [2ms]
2023-01-20 10:21:36.066 [info] > git remote --verbose [10ms]
2023-01-20 10:21:36.080 [info] > git for-each-ref --format=%(refname)%00%(upstream:short)%00%(objectname) refs/heads/main refs/remotes/main [1ms]
2023-01-20 10:21:36.090 [info] > git rev-list --left-right --count main...origin/main [1ms]
2023-01-20 10:21:36.120 [info] > git for-each-ref --sort -committerdate --format %(refname) %(objectname) %(*objectname) [2ms]
2023-01-20 10:21:36.199 [info] > git status -z -uall [90ms]
2023-01-20 10:21:41.255 [warning] ENOENT: no such file or directory, open '/home/vagrant/--git-common-dir/config'
2023-01-20 10:21:41.265 [info] > git config --get commit.template [1ms]
2023-01-20 10:21:41.265 [info] > git remote --verbose [11ms]
2023-01-20 10:21:41.274 [info] > git for-each-ref --format=%(refname)%00%(upstream:short)%00%(objectname) refs/heads/main refs/remotes/main [1ms]
2023-01-20 10:21:41.284 [info] > git rev-list --left-right --count main...origin/main [2ms]
2023-01-20 10:21:41.314 [info] > git for-each-ref --sort -committerdate --format %(refname) %(objectname) %(*objectname) [1ms]
2023-01-20 10:21:41.342 [info] > git status -z -uall [39ms]
2023-01-20 10:21:46.391 [warning] ENOENT: no such file or directory, open '/home/vagrant/--git-common-dir/config'
2023-01-20 10:21:46.399 [info] > git config --get commit.template [1ms]
2023-01-20 10:21:46.400 [info] > git remote --verbose [8ms]
2023-01-20 10:21:46.412 [info] > git for-each-ref --format=%(refname)%00%(upstream:short)%00%(objectname) refs/heads/main refs/remotes/main [1ms]
2023-01-20 10:21:46.428 [info] > git rev-list --left-right --count main...origin/main [1ms]
2023-01-20 10:21:46.473 [info] > git for-each-ref --sort -committerdate --format %(refname) %(objectname) %(*objectname) [1ms]
2023-01-20 10:21:46.549 [info] > git status -z -uall [84ms]
2023-01-20 10:21:51.607 [warning] ENOENT: no such file or directory, open '/home/vagrant/--git-common-dir/config'
2023-01-20 10:21:51.620 [info] > git config --get commit.template [1ms]
2023-01-20 10:21:51.620 [info] > git remote --verbose [14ms]
2023-01-20 10:21:51.632 [info] > git for-each-ref --format=%(refname)%00%(upstream:short)%00%(objectname) refs/heads/main refs/remotes/main [0ms]
2023-01-20 10:21:51.642 [info] > git rev-list --left-right --count main...origin/main [0ms]
2023-01-20 10:21:51.682 [info] > git for-each-ref --sort -committerdate --format %(refname) %(objectname) %(*objectname) [1ms]
2023-01-20 10:21:51.705 [info] > git status -z -uall [50ms]
2023-01-20 10:21:56.747 [warning] ENOENT: no such file or directory, open '/home/vagrant/--git-common-dir/config'
2023-01-20 10:21:56.755 [info] > git config --get commit.template [1ms]
2023-01-20 10:21:56.755 [info] > git remote --verbose [8ms]
2023-01-20 10:21:56.766 [info] > git for-each-ref --format=%(refname)%00%(upstream:short)%00%(objectname) refs/heads/main refs/remotes/main [0ms]
2023-01-20 10:21:56.772 [info] > git rev-list --left-right --count main...origin/main [0ms]
2023-01-20 10:21:56.794 [info] > git for-each-ref --sort -committerdate --format %(refname) %(objectname) %(*objectname) [1ms]
2023-01-20 10:21:56.869 [info] > git status -z -uall [83ms]
2023-01-20 10:22:01.904 [warning] ENOENT: no such file or directory, open '/home/vagrant/--git-common-dir/config'
2023-01-20 10:22:01.914 [info] > git config --get commit.template [1ms]
2023-01-20 10:22:01.914 [info] > git remote --verbose [10ms]
2023-01-20 10:22:01.925 [info] > git for-each-ref --format=%(refname)%00%(upstream:short)%00%(objectname) refs/heads/main refs/remotes/main [1ms]
2023-01-20 10:22:01.931 [info] > git rev-list --left-right --count main...origin/main [0ms]
2023-01-20 10:22:01.962 [info] > git for-each-ref --sort -committerdate --format %(refname) %(objectname) %(*objectname) [1ms]
2023-01-20 10:22:01.979 [info] > git status -z -uall [26ms]
2023-01-20 10:22:07.026 [warning] ENOENT: no such file or directory, open '/home/vagrant/--git-common-dir/config'
2023-01-20 10:22:07.040 [info] > git config --get commit.template [2ms]
2023-01-20 10:22:07.041 [info] > git remote --verbose [14ms]
2023-01-20 10:22:07.054 [info] > git for-each-ref --format=%(refname)%00%(upstream:short)%00%(objectname) refs/heads/main refs/remotes/main [1ms]
2023-01-20 10:22:07.072 [info] > git rev-list --left-right --count main...origin/main [2ms]
2023-01-20 10:22:07.107 [info] > git for-each-ref --sort -committerdate --format %(refname) %(objectname) %(*objectname) [2ms]
2023-01-20 10:22:07.146 [info] > git status -z -uall [54ms]
2023-01-20 10:22:12.238 [warning] ENOENT: no such file or directory, open '/home/vagrant/--git-common-dir/config'
2023-01-20 10:22:12.247 [info] > git config --get commit.template [0ms]
2023-01-20 10:22:12.247 [info] > git remote --verbose [9ms]
2023-01-20 10:22:12.257 [info] > git for-each-ref --format=%(refname)%00%(upstream:short)%00%(objectname) refs/heads/main refs/remotes/main [1ms]
2023-01-20 10:22:12.265 [info] > git rev-list --left-right --count main...origin/main [0ms]
2023-01-20 10:22:12.295 [info] > git for-each-ref --sort -committerdate --format %(refname) %(objectname) %(*objectname) [1ms]
2023-01-20 10:22:12.366 [info] > git status -z -uall [80ms]
2023-01-20 10:22:17.406 [warning] ENOENT: no such file or directory, open '/home/vagrant/--git-common-dir/config'
2023-01-20 10:22:17.419 [info] > git config --get commit.template [1ms]
2023-01-20 10:22:17.419 [info] > git remote --verbose [13ms]
2023-01-20 10:22:17.430 [info] > git for-each-ref --format=%(refname)%00%(upstream:short)%00%(objectname) refs/heads/main refs/remotes/main [1ms]
2023-01-20 10:22:17.436 [info] > git rev-list --left-right --count main...origin/main [0ms]
2023-01-20 10:22:17.458 [info] > git for-each-ref --sort -committerdate --format %(refname) %(objectname) %(*objectname) [0ms]
2023-01-20 10:22:17.469 [info] > git status -z -uall [19ms]
2023-01-20 10:22:22.530 [warning] ENOENT: no such file or directory, open '/home/vagrant/--git-common-dir/config'
2023-01-20 10:22:22.541 [info] > git config --get commit.template [1ms]
2023-01-20 10:22:22.541 [info] > git remote --verbose [11ms]
2023-01-20 10:22:22.553 [info] > git for-each-ref --format=%(refname)%00%(upstream:short)%00%(objectname) refs/heads/main refs/remotes/main [1ms]
2023-01-20 10:22:22.565 [info] > git rev-list --left-right --count main...origin/main [1ms]
2023-01-20 10:22:22.591 [info] > git for-each-ref --sort -committerdate --format %(refname) %(objectname) %(*objectname) [1ms]
2023-01-20 10:22:22.609 [info] > git status -z -uall [24ms]
2023-01-20 10:22:27.660 [warning] ENOENT: no such file or directory, open '/home/vagrant/--git-common-dir/config'
2023-01-20 10:22:27.668 [info] > git config --get commit.template [2ms]
2023-01-20 10:22:27.669 [info] > git remote --verbose [9ms]
2023-01-20 10:22:27.746 [info] > git for-each-ref --format=%(refname)%00%(upstream:short)%00%(objectname) refs/heads/main refs/remotes/main [1ms]
2023-01-20 10:22:27.754 [info] > git rev-list --left-right --count main...origin/main [0ms]
2023-01-20 10:22:27.781 [info] > git for-each-ref --sort -committerdate --format %(refname) %(objectname) %(*objectname) [1ms]
2023-01-20 10:22:27.803 [info] > git status -z -uall [30ms]
2023-01-20 10:22:32.861 [warning] ENOENT: no such file or directory, open '/home/vagrant/--git-common-dir/config'
2023-01-20 10:22:32.870 [info] > git config --get commit.template [2ms]
2023-01-20 10:22:32.871 [info] > git remote --verbose [10ms]
2023-01-20 10:22:32.882 [info] > git for-each-ref --format=%(refname)%00%(upstream:short)%00%(objectname) refs/heads/main refs/remotes/main [1ms]
2023-01-20 10:22:32.892 [info] > git rev-list --left-right --count main...origin/main [0ms]
2023-01-20 10:22:32.960 [info] > git for-each-ref --sort -committerdate --format %(refname) %(objectname) %(*objectname) [1ms]
2023-01-20 10:22:33.017 [info] > git status -z -uall [68ms]
2023-01-20 10:22:38.054 [warning] ENOENT: no such file or directory, open '/home/vagrant/--git-common-dir/config'
2023-01-20 10:22:38.063 [info] > git config --get commit.template [1ms]
2023-01-20 10:22:38.063 [info] > git remote --verbose [9ms]
2023-01-20 10:22:38.081 [info] > git for-each-ref --format=%(refname)%00%(upstream:short)%00%(objectname) refs/heads/main refs/remotes/main [0ms]
2023-01-20 10:22:38.096 [info] > git rev-list --left-right --count main...origin/main [5ms]
2023-01-20 10:22:38.126 [info] > git for-each-ref --sort -committerdate --format %(refname) %(objectname) %(*objectname) [2ms]
2023-01-20 10:22:38.246 [info] > git status -z -uall [131ms]
2023-01-20 10:22:43.474 [warning] ENOENT: no such file or directory, open '/home/vagrant/--git-common-dir/config'
2023-01-20 10:22:43.492 [info] > git config --get commit.template [7ms]
2023-01-20 10:22:43.492 [info] > git remote --verbose [18ms]
2023-01-20 10:22:43.516 [info] > git for-each-ref --format=%(refname)%00%(upstream:short)%00%(objectname) refs/heads/main refs/remotes/main [1ms]
2023-01-20 10:22:43.524 [info] > git rev-list --left-right --count main...origin/main [0ms]
2023-01-20 10:22:43.556 [info] > git for-each-ref --sort -committerdate --format %(refname) %(objectname) %(*objectname) [0ms]
2023-01-20 10:22:43.580 [info] > git status -z -uall [38ms]
2023-01-20 10:22:48.628 [warning] ENOENT: no such file or directory, open '/home/vagrant/--git-common-dir/config'
2023-01-20 10:22:48.638 [info] > git config --get commit.template [0ms]
2023-01-20 10:22:48.639 [info] > git remote --verbose [11ms]
2023-01-20 10:22:48.650 [info] > git for-each-ref --format=%(refname)%00%(upstream:short)%00%(objectname) refs/heads/main refs/remotes/main [1ms]
2023-01-20 10:22:48.662 [info] > git rev-list --left-right --count main...origin/main [1ms]
2023-01-20 10:22:48.689 [info] > git for-each-ref --sort -committerdate --format %(refname) %(objectname) %(*objectname) [1ms]
2023-01-20 10:22:48.714 [info] > git status -z -uall [32ms]
2023-01-20 10:22:53.758 [warning] ENOENT: no such file or directory, open '/home/vagrant/--git-common-dir/config'
2023-01-20 10:22:53.768 [info] > git config --get commit.template [1ms]
2023-01-20 10:22:53.768 [info] > git remote --verbose [10ms]
2023-01-20 10:22:53.778 [info] > git for-each-ref --format=%(refname)%00%(upstream:short)%00%(objectname) refs/heads/main refs/remotes/main [0ms]
2023-01-20 10:22:53.784 [info] > git rev-list --left-right --count main...origin/main [0ms]
2023-01-20 10:22:53.803 [info] > git for-each-ref --sort -committerdate --format %(refname) %(objectname) %(*objectname) [1ms]
2023-01-20 10:22:53.816 [info] > git status -z -uall [19ms]
2023-01-20 10:22:58.850 [warning] ENOENT: no such file or directory, open '/home/vagrant/--git-common-dir/config'
2023-01-20 10:22:58.858 [info] > git config --get commit.template [1ms]
2023-01-20 10:22:58.858 [info] > git remote --verbose [8ms]
2023-01-20 10:22:58.867 [info] > git for-each-ref --format=%(refname)%00%(upstream:short)%00%(objectname) refs/heads/main refs/remotes/main [1ms]
2023-01-20 10:22:58.873 [info] > git rev-list --left-right --count main...origin/main [1ms]
2023-01-20 10:22:58.896 [info] > git for-each-ref --sort -committerdate --format %(refname) %(objectname) %(*objectname) [0ms]
2023-01-20 10:22:58.922 [info] > git status -z -uall [32ms]
2023-01-20 10:23:03.970 [warning] ENOENT: no such file or directory, open '/home/vagrant/--git-common-dir/config'
2023-01-20 10:23:03.995 [info] > git config --get commit.template [3ms]
2023-01-20 10:23:03.995 [info] > git remote --verbose [25ms]
2023-01-20 10:23:04.016 [info] > git for-each-ref --format=%(refname)%00%(upstream:short)%00%(objectname) refs/heads/main refs/remotes/main [2ms]
2023-01-20 10:23:04.028 [info] > git rev-list --left-right --count main...origin/main [1ms]
2023-01-20 10:23:04.094 [info] > git for-each-ref --sort -committerdate --format %(refname) %(objectname) %(*objectname) [29ms]
2023-01-20 10:23:04.149 [info] > git status -z -uall [99ms]
2023-01-20 10:23:09.208 [warning] ENOENT: no such file or directory, open '/home/vagrant/--git-common-dir/config'
2023-01-20 10:23:09.219 [info] > git config --get commit.template [1ms]
2023-01-20 10:23:09.219 [info] > git remote --verbose [11ms]
2023-01-20 10:23:09.232 [info] > git for-each-ref --format=%(refname)%00%(upstream:short)%00%(objectname) refs/heads/main refs/remotes/main [1ms]
2023-01-20 10:23:09.240 [info] > git rev-list --left-right --count main...origin/main [0ms]
2023-01-20 10:23:09.267 [info] > git for-each-ref --sort -committerdate --format %(refname) %(objectname) %(*objectname) [0ms]
2023-01-20 10:23:09.318 [info] > git status -z -uall [62ms]
2023-01-20 10:23:14.374 [warning] ENOENT: no such file or directory, open '/home/vagrant/--git-common-dir/config'
2023-01-20 10:23:14.381 [info] > git config --get commit.template [1ms]
2023-01-20 10:23:14.381 [info] > git remote --verbose [7ms]
2023-01-20 10:23:14.391 [info] > git for-each-ref --format=%(refname)%00%(upstream:short)%00%(objectname) refs/heads/main refs/remotes/main [0ms]
2023-01-20 10:23:14.399 [info] > git rev-list --left-right --count main...origin/main [0ms]
2023-01-20 10:23:14.428 [info] > git for-each-ref --sort -committerdate --format %(refname) %(objectname) %(*objectname) [1ms]
2023-01-20 10:23:14.439 [info] > git status -z -uall [18ms]
2023-01-20 10:23:19.467 [warning] ENOENT: no such file or directory, open '/home/vagrant/--git-common-dir/config'
2023-01-20 10:23:19.476 [info] > git config --get commit.template [1ms]
2023-01-20 10:23:19.477 [info] > git remote --verbose [10ms]
2023-01-20 10:23:19.588 [info] > git for-each-ref --format=%(refname)%00%(upstream:short)%00%(objectname) refs/heads/main refs/remotes/main [1ms]
2023-01-20 10:23:19.597 [info] > git rev-list --left-right --count main...origin/main [1ms]
2023-01-20 10:23:19.636 [info] > git for-each-ref --sort -committerdate --format %(refname) %(objectname) %(*objectname) [0ms]
2023-01-20 10:23:19.674 [info] > git status -z -uall [68ms]
2023-01-20 10:23:29.448 [warning] ENOENT: no such file or directory, open '/home/vagrant/--git-common-dir/config'
2023-01-20 10:23:29.456 [info] > git config --get commit.template [1ms]
2023-01-20 10:23:29.456 [info] > git remote --verbose [8ms]
2023-01-20 10:23:29.465 [info] > git for-each-ref --format=%(refname)%00%(upstream:short)%00%(objectname) refs/heads/main refs/remotes/main [1ms]
2023-01-20 10:23:29.473 [info] > git rev-list --left-right --count main...origin/main [0ms]
2023-01-20 10:23:29.519 [info] > git for-each-ref --sort -committerdate --format %(refname) %(objectname) %(*objectname) [0ms]
2023-01-20 10:23:29.557 [info] > git status -z -uall [57ms]
2023-01-20 10:23:34.628 [warning] ENOENT: no such file or directory, open '/home/vagrant/--git-common-dir/config'
2023-01-20 10:23:34.638 [info] > git config --get commit.template [1ms]
2023-01-20 10:23:34.639 [info] > git remote --verbose [10ms]
2023-01-20 10:23:34.655 [info] > git for-each-ref --format=%(refname)%00%(upstream:short)%00%(objectname) refs/heads/main refs/remotes/main [3ms]
2023-01-20 10:23:34.661 [info] > git rev-list --left-right --count main...origin/main [0ms]
2023-01-20 10:23:34.684 [info] > git for-each-ref --sort -committerdate --format %(refname) %(objectname) %(*objectname) [0ms]
2023-01-20 10:23:34.700 [info] > git status -z -uall [22ms]
2023-01-20 10:23:39.743 [warning] ENOENT: no such file or directory, open '/home/vagrant/--git-common-dir/config'
2023-01-20 10:23:39.754 [info] > git config --get commit.template [0ms]
2023-01-20 10:23:39.755 [info] > git remote --verbose [11ms]
2023-01-20 10:23:39.767 [info] > git for-each-ref --format=%(refname)%00%(upstream:short)%00%(objectname) refs/heads/main refs/remotes/main [1ms]
2023-01-20 10:23:39.776 [info] > git rev-list --left-right --count main...origin/main [2ms]
2023-01-20 10:23:39.806 [info] > git for-each-ref --sort -committerdate --format %(refname) %(objectname) %(*objectname) [1ms]
2023-01-20 10:23:39.823 [info] > git status -z -uall [26ms]
2023-01-20 10:23:44.927 [warning] ENOENT: no such file or directory, open '/home/vagrant/--git-common-dir/config'
2023-01-20 10:23:44.940 [info] > git config --get commit.template [5ms]
2023-01-20 10:23:44.940 [info] > git remote --verbose [13ms]
2023-01-20 10:23:44.964 [info] > git for-each-ref --format=%(refname)%00%(upstream:short)%00%(objectname) refs/heads/main refs/remotes/main [1ms]
2023-01-20 10:23:44.973 [info] > git rev-list --left-right --count main...origin/main [1ms]
2023-01-20 10:23:44.997 [info] > git for-each-ref --sort -committerdate --format %(refname) %(objectname) %(*objectname) [1ms]
2023-01-20 10:23:45.032 [info] > git status -z -uall [43ms]
2023-01-20 10:23:50.100 [warning] ENOENT: no such file or directory, open '/home/vagrant/--git-common-dir/config'
2023-01-20 10:23:50.110 [info] > git config --get commit.template [1ms]
2023-01-20 10:23:50.110 [info] > git remote --verbose [10ms]
2023-01-20 10:23:50.120 [info] > git for-each-ref --format=%(refname)%00%(upstream:short)%00%(objectname) refs/heads/main refs/remotes/main [1ms]
2023-01-20 10:23:50.130 [info] > git rev-list --left-right --count main...origin/main [1ms]
2023-01-20 10:23:50.211 [info] > git for-each-ref --sort -committerdate --format %(refname) %(objectname) %(*objectname) [8ms]
2023-01-20 10:23:50.275 [info] > git status -z -uall [80ms]
2023-01-20 10:23:55.412 [warning] ENOENT: no such file or directory, open '/home/vagrant/--git-common-dir/config'
2023-01-20 10:23:55.432 [info] > git config --get commit.template [8ms]
2023-01-20 10:23:55.432 [info] > git remote --verbose [20ms]
2023-01-20 10:23:55.465 [info] > git for-each-ref --format=%(refname)%00%(upstream:short)%00%(objectname) refs/heads/main refs/remotes/main [1ms]
2023-01-20 10:23:55.476 [info] > git rev-list --left-right --count main...origin/main [1ms]
2023-01-20 10:23:55.513 [info] > git for-each-ref --sort -committerdate --format %(refname) %(objectname) %(*objectname) [1ms]
2023-01-20 10:23:55.552 [info] > git status -z -uall [53ms]
2023-01-20 10:47:26.040 [warning] ENOENT: no such file or directory, open '/home/vagrant/--git-common-dir/config'
2023-01-20 10:47:26.060 [info] > git config --get commit.template [1ms]
2023-01-20 10:47:26.060 [info] > git remote --verbose [20ms]
2023-01-20 10:47:26.076 [info] > git for-each-ref --format=%(refname)%00%(upstream:short)%00%(objectname) refs/heads/main refs/remotes/main [1ms]
2023-01-20 10:47:26.088 [info] > git rev-list --left-right --count main...origin/main [0ms]
2023-01-20 10:47:26.119 [info] > git for-each-ref --sort -committerdate --format %(refname) %(objectname) %(*objectname) [1ms]
2023-01-20 10:47:26.154 [info] > git status -z -uall [49ms]
2023-01-20 10:48:38.109 [warning] ENOENT: no such file or directory, open '/home/vagrant/--git-common-dir/config'
2023-01-20 10:48:38.122 [info] > git config --get commit.template [1ms]
2023-01-20 10:48:38.123 [info] > git remote --verbose [15ms]
2023-01-20 10:48:38.140 [info] > git for-each-ref --format=%(refname)%00%(upstream:short)%00%(objectname) refs/heads/main refs/remotes/main [1ms]
2023-01-20 10:48:38.147 [info] > git rev-list --left-right --count main...origin/main [0ms]
2023-01-20 10:48:38.198 [info] > git for-each-ref --sort -committerdate --format %(refname) %(objectname) %(*objectname) [1ms]
2023-01-20 10:48:38.209 [info] > git status -z -uall [40ms]
2023-01-20 10:48:43.255 [warning] ENOENT: no such file or directory, open '/home/vagrant/--git-common-dir/config'
2023-01-20 10:48:43.264 [info] > git config --get commit.template [0ms]
2023-01-20 10:48:43.265 [info] > git remote --verbose [10ms]
2023-01-20 10:48:43.274 [info] > git for-each-ref --format=%(refname)%00%(upstream:short)%00%(objectname) refs/heads/main refs/remotes/main [1ms]
2023-01-20 10:48:43.279 [info] > git rev-list --left-right --count main...origin/main [0ms]
2023-01-20 10:48:43.304 [info] > git for-each-ref --sort -committerdate --format %(refname) %(objectname) %(*objectname) [1ms]
2023-01-20 10:48:43.327 [info] > git status -z -uall [32ms]
2023-01-20 10:48:48.373 [warning] ENOENT: no such file or directory, open '/home/vagrant/--git-common-dir/config'
2023-01-20 10:48:48.384 [info] > git config --get commit.template [1ms]
2023-01-20 10:48:48.384 [info] > git remote --verbose [11ms]
2023-01-20 10:48:48.394 [info] > git for-each-ref --format=%(refname)%00%(upstream:short)%00%(objectname) refs/heads/main refs/remotes/main [1ms]
2023-01-20 10:48:48.400 [info] > git rev-list --left-right --count main...origin/main [0ms]
2023-01-20 10:48:48.432 [info] > git for-each-ref --sort -committerdate --format %(refname) %(objectname) %(*objectname) [4ms]
2023-01-20 10:48:48.497 [info] > git status -z -uall [81ms]
2023-01-20 10:48:53.524 [warning] ENOENT: no such file or directory, open '/home/vagrant/--git-common-dir/config'
2023-01-20 10:48:53.537 [info] > git config --get commit.template [4ms]
2023-01-20 10:48:53.538 [info] > git remote --verbose [13ms]
2023-01-20 10:48:53.550 [info] > git for-each-ref --format=%(refname)%00%(upstream:short)%00%(objectname) refs/heads/main refs/remotes/main [0ms]
2023-01-20 10:48:53.557 [info] > git rev-list --left-right --count main...origin/main [1ms]
2023-01-20 10:48:53.589 [info] > git for-each-ref --sort -committerdate --format %(refname) %(objectname) %(*objectname) [3ms]
2023-01-20 10:48:53.617 [info] > git status -z -uall [40ms]
2023-01-20 10:48:58.657 [warning] ENOENT: no such file or directory, open '/home/vagrant/--git-common-dir/config'
2023-01-20 10:48:58.667 [info] > git config --get commit.template [1ms]
2023-01-20 10:48:58.667 [info] > git remote --verbose [10ms]
2023-01-20 10:48:58.681 [info] > git for-each-ref --format=%(refname)%00%(upstream:short)%00%(objectname) refs/heads/main refs/remotes/main [0ms]
2023-01-20 10:48:58.693 [info] > git rev-list --left-right --count main...origin/main [2ms]
2023-01-20 10:48:58.779 [info] > git for-each-ref --sort -committerdate --format %(refname) %(objectname) %(*objectname) [1ms]
2023-01-20 10:48:58.806 [info] > git status -z -uall [43ms]
2023-01-20 10:49:03.846 [warning] ENOENT: no such file or directory, open '/home/vagrant/--git-common-dir/config'
2023-01-20 10:49:03.856 [info] > git config --get commit.template [1ms]
2023-01-20 10:49:03.856 [info] > git remote --verbose [10ms]
2023-01-20 10:49:03.871 [info] > git for-each-ref --format=%(refname)%00%(upstream:short)%00%(objectname) refs/heads/main refs/remotes/main [1ms]
2023-01-20 10:49:03.881 [info] > git rev-list --left-right --count main...origin/main [1ms]
2023-01-20 10:49:03.911 [info] > git for-each-ref --sort -committerdate --format %(refname) %(objectname) %(*objectname) [1ms]
2023-01-20 10:49:03.926 [info] > git status -z -uall [22ms]
