2023-02-25 08:14:27.536 [info] Extension host with pid 6549 started
2023-02-25 08:14:27.834 [info] Lock '/home/vagrant/.vscode-server/data/User/workspaceStorage/1d2fae190fc4c0659c0931ca0d2b1dc9/vscode.lock': Lock acquired.
2023-02-25 08:14:28.066 [info] ExtensionService#_doActivateExtension vscode.git-base, startup: true, activationEvent: '*', root cause: vscode.git
2023-02-25 08:14:29.020 [info] ExtensionService#_doActivateExtension vscode.git, startup: true, activationEvent: '*'
2023-02-25 08:14:29.021 [info] ExtensionService#_doActivateExtension vscode.github, startup: true, activationEvent: '*'
2023-02-25 08:14:31.983 [info] ExtensionService#_doActivateExtension vscode.debug-auto-launch, startup: false, activationEvent: 'onStartupFinished'
2023-02-25 08:14:32.021 [info] ExtensionService#_doActivateExtension vscode.emmet, startup: false, activationEvent: 'onStartupFinished'
2023-02-25 08:14:32.022 [info] ExtensionService#_doActivateExtension vscode.merge-conflict, startup: false, activationEvent: 'onStartupFinished'
2023-02-25 08:14:32.023 [info] Eager extensions activated
2023-02-25 08:14:34.527 [warning] [Decorations] CAPPING events from decorations provider vscode.git 2214
2023-02-25 08:14:38.171 [warning] [Decorations] CAPPING events from decorations provider vscode.git 2214
2023-02-25 08:14:42.980 [warning] [Decorations] CAPPING events from decorations provider vscode.git 2215
2023-02-25 08:14:48.544 [warning] [Decorations] CAPPING events from decorations provider vscode.git 2215
2023-02-25 08:14:54.277 [warning] [Decorations] CAPPING events from decorations provider vscode.git 2215
2023-02-25 08:14:59.666 [warning] [Decorations] CAPPING events from decorations provider vscode.git 2215
2023-02-25 08:15:05.524 [warning] [Decorations] CAPPING events from decorations provider vscode.git 2215
2023-02-25 08:15:10.672 [warning] [Decorations] CAPPING events from decorations provider vscode.git 2215
2023-02-25 08:15:16.263 [warning] [Decorations] CAPPING events from decorations provider vscode.git 2215
2023-02-25 08:15:21.872 [warning] [Decorations] CAPPING events from decorations provider vscode.git 2215
2023-02-25 08:15:27.273 [warning] [Decorations] CAPPING events from decorations provider vscode.git 2215
2023-02-25 08:15:32.778 [warning] [Decorations] CAPPING events from decorations provider vscode.git 2215
2023-02-25 08:15:38.138 [warning] [Decorations] CAPPING events from decorations provider vscode.git 2215
2023-02-25 08:15:43.477 [warning] [Decorations] CAPPING events from decorations provider vscode.git 2215
2023-02-25 08:15:49.037 [warning] [Decorations] CAPPING events from decorations provider vscode.git 2215
2023-02-25 08:15:54.350 [warning] [Decorations] CAPPING events from decorations provider vscode.git 2215
2023-02-25 08:15:59.643 [warning] [Decorations] CAPPING events from decorations provider vscode.git 2215
2023-02-25 08:16:05.285 [warning] [Decorations] CAPPING events from decorations provider vscode.git 2215
2023-02-25 08:16:10.769 [warning] [Decorations] CAPPING events from decorations provider vscode.git 2215
2023-02-25 08:16:16.221 [warning] [Decorations] CAPPING events from decorations provider vscode.git 2215
2023-02-25 08:16:21.591 [warning] [Decorations] CAPPING events from decorations provider vscode.git 2215
2023-02-25 08:16:27.066 [warning] [Decorations] CAPPING events from decorations provider vscode.git 2215
2023-02-25 08:16:32.395 [warning] [Decorations] CAPPING events from decorations provider vscode.git 2215
2023-02-25 08:16:37.790 [warning] [Decorations] CAPPING events from decorations provider vscode.git 2215
2023-02-25 08:16:43.289 [warning] [Decorations] CAPPING events from decorations provider vscode.git 2215
2023-02-25 08:16:48.646 [warning] [Decorations] CAPPING events from decorations provider vscode.git 2215
2023-02-25 08:16:54.009 [warning] [Decorations] CAPPING events from decorations provider vscode.git 2215
2023-02-25 08:16:59.377 [warning] [Decorations] CAPPING events from decorations provider vscode.git 2215
2023-02-25 08:17:04.901 [warning] [Decorations] CAPPING events from decorations provider vscode.git 2215
2023-02-25 08:17:10.257 [warning] [Decorations] CAPPING events from decorations provider vscode.git 2215
2023-02-25 08:17:16.895 [warning] [Decorations] CAPPING events from decorations provider vscode.git 2215
2023-02-25 08:17:22.290 [warning] [Decorations] CAPPING events from decorations provider vscode.git 2215
2023-02-25 08:17:27.926 [warning] [Decorations] CAPPING events from decorations provider vscode.git 2215
2023-02-25 08:17:33.537 [warning] [Decorations] CAPPING events from decorations provider vscode.git 2215
2023-02-25 08:17:39.052 [warning] [Decorations] CAPPING events from decorations provider vscode.git 2215
2023-02-25 08:17:44.404 [warning] [Decorations] CAPPING events from decorations provider vscode.git 2215
2023-02-25 08:17:49.845 [warning] [Decorations] CAPPING events from decorations provider vscode.git 2215
2023-02-25 08:17:55.508 [warning] [Decorations] CAPPING events from decorations provider vscode.git 2215
2023-02-25 08:18:01.180 [warning] [Decorations] CAPPING events from decorations provider vscode.git 2215
2023-02-25 08:18:06.730 [warning] [Decorations] CAPPING events from decorations provider vscode.git 2215
2023-02-25 08:18:12.178 [warning] [Decorations] CAPPING events from decorations provider vscode.git 2215
2023-02-25 08:18:17.446 [warning] [Decorations] CAPPING events from decorations provider vscode.git 2215
2023-02-25 08:23:25.128 [warning] [Decorations] CAPPING events from decorations provider vscode.git 2215
2023-02-25 08:23:30.459 [warning] [Decorations] CAPPING events from decorations provider vscode.git 2215
2023-02-25 08:23:35.827 [warning] [Decorations] CAPPING events from decorations provider vscode.git 2215
2023-02-25 08:23:41.134 [warning] [Decorations] CAPPING events from decorations provider vscode.git 2215
2023-02-25 08:23:46.660 [warning] [Decorations] CAPPING events from decorations provider vscode.git 2215
2023-02-25 08:23:51.990 [warning] [Decorations] CAPPING events from decorations provider vscode.git 2215
2023-02-25 08:23:57.502 [warning] [Decorations] CAPPING events from decorations provider vscode.git 2215
2023-02-25 08:24:02.909 [warning] [Decorations] CAPPING events from decorations provider vscode.git 2215
2023-02-25 08:24:08.337 [warning] [Decorations] CAPPING events from decorations provider vscode.git 2215
2023-02-25 08:48:02.299 [warning] [Decorations] CAPPING events from decorations provider vscode.git 2215
2023-02-25 08:48:07.814 [warning] [Decorations] CAPPING events from decorations provider vscode.git 2215
2023-02-25 08:48:13.594 [warning] [Decorations] CAPPING events from decorations provider vscode.git 2215
2023-02-25 08:48:18.962 [warning] [Decorations] CAPPING events from decorations provider vscode.git 2215
2023-02-25 08:48:24.313 [warning] [Decorations] CAPPING events from decorations provider vscode.git 2215
2023-02-25 08:48:29.641 [warning] [Decorations] CAPPING events from decorations provider vscode.git 2215
2023-02-25 08:48:35.050 [warning] [Decorations] CAPPING events from decorations provider vscode.git 2215
2023-02-25 08:48:40.596 [warning] [Decorations] CAPPING events from decorations provider vscode.git 2215
2023-02-25 08:48:45.961 [warning] [Decorations] CAPPING events from decorations provider vscode.git 2215
2023-02-25 08:48:51.355 [warning] [Decorations] CAPPING events from decorations provider vscode.git 2215
2023-02-25 08:48:56.820 [warning] [Decorations] CAPPING events from decorations provider vscode.git 2215
2023-02-25 08:49:02.322 [warning] [Decorations] CAPPING events from decorations provider vscode.git 2215
2023-02-25 08:49:07.699 [warning] [Decorations] CAPPING events from decorations provider vscode.git 2215
2023-02-25 08:49:13.194 [warning] [Decorations] CAPPING events from decorations provider vscode.git 2215
2023-02-25 08:49:18.906 [warning] [Decorations] CAPPING events from decorations provider vscode.git 2215
2023-02-25 08:49:24.423 [warning] [Decorations] CAPPING events from decorations provider vscode.git 2215
2023-02-25 08:49:29.945 [warning] [Decorations] CAPPING events from decorations provider vscode.git 2215
2023-02-25 08:49:35.393 [warning] [Decorations] CAPPING events from decorations provider vscode.git 2215
2023-02-25 08:49:40.854 [warning] [Decorations] CAPPING events from decorations provider vscode.git 2215
2023-02-25 08:49:46.210 [warning] [Decorations] CAPPING events from decorations provider vscode.git 2215
2023-02-25 08:49:51.570 [warning] [Decorations] CAPPING events from decorations provider vscode.git 2215
2023-02-25 08:49:57.035 [warning] [Decorations] CAPPING events from decorations provider vscode.git 2215
2023-02-25 08:50:02.619 [warning] [Decorations] CAPPING events from decorations provider vscode.git 2215
2023-02-25 08:50:08.327 [warning] [Decorations] CAPPING events from decorations provider vscode.git 2215
2023-02-25 08:50:13.829 [warning] [Decorations] CAPPING events from decorations provider vscode.git 2215
2023-02-25 08:50:19.219 [warning] [Decorations] CAPPING events from decorations provider vscode.git 2215
2023-02-25 08:50:24.723 [warning] [Decorations] CAPPING events from decorations provider vscode.git 2215
2023-02-25 08:50:30.239 [warning] [Decorations] CAPPING events from decorations provider vscode.git 2215
2023-02-25 09:21:19.929 [warning] [Decorations] CAPPING events from decorations provider vscode.git 2215
2023-02-25 09:21:25.331 [warning] [Decorations] CAPPING events from decorations provider vscode.git 2215
2023-02-25 09:21:30.857 [warning] [Decorations] CAPPING events from decorations provider vscode.git 2215
2023-02-25 09:21:36.235 [warning] [Decorations] CAPPING events from decorations provider vscode.git 2215
2023-02-25 09:21:41.571 [warning] [Decorations] CAPPING events from decorations provider vscode.git 2215
2023-02-25 09:21:47.266 [warning] [Decorations] CAPPING events from decorations provider vscode.git 2215
2023-02-25 09:21:52.620 [warning] [Decorations] CAPPING events from decorations provider vscode.git 2215
2023-02-25 09:21:58.086 [warning] [Decorations] CAPPING events from decorations provider vscode.git 2215
2023-02-25 09:22:03.532 [warning] [Decorations] CAPPING events from decorations provider vscode.git 2215
2023-02-25 09:22:09.133 [warning] [Decorations] CAPPING events from decorations provider vscode.git 2215
2023-02-25 09:22:14.507 [warning] [Decorations] CAPPING events from decorations provider vscode.git 2215
2023-02-25 09:22:20.035 [warning] [Decorations] CAPPING events from decorations provider vscode.git 2215
2023-02-25 09:22:25.600 [warning] [Decorations] CAPPING events from decorations provider vscode.git 2215
2023-02-25 09:22:30.962 [warning] [Decorations] CAPPING events from decorations provider vscode.git 2215
2023-02-25 09:22:36.420 [warning] [Decorations] CAPPING events from decorations provider vscode.git 2215
2023-02-25 09:22:41.902 [warning] [Decorations] CAPPING events from decorations provider vscode.git 2215
2023-02-25 09:22:47.356 [warning] [Decorations] CAPPING events from decorations provider vscode.git 2215
2023-02-25 09:22:53.009 [warning] [Decorations] CAPPING events from decorations provider vscode.git 2215
2023-02-25 09:22:58.458 [warning] [Decorations] CAPPING events from decorations provider vscode.git 2215
2023-02-25 09:23:04.375 [warning] [Decorations] CAPPING events from decorations provider vscode.git 2215
2023-02-25 09:23:09.807 [warning] [Decorations] CAPPING events from decorations provider vscode.git 2215
2023-02-25 09:23:15.123 [warning] [Decorations] CAPPING events from decorations provider vscode.git 2215
2023-02-25 09:23:20.571 [warning] [Decorations] CAPPING events from decorations provider vscode.git 2215
2023-02-25 09:23:25.959 [warning] [Decorations] CAPPING events from decorations provider vscode.git 2215
2023-02-25 09:23:31.471 [warning] [Decorations] CAPPING events from decorations provider vscode.git 2215
2023-02-25 09:23:36.813 [warning] [Decorations] CAPPING events from decorations provider vscode.git 2215
2023-02-25 09:23:42.344 [warning] [Decorations] CAPPING events from decorations provider vscode.git 2215
2023-02-25 09:23:48.017 [warning] [Decorations] CAPPING events from decorations provider vscode.git 2215
2023-02-25 09:23:53.376 [warning] [Decorations] CAPPING events from decorations provider vscode.git 2215
2023-02-25 09:23:58.963 [warning] [Decorations] CAPPING events from decorations provider vscode.git 2215
2023-02-25 09:24:04.432 [warning] [Decorations] CAPPING events from decorations provider vscode.git 2215
2023-02-25 09:24:10.339 [warning] [Decorations] CAPPING events from decorations provider vscode.git 2215
2023-02-25 09:24:15.730 [warning] [Decorations] CAPPING events from decorations provider vscode.git 2215
2023-02-25 09:24:21.050 [warning] [Decorations] CAPPING events from decorations provider vscode.git 2215
2023-02-25 09:24:26.423 [warning] [Decorations] CAPPING events from decorations provider vscode.git 2215
2023-02-25 09:24:31.913 [warning] [Decorations] CAPPING events from decorations provider vscode.git 2215
2023-02-25 09:24:37.423 [warning] [Decorations] CAPPING events from decorations provider vscode.git 2215
2023-02-25 09:24:42.934 [warning] [Decorations] CAPPING events from decorations provider vscode.git 2215
2023-02-25 09:24:48.462 [warning] [Decorations] CAPPING events from decorations provider vscode.git 2215
2023-02-25 09:24:53.978 [warning] [Decorations] CAPPING events from decorations provider vscode.git 2215
2023-02-25 09:24:59.423 [warning] [Decorations] CAPPING events from decorations provider vscode.git 2215
2023-02-25 09:25:05.376 [warning] [Decorations] CAPPING events from decorations provider vscode.git 2215
2023-02-25 09:25:10.919 [warning] [Decorations] CAPPING events from decorations provider vscode.git 2215
2023-02-25 09:25:16.221 [warning] [Decorations] CAPPING events from decorations provider vscode.git 2215
2023-02-25 09:25:21.737 [warning] [Decorations] CAPPING events from decorations provider vscode.git 2215
2023-02-25 09:25:27.433 [warning] [Decorations] CAPPING events from decorations provider vscode.git 2215
2023-02-27 10:08:43.305 [info] Extension host terminating: renderer disconnected for too long (1)
2023-02-27 10:08:43.408 [info] Lock '/home/vagrant/.vscode-server/data/User/workspaceStorage/1d2fae190fc4c0659c0931ca0d2b1dc9/vscode.lock': Marking the lockfile as scheduled to be released in 6000 ms.
2023-02-27 10:08:43.951 [info] Extension host with pid 6549 exiting with code 0
