2023-02-25 08:14:41.222 [info] Log level: Info
2023-02-25 08:14:41.223 [info] Validating found git in: "git"
2023-02-25 08:14:41.223 [info] Using git "1.8.3.1" from "git"
2023-02-25 08:14:41.223 [info] > git rev-parse --show-toplevel [662ms]
2023-02-25 08:14:41.223 [info] > git rev-parse --git-dir --git-common-dir [193ms]
2023-02-25 08:14:41.223 [info] Open repository: /home/vagrant
2023-02-25 08:14:41.223 [warning] ENOENT: no such file or directory, open '/home/vagrant/--git-common-dir/config'
2023-02-25 08:14:41.223 [info] > git rev-parse --show-toplevel [119ms]
2023-02-25 08:14:41.223 [info] > git rev-parse --show-toplevel [5ms]
2023-02-25 08:14:41.223 [info] > git config --get commit.template [79ms]
2023-02-25 08:14:41.223 [info] > git remote --verbose [139ms]
2023-02-25 08:14:41.223 [info] > git rev-parse --show-toplevel [8ms]
2023-02-25 08:14:41.223 [info] > git rev-parse --show-toplevel [36ms]
2023-02-25 08:14:41.223 [info] > git rev-parse --show-toplevel [4ms]
2023-02-25 08:14:41.223 [info] > git for-each-ref --format=%(refname)%00%(upstream:short)%00%(objectname) refs/heads/main refs/remotes/main [109ms]
2023-02-25 08:14:41.223 [info] > git rev-list --left-right --count main...origin/main [4ms]
2023-02-25 08:14:41.223 [info] > git rev-parse --show-toplevel [99ms]
2023-02-25 08:14:41.224 [info] > git for-each-ref --sort -committerdate --format %(refname) %(objectname) %(*objectname) [52ms]
2023-02-25 08:14:41.224 [info] > git status -z -uall [760ms]
2023-02-25 08:14:41.224 [warning] ENOENT: no such file or directory, open '/home/vagrant/--git-common-dir/config'
2023-02-25 08:14:41.224 [info] > git config --get commit.template [33ms]
2023-02-25 08:14:41.224 [info] > git remote --verbose [68ms]
2023-02-25 08:14:41.224 [info] > git for-each-ref --format=%(refname)%00%(upstream:short)%00%(objectname) refs/heads/main refs/remotes/main [39ms]
2023-02-25 08:14:41.224 [info] > git rev-list --left-right --count main...origin/main [1ms]
2023-02-25 08:14:41.224 [info] > git for-each-ref --sort -committerdate --format %(refname) %(objectname) %(*objectname) [3ms]
2023-02-25 08:14:41.224 [info] > git status -z -uall [431ms]
2023-02-25 08:14:41.224 [info] > git check-ignore -v -z --stdin [52ms]
2023-02-25 08:14:41.319 [info] > git show --textconv :ansible_dir/report.yml [52ms]
2023-02-25 08:14:41.327 [info] > git ls-files --stage -- /home/vagrant/ansible_dir/report.yml [20ms]
2023-02-25 08:14:42.628 [warning] ENOENT: no such file or directory, open '/home/vagrant/--git-common-dir/config'
2023-02-25 08:14:42.654 [info] > git config --get commit.template [5ms]
2023-02-25 08:14:42.654 [info] > git remote --verbose [27ms]
2023-02-25 08:14:42.679 [info] > git for-each-ref --format=%(refname)%00%(upstream:short)%00%(objectname) refs/heads/main refs/remotes/main [3ms]
2023-02-25 08:14:42.696 [info] > git rev-list --left-right --count main...origin/main [1ms]
2023-02-25 08:14:42.772 [info] > git for-each-ref --sort -committerdate --format %(refname) %(objectname) %(*objectname) [1ms]
2023-02-25 08:14:42.870 [info] > git status -z -uall [133ms]
2023-02-25 08:14:48.022 [warning] ENOENT: no such file or directory, open '/home/vagrant/--git-common-dir/config'
2023-02-25 08:14:48.045 [info] > git config --get commit.template [3ms]
2023-02-25 08:14:48.045 [info] > git remote --verbose [23ms]
2023-02-25 08:14:48.081 [info] > git for-each-ref --format=%(refname)%00%(upstream:short)%00%(objectname) refs/heads/main refs/remotes/main [9ms]
2023-02-25 08:14:48.125 [info] > git rev-list --left-right --count main...origin/main [13ms]
2023-02-25 08:14:48.201 [info] > git for-each-ref --sort -committerdate --format %(refname) %(objectname) %(*objectname) [2ms]
2023-02-25 08:14:48.413 [info] > git status -z -uall [256ms]
2023-02-25 08:14:53.595 [warning] ENOENT: no such file or directory, open '/home/vagrant/--git-common-dir/config'
2023-02-25 08:14:53.615 [info] > git config --get commit.template [2ms]
2023-02-25 08:14:53.615 [info] > git remote --verbose [20ms]
2023-02-25 08:14:53.637 [info] > git for-each-ref --format=%(refname)%00%(upstream:short)%00%(objectname) refs/heads/main refs/remotes/main [2ms]
2023-02-25 08:14:53.657 [info] > git rev-list --left-right --count main...origin/main [2ms]
2023-02-25 08:14:53.852 [info] > git for-each-ref --sort -committerdate --format %(refname) %(objectname) %(*objectname) [2ms]
2023-02-25 08:14:54.083 [info] > git status -z -uall [290ms]
2023-02-25 08:14:59.336 [warning] ENOENT: no such file or directory, open '/home/vagrant/--git-common-dir/config'
2023-02-25 08:14:59.362 [info] > git config --get commit.template [2ms]
2023-02-25 08:14:59.362 [info] > git remote --verbose [26ms]
2023-02-25 08:14:59.404 [info] > git for-each-ref --format=%(refname)%00%(upstream:short)%00%(objectname) refs/heads/main refs/remotes/main [15ms]
2023-02-25 08:14:59.421 [info] > git rev-list --left-right --count main...origin/main [1ms]
2023-02-25 08:14:59.462 [info] > git for-each-ref --sort -committerdate --format %(refname) %(objectname) %(*objectname) [1ms]
2023-02-25 08:14:59.585 [info] > git status -z -uall [141ms]
2023-02-25 08:15:04.727 [warning] ENOENT: no such file or directory, open '/home/vagrant/--git-common-dir/config'
2023-02-25 08:15:04.754 [info] > git config --get commit.template [3ms]
2023-02-25 08:15:04.755 [info] > git remote --verbose [29ms]
2023-02-25 08:15:04.787 [info] > git for-each-ref --format=%(refname)%00%(upstream:short)%00%(objectname) refs/heads/main refs/remotes/main [8ms]
2023-02-25 08:15:04.813 [info] > git rev-list --left-right --count main...origin/main [2ms]
2023-02-25 08:15:05.165 [info] > git for-each-ref --sort -committerdate --format %(refname) %(objectname) %(*objectname) [89ms]
2023-02-25 08:15:05.364 [info] > git status -z -uall [429ms]
2023-02-25 08:15:10.551 [warning] ENOENT: no such file or directory, open '/home/vagrant/--git-common-dir/config'
2023-02-25 08:15:10.558 [info] > git config --get commit.template [1ms]
2023-02-25 08:15:10.559 [info] > git remote --verbose [7ms]
2023-02-25 08:15:10.569 [info] > git for-each-ref --format=%(refname)%00%(upstream:short)%00%(objectname) refs/heads/main refs/remotes/main [1ms]
2023-02-25 08:15:10.578 [info] > git rev-list --left-right --count main...origin/main [1ms]
2023-02-25 08:15:10.603 [info] > git for-each-ref --sort -committerdate --format %(refname) %(objectname) %(*objectname) [1ms]
2023-02-25 08:15:10.635 [info] > git status -z -uall [41ms]
2023-02-25 08:15:15.704 [warning] ENOENT: no such file or directory, open '/home/vagrant/--git-common-dir/config'
2023-02-25 08:15:15.734 [info] > git remote --verbose [31ms]
2023-02-25 08:15:15.768 [info] > git for-each-ref --format=%(refname)%00%(upstream:short)%00%(objectname) refs/heads/main refs/remotes/main [4ms]
2023-02-25 08:15:15.893 [info] > git config --get commit.template [160ms]
2023-02-25 08:15:15.927 [info] > git rev-list --left-right --count main...origin/main [35ms]
2023-02-25 08:15:16.055 [info] > git for-each-ref --sort -committerdate --format %(refname) %(objectname) %(*objectname) [5ms]
2023-02-25 08:15:16.137 [info] > git status -z -uall [133ms]
2023-02-25 08:15:21.342 [warning] ENOENT: no such file or directory, open '/home/vagrant/--git-common-dir/config'
2023-02-25 08:15:21.383 [info] > git config --get commit.template [4ms]
2023-02-25 08:15:21.384 [info] > git remote --verbose [44ms]
2023-02-25 08:15:21.466 [info] > git for-each-ref --format=%(refname)%00%(upstream:short)%00%(objectname) refs/heads/main refs/remotes/main [37ms]
2023-02-25 08:15:21.499 [info] > git rev-list --left-right --count main...origin/main [3ms]
2023-02-25 08:15:21.639 [info] > git for-each-ref --sort -committerdate --format %(refname) %(objectname) %(*objectname) [46ms]
2023-02-25 08:15:21.752 [info] > git status -z -uall [209ms]
2023-02-25 08:15:26.903 [warning] ENOENT: no such file or directory, open '/home/vagrant/--git-common-dir/config'
2023-02-25 08:15:26.924 [info] > git config --get commit.template [2ms]
2023-02-25 08:15:26.925 [info] > git remote --verbose [21ms]
2023-02-25 08:15:26.950 [info] > git for-each-ref --format=%(refname)%00%(upstream:short)%00%(objectname) refs/heads/main refs/remotes/main [1ms]
2023-02-25 08:15:26.965 [info] > git rev-list --left-right --count main...origin/main [1ms]
2023-02-25 08:15:27.042 [info] > git for-each-ref --sort -committerdate --format %(refname) %(objectname) %(*objectname) [27ms]
2023-02-25 08:15:27.156 [info] > git status -z -uall [174ms]
2023-02-25 08:15:32.303 [warning] ENOENT: no such file or directory, open '/home/vagrant/--git-common-dir/config'
2023-02-25 08:15:32.324 [info] > git remote --verbose [21ms]
2023-02-25 08:15:32.358 [info] > git for-each-ref --format=%(refname)%00%(upstream:short)%00%(objectname) refs/heads/main refs/remotes/main [4ms]
2023-02-25 08:15:32.491 [info] > git config --get commit.template [167ms]
2023-02-25 08:15:32.492 [info] > git rev-list --left-right --count main...origin/main [4ms]
2023-02-25 08:15:32.562 [info] > git for-each-ref --sort -committerdate --format %(refname) %(objectname) %(*objectname) [10ms]
2023-02-25 08:15:32.698 [info] > git status -z -uall [177ms]
2023-02-25 08:15:37.827 [warning] ENOENT: no such file or directory, open '/home/vagrant/--git-common-dir/config'
2023-02-25 08:15:37.854 [info] > git config --get commit.template [12ms]
2023-02-25 08:15:37.855 [info] > git remote --verbose [29ms]
2023-02-25 08:15:37.877 [info] > git for-each-ref --format=%(refname)%00%(upstream:short)%00%(objectname) refs/heads/main refs/remotes/main [1ms]
2023-02-25 08:15:37.895 [info] > git rev-list --left-right --count main...origin/main [4ms]
2023-02-25 08:15:37.931 [info] > git for-each-ref --sort -committerdate --format %(refname) %(objectname) %(*objectname) [2ms]
2023-02-25 08:15:38.036 [info] > git status -z -uall [120ms]
2023-02-25 08:15:43.176 [warning] ENOENT: no such file or directory, open '/home/vagrant/--git-common-dir/config'
2023-02-25 08:15:43.196 [info] > git config --get commit.template [2ms]
2023-02-25 08:15:43.196 [info] > git remote --verbose [20ms]
2023-02-25 08:15:43.221 [info] > git for-each-ref --format=%(refname)%00%(upstream:short)%00%(objectname) refs/heads/main refs/remotes/main [2ms]
2023-02-25 08:15:43.237 [info] > git rev-list --left-right --count main...origin/main [1ms]
2023-02-25 08:15:43.301 [info] > git for-each-ref --sort -committerdate --format %(refname) %(objectname) %(*objectname) [23ms]
2023-02-25 08:15:43.387 [info] > git status -z -uall [129ms]
2023-02-25 08:15:48.536 [warning] ENOENT: no such file or directory, open '/home/vagrant/--git-common-dir/config'
2023-02-25 08:15:48.558 [info] > git remote --verbose [21ms]
2023-02-25 08:15:48.592 [info] > git for-each-ref --format=%(refname)%00%(upstream:short)%00%(objectname) refs/heads/main refs/remotes/main [2ms]
2023-02-25 08:15:48.614 [info] > git config --get commit.template [57ms]
2023-02-25 08:15:48.616 [info] > git rev-list --left-right --count main...origin/main [2ms]
2023-02-25 08:15:48.684 [info] > git for-each-ref --sort -committerdate --format %(refname) %(objectname) %(*objectname) [13ms]
2023-02-25 08:15:48.948 [info] > git status -z -uall [310ms]
2023-02-25 08:15:54.087 [warning] ENOENT: no such file or directory, open '/home/vagrant/--git-common-dir/config'
2023-02-25 08:15:54.107 [info] > git config --get commit.template [2ms]
2023-02-25 08:15:54.107 [info] > git remote --verbose [20ms]
2023-02-25 08:15:54.130 [info] > git for-each-ref --format=%(refname)%00%(upstream:short)%00%(objectname) refs/heads/main refs/remotes/main [2ms]
2023-02-25 08:15:54.146 [info] > git rev-list --left-right --count main...origin/main [1ms]
2023-02-25 08:15:54.185 [info] > git for-each-ref --sort -committerdate --format %(refname) %(objectname) %(*objectname) [2ms]
2023-02-25 08:15:54.268 [info] > git status -z -uall [100ms]
2023-02-25 08:15:58.514 [info] > git check-ignore -v -z --stdin [13ms]
2023-02-25 08:15:59.391 [warning] ENOENT: no such file or directory, open '/home/vagrant/--git-common-dir/config'
2023-02-25 08:15:59.405 [info] > git config --get commit.template [2ms]
2023-02-25 08:15:59.407 [info] > git remote --verbose [17ms]
2023-02-25 08:15:59.429 [info] > git for-each-ref --format=%(refname)%00%(upstream:short)%00%(objectname) refs/heads/main refs/remotes/main [2ms]
2023-02-25 08:15:59.446 [info] > git rev-list --left-right --count main...origin/main [2ms]
2023-02-25 08:15:59.491 [info] > git for-each-ref --sort -committerdate --format %(refname) %(objectname) %(*objectname) [1ms]
2023-02-25 08:15:59.563 [info] > git status -z -uall [91ms]
2023-02-25 08:16:04.679 [warning] ENOENT: no such file or directory, open '/home/vagrant/--git-common-dir/config'
2023-02-25 08:16:04.704 [info] > git remote --verbose [26ms]
2023-02-25 08:16:04.834 [info] > git config --get commit.template [135ms]
2023-02-25 08:16:04.963 [info] > git for-each-ref --format=%(refname)%00%(upstream:short)%00%(objectname) refs/heads/main refs/remotes/main [90ms]
2023-02-25 08:16:04.989 [info] > git check-ignore -v -z --stdin [28ms]
2023-02-25 08:16:04.991 [info] > git rev-list --left-right --count main...origin/main [4ms]
2023-02-25 08:16:05.042 [info] > git for-each-ref --sort -committerdate --format %(refname) %(objectname) %(*objectname) [3ms]
2023-02-25 08:16:05.202 [info] > git status -z -uall [183ms]
2023-02-25 08:16:10.342 [warning] ENOENT: no such file or directory, open '/home/vagrant/--git-common-dir/config'
2023-02-25 08:16:10.362 [info] > git remote --verbose [20ms]
2023-02-25 08:16:10.386 [info] > git for-each-ref --format=%(refname)%00%(upstream:short)%00%(objectname) refs/heads/main refs/remotes/main [1ms]
2023-02-25 08:16:10.409 [info] > git config --get commit.template [48ms]
2023-02-25 08:16:10.411 [info] > git rev-list --left-right --count main...origin/main [4ms]
2023-02-25 08:16:10.503 [info] > git for-each-ref --sort -committerdate --format %(refname) %(objectname) %(*objectname) [32ms]
2023-02-25 08:16:10.611 [info] > git status -z -uall [157ms]
2023-02-25 08:16:15.817 [warning] ENOENT: no such file or directory, open '/home/vagrant/--git-common-dir/config'
2023-02-25 08:16:15.837 [info] > git config --get commit.template [2ms]
2023-02-25 08:16:15.838 [info] > git remote --verbose [22ms]
2023-02-25 08:16:15.858 [info] > git for-each-ref --format=%(refname)%00%(upstream:short)%00%(objectname) refs/heads/main refs/remotes/main [1ms]
2023-02-25 08:16:15.874 [info] > git rev-list --left-right --count main...origin/main [1ms]
2023-02-25 08:16:15.920 [info] > git for-each-ref --sort -committerdate --format %(refname) %(objectname) %(*objectname) [4ms]
2023-02-25 08:16:16.146 [info] > git status -z -uall [245ms]
2023-02-25 08:16:21.266 [warning] ENOENT: no such file or directory, open '/home/vagrant/--git-common-dir/config'
2023-02-25 08:16:21.288 [info] > git config --get commit.template [2ms]
2023-02-25 08:16:21.289 [info] > git remote --verbose [22ms]
2023-02-25 08:16:21.318 [info] > git for-each-ref --format=%(refname)%00%(upstream:short)%00%(objectname) refs/heads/main refs/remotes/main [7ms]
2023-02-25 08:16:21.337 [info] > git rev-list --left-right --count main...origin/main [2ms]
2023-02-25 08:16:21.380 [info] > git for-each-ref --sort -committerdate --format %(refname) %(objectname) %(*objectname) [2ms]
2023-02-25 08:16:21.480 [info] > git status -z -uall [121ms]
2023-02-25 08:16:26.715 [warning] ENOENT: no such file or directory, open '/home/vagrant/--git-common-dir/config'
2023-02-25 08:16:26.740 [info] > git config --get commit.template [11ms]
2023-02-25 08:16:26.740 [info] > git remote --verbose [26ms]
2023-02-25 08:16:26.832 [info] > git for-each-ref --format=%(refname)%00%(upstream:short)%00%(objectname) refs/heads/main refs/remotes/main [15ms]
2023-02-25 08:16:26.855 [info] > git rev-list --left-right --count main...origin/main [2ms]
2023-02-25 08:16:26.897 [info] > git for-each-ref --sort -committerdate --format %(refname) %(objectname) %(*objectname) [2ms]
2023-02-25 08:16:26.987 [info] > git status -z -uall [106ms]
2023-02-25 08:16:32.109 [warning] ENOENT: no such file or directory, open '/home/vagrant/--git-common-dir/config'
2023-02-25 08:16:32.123 [info] > git config --get commit.template [1ms]
2023-02-25 08:16:32.124 [info] > git remote --verbose [16ms]
2023-02-25 08:16:32.136 [info] > git for-each-ref --format=%(refname)%00%(upstream:short)%00%(objectname) refs/heads/main refs/remotes/main [2ms]
2023-02-25 08:16:32.148 [info] > git rev-list --left-right --count main...origin/main [1ms]
2023-02-25 08:16:32.179 [info] > git for-each-ref --sort -committerdate --format %(refname) %(objectname) %(*objectname) [1ms]
2023-02-25 08:16:32.289 [info] > git status -z -uall [119ms]
2023-02-25 08:16:37.429 [warning] ENOENT: no such file or directory, open '/home/vagrant/--git-common-dir/config'
2023-02-25 08:16:37.457 [info] > git config --get commit.template [2ms]
2023-02-25 08:16:37.458 [info] > git remote --verbose [29ms]
2023-02-25 08:16:37.490 [info] > git for-each-ref --format=%(refname)%00%(upstream:short)%00%(objectname) refs/heads/main refs/remotes/main [10ms]
2023-02-25 08:16:37.509 [info] > git rev-list --left-right --count main...origin/main [1ms]
2023-02-25 08:16:37.559 [info] > git for-each-ref --sort -committerdate --format %(refname) %(objectname) %(*objectname) [2ms]
2023-02-25 08:16:37.667 [info] > git status -z -uall [137ms]
2023-02-25 08:16:42.836 [warning] ENOENT: no such file or directory, open '/home/vagrant/--git-common-dir/config'
2023-02-25 08:16:42.861 [info] > git config --get commit.template [3ms]
2023-02-25 08:16:42.861 [info] > git remote --verbose [25ms]
2023-02-25 08:16:42.882 [info] > git for-each-ref --format=%(refname)%00%(upstream:short)%00%(objectname) refs/heads/main refs/remotes/main [1ms]
2023-02-25 08:16:42.898 [info] > git rev-list --left-right --count main...origin/main [2ms]
2023-02-25 08:16:42.941 [info] > git for-each-ref --sort -committerdate --format %(refname) %(objectname) %(*objectname) [3ms]
2023-02-25 08:16:43.184 [info] > git status -z -uall [262ms]
2023-02-25 08:16:48.323 [warning] ENOENT: no such file or directory, open '/home/vagrant/--git-common-dir/config'
2023-02-25 08:16:48.349 [info] > git config --get commit.template [1ms]
2023-02-25 08:16:48.350 [info] > git remote --verbose [29ms]
2023-02-25 08:16:48.376 [info] > git for-each-ref --format=%(refname)%00%(upstream:short)%00%(objectname) refs/heads/main refs/remotes/main [1ms]
2023-02-25 08:16:48.392 [info] > git rev-list --left-right --count main...origin/main [1ms]
2023-02-25 08:16:48.455 [info] > git for-each-ref --sort -committerdate --format %(refname) %(objectname) %(*objectname) [2ms]
2023-02-25 08:16:48.565 [info] > git status -z -uall [147ms]
2023-02-25 08:16:53.682 [warning] ENOENT: no such file or directory, open '/home/vagrant/--git-common-dir/config'
2023-02-25 08:16:53.706 [info] > git config --get commit.template [3ms]
2023-02-25 08:16:53.707 [info] > git remote --verbose [25ms]
2023-02-25 08:16:53.734 [info] > git for-each-ref --format=%(refname)%00%(upstream:short)%00%(objectname) refs/heads/main refs/remotes/main [1ms]
2023-02-25 08:16:53.751 [info] > git rev-list --left-right --count main...origin/main [1ms]
2023-02-25 08:16:53.791 [info] > git for-each-ref --sort -committerdate --format %(refname) %(objectname) %(*objectname) [2ms]
2023-02-25 08:16:53.901 [info] > git status -z -uall [132ms]
2023-02-25 08:16:59.053 [warning] ENOENT: no such file or directory, open '/home/vagrant/--git-common-dir/config'
2023-02-25 08:16:59.067 [info] > git config --get commit.template [2ms]
2023-02-25 08:16:59.068 [info] > git remote --verbose [15ms]
2023-02-25 08:16:59.095 [info] > git for-each-ref --format=%(refname)%00%(upstream:short)%00%(objectname) refs/heads/main refs/remotes/main [7ms]
2023-02-25 08:16:59.110 [info] > git rev-list --left-right --count main...origin/main [0ms]
2023-02-25 08:16:59.177 [info] > git for-each-ref --sort -committerdate --format %(refname) %(objectname) %(*objectname) [24ms]
2023-02-25 08:16:59.300 [info] > git status -z -uall [163ms]
2023-02-25 08:17:04.416 [warning] ENOENT: no such file or directory, open '/home/vagrant/--git-common-dir/config'
2023-02-25 08:17:04.433 [info] > git config --get commit.template [2ms]
2023-02-25 08:17:04.434 [info] > git remote --verbose [19ms]
2023-02-25 08:17:04.463 [info] > git for-each-ref --format=%(refname)%00%(upstream:short)%00%(objectname) refs/heads/main refs/remotes/main [4ms]
2023-02-25 08:17:04.484 [info] > git rev-list --left-right --count main...origin/main [1ms]
2023-02-25 08:17:04.530 [info] > git for-each-ref --sort -committerdate --format %(refname) %(objectname) %(*objectname) [3ms]
2023-02-25 08:17:04.804 [info] > git status -z -uall [293ms]
2023-02-25 08:17:09.941 [warning] ENOENT: no such file or directory, open '/home/vagrant/--git-common-dir/config'
2023-02-25 08:17:09.965 [info] > git remote --verbose [24ms]
2023-02-25 08:17:09.993 [info] > git config --get commit.template [31ms]
2023-02-25 08:17:10.005 [info] > git for-each-ref --format=%(refname)%00%(upstream:short)%00%(objectname) refs/heads/main refs/remotes/main [16ms]
2023-02-25 08:17:10.033 [info] > git rev-list --left-right --count main...origin/main [10ms]
2023-02-25 08:17:10.074 [info] > git for-each-ref --sort -committerdate --format %(refname) %(objectname) %(*objectname) [2ms]
2023-02-25 08:17:10.175 [info] > git status -z -uall [117ms]
2023-02-25 08:17:16.345 [warning] ENOENT: no such file or directory, open '/home/vagrant/--git-common-dir/config'
2023-02-25 08:17:16.366 [info] > git config --get commit.template [2ms]
2023-02-25 08:17:16.368 [info] > git remote --verbose [23ms]
2023-02-25 08:17:16.393 [info] > git for-each-ref --format=%(refname)%00%(upstream:short)%00%(objectname) refs/heads/main refs/remotes/main [3ms]
2023-02-25 08:17:16.418 [info] > git rev-list --left-right --count main...origin/main [7ms]
2023-02-25 08:17:16.476 [info] > git for-each-ref --sort -committerdate --format %(refname) %(objectname) %(*objectname) [1ms]
2023-02-25 08:17:16.700 [info] > git status -z -uall [258ms]
2023-02-25 08:17:21.947 [warning] ENOENT: no such file or directory, open '/home/vagrant/--git-common-dir/config'
2023-02-25 08:17:21.965 [info] > git config --get commit.template [1ms]
2023-02-25 08:17:21.965 [info] > git remote --verbose [19ms]
2023-02-25 08:17:21.988 [info] > git for-each-ref --format=%(refname)%00%(upstream:short)%00%(objectname) refs/heads/main refs/remotes/main [2ms]
2023-02-25 08:17:22.010 [info] > git rev-list --left-right --count main...origin/main [4ms]
2023-02-25 08:17:22.085 [info] > git for-each-ref --sort -committerdate --format %(refname) %(objectname) %(*objectname) [26ms]
2023-02-25 08:17:22.207 [info] > git status -z -uall [178ms]
2023-02-25 08:17:27.337 [warning] ENOENT: no such file or directory, open '/home/vagrant/--git-common-dir/config'
2023-02-25 08:17:27.367 [info] > git config --get commit.template [4ms]
2023-02-25 08:17:27.368 [info] > git remote --verbose [32ms]
2023-02-25 08:17:27.611 [info] > git for-each-ref --format=%(refname)%00%(upstream:short)%00%(objectname) refs/heads/main refs/remotes/main [1ms]
2023-02-25 08:17:27.628 [info] > git rev-list --left-right --count main...origin/main [2ms]
2023-02-25 08:17:27.671 [info] > git for-each-ref --sort -committerdate --format %(refname) %(objectname) %(*objectname) [4ms]
2023-02-25 08:17:27.797 [info] > git status -z -uall [148ms]
2023-02-25 08:17:32.969 [warning] ENOENT: no such file or directory, open '/home/vagrant/--git-common-dir/config'
2023-02-25 08:17:32.993 [info] > git config --get commit.template [6ms]
2023-02-25 08:17:32.993 [info] > git remote --verbose [25ms]
2023-02-25 08:17:33.210 [info] > git for-each-ref --format=%(refname)%00%(upstream:short)%00%(objectname) refs/heads/main refs/remotes/main [11ms]
2023-02-25 08:17:33.234 [info] > git rev-list --left-right --count main...origin/main [10ms]
2023-02-25 08:17:33.329 [info] > git for-each-ref --sort -committerdate --format %(refname) %(objectname) %(*objectname) [2ms]
2023-02-25 08:17:33.446 [info] > git status -z -uall [153ms]
2023-02-25 08:17:38.558 [warning] ENOENT: no such file or directory, open '/home/vagrant/--git-common-dir/config'
2023-02-25 08:17:38.577 [info] > git config --get commit.template [3ms]
2023-02-25 08:17:38.577 [info] > git remote --verbose [20ms]
2023-02-25 08:17:38.600 [info] > git for-each-ref --format=%(refname)%00%(upstream:short)%00%(objectname) refs/heads/main refs/remotes/main [1ms]
2023-02-25 08:17:38.626 [info] > git rev-list --left-right --count main...origin/main [8ms]
2023-02-25 08:17:38.698 [info] > git for-each-ref --sort -committerdate --format %(refname) %(objectname) %(*objectname) [5ms]
2023-02-25 08:17:38.952 [info] > git status -z -uall [308ms]
2023-02-25 08:17:44.098 [warning] ENOENT: no such file or directory, open '/home/vagrant/--git-common-dir/config'
2023-02-25 08:17:44.113 [info] > git config --get commit.template [2ms]
2023-02-25 08:17:44.114 [info] > git remote --verbose [15ms]
2023-02-25 08:17:44.134 [info] > git for-each-ref --format=%(refname)%00%(upstream:short)%00%(objectname) refs/heads/main refs/remotes/main [1ms]
2023-02-25 08:17:44.153 [info] > git rev-list --left-right --count main...origin/main [3ms]
2023-02-25 08:17:44.188 [info] > git for-each-ref --sort -committerdate --format %(refname) %(objectname) %(*objectname) [1ms]
2023-02-25 08:17:44.312 [info] > git status -z -uall [140ms]
2023-02-25 08:17:49.448 [warning] ENOENT: no such file or directory, open '/home/vagrant/--git-common-dir/config'
2023-02-25 08:17:49.467 [info] > git config --get commit.template [2ms]
2023-02-25 08:17:49.468 [info] > git remote --verbose [20ms]
2023-02-25 08:17:49.490 [info] > git for-each-ref --format=%(refname)%00%(upstream:short)%00%(objectname) refs/heads/main refs/remotes/main [1ms]
2023-02-25 08:17:49.512 [info] > git rev-list --left-right --count main...origin/main [4ms]
2023-02-25 08:17:49.576 [info] > git for-each-ref --sort -committerdate --format %(refname) %(objectname) %(*objectname) [4ms]
2023-02-25 08:17:49.701 [info] > git status -z -uall [161ms]
2023-02-25 08:17:54.880 [warning] ENOENT: no such file or directory, open '/home/vagrant/--git-common-dir/config'
2023-02-25 08:17:54.909 [info] > git config --get commit.template [4ms]
2023-02-25 08:17:54.910 [info] > git remote --verbose [31ms]
2023-02-25 08:17:55.111 [info] > git for-each-ref --format=%(refname)%00%(upstream:short)%00%(objectname) refs/heads/main refs/remotes/main [24ms]
2023-02-25 08:17:55.252 [info] > git rev-list --left-right --count main...origin/main [2ms]
2023-02-25 08:17:55.292 [info] > git for-each-ref --sort -committerdate --format %(refname) %(objectname) %(*objectname) [2ms]
2023-02-25 08:17:55.395 [info] > git status -z -uall [119ms]
2023-02-25 08:18:00.539 [warning] ENOENT: no such file or directory, open '/home/vagrant/--git-common-dir/config'
2023-02-25 08:18:00.555 [info] > git config --get commit.template [3ms]
2023-02-25 08:18:00.556 [info] > git remote --verbose [18ms]
2023-02-25 08:18:00.781 [info] > git for-each-ref --format=%(refname)%00%(upstream:short)%00%(objectname) refs/heads/main refs/remotes/main [15ms]
2023-02-25 08:18:00.802 [info] > git rev-list --left-right --count main...origin/main [1ms]
2023-02-25 08:18:00.876 [info] > git for-each-ref --sort -committerdate --format %(refname) %(objectname) %(*objectname) [2ms]
2023-02-25 08:18:01.053 [info] > git status -z -uall [212ms]
2023-02-25 08:18:06.230 [warning] ENOENT: no such file or directory, open '/home/vagrant/--git-common-dir/config'
2023-02-25 08:18:06.246 [info] > git config --get commit.template [3ms]
2023-02-25 08:18:06.247 [info] > git remote --verbose [16ms]
2023-02-25 08:18:06.277 [info] > git for-each-ref --format=%(refname)%00%(upstream:short)%00%(objectname) refs/heads/main refs/remotes/main [7ms]
2023-02-25 08:18:06.296 [info] > git rev-list --left-right --count main...origin/main [1ms]
2023-02-25 08:18:06.355 [info] > git for-each-ref --sort -committerdate --format %(refname) %(objectname) %(*objectname) [4ms]
2023-02-25 08:18:06.627 [info] > git status -z -uall [313ms]
2023-02-25 08:18:11.801 [warning] ENOENT: no such file or directory, open '/home/vagrant/--git-common-dir/config'
2023-02-25 08:18:11.820 [info] > git config --get commit.template [2ms]
2023-02-25 08:18:11.821 [info] > git remote --verbose [19ms]
2023-02-25 08:18:11.845 [info] > git for-each-ref --format=%(refname)%00%(upstream:short)%00%(objectname) refs/heads/main refs/remotes/main [2ms]
2023-02-25 08:18:11.868 [info] > git rev-list --left-right --count main...origin/main [1ms]
2023-02-25 08:18:11.917 [info] > git for-each-ref --sort -committerdate --format %(refname) %(objectname) %(*objectname) [1ms]
2023-02-25 08:18:12.009 [info] > git status -z -uall [110ms]
2023-02-25 08:18:17.216 [warning] ENOENT: no such file or directory, open '/home/vagrant/--git-common-dir/config'
2023-02-25 08:18:17.223 [info] > git config --get commit.template [1ms]
2023-02-25 08:18:17.223 [info] > git remote --verbose [8ms]
2023-02-25 08:18:17.239 [info] > git for-each-ref --format=%(refname)%00%(upstream:short)%00%(objectname) refs/heads/main refs/remotes/main [1ms]
2023-02-25 08:18:17.252 [info] > git rev-list --left-right --count main...origin/main [2ms]
2023-02-25 08:18:17.302 [info] > git for-each-ref --sort -committerdate --format %(refname) %(objectname) %(*objectname) [1ms]
2023-02-25 08:18:17.374 [info] > git status -z -uall [104ms]
2023-02-25 08:23:24.731 [warning] ENOENT: no such file or directory, open '/home/vagrant/--git-common-dir/config'
2023-02-25 08:23:24.761 [info] > git config --get commit.template [7ms]
2023-02-25 08:23:24.762 [info] > git remote --verbose [30ms]
2023-02-25 08:23:24.790 [info] > git for-each-ref --format=%(refname)%00%(upstream:short)%00%(objectname) refs/heads/main refs/remotes/main [2ms]
2023-02-25 08:23:24.815 [info] > git rev-list --left-right --count main...origin/main [9ms]
2023-02-25 08:23:24.865 [info] > git for-each-ref --sort -committerdate --format %(refname) %(objectname) %(*objectname) [2ms]
2023-02-25 08:23:24.954 [info] > git status -z -uall [123ms]
2023-02-25 08:23:30.164 [warning] ENOENT: no such file or directory, open '/home/vagrant/--git-common-dir/config'
2023-02-25 08:23:30.180 [info] > git config --get commit.template [2ms]
2023-02-25 08:23:30.180 [info] > git remote --verbose [16ms]
2023-02-25 08:23:30.199 [info] > git for-each-ref --format=%(refname)%00%(upstream:short)%00%(objectname) refs/heads/main refs/remotes/main [0ms]
2023-02-25 08:23:30.221 [info] > git rev-list --left-right --count main...origin/main [3ms]
2023-02-25 08:23:30.288 [info] > git for-each-ref --sort -committerdate --format %(refname) %(objectname) %(*objectname) [2ms]
2023-02-25 08:23:30.377 [info] > git status -z -uall [126ms]
2023-02-25 08:23:35.512 [warning] ENOENT: no such file or directory, open '/home/vagrant/--git-common-dir/config'
2023-02-25 08:23:35.533 [info] > git config --get commit.template [2ms]
2023-02-25 08:23:35.533 [info] > git remote --verbose [21ms]
2023-02-25 08:23:35.554 [info] > git for-each-ref --format=%(refname)%00%(upstream:short)%00%(objectname) refs/heads/main refs/remotes/main [2ms]
2023-02-25 08:23:35.572 [info] > git rev-list --left-right --count main...origin/main [3ms]
2023-02-25 08:23:35.607 [info] > git for-each-ref --sort -committerdate --format %(refname) %(objectname) %(*objectname) [2ms]
2023-02-25 08:23:35.687 [info] > git status -z -uall [93ms]
2023-02-25 08:23:40.863 [warning] ENOENT: no such file or directory, open '/home/vagrant/--git-common-dir/config'
2023-02-25 08:23:40.880 [info] > git config --get commit.template [3ms]
2023-02-25 08:23:40.881 [info] > git remote --verbose [18ms]
2023-02-25 08:23:40.908 [info] > git for-each-ref --format=%(refname)%00%(upstream:short)%00%(objectname) refs/heads/main refs/remotes/main [6ms]
2023-02-25 08:23:40.929 [info] > git rev-list --left-right --count main...origin/main [1ms]
2023-02-25 08:23:40.970 [info] > git for-each-ref --sort -committerdate --format %(refname) %(objectname) %(*objectname) [2ms]
2023-02-25 08:23:41.049 [info] > git status -z -uall [95ms]
2023-02-25 08:23:46.170 [warning] ENOENT: no such file or directory, open '/home/vagrant/--git-common-dir/config'
2023-02-25 08:23:46.190 [info] > git config --get commit.template [5ms]
2023-02-25 08:23:46.191 [info] > git remote --verbose [21ms]
2023-02-25 08:23:46.223 [info] > git for-each-ref --format=%(refname)%00%(upstream:short)%00%(objectname) refs/heads/main refs/remotes/main [9ms]
2023-02-25 08:23:46.244 [info] > git rev-list --left-right --count main...origin/main [2ms]
2023-02-25 08:23:46.316 [info] > git for-each-ref --sort -committerdate --format %(refname) %(objectname) %(*objectname) [12ms]
2023-02-25 08:23:46.475 [info] > git status -z -uall [207ms]
2023-02-25 08:23:51.716 [warning] ENOENT: no such file or directory, open '/home/vagrant/--git-common-dir/config'
2023-02-25 08:23:51.732 [info] > git config --get commit.template [2ms]
2023-02-25 08:23:51.733 [info] > git remote --verbose [17ms]
2023-02-25 08:23:51.755 [info] > git for-each-ref --format=%(refname)%00%(upstream:short)%00%(objectname) refs/heads/main refs/remotes/main [2ms]
2023-02-25 08:23:51.773 [info] > git rev-list --left-right --count main...origin/main [9ms]
2023-02-25 08:23:51.836 [info] > git for-each-ref --sort -committerdate --format %(refname) %(objectname) %(*objectname) [22ms]
2023-02-25 08:23:51.927 [info] > git status -z -uall [133ms]
2023-02-25 08:23:57.015 [warning] ENOENT: no such file or directory, open '/home/vagrant/--git-common-dir/config'
2023-02-25 08:23:57.038 [info] > git config --get commit.template [3ms]
2023-02-25 08:23:57.039 [info] > git remote --verbose [24ms]
2023-02-25 08:23:57.062 [info] > git for-each-ref --format=%(refname)%00%(upstream:short)%00%(objectname) refs/heads/main refs/remotes/main [4ms]
2023-02-25 08:23:57.174 [info] > git rev-list --left-right --count main...origin/main [0ms]
2023-02-25 08:23:57.228 [info] > git for-each-ref --sort -committerdate --format %(refname) %(objectname) %(*objectname) [2ms]
2023-02-25 08:23:57.396 [info] > git status -z -uall [185ms]
2023-02-25 08:24:02.535 [warning] ENOENT: no such file or directory, open '/home/vagrant/--git-common-dir/config'
2023-02-25 08:24:02.557 [info] > git config --get commit.template [2ms]
2023-02-25 08:24:02.558 [info] > git remote --verbose [22ms]
2023-02-25 08:24:02.591 [info] > git for-each-ref --format=%(refname)%00%(upstream:short)%00%(objectname) refs/heads/main refs/remotes/main [8ms]
2023-02-25 08:24:02.611 [info] > git rev-list --left-right --count main...origin/main [1ms]
2023-02-25 08:24:02.699 [info] > git for-each-ref --sort -committerdate --format %(refname) %(objectname) %(*objectname) [40ms]
2023-02-25 08:24:02.804 [info] > git status -z -uall [166ms]
2023-02-25 08:24:07.960 [warning] ENOENT: no such file or directory, open '/home/vagrant/--git-common-dir/config'
2023-02-25 08:24:07.984 [info] > git config --get commit.template [2ms]
2023-02-25 08:24:07.985 [info] > git remote --verbose [27ms]
2023-02-25 08:24:08.013 [info] > git for-each-ref --format=%(refname)%00%(upstream:short)%00%(objectname) refs/heads/main refs/remotes/main [7ms]
2023-02-25 08:24:08.033 [info] > git rev-list --left-right --count main...origin/main [1ms]
2023-02-25 08:24:08.089 [info] > git for-each-ref --sort -committerdate --format %(refname) %(objectname) %(*objectname) [2ms]
2023-02-25 08:24:08.201 [info] > git status -z -uall [149ms]
2023-02-25 08:48:01.920 [warning] ENOENT: no such file or directory, open '/home/vagrant/--git-common-dir/config'
2023-02-25 08:48:01.952 [info] > git config --get commit.template [1ms]
2023-02-25 08:48:01.952 [info] > git remote --verbose [33ms]
2023-02-25 08:48:01.974 [info] > git for-each-ref --format=%(refname)%00%(upstream:short)%00%(objectname) refs/heads/main refs/remotes/main [1ms]
2023-02-25 08:48:01.995 [info] > git rev-list --left-right --count main...origin/main [1ms]
2023-02-25 08:48:02.042 [info] > git for-each-ref --sort -committerdate --format %(refname) %(objectname) %(*objectname) [2ms]
2023-02-25 08:48:02.160 [info] > git status -z -uall [139ms]
2023-02-25 08:48:07.350 [warning] ENOENT: no such file or directory, open '/home/vagrant/--git-common-dir/config'
2023-02-25 08:48:07.385 [info] > git config --get commit.template [2ms]
2023-02-25 08:48:07.385 [info] > git remote --verbose [35ms]
2023-02-25 08:48:07.430 [info] > git for-each-ref --format=%(refname)%00%(upstream:short)%00%(objectname) refs/heads/main refs/remotes/main [2ms]
2023-02-25 08:48:07.480 [info] > git rev-list --left-right --count main...origin/main [18ms]
2023-02-25 08:48:07.544 [info] > git for-each-ref --sort -committerdate --format %(refname) %(objectname) %(*objectname) [21ms]
2023-02-25 08:48:07.681 [info] > git status -z -uall [175ms]
2023-02-25 08:48:12.883 [warning] ENOENT: no such file or directory, open '/home/vagrant/--git-common-dir/config'
2023-02-25 08:48:12.918 [info] > git config --get commit.template [2ms]
2023-02-25 08:48:12.919 [info] > git remote --verbose [36ms]
2023-02-25 08:48:12.960 [info] > git for-each-ref --format=%(refname)%00%(upstream:short)%00%(objectname) refs/heads/main refs/remotes/main [2ms]
2023-02-25 08:48:12.993 [info] > git rev-list --left-right --count main...origin/main [1ms]
2023-02-25 08:48:13.065 [info] > git for-each-ref --sort -committerdate --format %(refname) %(objectname) %(*objectname) [3ms]
2023-02-25 08:48:13.323 [info] > git status -z -uall [280ms]
2023-02-25 08:48:18.654 [warning] ENOENT: no such file or directory, open '/home/vagrant/--git-common-dir/config'
2023-02-25 08:48:18.685 [info] > git config --get commit.template [2ms]
2023-02-25 08:48:18.685 [info] > git remote --verbose [32ms]
2023-02-25 08:48:18.715 [info] > git for-each-ref --format=%(refname)%00%(upstream:short)%00%(objectname) refs/heads/main refs/remotes/main [1ms]
2023-02-25 08:48:18.733 [info] > git rev-list --left-right --count main...origin/main [4ms]
2023-02-25 08:48:18.773 [info] > git for-each-ref --sort -committerdate --format %(refname) %(objectname) %(*objectname) [1ms]
2023-02-25 08:48:18.868 [info] > git status -z -uall [112ms]
2023-02-25 08:48:24.007 [warning] ENOENT: no such file or directory, open '/home/vagrant/--git-common-dir/config'
2023-02-25 08:48:24.017 [info] > git config --get commit.template [1ms]
2023-02-25 08:48:24.017 [info] > git remote --verbose [10ms]
2023-02-25 08:48:24.033 [info] > git for-each-ref --format=%(refname)%00%(upstream:short)%00%(objectname) refs/heads/main refs/remotes/main [0ms]
2023-02-25 08:48:24.044 [info] > git rev-list --left-right --count main...origin/main [1ms]
2023-02-25 08:48:24.092 [info] > git for-each-ref --sort -committerdate --format %(refname) %(objectname) %(*objectname) [2ms]
2023-02-25 08:48:24.204 [info] > git status -z -uall [142ms]
2023-02-25 08:48:29.347 [warning] ENOENT: no such file or directory, open '/home/vagrant/--git-common-dir/config'
2023-02-25 08:48:29.377 [info] > git config --get commit.template [2ms]
2023-02-25 08:48:29.378 [info] > git remote --verbose [32ms]
2023-02-25 08:48:29.411 [info] > git for-each-ref --format=%(refname)%00%(upstream:short)%00%(objectname) refs/heads/main refs/remotes/main [1ms]
2023-02-25 08:48:29.431 [info] > git rev-list --left-right --count main...origin/main [1ms]
2023-02-25 08:48:29.483 [info] > git for-each-ref --sort -committerdate --format %(refname) %(objectname) %(*objectname) [2ms]
2023-02-25 08:48:29.566 [info] > git status -z -uall [104ms]
2023-02-25 08:48:34.691 [warning] ENOENT: no such file or directory, open '/home/vagrant/--git-common-dir/config'
2023-02-25 08:48:34.720 [info] > git config --get commit.template [2ms]
2023-02-25 08:48:34.721 [info] > git remote --verbose [31ms]
2023-02-25 08:48:34.761 [info] > git for-each-ref --format=%(refname)%00%(upstream:short)%00%(objectname) refs/heads/main refs/remotes/main [11ms]
2023-02-25 08:48:34.784 [info] > git rev-list --left-right --count main...origin/main [4ms]
2023-02-25 08:48:34.832 [info] > git for-each-ref --sort -committerdate --format %(refname) %(objectname) %(*objectname) [1ms]
2023-02-25 08:48:34.963 [info] > git status -z -uall [152ms]
2023-02-25 08:48:40.099 [warning] ENOENT: no such file or directory, open '/home/vagrant/--git-common-dir/config'
2023-02-25 08:48:40.114 [info] > git config --get commit.template [2ms]
2023-02-25 08:48:40.115 [info] > git remote --verbose [16ms]
2023-02-25 08:48:40.135 [info] > git for-each-ref --format=%(refname)%00%(upstream:short)%00%(objectname) refs/heads/main refs/remotes/main [2ms]
2023-02-25 08:48:40.151 [info] > git rev-list --left-right --count main...origin/main [2ms]
2023-02-25 08:48:40.190 [info] > git for-each-ref --sort -committerdate --format %(refname) %(objectname) %(*objectname) [2ms]
2023-02-25 08:48:40.433 [info] > git status -z -uall [259ms]
2023-02-25 08:48:45.644 [warning] ENOENT: no such file or directory, open '/home/vagrant/--git-common-dir/config'
2023-02-25 08:48:45.674 [info] > git remote --verbose [26ms]
2023-02-25 08:48:45.698 [info] > git config --get commit.template [29ms]
2023-02-25 08:48:45.708 [info] > git for-each-ref --format=%(refname)%00%(upstream:short)%00%(objectname) refs/heads/main refs/remotes/main [12ms]
2023-02-25 08:48:45.736 [info] > git rev-list --left-right --count main...origin/main [8ms]
2023-02-25 08:48:45.774 [info] > git for-each-ref --sort -committerdate --format %(refname) %(objectname) %(*objectname) [2ms]
2023-02-25 08:48:45.858 [info] > git status -z -uall [101ms]
2023-02-25 08:48:51.040 [warning] ENOENT: no such file or directory, open '/home/vagrant/--git-common-dir/config'
2023-02-25 08:48:51.072 [info] > git remote --verbose [31ms]
2023-02-25 08:48:51.101 [info] > git for-each-ref --format=%(refname)%00%(upstream:short)%00%(objectname) refs/heads/main refs/remotes/main [2ms]
2023-02-25 08:48:51.118 [info] > git config --get commit.template [50ms]
2023-02-25 08:48:51.119 [info] > git rev-list --left-right --count main...origin/main [2ms]
2023-02-25 08:48:51.154 [info] > git for-each-ref --sort -committerdate --format %(refname) %(objectname) %(*objectname) [1ms]
2023-02-25 08:48:51.240 [info] > git status -z -uall [103ms]
2023-02-25 08:48:56.397 [warning] ENOENT: no such file or directory, open '/home/vagrant/--git-common-dir/config'
2023-02-25 08:48:56.415 [info] > git config --get commit.template [2ms]
2023-02-25 08:48:56.415 [info] > git remote --verbose [19ms]
2023-02-25 08:48:56.443 [info] > git for-each-ref --format=%(refname)%00%(upstream:short)%00%(objectname) refs/heads/main refs/remotes/main [5ms]
2023-02-25 08:48:56.460 [info] > git rev-list --left-right --count main...origin/main [1ms]
2023-02-25 08:48:56.656 [info] > git for-each-ref --sort -committerdate --format %(refname) %(objectname) %(*objectname) [153ms]
2023-02-25 08:48:56.737 [info] > git status -z -uall [250ms]
2023-02-25 08:49:01.862 [warning] ENOENT: no such file or directory, open '/home/vagrant/--git-common-dir/config'
2023-02-25 08:49:01.878 [info] > git config --get commit.template [2ms]
2023-02-25 08:49:01.879 [info] > git remote --verbose [16ms]
2023-02-25 08:49:01.898 [info] > git for-each-ref --format=%(refname)%00%(upstream:short)%00%(objectname) refs/heads/main refs/remotes/main [1ms]
2023-02-25 08:49:01.914 [info] > git rev-list --left-right --count main...origin/main [2ms]
2023-02-25 08:49:01.955 [info] > git for-each-ref --sort -committerdate --format %(refname) %(objectname) %(*objectname) [1ms]
2023-02-25 08:49:02.178 [info] > git status -z -uall [237ms]
2023-02-25 08:49:07.376 [warning] ENOENT: no such file or directory, open '/home/vagrant/--git-common-dir/config'
2023-02-25 08:49:07.395 [info] > git config --get commit.template [2ms]
2023-02-25 08:49:07.396 [info] > git remote --verbose [19ms]
2023-02-25 08:49:07.417 [info] > git for-each-ref --format=%(refname)%00%(upstream:short)%00%(objectname) refs/heads/main refs/remotes/main [1ms]
2023-02-25 08:49:07.436 [info] > git rev-list --left-right --count main...origin/main [2ms]
2023-02-25 08:49:07.471 [info] > git for-each-ref --sort -committerdate --format %(refname) %(objectname) %(*objectname) [2ms]
2023-02-25 08:49:07.580 [info] > git status -z -uall [125ms]
2023-02-25 08:49:12.740 [warning] ENOENT: no such file or directory, open '/home/vagrant/--git-common-dir/config'
2023-02-25 08:49:12.756 [info] > git config --get commit.template [2ms]
2023-02-25 08:49:12.757 [info] > git remote --verbose [18ms]
2023-02-25 08:49:12.779 [info] > git for-each-ref --format=%(refname)%00%(upstream:short)%00%(objectname) refs/heads/main refs/remotes/main [1ms]
2023-02-25 08:49:12.794 [info] > git rev-list --left-right --count main...origin/main [1ms]
2023-02-25 08:49:12.832 [info] > git for-each-ref --sort -committerdate --format %(refname) %(objectname) %(*objectname) [1ms]
2023-02-25 08:49:13.021 [info] > git status -z -uall [208ms]
2023-02-25 08:49:18.261 [warning] ENOENT: no such file or directory, open '/home/vagrant/--git-common-dir/config'
2023-02-25 08:49:18.292 [info] > git config --get commit.template [1ms]
2023-02-25 08:49:18.293 [info] > git remote --verbose [31ms]
2023-02-25 08:49:18.334 [info] > git for-each-ref --format=%(refname)%00%(upstream:short)%00%(objectname) refs/heads/main refs/remotes/main [2ms]
2023-02-25 08:49:18.410 [info] > git rev-list --left-right --count main...origin/main [44ms]
2023-02-25 08:49:18.489 [info] > git for-each-ref --sort -committerdate --format %(refname) %(objectname) %(*objectname) [2ms]
2023-02-25 08:49:18.741 [info] > git status -z -uall [292ms]
2023-02-25 08:49:23.940 [warning] ENOENT: no such file or directory, open '/home/vagrant/--git-common-dir/config'
2023-02-25 08:49:23.955 [info] > git config --get commit.template [1ms]
2023-02-25 08:49:23.955 [info] > git remote --verbose [15ms]
2023-02-25 08:49:23.984 [info] > git for-each-ref --format=%(refname)%00%(upstream:short)%00%(objectname) refs/heads/main refs/remotes/main [3ms]
2023-02-25 08:49:23.999 [info] > git rev-list --left-right --count main...origin/main [1ms]
2023-02-25 08:49:24.040 [info] > git for-each-ref --sort -committerdate --format %(refname) %(objectname) %(*objectname) [3ms]
2023-02-25 08:49:24.294 [info] > git status -z -uall [271ms]
2023-02-25 08:49:29.466 [warning] ENOENT: no such file or directory, open '/home/vagrant/--git-common-dir/config'
2023-02-25 08:49:29.494 [info] > git config --get commit.template [2ms]
2023-02-25 08:49:29.500 [info] > git remote --verbose [34ms]
2023-02-25 08:49:29.540 [info] > git for-each-ref --format=%(refname)%00%(upstream:short)%00%(objectname) refs/heads/main refs/remotes/main [13ms]
2023-02-25 08:49:29.556 [info] > git rev-list --left-right --count main...origin/main [2ms]
2023-02-25 08:49:29.622 [info] > git for-each-ref --sort -committerdate --format %(refname) %(objectname) %(*objectname) [22ms]
2023-02-25 08:49:29.846 [info] > git status -z -uall [263ms]
2023-02-25 08:49:35.001 [warning] ENOENT: no such file or directory, open '/home/vagrant/--git-common-dir/config'
2023-02-25 08:49:35.027 [info] > git config --get commit.template [2ms]
2023-02-25 08:49:35.028 [info] > git remote --verbose [28ms]
2023-02-25 08:49:35.054 [info] > git for-each-ref --format=%(refname)%00%(upstream:short)%00%(objectname) refs/heads/main refs/remotes/main [2ms]
2023-02-25 08:49:35.076 [info] > git rev-list --left-right --count main...origin/main [1ms]
2023-02-25 08:49:35.132 [info] > git for-each-ref --sort -committerdate --format %(refname) %(objectname) %(*objectname) [4ms]
2023-02-25 08:49:35.253 [info] > git status -z -uall [158ms]
2023-02-25 08:49:40.447 [warning] ENOENT: no such file or directory, open '/home/vagrant/--git-common-dir/config'
2023-02-25 08:49:40.464 [info] > git config --get commit.template [2ms]
2023-02-25 08:49:40.464 [info] > git remote --verbose [18ms]
2023-02-25 08:49:40.498 [info] > git for-each-ref --format=%(refname)%00%(upstream:short)%00%(objectname) refs/heads/main refs/remotes/main [15ms]
2023-02-25 08:49:40.514 [info] > git rev-list --left-right --count main...origin/main [1ms]
2023-02-25 08:49:40.560 [info] > git for-each-ref --sort -committerdate --format %(refname) %(objectname) %(*objectname) [1ms]
2023-02-25 08:49:40.752 [info] > git status -z -uall [219ms]
2023-02-25 08:49:45.902 [warning] ENOENT: no such file or directory, open '/home/vagrant/--git-common-dir/config'
2023-02-25 08:49:45.931 [info] > git config --get commit.template [1ms]
2023-02-25 08:49:45.931 [info] > git remote --verbose [30ms]
2023-02-25 08:49:45.952 [info] > git for-each-ref --format=%(refname)%00%(upstream:short)%00%(objectname) refs/heads/main refs/remotes/main [1ms]
2023-02-25 08:49:45.966 [info] > git rev-list --left-right --count main...origin/main [1ms]
2023-02-25 08:49:46.015 [info] > git for-each-ref --sort -committerdate --format %(refname) %(objectname) %(*objectname) [2ms]
2023-02-25 08:49:46.092 [info] > git status -z -uall [110ms]
2023-02-25 08:49:51.261 [warning] ENOENT: no such file or directory, open '/home/vagrant/--git-common-dir/config'
2023-02-25 08:49:51.281 [info] > git config --get commit.template [2ms]
2023-02-25 08:49:51.282 [info] > git remote --verbose [21ms]
2023-02-25 08:49:51.306 [info] > git for-each-ref --format=%(refname)%00%(upstream:short)%00%(objectname) refs/heads/main refs/remotes/main [1ms]
2023-02-25 08:49:51.320 [info] > git rev-list --left-right --count main...origin/main [1ms]
2023-02-25 08:49:51.373 [info] > git for-each-ref --sort -committerdate --format %(refname) %(objectname) %(*objectname) [2ms]
2023-02-25 08:49:51.480 [info] > git status -z -uall [131ms]
2023-02-25 08:49:56.608 [warning] ENOENT: no such file or directory, open '/home/vagrant/--git-common-dir/config'
2023-02-25 08:49:56.637 [info] > git config --get commit.template [1ms]
2023-02-25 08:49:56.637 [info] > git remote --verbose [29ms]
2023-02-25 08:49:56.664 [info] > git for-each-ref --format=%(refname)%00%(upstream:short)%00%(objectname) refs/heads/main refs/remotes/main [0ms]
2023-02-25 08:49:56.690 [info] > git rev-list --left-right --count main...origin/main [0ms]
2023-02-25 08:49:56.768 [info] > git for-each-ref --sort -committerdate --format %(refname) %(objectname) %(*objectname) [1ms]
2023-02-25 08:49:56.918 [info] > git status -z -uall [194ms]
2023-02-25 08:50:02.101 [warning] ENOENT: no such file or directory, open '/home/vagrant/--git-common-dir/config'
2023-02-25 08:50:02.123 [info] > git config --get commit.template [2ms]
2023-02-25 08:50:02.125 [info] > git remote --verbose [23ms]
2023-02-25 08:50:02.154 [info] > git for-each-ref --format=%(refname)%00%(upstream:short)%00%(objectname) refs/heads/main refs/remotes/main [8ms]
2023-02-25 08:50:02.174 [info] > git rev-list --left-right --count main...origin/main [1ms]
2023-02-25 08:50:02.255 [info] > git for-each-ref --sort -committerdate --format %(refname) %(objectname) %(*objectname) [28ms]
2023-02-25 08:50:02.371 [info] > git status -z -uall [161ms]
2023-02-25 08:50:07.670 [warning] ENOENT: no such file or directory, open '/home/vagrant/--git-common-dir/config'
2023-02-25 08:50:07.698 [info] > git remote --verbose [26ms]
2023-02-25 08:50:07.828 [info] > git config --get commit.template [137ms]
2023-02-25 08:50:07.995 [info] > git for-each-ref --format=%(refname)%00%(upstream:short)%00%(objectname) refs/heads/main refs/remotes/main [51ms]
2023-02-25 08:50:08.029 [info] > git rev-list --left-right --count main...origin/main [14ms]
2023-02-25 08:50:08.080 [info] > git for-each-ref --sort -committerdate --format %(refname) %(objectname) %(*objectname) [3ms]
2023-02-25 08:50:08.203 [info] > git status -z -uall [145ms]
2023-02-25 08:50:13.376 [warning] ENOENT: no such file or directory, open '/home/vagrant/--git-common-dir/config'
2023-02-25 08:50:13.398 [info] > git config --get commit.template [3ms]
2023-02-25 08:50:13.398 [info] > git remote --verbose [23ms]
2023-02-25 08:50:13.429 [info] > git for-each-ref --format=%(refname)%00%(upstream:short)%00%(objectname) refs/heads/main refs/remotes/main [12ms]
2023-02-25 08:50:13.446 [info] > git rev-list --left-right --count main...origin/main [1ms]
2023-02-25 08:50:13.484 [info] > git for-each-ref --sort -committerdate --format %(refname) %(objectname) %(*objectname) [1ms]
2023-02-25 08:50:13.740 [info] > git status -z -uall [234ms]
2023-02-25 08:50:18.870 [warning] ENOENT: no such file or directory, open '/home/vagrant/--git-common-dir/config'
2023-02-25 08:50:18.895 [info] > git config --get commit.template [2ms]
2023-02-25 08:50:18.896 [info] > git remote --verbose [27ms]
2023-02-25 08:50:18.928 [info] > git for-each-ref --format=%(refname)%00%(upstream:short)%00%(objectname) refs/heads/main refs/remotes/main [9ms]
2023-02-25 08:50:18.947 [info] > git rev-list --left-right --count main...origin/main [1ms]
2023-02-25 08:50:19.022 [info] > git for-each-ref --sort -committerdate --format %(refname) %(objectname) %(*objectname) [1ms]
2023-02-25 08:50:19.140 [info] > git status -z -uall [166ms]
2023-02-25 08:50:24.265 [warning] ENOENT: no such file or directory, open '/home/vagrant/--git-common-dir/config'
2023-02-25 08:50:24.291 [info] > git config --get commit.template [2ms]
2023-02-25 08:50:24.292 [info] > git remote --verbose [27ms]
2023-02-25 08:50:24.320 [info] > git for-each-ref --format=%(refname)%00%(upstream:short)%00%(objectname) refs/heads/main refs/remotes/main [2ms]
2023-02-25 08:50:24.344 [info] > git rev-list --left-right --count main...origin/main [7ms]
2023-02-25 08:50:24.395 [info] > git for-each-ref --sort -committerdate --format %(refname) %(objectname) %(*objectname) [1ms]
2023-02-25 08:50:24.574 [info] > git status -z -uall [212ms]
2023-02-25 08:50:29.769 [warning] ENOENT: no such file or directory, open '/home/vagrant/--git-common-dir/config'
2023-02-25 08:50:29.795 [info] > git remote --verbose [26ms]
2023-02-25 08:50:29.945 [info] > git config --get commit.template [154ms]
2023-02-25 08:50:29.970 [info] > git for-each-ref --format=%(refname)%00%(upstream:short)%00%(objectname) refs/heads/main refs/remotes/main [1ms]
2023-02-25 08:50:29.986 [info] > git rev-list --left-right --count main...origin/main [2ms]
2023-02-25 08:50:30.028 [info] > git for-each-ref --sort -committerdate --format %(refname) %(objectname) %(*objectname) [3ms]
2023-02-25 08:50:30.128 [info] > git status -z -uall [117ms]
2023-02-25 09:21:19.507 [warning] ENOENT: no such file or directory, open '/home/vagrant/--git-common-dir/config'
2023-02-25 09:21:19.542 [info] > git config --get commit.template [2ms]
2023-02-25 09:21:19.543 [info] > git remote --verbose [36ms]
2023-02-25 09:21:19.567 [info] > git for-each-ref --format=%(refname)%00%(upstream:short)%00%(objectname) refs/heads/main refs/remotes/main [1ms]
2023-02-25 09:21:19.584 [info] > git rev-list --left-right --count main...origin/main [1ms]
2023-02-25 09:21:19.648 [info] > git for-each-ref --sort -committerdate --format %(refname) %(objectname) %(*objectname) [2ms]
2023-02-25 09:21:19.766 [info] > git status -z -uall [164ms]
2023-02-25 09:21:24.995 [warning] ENOENT: no such file or directory, open '/home/vagrant/--git-common-dir/config'
2023-02-25 09:21:25.027 [info] > git remote --verbose [30ms]
2023-02-25 09:21:25.058 [info] > git for-each-ref --format=%(refname)%00%(upstream:short)%00%(objectname) refs/heads/main refs/remotes/main [1ms]
2023-02-25 09:21:25.075 [info] > git config --get commit.template [51ms]
2023-02-25 09:21:25.076 [info] > git rev-list --left-right --count main...origin/main [2ms]
2023-02-25 09:21:25.181 [info] > git for-each-ref --sort -committerdate --format %(refname) %(objectname) %(*objectname) [10ms]
2023-02-25 09:21:25.241 [info] > git status -z -uall [137ms]
2023-02-25 09:21:30.370 [warning] ENOENT: no such file or directory, open '/home/vagrant/--git-common-dir/config'
2023-02-25 09:21:30.391 [info] > git config --get commit.template [2ms]
2023-02-25 09:21:30.391 [info] > git remote --verbose [22ms]
2023-02-25 09:21:30.433 [info] > git for-each-ref --format=%(refname)%00%(upstream:short)%00%(objectname) refs/heads/main refs/remotes/main [18ms]
2023-02-25 09:21:30.490 [info] > git rev-list --left-right --count main...origin/main [16ms]
2023-02-25 09:21:30.573 [info] > git for-each-ref --sort -committerdate --format %(refname) %(objectname) %(*objectname) [25ms]
2023-02-25 09:21:30.674 [info] > git status -z -uall [164ms]
2023-02-25 09:21:35.899 [warning] ENOENT: no such file or directory, open '/home/vagrant/--git-common-dir/config'
2023-02-25 09:21:35.911 [info] > git config --get commit.template [1ms]
2023-02-25 09:21:35.912 [info] > git remote --verbose [13ms]
2023-02-25 09:21:35.930 [info] > git for-each-ref --format=%(refname)%00%(upstream:short)%00%(objectname) refs/heads/main refs/remotes/main [1ms]
2023-02-25 09:21:35.944 [info] > git rev-list --left-right --count main...origin/main [1ms]
2023-02-25 09:21:35.999 [info] > git for-each-ref --sort -committerdate --format %(refname) %(objectname) %(*objectname) [1ms]
2023-02-25 09:21:36.055 [info] > git status -z -uall [87ms]
2023-02-25 09:21:41.275 [warning] ENOENT: no such file or directory, open '/home/vagrant/--git-common-dir/config'
2023-02-25 09:21:41.292 [info] > git config --get commit.template [2ms]
2023-02-25 09:21:41.292 [info] > git remote --verbose [17ms]
2023-02-25 09:21:41.331 [info] > git for-each-ref --format=%(refname)%00%(upstream:short)%00%(objectname) refs/heads/main refs/remotes/main [1ms]
2023-02-25 09:21:41.363 [info] > git rev-list --left-right --count main...origin/main [6ms]
2023-02-25 09:21:41.396 [info] > git for-each-ref --sort -committerdate --format %(refname) %(objectname) %(*objectname) [1ms]
2023-02-25 09:21:41.485 [info] > git status -z -uall [103ms]
2023-02-25 09:21:46.614 [warning] ENOENT: no such file or directory, open '/home/vagrant/--git-common-dir/config'
2023-02-25 09:21:46.649 [info] > git config --get commit.template [1ms]
2023-02-25 09:21:46.650 [info] > git remote --verbose [36ms]
2023-02-25 09:21:46.706 [info] > git for-each-ref --format=%(refname)%00%(upstream:short)%00%(objectname) refs/heads/main refs/remotes/main [3ms]
2023-02-25 09:21:46.893 [info] > git rev-list --left-right --count main...origin/main [74ms]
2023-02-25 09:21:47.032 [info] > git for-each-ref --sort -committerdate --format %(refname) %(objectname) %(*objectname) [2ms]
2023-02-25 09:21:47.144 [info] > git status -z -uall [161ms]
2023-02-25 09:21:52.295 [warning] ENOENT: no such file or directory, open '/home/vagrant/--git-common-dir/config'
2023-02-25 09:21:52.309 [info] > git config --get commit.template [2ms]
2023-02-25 09:21:52.310 [info] > git remote --verbose [15ms]
2023-02-25 09:21:52.329 [info] > git for-each-ref --format=%(refname)%00%(upstream:short)%00%(objectname) refs/heads/main refs/remotes/main [1ms]
2023-02-25 09:21:52.352 [info] > git rev-list --left-right --count main...origin/main [5ms]
2023-02-25 09:21:52.403 [info] > git for-each-ref --sort -committerdate --format %(refname) %(objectname) %(*objectname) [1ms]
2023-02-25 09:21:52.531 [info] > git status -z -uall [159ms]
2023-02-25 09:21:57.656 [warning] ENOENT: no such file or directory, open '/home/vagrant/--git-common-dir/config'
2023-02-25 09:21:57.680 [info] > git config --get commit.template [2ms]
2023-02-25 09:21:57.681 [info] > git remote --verbose [24ms]
2023-02-25 09:21:57.704 [info] > git for-each-ref --format=%(refname)%00%(upstream:short)%00%(objectname) refs/heads/main refs/remotes/main [2ms]
2023-02-25 09:21:57.728 [info] > git rev-list --left-right --count main...origin/main [5ms]
2023-02-25 09:21:57.791 [info] > git for-each-ref --sort -committerdate --format %(refname) %(objectname) %(*objectname) [1ms]
2023-02-25 09:21:57.972 [info] > git status -z -uall [225ms]
2023-02-25 09:22:03.145 [warning] ENOENT: no such file or directory, open '/home/vagrant/--git-common-dir/config'
2023-02-25 09:22:03.165 [info] > git remote --verbose [20ms]
2023-02-25 09:22:03.191 [info] > git config --get commit.template [28ms]
2023-02-25 09:22:03.198 [info] > git for-each-ref --format=%(refname)%00%(upstream:short)%00%(objectname) refs/heads/main refs/remotes/main [9ms]
2023-02-25 09:22:03.219 [info] > git rev-list --left-right --count main...origin/main [2ms]
2023-02-25 09:22:03.276 [info] > git for-each-ref --sort -committerdate --format %(refname) %(objectname) %(*objectname) [4ms]
2023-02-25 09:22:03.412 [info] > git status -z -uall [173ms]
2023-02-25 09:22:08.579 [warning] ENOENT: no such file or directory, open '/home/vagrant/--git-common-dir/config'
2023-02-25 09:22:08.603 [info] > git remote --verbose [23ms]
2023-02-25 09:22:08.629 [info] > git config --get commit.template [28ms]
2023-02-25 09:22:08.635 [info] > git for-each-ref --format=%(refname)%00%(upstream:short)%00%(objectname) refs/heads/main refs/remotes/main [8ms]
2023-02-25 09:22:08.650 [info] > git rev-list --left-right --count main...origin/main [1ms]
2023-02-25 09:22:08.717 [info] > git for-each-ref --sort -committerdate --format %(refname) %(objectname) %(*objectname) [8ms]
2023-02-25 09:22:08.984 [info] > git status -z -uall [315ms]
2023-02-25 09:22:14.165 [warning] ENOENT: no such file or directory, open '/home/vagrant/--git-common-dir/config'
2023-02-25 09:22:14.182 [info] > git config --get commit.template [3ms]
2023-02-25 09:22:14.183 [info] > git remote --verbose [18ms]
2023-02-25 09:22:14.204 [info] > git for-each-ref --format=%(refname)%00%(upstream:short)%00%(objectname) refs/heads/main refs/remotes/main [1ms]
2023-02-25 09:22:14.221 [info] > git rev-list --left-right --count main...origin/main [2ms]
2023-02-25 09:22:14.275 [info] > git for-each-ref --sort -committerdate --format %(refname) %(objectname) %(*objectname) [2ms]
2023-02-25 09:22:14.404 [info] > git status -z -uall [164ms]
2023-02-25 09:22:19.536 [warning] ENOENT: no such file or directory, open '/home/vagrant/--git-common-dir/config'
2023-02-25 09:22:19.559 [info] > git config --get commit.template [2ms]
2023-02-25 09:22:19.559 [info] > git remote --verbose [24ms]
2023-02-25 09:22:19.579 [info] > git for-each-ref --format=%(refname)%00%(upstream:short)%00%(objectname) refs/heads/main refs/remotes/main [1ms]
2023-02-25 09:22:19.594 [info] > git rev-list --left-right --count main...origin/main [1ms]
2023-02-25 09:22:19.634 [info] > git for-each-ref --sort -committerdate --format %(refname) %(objectname) %(*objectname) [1ms]
2023-02-25 09:22:19.894 [info] > git status -z -uall [278ms]
2023-02-25 09:22:25.080 [warning] ENOENT: no such file or directory, open '/home/vagrant/--git-common-dir/config'
2023-02-25 09:22:25.100 [info] > git config --get commit.template [2ms]
2023-02-25 09:22:25.102 [info] > git remote --verbose [25ms]
2023-02-25 09:22:25.130 [info] > git for-each-ref --format=%(refname)%00%(upstream:short)%00%(objectname) refs/heads/main refs/remotes/main [7ms]
2023-02-25 09:22:25.152 [info] > git rev-list --left-right --count main...origin/main [1ms]
2023-02-25 09:22:25.197 [info] > git for-each-ref --sort -committerdate --format %(refname) %(objectname) %(*objectname) [1ms]
2023-02-25 09:22:25.501 [info] > git status -z -uall [323ms]
2023-02-25 09:22:30.650 [warning] ENOENT: no such file or directory, open '/home/vagrant/--git-common-dir/config'
2023-02-25 09:22:30.670 [info] > git config --get commit.template [3ms]
2023-02-25 09:22:30.671 [info] > git remote --verbose [22ms]
2023-02-25 09:22:30.704 [info] > git for-each-ref --format=%(refname)%00%(upstream:short)%00%(objectname) refs/heads/main refs/remotes/main [8ms]
2023-02-25 09:22:30.720 [info] > git rev-list --left-right --count main...origin/main [2ms]
2023-02-25 09:22:30.760 [info] > git for-each-ref --sort -committerdate --format %(refname) %(objectname) %(*objectname) [1ms]
2023-02-25 09:22:30.841 [info] > git status -z -uall [99ms]
2023-02-25 09:22:35.996 [warning] ENOENT: no such file or directory, open '/home/vagrant/--git-common-dir/config'
2023-02-25 09:22:36.011 [info] > git config --get commit.template [1ms]
2023-02-25 09:22:36.011 [info] > git remote --verbose [16ms]
2023-02-25 09:22:36.031 [info] > git for-each-ref --format=%(refname)%00%(upstream:short)%00%(objectname) refs/heads/main refs/remotes/main [1ms]
2023-02-25 09:22:36.048 [info] > git rev-list --left-right --count main...origin/main [1ms]
2023-02-25 09:22:36.086 [info] > git for-each-ref --sort -committerdate --format %(refname) %(objectname) %(*objectname) [1ms]
2023-02-25 09:22:36.289 [info] > git status -z -uall [220ms]
2023-02-25 09:22:41.453 [warning] ENOENT: no such file or directory, open '/home/vagrant/--git-common-dir/config'
2023-02-25 09:22:41.474 [info] > git config --get commit.template [3ms]
2023-02-25 09:22:41.475 [info] > git remote --verbose [22ms]
2023-02-25 09:22:41.639 [info] > git for-each-ref --format=%(refname)%00%(upstream:short)%00%(objectname) refs/heads/main refs/remotes/main [8ms]
2023-02-25 09:22:41.654 [info] > git rev-list --left-right --count main...origin/main [1ms]
2023-02-25 09:22:41.690 [info] > git for-each-ref --sort -committerdate --format %(refname) %(objectname) %(*objectname) [1ms]
2023-02-25 09:22:41.824 [info] > git status -z -uall [150ms]
2023-02-25 09:22:46.944 [warning] ENOENT: no such file or directory, open '/home/vagrant/--git-common-dir/config'
2023-02-25 09:22:46.965 [info] > git config --get commit.template [2ms]
2023-02-25 09:22:46.973 [info] > git remote --verbose [29ms]
2023-02-25 09:22:47.006 [info] > git for-each-ref --format=%(refname)%00%(upstream:short)%00%(objectname) refs/heads/main refs/remotes/main [12ms]
2023-02-25 09:22:47.026 [info] > git rev-list --left-right --count main...origin/main [2ms]
2023-02-25 09:22:47.081 [info] > git for-each-ref --sort -committerdate --format %(refname) %(objectname) %(*objectname) [1ms]
2023-02-25 09:22:47.212 [info] > git status -z -uall [167ms]
2023-02-25 09:22:52.408 [warning] ENOENT: no such file or directory, open '/home/vagrant/--git-common-dir/config'
2023-02-25 09:22:52.431 [info] > git config --get commit.template [2ms]
2023-02-25 09:22:52.431 [info] > git remote --verbose [23ms]
2023-02-25 09:22:52.468 [info] > git for-each-ref --format=%(refname)%00%(upstream:short)%00%(objectname) refs/heads/main refs/remotes/main [8ms]
2023-02-25 09:22:52.492 [info] > git rev-list --left-right --count main...origin/main [6ms]
2023-02-25 09:22:52.555 [info] > git for-each-ref --sort -committerdate --format %(refname) %(objectname) %(*objectname) [1ms]
2023-02-25 09:22:52.691 [info] > git status -z -uall [172ms]
2023-02-25 09:22:58.066 [warning] ENOENT: no such file or directory, open '/home/vagrant/--git-common-dir/config'
2023-02-25 09:22:58.097 [info] > git config --get commit.template [3ms]
2023-02-25 09:22:58.097 [info] > git remote --verbose [32ms]
2023-02-25 09:22:58.130 [info] > git for-each-ref --format=%(refname)%00%(upstream:short)%00%(objectname) refs/heads/main refs/remotes/main [2ms]
2023-02-25 09:22:58.157 [info] > git rev-list --left-right --count main...origin/main [2ms]
2023-02-25 09:22:58.217 [info] > git for-each-ref --sort -committerdate --format %(refname) %(objectname) %(*objectname) [1ms]
2023-02-25 09:22:58.370 [info] > git status -z -uall [176ms]
2023-02-25 09:23:03.503 [warning] ENOENT: no such file or directory, open '/home/vagrant/--git-common-dir/config'
2023-02-25 09:23:03.544 [info] > git remote --verbose [41ms]
2023-02-25 09:23:03.580 [info] > git for-each-ref --format=%(refname)%00%(upstream:short)%00%(objectname) refs/heads/main refs/remotes/main [1ms]
2023-02-25 09:23:03.615 [info] > git config --get commit.template [72ms]
2023-02-25 09:23:03.617 [info] > git rev-list --left-right --count main...origin/main [3ms]
2023-02-25 09:23:03.870 [info] > git for-each-ref --sort -committerdate --format %(refname) %(objectname) %(*objectname) [144ms]
2023-02-25 09:23:04.077 [info] > git status -z -uall [411ms]
2023-02-25 09:23:09.453 [warning] ENOENT: no such file or directory, open '/home/vagrant/--git-common-dir/config'
2023-02-25 09:23:09.474 [info] > git config --get commit.template [5ms]
2023-02-25 09:23:09.607 [info] > git remote --verbose [154ms]
2023-02-25 09:23:09.670 [info] > git for-each-ref --format=%(refname)%00%(upstream:short)%00%(objectname) refs/heads/main refs/remotes/main [1ms]
2023-02-25 09:23:09.684 [info] > git rev-list --left-right --count main...origin/main [1ms]
2023-02-25 09:23:09.718 [info] > git for-each-ref --sort -committerdate --format %(refname) %(objectname) %(*objectname) [2ms]
2023-02-25 09:23:09.769 [info] > git status -z -uall [67ms]
2023-02-25 09:23:14.836 [warning] ENOENT: no such file or directory, open '/home/vagrant/--git-common-dir/config'
2023-02-25 09:23:14.845 [info] > git config --get commit.template [0ms]
2023-02-25 09:23:14.845 [info] > git remote --verbose [10ms]
2023-02-25 09:23:14.865 [info] > git for-each-ref --format=%(refname)%00%(upstream:short)%00%(objectname) refs/heads/main refs/remotes/main [2ms]
2023-02-25 09:23:14.882 [info] > git rev-list --left-right --count main...origin/main [1ms]
2023-02-25 09:23:14.912 [info] > git for-each-ref --sort -committerdate --format %(refname) %(objectname) %(*objectname) [3ms]
2023-02-25 09:23:15.085 [info] > git status -z -uall [183ms]
2023-02-25 09:23:20.141 [warning] ENOENT: no such file or directory, open '/home/vagrant/--git-common-dir/config'
2023-02-25 09:23:20.155 [info] > git config --get commit.template [2ms]
2023-02-25 09:23:20.156 [info] > git remote --verbose [16ms]
2023-02-25 09:23:20.178 [info] > git for-each-ref --format=%(refname)%00%(upstream:short)%00%(objectname) refs/heads/main refs/remotes/main [1ms]
2023-02-25 09:23:20.195 [info] > git rev-list --left-right --count main...origin/main [2ms]
2023-02-25 09:23:20.254 [info] > git for-each-ref --sort -committerdate --format %(refname) %(objectname) %(*objectname) [4ms]
2023-02-25 09:23:20.448 [info] > git status -z -uall [234ms]
2023-02-25 09:23:25.615 [warning] ENOENT: no such file or directory, open '/home/vagrant/--git-common-dir/config'
2023-02-25 09:23:25.642 [info] > git config --get commit.template [1ms]
2023-02-25 09:23:25.643 [info] > git remote --verbose [28ms]
2023-02-25 09:23:25.671 [info] > git for-each-ref --format=%(refname)%00%(upstream:short)%00%(objectname) refs/heads/main refs/remotes/main [2ms]
2023-02-25 09:23:25.692 [info] > git rev-list --left-right --count main...origin/main [2ms]
2023-02-25 09:23:25.735 [info] > git for-each-ref --sort -committerdate --format %(refname) %(objectname) %(*objectname) [2ms]
2023-02-25 09:23:25.868 [info] > git status -z -uall [147ms]
2023-02-25 09:23:31.000 [warning] ENOENT: no such file or directory, open '/home/vagrant/--git-common-dir/config'
2023-02-25 09:23:31.065 [info] > git remote --verbose [65ms]
2023-02-25 09:23:31.065 [info] > git for-each-ref --format=%(refname)%00%(upstream:short)%00%(objectname) refs/heads/main refs/remotes/main [4ms]
2023-02-25 09:23:31.085 [info] > git config --get commit.template [65ms]
2023-02-25 09:23:31.102 [info] > git rev-list --left-right --count main...origin/main [18ms]
2023-02-25 09:23:31.141 [info] > git for-each-ref --sort -committerdate --format %(refname) %(objectname) %(*objectname) [1ms]
2023-02-25 09:23:31.342 [info] > git status -z -uall [217ms]
2023-02-25 09:23:36.519 [warning] ENOENT: no such file or directory, open '/home/vagrant/--git-common-dir/config'
2023-02-25 09:23:36.542 [info] > git config --get commit.template [1ms]
2023-02-25 09:23:36.542 [info] > git remote --verbose [24ms]
2023-02-25 09:23:36.568 [info] > git for-each-ref --format=%(refname)%00%(upstream:short)%00%(objectname) refs/heads/main refs/remotes/main [1ms]
2023-02-25 09:23:36.585 [info] > git rev-list --left-right --count main...origin/main [1ms]
2023-02-25 09:23:36.647 [info] > git for-each-ref --sort -committerdate --format %(refname) %(objectname) %(*objectname) [1ms]
2023-02-25 09:23:36.732 [info] > git status -z -uall [101ms]
2023-02-25 09:23:41.855 [warning] ENOENT: no such file or directory, open '/home/vagrant/--git-common-dir/config'
2023-02-25 09:23:41.870 [info] > git config --get commit.template [1ms]
2023-02-25 09:23:41.870 [info] > git remote --verbose [15ms]
2023-02-25 09:23:41.892 [info] > git for-each-ref --format=%(refname)%00%(upstream:short)%00%(objectname) refs/heads/main refs/remotes/main [1ms]
2023-02-25 09:23:41.909 [info] > git rev-list --left-right --count main...origin/main [1ms]
2023-02-25 09:23:41.972 [info] > git for-each-ref --sort -committerdate --format %(refname) %(objectname) %(*objectname) [1ms]
2023-02-25 09:23:42.176 [info] > git status -z -uall [252ms]
2023-02-25 09:23:47.404 [warning] ENOENT: no such file or directory, open '/home/vagrant/--git-common-dir/config'
2023-02-25 09:23:47.431 [info] > git config --get commit.template [3ms]
2023-02-25 09:23:47.432 [info] > git remote --verbose [28ms]
2023-02-25 09:23:47.479 [info] > git for-each-ref --format=%(refname)%00%(upstream:short)%00%(objectname) refs/heads/main refs/remotes/main [11ms]
2023-02-25 09:23:47.546 [info] > git rev-list --left-right --count main...origin/main [36ms]
2023-02-25 09:23:47.712 [info] > git for-each-ref --sort -committerdate --format %(refname) %(objectname) %(*objectname) [42ms]
2023-02-25 09:23:47.885 [info] > git status -z -uall [312ms]
2023-02-25 09:23:53.062 [warning] ENOENT: no such file or directory, open '/home/vagrant/--git-common-dir/config'
2023-02-25 09:23:53.077 [info] > git config --get commit.template [1ms]
2023-02-25 09:23:53.078 [info] > git remote --verbose [16ms]
2023-02-25 09:23:53.103 [info] > git for-each-ref --format=%(refname)%00%(upstream:short)%00%(objectname) refs/heads/main refs/remotes/main [7ms]
2023-02-25 09:23:53.117 [info] > git rev-list --left-right --count main...origin/main [1ms]
2023-02-25 09:23:53.154 [info] > git for-each-ref --sort -committerdate --format %(refname) %(objectname) %(*objectname) [2ms]
2023-02-25 09:23:53.237 [info] > git status -z -uall [98ms]
2023-02-25 09:23:58.447 [warning] ENOENT: no such file or directory, open '/home/vagrant/--git-common-dir/config'
2023-02-25 09:23:58.467 [info] > git config --get commit.template [1ms]
2023-02-25 09:23:58.468 [info] > git remote --verbose [21ms]
2023-02-25 09:23:58.491 [info] > git for-each-ref --format=%(refname)%00%(upstream:short)%00%(objectname) refs/heads/main refs/remotes/main [2ms]
2023-02-25 09:23:58.509 [info] > git rev-list --left-right --count main...origin/main [1ms]
2023-02-25 09:23:58.547 [info] > git for-each-ref --sort -committerdate --format %(refname) %(objectname) %(*objectname) [1ms]
2023-02-25 09:23:58.755 [info] > git status -z -uall [222ms]
2023-02-25 09:24:04.026 [warning] ENOENT: no such file or directory, open '/home/vagrant/--git-common-dir/config'
2023-02-25 09:24:04.057 [info] > git remote --verbose [31ms]
2023-02-25 09:24:04.100 [info] > git for-each-ref --format=%(refname)%00%(upstream:short)%00%(objectname) refs/heads/main refs/remotes/main [1ms]
2023-02-25 09:24:04.120 [info] > git config --get commit.template [65ms]
2023-02-25 09:24:04.123 [info] > git rev-list --left-right --count main...origin/main [3ms]
2023-02-25 09:24:04.169 [info] > git for-each-ref --sort -committerdate --format %(refname) %(objectname) %(*objectname) [1ms]
2023-02-25 09:24:04.294 [info] > git status -z -uall [146ms]
2023-02-25 09:24:09.489 [warning] ENOENT: no such file or directory, open '/home/vagrant/--git-common-dir/config'
2023-02-25 09:24:09.526 [info] > git remote --verbose [37ms]
2023-02-25 09:24:09.565 [info] > git for-each-ref --format=%(refname)%00%(upstream:short)%00%(objectname) refs/heads/main refs/remotes/main [1ms]
2023-02-25 09:24:09.619 [info] > git config --get commit.template [95ms]
2023-02-25 09:24:09.657 [info] > git rev-list --left-right --count main...origin/main [41ms]
2023-02-25 09:24:09.846 [info] > git for-each-ref --sort -committerdate --format %(refname) %(objectname) %(*objectname) [66ms]
2023-02-25 09:24:10.134 [info] > git status -z -uall [432ms]
2023-02-25 09:24:15.407 [warning] ENOENT: no such file or directory, open '/home/vagrant/--git-common-dir/config'
2023-02-25 09:24:15.423 [info] > git config --get commit.template [1ms]
2023-02-25 09:24:15.431 [info] > git remote --verbose [25ms]
2023-02-25 09:24:15.500 [info] > git for-each-ref --format=%(refname)%00%(upstream:short)%00%(objectname) refs/heads/main refs/remotes/main [21ms]
2023-02-25 09:24:15.511 [info] > git rev-list --left-right --count main...origin/main [1ms]
2023-02-25 09:24:15.589 [info] > git for-each-ref --sort -committerdate --format %(refname) %(objectname) %(*objectname) [1ms]
2023-02-25 09:24:15.652 [info] > git status -z -uall [110ms]
2023-02-25 09:24:20.763 [warning] ENOENT: no such file or directory, open '/home/vagrant/--git-common-dir/config'
2023-02-25 09:24:20.777 [info] > git config --get commit.template [1ms]
2023-02-25 09:24:20.778 [info] > git remote --verbose [15ms]
2023-02-25 09:24:20.803 [info] > git for-each-ref --format=%(refname)%00%(upstream:short)%00%(objectname) refs/heads/main refs/remotes/main [6ms]
2023-02-25 09:24:20.816 [info] > git rev-list --left-right --count main...origin/main [2ms]
2023-02-25 09:24:20.949 [info] > git for-each-ref --sort -committerdate --format %(refname) %(objectname) %(*objectname) [3ms]
2023-02-25 09:24:21.008 [info] > git status -z -uall [85ms]
2023-02-25 09:24:26.075 [warning] ENOENT: no such file or directory, open '/home/vagrant/--git-common-dir/config'
2023-02-25 09:24:26.092 [info] > git config --get commit.template [3ms]
2023-02-25 09:24:26.094 [info] > git remote --verbose [19ms]
2023-02-25 09:24:26.120 [info] > git for-each-ref --format=%(refname)%00%(upstream:short)%00%(objectname) refs/heads/main refs/remotes/main [4ms]
2023-02-25 09:24:26.144 [info] > git rev-list --left-right --count main...origin/main [5ms]
2023-02-25 09:24:26.191 [info] > git for-each-ref --sort -committerdate --format %(refname) %(objectname) %(*objectname) [2ms]
2023-02-25 09:24:26.322 [info] > git status -z -uall [153ms]
2023-02-25 09:24:31.471 [warning] ENOENT: no such file or directory, open '/home/vagrant/--git-common-dir/config'
2023-02-25 09:24:31.499 [info] > git remote --verbose [27ms]
2023-02-25 09:24:31.525 [info] > git config --get commit.template [29ms]
2023-02-25 09:24:31.531 [info] > git for-each-ref --format=%(refname)%00%(upstream:short)%00%(objectname) refs/heads/main refs/remotes/main [7ms]
2023-02-25 09:24:31.545 [info] > git rev-list --left-right --count main...origin/main [1ms]
2023-02-25 09:24:31.598 [info] > git for-each-ref --sort -committerdate --format %(refname) %(objectname) %(*objectname) [3ms]
2023-02-25 09:24:31.782 [info] > git status -z -uall [221ms]
2023-02-25 09:24:36.953 [warning] ENOENT: no such file or directory, open '/home/vagrant/--git-common-dir/config'
2023-02-25 09:24:36.979 [info] > git config --get commit.template [2ms]
2023-02-25 09:24:36.980 [info] > git remote --verbose [26ms]
2023-02-25 09:24:37.012 [info] > git for-each-ref --format=%(refname)%00%(upstream:short)%00%(objectname) refs/heads/main refs/remotes/main [2ms]
2023-02-25 09:24:37.066 [info] > git rev-list --left-right --count main...origin/main [32ms]
2023-02-25 09:24:37.141 [info] > git for-each-ref --sort -committerdate --format %(refname) %(objectname) %(*objectname) [2ms]
2023-02-25 09:24:37.326 [info] > git status -z -uall [218ms]
2023-02-25 09:24:42.477 [warning] ENOENT: no such file or directory, open '/home/vagrant/--git-common-dir/config'
2023-02-25 09:24:42.499 [info] > git config --get commit.template [2ms]
2023-02-25 09:24:42.500 [info] > git remote --verbose [24ms]
2023-02-25 09:24:42.554 [info] > git for-each-ref --format=%(refname)%00%(upstream:short)%00%(objectname) refs/heads/main refs/remotes/main [11ms]
2023-02-25 09:24:42.578 [info] > git rev-list --left-right --count main...origin/main [1ms]
2023-02-25 09:24:42.637 [info] > git for-each-ref --sort -committerdate --format %(refname) %(objectname) %(*objectname) [2ms]
2023-02-25 09:24:42.789 [info] > git status -z -uall [188ms]
2023-02-25 09:24:47.984 [warning] ENOENT: no such file or directory, open '/home/vagrant/--git-common-dir/config'
2023-02-25 09:24:47.999 [info] > git config --get commit.template [1ms]
2023-02-25 09:24:48.022 [info] > git remote --verbose [38ms]
2023-02-25 09:24:48.022 [info] > git for-each-ref --format=%(refname)%00%(upstream:short)%00%(objectname) refs/heads/main refs/remotes/main [2ms]
2023-02-25 09:24:48.038 [info] > git rev-list --left-right --count main...origin/main [1ms]
2023-02-25 09:24:48.103 [info] > git for-each-ref --sort -committerdate --format %(refname) %(objectname) %(*objectname) [24ms]
2023-02-25 09:24:48.311 [info] > git status -z -uall [252ms]
2023-02-25 09:24:53.503 [warning] ENOENT: no such file or directory, open '/home/vagrant/--git-common-dir/config'
2023-02-25 09:24:53.524 [info] > git config --get commit.template [2ms]
2023-02-25 09:24:53.529 [info] > git remote --verbose [27ms]
2023-02-25 09:24:53.559 [info] > git for-each-ref --format=%(refname)%00%(upstream:short)%00%(objectname) refs/heads/main refs/remotes/main [7ms]
2023-02-25 09:24:53.708 [info] > git rev-list --left-right --count main...origin/main [131ms]
2023-02-25 09:24:53.796 [info] > git for-each-ref --sort -committerdate --format %(refname) %(objectname) %(*objectname) [1ms]
2023-02-25 09:24:53.898 [info] > git status -z -uall [118ms]
2023-02-25 09:24:59.024 [warning] ENOENT: no such file or directory, open '/home/vagrant/--git-common-dir/config'
2023-02-25 09:24:59.042 [info] > git config --get commit.template [2ms]
2023-02-25 09:24:59.045 [info] > git remote --verbose [21ms]
2023-02-25 09:24:59.081 [info] > git for-each-ref --format=%(refname)%00%(upstream:short)%00%(objectname) refs/heads/main refs/remotes/main [0ms]
2023-02-25 09:24:59.096 [info] > git rev-list --left-right --count main...origin/main [2ms]
2023-02-25 09:24:59.173 [info] > git for-each-ref --sort -committerdate --format %(refname) %(objectname) %(*objectname) [3ms]
2023-02-25 09:24:59.292 [info] > git status -z -uall [158ms]
2023-02-25 09:25:04.481 [warning] ENOENT: no such file or directory, open '/home/vagrant/--git-common-dir/config'
2023-02-25 09:25:04.509 [info] > git config --get commit.template [2ms]
2023-02-25 09:25:04.510 [info] > git remote --verbose [29ms]
2023-02-25 09:25:04.554 [info] > git for-each-ref --format=%(refname)%00%(upstream:short)%00%(objectname) refs/heads/main refs/remotes/main [4ms]
2023-02-25 09:25:04.750 [info] > git rev-list --left-right --count main...origin/main [68ms]
2023-02-25 09:25:04.848 [info] > git for-each-ref --sort -committerdate --format %(refname) %(objectname) %(*objectname) [13ms]
2023-02-25 09:25:05.083 [info] > git status -z -uall [283ms]
2023-02-25 09:25:10.578 [warning] ENOENT: no such file or directory, open '/home/vagrant/--git-common-dir/config'
2023-02-25 09:25:10.602 [info] > git config --get commit.template [11ms]
2023-02-25 09:25:10.602 [info] > git remote --verbose [24ms]
2023-02-25 09:25:10.656 [info] > git for-each-ref --format=%(refname)%00%(upstream:short)%00%(objectname) refs/heads/main refs/remotes/main [1ms]
2023-02-25 09:25:10.676 [info] > git rev-list --left-right --count main...origin/main [2ms]
2023-02-25 09:25:10.726 [info] > git for-each-ref --sort -committerdate --format %(refname) %(objectname) %(*objectname) [1ms]
2023-02-25 09:25:10.808 [info] > git status -z -uall [115ms]
2023-02-25 09:25:15.949 [warning] ENOENT: no such file or directory, open '/home/vagrant/--git-common-dir/config'
2023-02-25 09:25:15.963 [info] > git config --get commit.template [1ms]
2023-02-25 09:25:15.963 [info] > git remote --verbose [15ms]
2023-02-25 09:25:15.981 [info] > git for-each-ref --format=%(refname)%00%(upstream:short)%00%(objectname) refs/heads/main refs/remotes/main [2ms]
2023-02-25 09:25:15.990 [info] > git rev-list --left-right --count main...origin/main [0ms]
2023-02-25 09:25:16.033 [info] > git for-each-ref --sort -committerdate --format %(refname) %(objectname) %(*objectname) [1ms]
2023-02-25 09:25:16.146 [info] > git status -z -uall [138ms]
2023-02-25 09:25:21.256 [warning] ENOENT: no such file or directory, open '/home/vagrant/--git-common-dir/config'
2023-02-25 09:25:21.276 [info] > git remote --verbose [18ms]
2023-02-25 09:25:21.301 [info] > git for-each-ref --format=%(refname)%00%(upstream:short)%00%(objectname) refs/heads/main refs/remotes/main [2ms]
2023-02-25 09:25:21.316 [info] > git config --get commit.template [43ms]
2023-02-25 09:25:21.317 [info] > git rev-list --left-right --count main...origin/main [1ms]
2023-02-25 09:25:21.364 [info] > git for-each-ref --sort -committerdate --format %(refname) %(objectname) %(*objectname) [1ms]
2023-02-25 09:25:21.597 [info] > git status -z -uall [255ms]
2023-02-25 09:25:26.782 [warning] ENOENT: no such file or directory, open '/home/vagrant/--git-common-dir/config'
2023-02-25 09:25:26.810 [info] > git config --get commit.template [3ms]
2023-02-25 09:25:26.811 [info] > git remote --verbose [29ms]
2023-02-25 09:25:26.854 [info] > git for-each-ref --format=%(refname)%00%(upstream:short)%00%(objectname) refs/heads/main refs/remotes/main [11ms]
2023-02-25 09:25:26.940 [info] > git rev-list --left-right --count main...origin/main [33ms]
2023-02-25 09:25:27.007 [info] > git for-each-ref --sort -committerdate --format %(refname) %(objectname) %(*objectname) [6ms]
2023-02-25 09:25:27.317 [info] > git status -z -uall [349ms]
