2023-02-23 09:34:07.895 [info] Extension host with pid 2566 started
2023-02-23 09:34:07.909 [error] Error: EEXIST: file already exists, open '/home/vagrant/.vscode-server/data/User/workspaceStorage/1d2fae190fc4c0659c0931ca0d2b1dc9/vscode.lock'
2023-02-23 09:34:07.919 [info] Lock '/home/vagrant/.vscode-server/data/User/workspaceStorage/1d2fae190fc4c0659c0931ca0d2b1dc9/vscode.lock': Could not acquire lock, checking if the file is stale.
2023-02-23 09:34:07.926 [info] Lock '/home/vagrant/.vscode-server/data/User/workspaceStorage/1d2fae190fc4c0659c0931ca0d2b1dc9/vscode.lock': The lock does not look stale, elapsed: 122 ms, giving up.
2023-02-23 09:34:07.955 [info] Lock '/home/vagrant/.vscode-server/data/User/workspaceStorage/1d2fae190fc4c0659c0931ca0d2b1dc9-1/vscode.lock': Lock acquired.
2023-02-23 09:34:08.027 [info] ExtensionService#_doActivateExtension vscode.git-base, startup: true, activationEvent: '*', root cause: vscode.git
2023-02-23 09:34:08.142 [info] ExtensionService#_doActivateExtension vscode.git, startup: true, activationEvent: '*'
2023-02-23 09:34:08.142 [info] ExtensionService#_doActivateExtension vscode.github, startup: true, activationEvent: '*'
2023-02-23 09:34:08.747 [info] ExtensionService#_doActivateExtension vscode.debug-auto-launch, startup: false, activationEvent: 'onStartupFinished'
2023-02-23 09:34:08.747 [info] ExtensionService#_doActivateExtension vscode.emmet, startup: false, activationEvent: 'onStartupFinished'
2023-02-23 09:34:08.747 [info] ExtensionService#_doActivateExtension vscode.merge-conflict, startup: false, activationEvent: 'onStartupFinished'
2023-02-23 09:34:08.748 [info] Eager extensions activated
2023-02-23 09:34:09.602 [warning] [Decorations] CAPPING events from decorations provider vscode.git 2208
2023-02-23 09:34:10.810 [warning] [Decorations] CAPPING events from decorations provider vscode.git 2209
2023-02-23 09:36:18.995 [error] Error: connect ETIMEDOUT 13.69.109.130:443
	at TCPConnectWrap.afterConnect [as oncomplete] (node:net:1157:16)
2023-02-23 09:48:17.976 [warning] [Decorations] CAPPING events from decorations provider vscode.git 2209
2023-02-23 09:48:23.230 [warning] [Decorations] CAPPING events from decorations provider vscode.git 2208
2023-02-23 09:56:35.496 [warning] [Decorations] CAPPING events from decorations provider vscode.git 2208
2023-02-23 09:56:40.696 [warning] [Decorations] CAPPING events from decorations provider vscode.git 2208
2023-02-23 09:56:45.928 [warning] [Decorations] CAPPING events from decorations provider vscode.git 2208
2023-02-23 09:56:51.066 [warning] [Decorations] CAPPING events from decorations provider vscode.git 2208
2023-02-23 09:56:56.261 [warning] [Decorations] CAPPING events from decorations provider vscode.git 2208
2023-02-23 09:57:01.416 [warning] [Decorations] CAPPING events from decorations provider vscode.git 2208
2023-02-23 09:57:06.537 [warning] [Decorations] CAPPING events from decorations provider vscode.git 2208
2023-02-23 09:57:11.678 [warning] [Decorations] CAPPING events from decorations provider vscode.git 2208
2023-02-23 09:57:16.849 [warning] [Decorations] CAPPING events from decorations provider vscode.git 2208
2023-02-23 09:57:21.997 [warning] [Decorations] CAPPING events from decorations provider vscode.git 2208
2023-02-23 09:57:27.169 [warning] [Decorations] CAPPING events from decorations provider vscode.git 2208
2023-02-23 09:57:32.395 [warning] [Decorations] CAPPING events from decorations provider vscode.git 2208
2023-02-23 09:59:24.222 [warning] [Decorations] CAPPING events from decorations provider vscode.git 2208
2023-02-23 09:59:52.839 [warning] [Decorations] CAPPING events from decorations provider vscode.git 2208
2023-02-23 13:13:36.342 [warning] [Decorations] CAPPING events from decorations provider vscode.git 2208
2023-02-23 13:13:41.638 [warning] [Decorations] CAPPING events from decorations provider vscode.git 2208
2023-02-23 13:13:46.824 [warning] [Decorations] CAPPING events from decorations provider vscode.git 2208
2023-02-23 13:13:51.948 [warning] [Decorations] CAPPING events from decorations provider vscode.git 2208
2023-02-23 13:13:57.079 [warning] [Decorations] CAPPING events from decorations provider vscode.git 2208
2023-02-23 13:14:02.206 [warning] [Decorations] CAPPING events from decorations provider vscode.git 2208
2023-02-23 14:05:39.193 [warning] [Decorations] CAPPING events from decorations provider vscode.git 2208
2023-02-23 14:05:44.473 [warning] [Decorations] CAPPING events from decorations provider vscode.git 2208
2023-02-23 14:05:49.721 [warning] [Decorations] CAPPING events from decorations provider vscode.git 2208
2023-02-23 14:05:54.893 [warning] [Decorations] CAPPING events from decorations provider vscode.git 2208
2023-02-23 14:06:13.516 [warning] [Decorations] CAPPING events from decorations provider vscode.git 2208
2023-02-23 14:06:18.662 [warning] [Decorations] CAPPING events from decorations provider vscode.git 2208
2023-02-23 14:06:23.832 [warning] [Decorations] CAPPING events from decorations provider vscode.git 2208
2023-02-23 14:06:28.939 [warning] [Decorations] CAPPING events from decorations provider vscode.git 2208
2023-02-23 14:06:34.134 [warning] [Decorations] CAPPING events from decorations provider vscode.git 2208
2023-02-23 14:06:39.251 [warning] [Decorations] CAPPING events from decorations provider vscode.git 2208
2023-02-23 14:06:44.400 [warning] [Decorations] CAPPING events from decorations provider vscode.git 2208
2023-02-23 14:06:49.521 [warning] [Decorations] CAPPING events from decorations provider vscode.git 2208
2023-02-23 14:06:54.717 [warning] [Decorations] CAPPING events from decorations provider vscode.git 2208
2023-02-23 14:06:59.911 [warning] [Decorations] CAPPING events from decorations provider vscode.git 2208
2023-02-23 14:07:05.060 [warning] [Decorations] CAPPING events from decorations provider vscode.git 2208
2023-02-23 14:07:10.256 [warning] [Decorations] CAPPING events from decorations provider vscode.git 2208
2023-02-23 14:07:15.406 [warning] [Decorations] CAPPING events from decorations provider vscode.git 2208
2023-02-23 14:07:20.591 [warning] [Decorations] CAPPING events from decorations provider vscode.git 2208
2023-02-23 14:07:25.714 [warning] [Decorations] CAPPING events from decorations provider vscode.git 2208
2023-02-23 14:07:30.910 [warning] [Decorations] CAPPING events from decorations provider vscode.git 2208
2023-02-23 14:07:36.125 [warning] [Decorations] CAPPING events from decorations provider vscode.git 2208
2023-02-23 14:07:41.252 [warning] [Decorations] CAPPING events from decorations provider vscode.git 2208
2023-02-23 14:07:46.422 [warning] [Decorations] CAPPING events from decorations provider vscode.git 2208
2023-02-23 14:07:51.589 [warning] [Decorations] CAPPING events from decorations provider vscode.git 2208
2023-02-23 14:07:56.797 [warning] [Decorations] CAPPING events from decorations provider vscode.git 2208
2023-02-23 14:08:01.982 [warning] [Decorations] CAPPING events from decorations provider vscode.git 2208
2023-02-23 14:08:07.143 [warning] [Decorations] CAPPING events from decorations provider vscode.git 2208
2023-02-23 14:08:12.263 [warning] [Decorations] CAPPING events from decorations provider vscode.git 2208
2023-02-23 14:08:17.396 [warning] [Decorations] CAPPING events from decorations provider vscode.git 2208
2023-02-23 14:08:22.635 [warning] [Decorations] CAPPING events from decorations provider vscode.git 2208
2023-02-23 14:08:27.765 [warning] [Decorations] CAPPING events from decorations provider vscode.git 2208
2023-02-23 14:08:32.996 [warning] [Decorations] CAPPING events from decorations provider vscode.git 2208
2023-02-23 14:08:38.120 [warning] [Decorations] CAPPING events from decorations provider vscode.git 2208
2023-02-23 14:08:43.286 [warning] [Decorations] CAPPING events from decorations provider vscode.git 2208
2023-02-23 14:08:48.404 [warning] [Decorations] CAPPING events from decorations provider vscode.git 2208
2023-02-23 14:08:53.519 [warning] [Decorations] CAPPING events from decorations provider vscode.git 2208
2023-02-23 14:08:58.650 [warning] [Decorations] CAPPING events from decorations provider vscode.git 2208
2023-02-23 14:09:03.889 [warning] [Decorations] CAPPING events from decorations provider vscode.git 2208
2023-02-23 14:09:08.996 [warning] [Decorations] CAPPING events from decorations provider vscode.git 2208
2023-02-23 14:09:14.146 [warning] [Decorations] CAPPING events from decorations provider vscode.git 2208
2023-02-23 14:09:19.243 [warning] [Decorations] CAPPING events from decorations provider vscode.git 2208
2023-02-23 14:09:24.441 [warning] [Decorations] CAPPING events from decorations provider vscode.git 2208
2023-02-23 14:09:29.547 [warning] [Decorations] CAPPING events from decorations provider vscode.git 2208
2023-02-23 14:09:34.756 [warning] [Decorations] CAPPING events from decorations provider vscode.git 2208
2023-02-23 14:09:39.849 [warning] [Decorations] CAPPING events from decorations provider vscode.git 2208
2023-02-23 14:09:44.949 [warning] [Decorations] CAPPING events from decorations provider vscode.git 2208
2023-02-23 14:09:50.198 [warning] [Decorations] CAPPING events from decorations provider vscode.git 2208
2023-02-23 14:09:55.349 [warning] [Decorations] CAPPING events from decorations provider vscode.git 2208
2023-02-23 14:10:00.549 [warning] [Decorations] CAPPING events from decorations provider vscode.git 2208
2023-02-23 14:10:05.673 [warning] [Decorations] CAPPING events from decorations provider vscode.git 2208
2023-02-23 14:10:10.882 [warning] [Decorations] CAPPING events from decorations provider vscode.git 2208
2023-02-23 14:10:16.069 [warning] [Decorations] CAPPING events from decorations provider vscode.git 2208
2023-02-23 14:10:21.215 [warning] [Decorations] CAPPING events from decorations provider vscode.git 2208
2023-02-23 14:10:26.382 [warning] [Decorations] CAPPING events from decorations provider vscode.git 2208
2023-02-23 14:10:31.527 [warning] [Decorations] CAPPING events from decorations provider vscode.git 2208
2023-02-23 14:10:36.697 [warning] [Decorations] CAPPING events from decorations provider vscode.git 2208
2023-02-23 14:10:41.823 [warning] [Decorations] CAPPING events from decorations provider vscode.git 2208
2023-02-23 14:10:46.949 [warning] [Decorations] CAPPING events from decorations provider vscode.git 2208
2023-02-23 14:10:52.134 [warning] [Decorations] CAPPING events from decorations provider vscode.git 2208
2023-02-23 14:10:57.263 [warning] [Decorations] CAPPING events from decorations provider vscode.git 2208
2023-02-23 14:11:02.468 [warning] [Decorations] CAPPING events from decorations provider vscode.git 2208
2023-02-23 14:11:07.618 [warning] [Decorations] CAPPING events from decorations provider vscode.git 2208
2023-02-23 14:11:12.782 [warning] [Decorations] CAPPING events from decorations provider vscode.git 2208
2023-02-23 14:11:17.925 [warning] [Decorations] CAPPING events from decorations provider vscode.git 2208
2023-02-23 14:11:23.152 [warning] [Decorations] CAPPING events from decorations provider vscode.git 2208
2023-02-23 14:11:28.287 [warning] [Decorations] CAPPING events from decorations provider vscode.git 2208
2023-02-23 14:11:33.393 [warning] [Decorations] CAPPING events from decorations provider vscode.git 2208
2023-02-23 14:11:38.645 [warning] [Decorations] CAPPING events from decorations provider vscode.git 2208
2023-02-23 14:11:43.791 [warning] [Decorations] CAPPING events from decorations provider vscode.git 2208
2023-02-23 14:11:48.949 [warning] [Decorations] CAPPING events from decorations provider vscode.git 2208
2023-02-23 14:11:54.172 [warning] [Decorations] CAPPING events from decorations provider vscode.git 2208
2023-02-23 14:11:59.281 [warning] [Decorations] CAPPING events from decorations provider vscode.git 2208
2023-02-23 14:12:04.410 [warning] [Decorations] CAPPING events from decorations provider vscode.git 2208
2023-02-23 14:12:09.557 [warning] [Decorations] CAPPING events from decorations provider vscode.git 2208
2023-02-23 14:12:14.726 [warning] [Decorations] CAPPING events from decorations provider vscode.git 2208
2023-02-23 14:12:19.953 [warning] [Decorations] CAPPING events from decorations provider vscode.git 2208
2023-02-23 14:12:25.076 [warning] [Decorations] CAPPING events from decorations provider vscode.git 2208
2023-02-23 14:12:30.259 [warning] [Decorations] CAPPING events from decorations provider vscode.git 2208
2023-02-23 14:12:35.358 [warning] [Decorations] CAPPING events from decorations provider vscode.git 2208
2023-02-23 14:12:40.452 [warning] [Decorations] CAPPING events from decorations provider vscode.git 2208
2023-02-23 14:12:45.647 [warning] [Decorations] CAPPING events from decorations provider vscode.git 2208
2023-02-23 14:12:50.799 [warning] [Decorations] CAPPING events from decorations provider vscode.git 2208
2023-02-23 14:12:55.974 [warning] [Decorations] CAPPING events from decorations provider vscode.git 2208
2023-02-23 14:13:01.149 [warning] [Decorations] CAPPING events from decorations provider vscode.git 2208
2023-02-23 14:13:06.322 [warning] [Decorations] CAPPING events from decorations provider vscode.git 2208
2023-02-23 14:13:11.574 [warning] [Decorations] CAPPING events from decorations provider vscode.git 2208
2023-02-23 14:13:16.710 [warning] [Decorations] CAPPING events from decorations provider vscode.git 2208
2023-02-23 14:13:21.914 [warning] [Decorations] CAPPING events from decorations provider vscode.git 2208
2023-02-23 14:13:27.041 [warning] [Decorations] CAPPING events from decorations provider vscode.git 2208
2023-02-23 14:13:32.172 [warning] [Decorations] CAPPING events from decorations provider vscode.git 2208
2023-02-23 14:13:37.367 [warning] [Decorations] CAPPING events from decorations provider vscode.git 2208
2023-02-23 14:13:42.484 [warning] [Decorations] CAPPING events from decorations provider vscode.git 2208
2023-02-23 14:13:47.636 [warning] [Decorations] CAPPING events from decorations provider vscode.git 2208
2023-02-23 14:13:52.793 [warning] [Decorations] CAPPING events from decorations provider vscode.git 2208
2023-02-23 14:13:58.016 [warning] [Decorations] CAPPING events from decorations provider vscode.git 2208
2023-02-23 14:14:03.159 [warning] [Decorations] CAPPING events from decorations provider vscode.git 2208
2023-02-23 14:14:08.344 [warning] [Decorations] CAPPING events from decorations provider vscode.git 2208
2023-02-23 14:14:13.493 [warning] [Decorations] CAPPING events from decorations provider vscode.git 2208
2023-02-23 14:14:18.655 [warning] [Decorations] CAPPING events from decorations provider vscode.git 2208
2023-02-23 14:14:23.789 [warning] [Decorations] CAPPING events from decorations provider vscode.git 2208
2023-02-23 14:14:29.015 [warning] [Decorations] CAPPING events from decorations provider vscode.git 2208
2023-02-23 14:14:34.147 [warning] [Decorations] CAPPING events from decorations provider vscode.git 2208
2023-02-23 14:14:39.338 [warning] [Decorations] CAPPING events from decorations provider vscode.git 2208
2023-02-23 14:14:44.473 [warning] [Decorations] CAPPING events from decorations provider vscode.git 2208
2023-02-23 14:14:49.651 [warning] [Decorations] CAPPING events from decorations provider vscode.git 2208
2023-02-23 14:14:54.810 [warning] [Decorations] CAPPING events from decorations provider vscode.git 2208
2023-02-23 14:14:59.953 [warning] [Decorations] CAPPING events from decorations provider vscode.git 2208
2023-02-23 14:15:05.114 [warning] [Decorations] CAPPING events from decorations provider vscode.git 2208
2023-02-23 14:15:10.296 [warning] [Decorations] CAPPING events from decorations provider vscode.git 2208
2023-02-23 14:15:15.426 [warning] [Decorations] CAPPING events from decorations provider vscode.git 2208
2023-02-23 14:15:20.546 [warning] [Decorations] CAPPING events from decorations provider vscode.git 2208
2023-02-23 14:15:25.678 [warning] [Decorations] CAPPING events from decorations provider vscode.git 2208
2023-02-23 14:15:30.786 [warning] [Decorations] CAPPING events from decorations provider vscode.git 2208
2023-02-23 14:15:35.987 [warning] [Decorations] CAPPING events from decorations provider vscode.git 2208
2023-02-23 14:15:41.133 [warning] [Decorations] CAPPING events from decorations provider vscode.git 2208
2023-02-23 14:15:46.266 [warning] [Decorations] CAPPING events from decorations provider vscode.git 2208
2023-02-23 14:15:51.423 [warning] [Decorations] CAPPING events from decorations provider vscode.git 2208
2023-02-23 14:15:56.577 [warning] [Decorations] CAPPING events from decorations provider vscode.git 2208
2023-02-23 14:16:01.781 [warning] [Decorations] CAPPING events from decorations provider vscode.git 2208
2023-02-23 14:16:06.923 [warning] [Decorations] CAPPING events from decorations provider vscode.git 2208
2023-02-23 14:16:12.109 [warning] [Decorations] CAPPING events from decorations provider vscode.git 2208
2023-02-23 14:16:17.240 [warning] [Decorations] CAPPING events from decorations provider vscode.git 2208
2023-02-23 14:16:22.367 [warning] [Decorations] CAPPING events from decorations provider vscode.git 2208
2023-02-23 14:33:48.933 [warning] [Decorations] CAPPING events from decorations provider vscode.git 2208
2023-02-23 14:33:54.200 [warning] [Decorations] CAPPING events from decorations provider vscode.git 2208
2023-02-23 14:33:59.465 [warning] [Decorations] CAPPING events from decorations provider vscode.git 2208
2023-02-23 14:34:04.658 [warning] [Decorations] CAPPING events from decorations provider vscode.git 2208
2023-02-23 14:34:09.798 [warning] [Decorations] CAPPING events from decorations provider vscode.git 2208
2023-02-23 14:34:14.923 [warning] [Decorations] CAPPING events from decorations provider vscode.git 2208
2023-02-23 14:34:20.073 [warning] [Decorations] CAPPING events from decorations provider vscode.git 2208
2023-02-23 14:34:25.231 [warning] [Decorations] CAPPING events from decorations provider vscode.git 2208
2023-02-23 14:34:30.424 [warning] [Decorations] CAPPING events from decorations provider vscode.git 2208
2023-02-23 14:34:35.508 [warning] [Decorations] CAPPING events from decorations provider vscode.git 2208
2023-02-23 14:34:40.627 [warning] [Decorations] CAPPING events from decorations provider vscode.git 2208
2023-02-23 14:34:45.752 [warning] [Decorations] CAPPING events from decorations provider vscode.git 2208
2023-02-23 14:34:50.835 [warning] [Decorations] CAPPING events from decorations provider vscode.git 2208
2023-02-23 14:34:56.058 [warning] [Decorations] CAPPING events from decorations provider vscode.git 2208
2023-02-23 14:35:01.214 [warning] [Decorations] CAPPING events from decorations provider vscode.git 2208
2023-02-23 14:35:06.379 [warning] [Decorations] CAPPING events from decorations provider vscode.git 2208
2023-02-23 14:35:11.488 [warning] [Decorations] CAPPING events from decorations provider vscode.git 2208
2023-02-23 14:35:16.657 [warning] [Decorations] CAPPING events from decorations provider vscode.git 2210
2023-02-23 14:35:21.783 [warning] [Decorations] CAPPING events from decorations provider vscode.git 2210
2023-02-23 14:35:27.010 [warning] [Decorations] CAPPING events from decorations provider vscode.git 2210
2023-02-23 14:35:32.136 [warning] [Decorations] CAPPING events from decorations provider vscode.git 2210
2023-02-23 14:35:37.284 [warning] [Decorations] CAPPING events from decorations provider vscode.git 2210
2023-02-23 14:35:42.416 [warning] [Decorations] CAPPING events from decorations provider vscode.git 2211
2023-02-23 14:35:47.600 [warning] [Decorations] CAPPING events from decorations provider vscode.git 2211
2023-02-23 14:35:52.742 [warning] [Decorations] CAPPING events from decorations provider vscode.git 2211
2023-02-23 14:35:57.901 [warning] [Decorations] CAPPING events from decorations provider vscode.git 2211
2023-02-23 14:36:03.052 [warning] [Decorations] CAPPING events from decorations provider vscode.git 2211
2023-02-23 14:36:08.258 [warning] [Decorations] CAPPING events from decorations provider vscode.git 2211
2023-02-23 14:36:13.517 [warning] [Decorations] CAPPING events from decorations provider vscode.git 2211
2023-02-23 14:36:18.664 [warning] [Decorations] CAPPING events from decorations provider vscode.git 2211
2023-02-23 14:36:23.767 [warning] [Decorations] CAPPING events from decorations provider vscode.git 2211
2023-02-23 14:36:28.890 [warning] [Decorations] CAPPING events from decorations provider vscode.git 2211
2023-02-23 14:36:34.083 [warning] [Decorations] CAPPING events from decorations provider vscode.git 2211
2023-02-23 14:36:39.192 [warning] [Decorations] CAPPING events from decorations provider vscode.git 2211
2023-02-23 14:36:44.351 [warning] [Decorations] CAPPING events from decorations provider vscode.git 2211
2023-02-23 14:36:49.438 [warning] [Decorations] CAPPING events from decorations provider vscode.git 2211
2023-02-23 14:36:54.668 [warning] [Decorations] CAPPING events from decorations provider vscode.git 2211
2023-02-23 14:36:59.794 [warning] [Decorations] CAPPING events from decorations provider vscode.git 2211
2023-02-23 14:37:04.927 [warning] [Decorations] CAPPING events from decorations provider vscode.git 2211
2023-02-23 14:37:10.085 [warning] [Decorations] CAPPING events from decorations provider vscode.git 2211
2023-02-23 14:37:15.217 [warning] [Decorations] CAPPING events from decorations provider vscode.git 2211
2023-02-23 14:37:20.355 [warning] [Decorations] CAPPING events from decorations provider vscode.git 2211
2023-02-23 14:37:25.542 [warning] [Decorations] CAPPING events from decorations provider vscode.git 2212
2023-02-23 14:37:30.627 [warning] [Decorations] CAPPING events from decorations provider vscode.git 2212
2023-02-23 14:37:35.756 [warning] [Decorations] CAPPING events from decorations provider vscode.git 2212
2023-02-23 14:37:40.872 [warning] [Decorations] CAPPING events from decorations provider vscode.git 2212
2023-02-23 14:37:46.060 [warning] [Decorations] CAPPING events from decorations provider vscode.git 2212
2023-02-23 14:37:51.181 [warning] [Decorations] CAPPING events from decorations provider vscode.git 2212
2023-02-23 14:37:56.310 [warning] [Decorations] CAPPING events from decorations provider vscode.git 2213
2023-02-23 14:38:02.975 [warning] [Decorations] CAPPING events from decorations provider vscode.git 2213
2023-02-23 14:38:08.095 [warning] [Decorations] CAPPING events from decorations provider vscode.git 2213
2023-02-23 14:38:13.250 [warning] [Decorations] CAPPING events from decorations provider vscode.git 2213
2023-02-23 14:38:38.999 [warning] [Decorations] CAPPING events from decorations provider vscode.git 2213
2023-02-23 14:38:44.147 [warning] [Decorations] CAPPING events from decorations provider vscode.git 2213
2023-02-23 14:38:49.399 [warning] [Decorations] CAPPING events from decorations provider vscode.git 2213
2023-02-23 14:38:54.597 [warning] [Decorations] CAPPING events from decorations provider vscode.git 2213
2023-02-23 14:38:59.762 [warning] [Decorations] CAPPING events from decorations provider vscode.git 2213
2023-02-23 14:39:04.923 [warning] [Decorations] CAPPING events from decorations provider vscode.git 2213
2023-02-23 14:39:10.189 [warning] [Decorations] CAPPING events from decorations provider vscode.git 2213
2023-02-23 14:39:17.351 [warning] [Decorations] CAPPING events from decorations provider vscode.git 2213
2023-02-23 14:39:22.604 [warning] [Decorations] CAPPING events from decorations provider vscode.git 2213
2023-02-23 14:39:27.879 [warning] [Decorations] CAPPING events from decorations provider vscode.git 2213
2023-02-23 14:39:33.312 [warning] [Decorations] CAPPING events from decorations provider vscode.git 2216
2023-02-23 14:39:38.496 [warning] [Decorations] CAPPING events from decorations provider vscode.git 2216
2023-02-23 14:39:43.601 [warning] [Decorations] CAPPING events from decorations provider vscode.git 2213
2023-02-23 14:39:48.713 [warning] [Decorations] CAPPING events from decorations provider vscode.git 2213
2023-02-23 14:39:53.887 [warning] [Decorations] CAPPING events from decorations provider vscode.git 2213
2023-02-23 14:39:59.014 [warning] [Decorations] CAPPING events from decorations provider vscode.git 2213
2023-02-23 14:40:04.159 [warning] [Decorations] CAPPING events from decorations provider vscode.git 2213
2023-02-23 14:40:09.289 [warning] [Decorations] CAPPING events from decorations provider vscode.git 2213
2023-02-23 14:40:14.442 [warning] [Decorations] CAPPING events from decorations provider vscode.git 2213
2023-02-23 14:40:19.566 [warning] [Decorations] CAPPING events from decorations provider vscode.git 2213
2023-02-23 14:40:24.714 [warning] [Decorations] CAPPING events from decorations provider vscode.git 2213
2023-02-23 14:40:29.840 [warning] [Decorations] CAPPING events from decorations provider vscode.git 2213
2023-02-23 14:40:34.985 [warning] [Decorations] CAPPING events from decorations provider vscode.git 2213
2023-02-23 14:40:40.106 [warning] [Decorations] CAPPING events from decorations provider vscode.git 2213
2023-02-23 14:40:45.245 [warning] [Decorations] CAPPING events from decorations provider vscode.git 2213
2023-02-23 14:40:50.376 [warning] [Decorations] CAPPING events from decorations provider vscode.git 2213
2023-02-23 14:40:55.513 [warning] [Decorations] CAPPING events from decorations provider vscode.git 2213
2023-02-23 14:41:00.646 [warning] [Decorations] CAPPING events from decorations provider vscode.git 2213
2023-02-23 14:41:05.775 [warning] [Decorations] CAPPING events from decorations provider vscode.git 2213
2023-02-23 14:41:10.884 [warning] [Decorations] CAPPING events from decorations provider vscode.git 2213
2023-02-23 14:41:16.024 [warning] [Decorations] CAPPING events from decorations provider vscode.git 2213
2023-02-23 14:41:21.106 [warning] [Decorations] CAPPING events from decorations provider vscode.git 2213
2023-02-23 14:41:26.242 [warning] [Decorations] CAPPING events from decorations provider vscode.git 2213
2023-02-23 14:41:31.413 [warning] [Decorations] CAPPING events from decorations provider vscode.git 2213
2023-02-23 14:41:36.514 [warning] [Decorations] CAPPING events from decorations provider vscode.git 2213
2023-02-23 14:41:41.635 [warning] [Decorations] CAPPING events from decorations provider vscode.git 2213
2023-02-23 14:41:46.772 [warning] [Decorations] CAPPING events from decorations provider vscode.git 2213
2023-02-23 14:41:51.911 [warning] [Decorations] CAPPING events from decorations provider vscode.git 2213
2023-02-23 14:41:57.056 [warning] [Decorations] CAPPING events from decorations provider vscode.git 2213
2023-02-23 14:42:02.169 [warning] [Decorations] CAPPING events from decorations provider vscode.git 2213
2023-02-23 14:42:07.274 [warning] [Decorations] CAPPING events from decorations provider vscode.git 2213
2023-02-23 14:42:12.403 [warning] [Decorations] CAPPING events from decorations provider vscode.git 2213
2023-02-23 14:42:17.568 [warning] [Decorations] CAPPING events from decorations provider vscode.git 2213
2023-02-23 14:42:22.707 [warning] [Decorations] CAPPING events from decorations provider vscode.git 2213
2023-02-23 14:42:27.855 [warning] [Decorations] CAPPING events from decorations provider vscode.git 2213
2023-02-23 14:42:32.956 [warning] [Decorations] CAPPING events from decorations provider vscode.git 2213
2023-02-23 14:42:38.102 [warning] [Decorations] CAPPING events from decorations provider vscode.git 2213
2023-02-23 14:42:43.236 [warning] [Decorations] CAPPING events from decorations provider vscode.git 2214
2023-02-23 14:42:48.370 [warning] [Decorations] CAPPING events from decorations provider vscode.git 2214
2023-02-23 14:42:53.464 [warning] [Decorations] CAPPING events from decorations provider vscode.git 2214
2023-02-23 14:42:58.577 [warning] [Decorations] CAPPING events from decorations provider vscode.git 2214
2023-02-23 14:43:03.712 [warning] [Decorations] CAPPING events from decorations provider vscode.git 2214
2023-02-23 14:43:08.878 [warning] [Decorations] CAPPING events from decorations provider vscode.git 2214
2023-02-23 14:43:13.999 [warning] [Decorations] CAPPING events from decorations provider vscode.git 2214
2023-02-23 14:43:19.252 [warning] [Decorations] CAPPING events from decorations provider vscode.git 2214
2023-02-23 14:43:24.405 [warning] [Decorations] CAPPING events from decorations provider vscode.git 2214
2023-02-23 14:43:29.567 [warning] [Decorations] CAPPING events from decorations provider vscode.git 2214
2023-02-23 14:43:34.734 [warning] [Decorations] CAPPING events from decorations provider vscode.git 2214
2023-02-23 14:43:39.869 [warning] [Decorations] CAPPING events from decorations provider vscode.git 2214
2023-02-23 14:43:45.098 [warning] [Decorations] CAPPING events from decorations provider vscode.git 2214
2023-02-23 14:43:50.173 [warning] [Decorations] CAPPING events from decorations provider vscode.git 2214
2023-02-23 14:43:55.295 [warning] [Decorations] CAPPING events from decorations provider vscode.git 2214
2023-02-23 14:44:00.447 [warning] [Decorations] CAPPING events from decorations provider vscode.git 2214
2023-02-23 14:44:05.542 [warning] [Decorations] CAPPING events from decorations provider vscode.git 2214
2023-02-23 14:44:10.654 [warning] [Decorations] CAPPING events from decorations provider vscode.git 2214
2023-02-23 14:44:15.787 [warning] [Decorations] CAPPING events from decorations provider vscode.git 2215
2023-02-23 14:44:20.932 [warning] [Decorations] CAPPING events from decorations provider vscode.git 2215
2023-02-23 14:44:26.029 [warning] [Decorations] CAPPING events from decorations provider vscode.git 2215
2023-02-23 14:44:31.216 [warning] [Decorations] CAPPING events from decorations provider vscode.git 2215
2023-02-23 14:44:36.378 [warning] [Decorations] CAPPING events from decorations provider vscode.git 2215
2023-02-23 14:44:41.532 [warning] [Decorations] CAPPING events from decorations provider vscode.git 2215
2023-02-23 14:44:46.674 [warning] [Decorations] CAPPING events from decorations provider vscode.git 2215
2023-02-23 14:44:51.817 [warning] [Decorations] CAPPING events from decorations provider vscode.git 2215
2023-02-23 14:44:56.979 [warning] [Decorations] CAPPING events from decorations provider vscode.git 2215
2023-02-23 14:45:02.087 [warning] [Decorations] CAPPING events from decorations provider vscode.git 2215
2023-02-23 14:45:07.269 [warning] [Decorations] CAPPING events from decorations provider vscode.git 2215
2023-02-23 14:45:12.407 [warning] [Decorations] CAPPING events from decorations provider vscode.git 2215
2023-02-24 07:23:47.478 [warning] [Decorations] CAPPING events from decorations provider vscode.git 2215
2023-02-24 07:23:52.732 [warning] [Decorations] CAPPING events from decorations provider vscode.git 2215
2023-02-24 07:27:35.988 [warning] [Decorations] CAPPING events from decorations provider vscode.git 2215
2023-02-24 07:27:41.342 [warning] [Decorations] CAPPING events from decorations provider vscode.git 2215
2023-02-24 07:27:46.874 [warning] [Decorations] CAPPING events from decorations provider vscode.git 2215
2023-02-24 07:27:52.240 [warning] [Decorations] CAPPING events from decorations provider vscode.git 2215
2023-02-24 07:27:57.814 [warning] [Decorations] CAPPING events from decorations provider vscode.git 2215
2023-02-24 07:28:03.157 [warning] [Decorations] CAPPING events from decorations provider vscode.git 2215
2023-02-24 07:28:08.524 [warning] [Decorations] CAPPING events from decorations provider vscode.git 2215
2023-02-24 07:28:13.814 [warning] [Decorations] CAPPING events from decorations provider vscode.git 2215
2023-02-24 07:28:19.123 [warning] [Decorations] CAPPING events from decorations provider vscode.git 2215
2023-02-24 07:28:24.414 [warning] [Decorations] CAPPING events from decorations provider vscode.git 2215
2023-02-24 07:28:29.946 [warning] [Decorations] CAPPING events from decorations provider vscode.git 2215
2023-02-24 07:38:11.072 [warning] [Decorations] CAPPING events from decorations provider vscode.git 2215
2023-02-24 07:38:16.513 [warning] [Decorations] CAPPING events from decorations provider vscode.git 2215
2023-02-24 16:21:41.807 [info] Extension host terminating: renderer disconnected for too long (1)
2023-02-24 16:21:41.815 [info] Lock '/home/vagrant/.vscode-server/data/User/workspaceStorage/1d2fae190fc4c0659c0931ca0d2b1dc9-1/vscode.lock': Marking the lockfile as scheduled to be released in 6000 ms.
2023-02-24 16:21:41.848 [info] Extension host with pid 2566 exiting with code 0
