2023-02-08 13:38:31.474 [info] Log level: Info
2023-02-08 13:38:31.474 [info] Validating found git in: "git"
2023-02-08 13:38:31.474 [info] Using git "1.8.3.1" from "git"
2023-02-08 13:38:31.474 [info] > git rev-parse --show-toplevel [133ms]
2023-02-08 13:38:31.474 [info] > git rev-parse --git-dir --git-common-dir [2ms]
2023-02-08 13:38:31.474 [info] Open repository: /home/vagrant
2023-02-08 13:38:31.474 [warning] ENOENT: no such file or directory, open '/home/vagrant/--git-common-dir/config'
2023-02-08 13:38:31.474 [info] > git config --get commit.template [15ms]
2023-02-08 13:38:31.474 [info] > git remote --verbose [25ms]
2023-02-08 13:38:31.474 [info] > git rev-parse --show-toplevel [42ms]
2023-02-08 13:38:31.474 [info] > git rev-parse --show-toplevel [0ms]
2023-02-08 13:38:31.474 [info] > git rev-parse --show-toplevel [31ms]
2023-02-08 13:38:31.474 [info] > git rev-parse --show-toplevel [1ms]
2023-02-08 13:38:31.475 [info] > git rev-parse --show-toplevel [1ms]
2023-02-08 13:38:31.475 [info] > git for-each-ref --format=%(refname)%00%(upstream:short)%00%(objectname) refs/heads/main refs/remotes/main [34ms]
2023-02-08 13:38:31.475 [info] > git rev-list --left-right --count main...origin/main [1ms]
2023-02-08 13:38:31.475 [info] > git rev-parse --show-toplevel [44ms]
2023-02-08 13:38:31.475 [info] > git for-each-ref --sort -committerdate --format %(refname) %(objectname) %(*objectname) [10ms]
2023-02-08 13:38:31.475 [info] > git status -z -uall [311ms]
2023-02-08 13:38:31.475 [warning] ENOENT: no such file or directory, open '/home/vagrant/--git-common-dir/config'
2023-02-08 13:38:31.475 [info] > git config --get commit.template [13ms]
2023-02-08 13:38:31.475 [info] > git remote --verbose [31ms]
2023-02-08 13:38:31.475 [info] > git for-each-ref --format=%(refname)%00%(upstream:short)%00%(objectname) refs/heads/main refs/remotes/main [1ms]
2023-02-08 13:38:31.475 [info] > git rev-list --left-right --count main...origin/main [0ms]
2023-02-08 13:38:31.475 [info] > git for-each-ref --sort -committerdate --format %(refname) %(objectname) %(*objectname) [1ms]
2023-02-08 13:38:31.475 [info] > git status -z -uall [164ms]
2023-02-08 13:38:31.475 [info] > git check-ignore -v -z --stdin [102ms]
2023-02-08 13:38:31.565 [info] > git show --textconv :ansible_dir/nmap.yaml [23ms]
2023-02-08 13:38:31.588 [info] > git ls-files --stage -- /home/vagrant/ansible_dir/nmap.yaml [26ms]
2023-02-08 13:38:45.032 [warning] ENOENT: no such file or directory, open '/home/vagrant/--git-common-dir/config'
2023-02-08 13:38:45.044 [info] > git config --get commit.template [0ms]
2023-02-08 13:38:45.045 [info] > git remote --verbose [13ms]
2023-02-08 13:38:45.057 [info] > git for-each-ref --format=%(refname)%00%(upstream:short)%00%(objectname) refs/heads/main refs/remotes/main [1ms]
2023-02-08 13:38:45.064 [info] > git rev-list --left-right --count main...origin/main [1ms]
2023-02-08 13:38:45.096 [info] > git for-each-ref --sort -committerdate --format %(refname) %(objectname) %(*objectname) [0ms]
2023-02-08 13:38:45.114 [info] > git status -z -uall [26ms]
2023-02-08 13:38:45.858 [info] > git show --textconv :ansible_dir/ansible.cfg [17ms]
2023-02-08 13:38:45.859 [info] > git ls-files --stage -- /home/vagrant/ansible_dir/ansible.cfg [9ms]
2023-02-08 13:38:45.870 [info] > git cat-file -s cf6f692169f80a3e0677905924be0b9390511327 [0ms]
2023-02-08 13:38:50.179 [warning] ENOENT: no such file or directory, open '/home/vagrant/--git-common-dir/config'
2023-02-08 13:38:50.185 [info] > git config --get commit.template [1ms]
2023-02-08 13:38:50.186 [info] > git remote --verbose [6ms]
2023-02-08 13:38:50.193 [info] > git for-each-ref --format=%(refname)%00%(upstream:short)%00%(objectname) refs/heads/main refs/remotes/main [1ms]
2023-02-08 13:38:50.200 [info] > git rev-list --left-right --count main...origin/main [1ms]
2023-02-08 13:38:50.233 [info] > git for-each-ref --sort -committerdate --format %(refname) %(objectname) %(*objectname) [0ms]
2023-02-08 13:38:50.244 [info] > git status -z -uall [18ms]
2023-02-08 13:38:55.290 [warning] ENOENT: no such file or directory, open '/home/vagrant/--git-common-dir/config'
2023-02-08 13:38:55.302 [info] > git config --get commit.template [1ms]
2023-02-08 13:38:55.315 [info] > git for-each-ref --format=%(refname)%00%(upstream:short)%00%(objectname) refs/heads/main refs/remotes/main [1ms]
2023-02-08 13:38:55.324 [info] > git remote --verbose [34ms]
2023-02-08 13:38:55.325 [info] > git rev-list --left-right --count main...origin/main [1ms]
2023-02-08 13:38:55.376 [info] > git for-each-ref --sort -committerdate --format %(refname) %(objectname) %(*objectname) [1ms]
2023-02-08 13:38:55.380 [info] > git status -z -uall [32ms]
2023-02-08 13:39:33.222 [warning] ENOENT: no such file or directory, open '/home/vagrant/--git-common-dir/config'
2023-02-08 13:39:33.234 [info] > git config --get commit.template [2ms]
2023-02-08 13:39:33.234 [info] > git remote --verbose [12ms]
2023-02-08 13:39:33.245 [info] > git for-each-ref --format=%(refname)%00%(upstream:short)%00%(objectname) refs/heads/main refs/remotes/main [0ms]
2023-02-08 13:39:33.255 [info] > git rev-list --left-right --count main...origin/main [1ms]
2023-02-08 13:39:33.288 [info] > git for-each-ref --sort -committerdate --format %(refname) %(objectname) %(*objectname) [0ms]
2023-02-08 13:39:33.310 [info] > git status -z -uall [36ms]
2023-02-08 13:39:38.356 [warning] ENOENT: no such file or directory, open '/home/vagrant/--git-common-dir/config'
2023-02-08 13:39:38.363 [info] > git config --get commit.template [1ms]
2023-02-08 13:39:38.363 [info] > git remote --verbose [8ms]
2023-02-08 13:39:38.371 [info] > git for-each-ref --format=%(refname)%00%(upstream:short)%00%(objectname) refs/heads/main refs/remotes/main [2ms]
2023-02-08 13:39:38.376 [info] > git rev-list --left-right --count main...origin/main [1ms]
2023-02-08 13:39:38.401 [info] > git for-each-ref --sort -committerdate --format %(refname) %(objectname) %(*objectname) [1ms]
2023-02-08 13:39:38.416 [info] > git status -z -uall [22ms]
2023-02-08 13:39:43.460 [warning] ENOENT: no such file or directory, open '/home/vagrant/--git-common-dir/config'
2023-02-08 13:39:43.464 [info] > git config --get commit.template [1ms]
2023-02-08 13:39:43.464 [info] > git remote --verbose [4ms]
2023-02-08 13:39:43.473 [info] > git for-each-ref --format=%(refname)%00%(upstream:short)%00%(objectname) refs/heads/main refs/remotes/main [0ms]
2023-02-08 13:39:43.479 [info] > git rev-list --left-right --count main...origin/main [0ms]
2023-02-08 13:39:43.509 [info] > git for-each-ref --sort -committerdate --format %(refname) %(objectname) %(*objectname) [0ms]
2023-02-08 13:39:43.546 [info] > git status -z -uall [46ms]
2023-02-08 13:39:48.582 [warning] ENOENT: no such file or directory, open '/home/vagrant/--git-common-dir/config'
2023-02-08 13:39:48.586 [info] > git config --get commit.template [1ms]
2023-02-08 13:39:48.587 [info] > git remote --verbose [5ms]
2023-02-08 13:39:48.595 [info] > git for-each-ref --format=%(refname)%00%(upstream:short)%00%(objectname) refs/heads/main refs/remotes/main [1ms]
2023-02-08 13:39:48.602 [info] > git rev-list --left-right --count main...origin/main [1ms]
2023-02-08 13:39:48.627 [info] > git for-each-ref --sort -committerdate --format %(refname) %(objectname) %(*objectname) [3ms]
2023-02-08 13:39:48.675 [info] > git status -z -uall [57ms]
2023-02-08 13:39:53.708 [warning] ENOENT: no such file or directory, open '/home/vagrant/--git-common-dir/config'
2023-02-08 13:39:53.713 [info] > git config --get commit.template [0ms]
2023-02-08 13:39:53.713 [info] > git remote --verbose [5ms]
2023-02-08 13:39:53.719 [info] > git for-each-ref --format=%(refname)%00%(upstream:short)%00%(objectname) refs/heads/main refs/remotes/main [0ms]
2023-02-08 13:39:53.725 [info] > git rev-list --left-right --count main...origin/main [1ms]
2023-02-08 13:39:53.753 [info] > git for-each-ref --sort -committerdate --format %(refname) %(objectname) %(*objectname) [1ms]
2023-02-08 13:39:53.754 [info] > git status -z -uall [6ms]
2023-02-08 13:39:58.786 [warning] ENOENT: no such file or directory, open '/home/vagrant/--git-common-dir/config'
2023-02-08 13:39:58.793 [info] > git config --get commit.template [0ms]
2023-02-08 13:39:58.793 [info] > git remote --verbose [7ms]
2023-02-08 13:39:58.801 [info] > git for-each-ref --format=%(refname)%00%(upstream:short)%00%(objectname) refs/heads/main refs/remotes/main [0ms]
2023-02-08 13:39:58.807 [info] > git rev-list --left-right --count main...origin/main [0ms]
2023-02-08 13:39:58.832 [info] > git for-each-ref --sort -committerdate --format %(refname) %(objectname) %(*objectname) [1ms]
2023-02-08 13:39:58.841 [info] > git status -z -uall [15ms]
2023-02-08 13:40:03.868 [warning] ENOENT: no such file or directory, open '/home/vagrant/--git-common-dir/config'
2023-02-08 13:40:03.874 [info] > git config --get commit.template [1ms]
2023-02-08 13:40:03.874 [info] > git remote --verbose [6ms]
2023-02-08 13:40:03.882 [info] > git for-each-ref --format=%(refname)%00%(upstream:short)%00%(objectname) refs/heads/main refs/remotes/main [1ms]
2023-02-08 13:40:03.887 [info] > git rev-list --left-right --count main...origin/main [0ms]
2023-02-08 13:40:03.906 [info] > git for-each-ref --sort -committerdate --format %(refname) %(objectname) %(*objectname) [0ms]
2023-02-08 13:40:03.916 [info] > git status -z -uall [15ms]
2023-02-08 13:42:26.745 [warning] ENOENT: no such file or directory, open '/home/vagrant/--git-common-dir/config'
2023-02-08 13:42:26.757 [info] > git config --get commit.template [1ms]
2023-02-08 13:42:26.757 [info] > git remote --verbose [12ms]
2023-02-08 13:42:26.773 [info] > git for-each-ref --format=%(refname)%00%(upstream:short)%00%(objectname) refs/heads/main refs/remotes/main [1ms]
2023-02-08 13:42:26.779 [info] > git rev-list --left-right --count main...origin/main [0ms]
2023-02-08 13:42:26.810 [info] > git for-each-ref --sort -committerdate --format %(refname) %(objectname) %(*objectname) [0ms]
2023-02-08 13:42:26.833 [info] > git status -z -uall [29ms]
2023-02-08 13:42:31.876 [warning] ENOENT: no such file or directory, open '/home/vagrant/--git-common-dir/config'
2023-02-08 13:42:31.880 [info] > git config --get commit.template [1ms]
2023-02-08 13:42:31.880 [info] > git remote --verbose [4ms]
2023-02-08 13:42:31.887 [info] > git for-each-ref --format=%(refname)%00%(upstream:short)%00%(objectname) refs/heads/main refs/remotes/main [1ms]
2023-02-08 13:42:31.892 [info] > git rev-list --left-right --count main...origin/main [1ms]
2023-02-08 13:42:31.910 [info] > git for-each-ref --sort -committerdate --format %(refname) %(objectname) %(*objectname) [1ms]
2023-02-08 13:42:31.922 [info] > git status -z -uall [16ms]
2023-02-08 13:42:36.944 [warning] ENOENT: no such file or directory, open '/home/vagrant/--git-common-dir/config'
2023-02-08 13:42:36.949 [info] > git config --get commit.template [1ms]
2023-02-08 13:42:36.949 [info] > git remote --verbose [5ms]
2023-02-08 13:42:36.957 [info] > git for-each-ref --format=%(refname)%00%(upstream:short)%00%(objectname) refs/heads/main refs/remotes/main [1ms]
2023-02-08 13:42:36.963 [info] > git rev-list --left-right --count main...origin/main [1ms]
2023-02-08 13:42:36.986 [info] > git for-each-ref --sort -committerdate --format %(refname) %(objectname) %(*objectname) [0ms]
2023-02-08 13:42:36.993 [info] > git status -z -uall [12ms]
2023-02-08 13:42:42.052 [warning] ENOENT: no such file or directory, open '/home/vagrant/--git-common-dir/config'
2023-02-08 13:42:42.059 [info] > git config --get commit.template [4ms]
2023-02-08 13:42:42.059 [info] > git remote --verbose [8ms]
2023-02-08 13:42:42.076 [info] > git for-each-ref --format=%(refname)%00%(upstream:short)%00%(objectname) refs/heads/main refs/remotes/main [0ms]
2023-02-08 13:42:42.082 [info] > git rev-list --left-right --count main...origin/main [1ms]
2023-02-08 13:42:42.109 [info] > git for-each-ref --sort -committerdate --format %(refname) %(objectname) %(*objectname) [0ms]
2023-02-08 13:42:42.117 [info] > git status -z -uall [13ms]
2023-02-08 13:44:02.946 [warning] ENOENT: no such file or directory, open '/home/vagrant/--git-common-dir/config'
2023-02-08 13:44:02.963 [info] > git remote --verbose [17ms]
2023-02-08 13:44:02.979 [info] > git for-each-ref --format=%(refname)%00%(upstream:short)%00%(objectname) refs/heads/main refs/remotes/main [0ms]
2023-02-08 13:44:02.995 [info] > git config --get commit.template [33ms]
2023-02-08 13:44:02.995 [info] > git rev-list --left-right --count main...origin/main [1ms]
2023-02-08 13:44:03.023 [info] > git for-each-ref --sort -committerdate --format %(refname) %(objectname) %(*objectname) [1ms]
2023-02-08 13:44:03.039 [info] > git status -z -uall [23ms]
2023-02-08 13:44:08.076 [warning] ENOENT: no such file or directory, open '/home/vagrant/--git-common-dir/config'
2023-02-08 13:44:08.082 [info] > git config --get commit.template [0ms]
2023-02-08 13:44:08.083 [info] > git remote --verbose [6ms]
2023-02-08 13:44:08.090 [info] > git for-each-ref --format=%(refname)%00%(upstream:short)%00%(objectname) refs/heads/main refs/remotes/main [0ms]
2023-02-08 13:44:08.096 [info] > git rev-list --left-right --count main...origin/main [1ms]
2023-02-08 13:44:08.123 [info] > git for-each-ref --sort -committerdate --format %(refname) %(objectname) %(*objectname) [1ms]
2023-02-08 13:44:08.129 [info] > git status -z -uall [12ms]
2023-02-08 13:44:08.929 [info] > git show --textconv :ansible_dir/inventory.yml [8ms]
2023-02-08 13:44:08.930 [info] > git ls-files --stage -- /home/vagrant/ansible_dir/inventory.yml [2ms]
2023-02-08 13:44:08.974 [info] > git cat-file -s 98fa6c537464eae1714e3a2da83c9a7503230ec4 [3ms]
2023-02-08 13:44:13.157 [warning] ENOENT: no such file or directory, open '/home/vagrant/--git-common-dir/config'
2023-02-08 13:44:13.167 [info] > git config --get commit.template [1ms]
2023-02-08 13:44:13.167 [info] > git remote --verbose [11ms]
2023-02-08 13:44:13.176 [info] > git for-each-ref --format=%(refname)%00%(upstream:short)%00%(objectname) refs/heads/main refs/remotes/main [1ms]
2023-02-08 13:44:13.181 [info] > git rev-list --left-right --count main...origin/main [0ms]
2023-02-08 13:44:13.209 [info] > git for-each-ref --sort -committerdate --format %(refname) %(objectname) %(*objectname) [4ms]
2023-02-08 13:44:13.235 [info] > git status -z -uall [35ms]
2023-02-08 13:44:18.278 [warning] ENOENT: no such file or directory, open '/home/vagrant/--git-common-dir/config'
2023-02-08 13:44:18.284 [info] > git config --get commit.template [1ms]
2023-02-08 13:44:18.284 [info] > git remote --verbose [7ms]
2023-02-08 13:44:18.300 [info] > git for-each-ref --format=%(refname)%00%(upstream:short)%00%(objectname) refs/heads/main refs/remotes/main [1ms]
2023-02-08 13:44:18.312 [info] > git rev-list --left-right --count main...origin/main [2ms]
2023-02-08 13:44:18.349 [info] > git for-each-ref --sort -committerdate --format %(refname) %(objectname) %(*objectname) [1ms]
2023-02-08 13:44:18.416 [info] > git status -z -uall [78ms]
2023-02-08 13:44:23.523 [warning] ENOENT: no such file or directory, open '/home/vagrant/--git-common-dir/config'
2023-02-08 13:44:23.531 [info] > git config --get commit.template [4ms]
2023-02-08 13:44:23.531 [info] > git remote --verbose [8ms]
2023-02-08 13:44:23.548 [info] > git for-each-ref --format=%(refname)%00%(upstream:short)%00%(objectname) refs/heads/main refs/remotes/main [0ms]
2023-02-08 13:44:23.552 [info] > git rev-list --left-right --count main...origin/main [0ms]
2023-02-08 13:44:23.572 [info] > git for-each-ref --sort -committerdate --format %(refname) %(objectname) %(*objectname) [0ms]
2023-02-08 13:44:23.578 [info] > git status -z -uall [11ms]
