*
* Visual Studio Code Server
*
* By using the software, you agree to
* the Visual Studio Code Server License Terms (https://aka.ms/vscode-server-license) and
* the Microsoft Privacy Statement (https://privacy.microsoft.com/en-US/privacystatement).
*
Server bound to 127.0.0.1:34666 (IPv4)
Extension host agent listening on 34666

[14:49:34] Extension host agent started.
[14:49:36] [127.0.0.1][6424422a][ManagementConnection] Unknown reconnection token (never seen).
[14:49:40] No ptyHost heartbeat after 6 seconds
[14:50:18] [127.0.0.1][45d4ac6a][ManagementConnection] New connection established.
[14:50:19] [127.0.0.1][37b0e2a2][ExtensionHostConnection] New connection established.
[14:50:19] [127.0.0.1][37b0e2a2][ExtensionHostConnection] <7754> Launched Extension Host Process.
rejected promise not handled within 1 second: CodeExpectedError: Could not find pty on pty host
stack trace: CodeExpectedError: Could not find pty on pty host
    at h.J (/home/vagrant/.vscode-server/bin/1ad8d514439d5077d2b0b7ee64d2ce82a9308e5a/out/vs/platform/terminal/node/ptyHostMain.js:27:6395)
    at h.updateTitle (/home/vagrant/.vscode-server/bin/1ad8d514439d5077d2b0b7ee64d2ce82a9308e5a/out/vs/platform/terminal/node/ptyHostMain.js:27:2665)
    at Object.call (/home/vagrant/.vscode-server/bin/1ad8d514439d5077d2b0b7ee64d2ce82a9308e5a/out/vs/platform/terminal/node/ptyHostMain.js:17:5110)
    at r.q (/home/vagrant/.vscode-server/bin/1ad8d514439d5077d2b0b7ee64d2ce82a9308e5a/out/vs/platform/terminal/node/ptyHostMain.js:15:5390)
    at r.p (/home/vagrant/.vscode-server/bin/1ad8d514439d5077d2b0b7ee64d2ce82a9308e5a/out/vs/platform/terminal/node/ptyHostMain.js:15:4881)
    at /home/vagrant/.vscode-server/bin/1ad8d514439d5077d2b0b7ee64d2ce82a9308e5a/out/vs/platform/terminal/node/ptyHostMain.js:15:4286
    at n.invoke (/home/vagrant/.vscode-server/bin/1ad8d514439d5077d2b0b7ee64d2ce82a9308e5a/out/vs/platform/terminal/node/ptyHostMain.js:11:145)
    at C.deliver (/home/vagrant/.vscode-server/bin/1ad8d514439d5077d2b0b7ee64d2ce82a9308e5a/out/vs/platform/terminal/node/ptyHostMain.js:11:2038)
    at v.fire (/home/vagrant/.vscode-server/bin/1ad8d514439d5077d2b0b7ee64d2ce82a9308e5a/out/vs/platform/terminal/node/ptyHostMain.js:11:1676)
    at process.O (/home/vagrant/.vscode-server/bin/1ad8d514439d5077d2b0b7ee64d2ce82a9308e5a/out/vs/platform/terminal/node/ptyHostMain.js:9:20886)
    at process.emit (node:events:526:28)
    at emit (node:internal/child_process:938:14)
    at processTicksAndRejections (node:internal/process/task_queues:84:21)
[14:50:23] Error [CodeExpectedError]: Could not find pty on pty host
    at h.J (/home/vagrant/.vscode-server/bin/1ad8d514439d5077d2b0b7ee64d2ce82a9308e5a/out/vs/platform/terminal/node/ptyHostMain.js:27:6395)
    at h.updateTitle (/home/vagrant/.vscode-server/bin/1ad8d514439d5077d2b0b7ee64d2ce82a9308e5a/out/vs/platform/terminal/node/ptyHostMain.js:27:2665)
    at Object.call (/home/vagrant/.vscode-server/bin/1ad8d514439d5077d2b0b7ee64d2ce82a9308e5a/out/vs/platform/terminal/node/ptyHostMain.js:17:5110)
    at r.q (/home/vagrant/.vscode-server/bin/1ad8d514439d5077d2b0b7ee64d2ce82a9308e5a/out/vs/platform/terminal/node/ptyHostMain.js:15:5390)
    at r.p (/home/vagrant/.vscode-server/bin/1ad8d514439d5077d2b0b7ee64d2ce82a9308e5a/out/vs/platform/terminal/node/ptyHostMain.js:15:4881)
    at /home/vagrant/.vscode-server/bin/1ad8d514439d5077d2b0b7ee64d2ce82a9308e5a/out/vs/platform/terminal/node/ptyHostMain.js:15:4286
    at n.invoke (/home/vagrant/.vscode-server/bin/1ad8d514439d5077d2b0b7ee64d2ce82a9308e5a/out/vs/platform/terminal/node/ptyHostMain.js:11:145)
    at C.deliver (/home/vagrant/.vscode-server/bin/1ad8d514439d5077d2b0b7ee64d2ce82a9308e5a/out/vs/platform/terminal/node/ptyHostMain.js:11:2038)
    at v.fire (/home/vagrant/.vscode-server/bin/1ad8d514439d5077d2b0b7ee64d2ce82a9308e5a/out/vs/platform/terminal/node/ptyHostMain.js:11:1676)
    at process.O (/home/vagrant/.vscode-server/bin/1ad8d514439d5077d2b0b7ee64d2ce82a9308e5a/out/vs/platform/terminal/node/ptyHostMain.js:9:20886)
    at process.emit (node:events:526:28)
    at emit (node:internal/child_process:938:14)
    at processTicksAndRejections (node:internal/process/task_queues:84:21)
[IPC Library: Pty Host]  WARN Shell integration cannot be enabled for executable "/bin/sh" and args [
  '-c',
  'wget --version > /dev/null\n' +
    'if [ $? -eq 0 ]\n' +
    'then\n' +
    "\twget --connect-timeout=7 --tries=1 --dns-timeout=7 -q --header='Metadata:true' -O - http://169.254.169.254/metadata/instance?api-version=2019-03-11\n" +
    'else\n' +
    '\tcurl --version > /dev/null\n' +
    '\tif [ $? -eq 0 ]\n' +
    '\tthen\n' +
    "\t\tcurl --connect-timeout 7 -s --header='Metadata:true' http://169.254.169.254/metadata/instance?api-version=2019-03-11\n" +
    '\tfi\n' +
    'fi\n' +
    'exit 0'
]
[IPC Library: Pty Host]  WARN Shell integration cannot be enabled for executable "/bin/sh" and args [
  '-c',
  'wget --version > /dev/null\n' +
    'if [ $? -eq 0 ]\n' +
    'then\n' +
    '\twget --connect-timeout=7 --tries=1 --dns-timeout=7 -q  -O - http://169.254.169.254/latest/meta-data/instance-id\n' +
    'else\n' +
    '\tcurl --version > /dev/null\n' +
    '\tif [ $? -eq 0 ]\n' +
    '\tthen\n' +
    '\t\tcurl --connect-timeout 7 -s  http://169.254.169.254/latest/meta-data/instance-id\n' +
    '\tfi\n' +
    'fi\n' +
    'exit 0'
]
[IPC Library: Pty Host]  WARN Shell integration cannot be enabled for executable "/bin/sh" and args [
  '-c',
  'wget --version > /dev/null\n' +
    'if [ $? -eq 0 ]\n' +
    'then\n' +
    '\twget --connect-timeout=7 --tries=1 --dns-timeout=7 -q  -O - http://169.254.169.254/metadata/v1/id\n' +
    'else\n' +
    '\tcurl --version > /dev/null\n' +
    '\tif [ $? -eq 0 ]\n' +
    '\tthen\n' +
    '\t\tcurl --connect-timeout 7 -s  http://169.254.169.254/metadata/v1/id\n' +
    '\tfi\n' +
    'fi\n' +
    'exit 0'
]
[IPC Library: Pty Host]  WARN Shell integration cannot be enabled for executable "/bin/sh" and args [
  '-c',
  'wget --version > /dev/null\n' +
    'if [ $? -eq 0 ]\n' +
    'then\n' +
    "\twget --connect-timeout=7 --tries=1 --dns-timeout=7 -q --header='Metadata-Flavor:Google' -O - http://metadata.google.internal/computeMetadata/v1/instance/id\n" +
    'else\n' +
    '\tcurl --version > /dev/null\n' +
    '\tif [ $? -eq 0 ]\n' +
    '\tthen\n' +
    "\t\tcurl --connect-timeout 7 -s --header='Metadata-Flavor:Google' http://metadata.google.internal/computeMetadata/v1/instance/id\n" +
    '\tfi\n' +
    'fi\n' +
    'exit 0'
]
rejected promise not handled within 1 second: CodeExpectedError: Could not find pty on pty host
stack trace: CodeExpectedError: Could not find pty on pty host
    at h.J (/home/vagrant/.vscode-server/bin/1ad8d514439d5077d2b0b7ee64d2ce82a9308e5a/out/vs/platform/terminal/node/ptyHostMain.js:27:6395)
    at h.updateIcon (/home/vagrant/.vscode-server/bin/1ad8d514439d5077d2b0b7ee64d2ce82a9308e5a/out/vs/platform/terminal/node/ptyHostMain.js:27:2715)
    at Object.call (/home/vagrant/.vscode-server/bin/1ad8d514439d5077d2b0b7ee64d2ce82a9308e5a/out/vs/platform/terminal/node/ptyHostMain.js:17:5110)
    at r.q (/home/vagrant/.vscode-server/bin/1ad8d514439d5077d2b0b7ee64d2ce82a9308e5a/out/vs/platform/terminal/node/ptyHostMain.js:15:5390)
    at r.p (/home/vagrant/.vscode-server/bin/1ad8d514439d5077d2b0b7ee64d2ce82a9308e5a/out/vs/platform/terminal/node/ptyHostMain.js:15:4881)
    at /home/vagrant/.vscode-server/bin/1ad8d514439d5077d2b0b7ee64d2ce82a9308e5a/out/vs/platform/terminal/node/ptyHostMain.js:15:4286
    at n.invoke (/home/vagrant/.vscode-server/bin/1ad8d514439d5077d2b0b7ee64d2ce82a9308e5a/out/vs/platform/terminal/node/ptyHostMain.js:11:145)
    at C.deliver (/home/vagrant/.vscode-server/bin/1ad8d514439d5077d2b0b7ee64d2ce82a9308e5a/out/vs/platform/terminal/node/ptyHostMain.js:11:2038)
    at v.fire (/home/vagrant/.vscode-server/bin/1ad8d514439d5077d2b0b7ee64d2ce82a9308e5a/out/vs/platform/terminal/node/ptyHostMain.js:11:1676)
    at process.O (/home/vagrant/.vscode-server/bin/1ad8d514439d5077d2b0b7ee64d2ce82a9308e5a/out/vs/platform/terminal/node/ptyHostMain.js:9:20886)
    at process.emit (node:events:526:28)
    at emit (node:internal/child_process:938:14)
    at processTicksAndRejections (node:internal/process/task_queues:84:21)
[14:50:29] Error [CodeExpectedError]: Could not find pty on pty host
    at h.J (/home/vagrant/.vscode-server/bin/1ad8d514439d5077d2b0b7ee64d2ce82a9308e5a/out/vs/platform/terminal/node/ptyHostMain.js:27:6395)
    at h.updateIcon (/home/vagrant/.vscode-server/bin/1ad8d514439d5077d2b0b7ee64d2ce82a9308e5a/out/vs/platform/terminal/node/ptyHostMain.js:27:2715)
    at Object.call (/home/vagrant/.vscode-server/bin/1ad8d514439d5077d2b0b7ee64d2ce82a9308e5a/out/vs/platform/terminal/node/ptyHostMain.js:17:5110)
    at r.q (/home/vagrant/.vscode-server/bin/1ad8d514439d5077d2b0b7ee64d2ce82a9308e5a/out/vs/platform/terminal/node/ptyHostMain.js:15:5390)
    at r.p (/home/vagrant/.vscode-server/bin/1ad8d514439d5077d2b0b7ee64d2ce82a9308e5a/out/vs/platform/terminal/node/ptyHostMain.js:15:4881)
    at /home/vagrant/.vscode-server/bin/1ad8d514439d5077d2b0b7ee64d2ce82a9308e5a/out/vs/platform/terminal/node/ptyHostMain.js:15:4286
    at n.invoke (/home/vagrant/.vscode-server/bin/1ad8d514439d5077d2b0b7ee64d2ce82a9308e5a/out/vs/platform/terminal/node/ptyHostMain.js:11:145)
    at C.deliver (/home/vagrant/.vscode-server/bin/1ad8d514439d5077d2b0b7ee64d2ce82a9308e5a/out/vs/platform/terminal/node/ptyHostMain.js:11:2038)
    at v.fire (/home/vagrant/.vscode-server/bin/1ad8d514439d5077d2b0b7ee64d2ce82a9308e5a/out/vs/platform/terminal/node/ptyHostMain.js:11:1676)
    at process.O (/home/vagrant/.vscode-server/bin/1ad8d514439d5077d2b0b7ee64d2ce82a9308e5a/out/vs/platform/terminal/node/ptyHostMain.js:9:20886)
    at process.emit (node:events:526:28)
    at emit (node:internal/child_process:938:14)
    at processTicksAndRejections (node:internal/process/task_queues:84:21)
[14:51:45] Error: connect ETIMEDOUT 20.189.173.7:443
    at TCPConnectWrap.afterConnect [as oncomplete] (node:net:1157:16) {
  errno: -110,
  code: 'ETIMEDOUT',
  syscall: 'connect',
  address: '20.189.173.7',
  port: 443
}
[16:27:40] No ptyHost heartbeat after 6 seconds
[19:19:47] No ptyHost heartbeat after 6 seconds
[10:02:55] [127.0.0.1][45d4ac6a][ManagementConnection] The client has reconnected.
[10:03:15] [127.0.0.1][37b0e2a2][ExtensionHostConnection] The client has reconnected.
[12:09:14] No ptyHost heartbeat after 6 seconds
[12:09:30] No ptyHost heartbeat after 6 seconds
[14:02:33] No ptyHost heartbeat after 6 seconds
[20:39:21] No ptyHost heartbeat after 6 seconds
[07:55:47] No ptyHost heartbeat after 6 seconds
[11:36:14] No ptyHost heartbeat after 6 seconds
[12:41:16] [127.0.0.1][37b0e2a2][ExtensionHostConnection] <7754> Extension Host Process exited with code: 0, signal: null.
Last EH closed, waiting before shutting down
[12:41:16] Last EH closed, waiting before shutting down
Last EH closed, shutting down
[12:46:16] Last EH closed, shutting down
