*
* Visual Studio Code Server
*
* By using the software, you agree to
* the Visual Studio Code Server License Terms (https://aka.ms/vscode-server-license) and
* the Microsoft Privacy Statement (https://privacy.microsoft.com/en-US/privacystatement).
*
Server bound to 127.0.0.1:35514 (IPv4)
Extension host agent listening on 35514

[14:37:38] Extension host agent started.
[14:37:39] [127.0.0.1][125bb4ff][ManagementConnection] New connection established.
[14:37:39] [127.0.0.1][926569ce][ExtensionHostConnection] New connection established.
[14:37:39] [127.0.0.1][926569ce][ExtensionHostConnection] <9229> Launched Extension Host Process.
[IPC Library: Pty Host]  WARN Shell integration cannot be enabled for executable "/bin/sh" and args [
  '-c',
  'wget --version > /dev/null\n' +
    'if [ $? -eq 0 ]\n' +
    'then\n' +
    "\twget --connect-timeout=7 --tries=1 --dns-timeout=7 -q --header='Metadata:true' -O - http://169.254.169.254/metadata/instance?api-version=2019-03-11\n" +
    'else\n' +
    '\tcurl --version > /dev/null\n' +
    '\tif [ $? -eq 0 ]\n' +
    '\tthen\n' +
    "\t\tcurl --connect-timeout 7 -s --header='Metadata:true' http://169.254.169.254/metadata/instance?api-version=2019-03-11\n" +
    '\tfi\n' +
    'fi\n' +
    'exit 0'
]
[IPC Library: Pty Host]  WARN Shell integration cannot be enabled for executable "/bin/sh" and args [
  '-c',
  'wget --version > /dev/null\n' +
    'if [ $? -eq 0 ]\n' +
    'then\n' +
    '\twget --connect-timeout=7 --tries=1 --dns-timeout=7 -q  -O - http://169.254.169.254/latest/meta-data/instance-id\n' +
    'else\n' +
    '\tcurl --version > /dev/null\n' +
    '\tif [ $? -eq 0 ]\n' +
    '\tthen\n' +
    '\t\tcurl --connect-timeout 7 -s  http://169.254.169.254/latest/meta-data/instance-id\n' +
    '\tfi\n' +
    'fi\n' +
    'exit 0'
]
[IPC Library: Pty Host]  WARN Shell integration cannot be enabled for executable "/bin/sh" and args [
  '-c',
  'wget --version > /dev/null\n' +
    'if [ $? -eq 0 ]\n' +
    'then\n' +
    '\twget --connect-timeout=7 --tries=1 --dns-timeout=7 -q  -O - http://169.254.169.254/metadata/v1/id\n' +
    'else\n' +
    '\tcurl --version > /dev/null\n' +
    '\tif [ $? -eq 0 ]\n' +
    '\tthen\n' +
    '\t\tcurl --connect-timeout 7 -s  http://169.254.169.254/metadata/v1/id\n' +
    '\tfi\n' +
    'fi\n' +
    'exit 0'
]
[IPC Library: Pty Host]  WARN Shell integration cannot be enabled for executable "/bin/sh" and args [
  '-c',
  'wget --version > /dev/null\n' +
    'if [ $? -eq 0 ]\n' +
    'then\n' +
    "\twget --connect-timeout=7 --tries=1 --dns-timeout=7 -q --header='Metadata-Flavor:Google' -O - http://metadata.google.internal/computeMetadata/v1/instance/id\n" +
    'else\n' +
    '\tcurl --version > /dev/null\n' +
    '\tif [ $? -eq 0 ]\n' +
    '\tthen\n' +
    "\t\tcurl --connect-timeout 7 -s --header='Metadata-Flavor:Google' http://metadata.google.internal/computeMetadata/v1/instance/id\n" +
    '\tfi\n' +
    'fi\n' +
    'exit 0'
]
rejected promise not handled within 1 second: CodeExpectedError: Could not find pty on pty host
stack trace: CodeExpectedError: Could not find pty on pty host
    at h.J (/home/vagrant/.vscode-server/bin/97dec172d3256f8ca4bfb2143f3f76b503ca0534/out/vs/platform/terminal/node/ptyHostMain.js:27:6395)
    at h.updateIcon (/home/vagrant/.vscode-server/bin/97dec172d3256f8ca4bfb2143f3f76b503ca0534/out/vs/platform/terminal/node/ptyHostMain.js:27:2715)
    at Object.call (/home/vagrant/.vscode-server/bin/97dec172d3256f8ca4bfb2143f3f76b503ca0534/out/vs/platform/terminal/node/ptyHostMain.js:17:5110)
    at r.q (/home/vagrant/.vscode-server/bin/97dec172d3256f8ca4bfb2143f3f76b503ca0534/out/vs/platform/terminal/node/ptyHostMain.js:15:5390)
    at r.p (/home/vagrant/.vscode-server/bin/97dec172d3256f8ca4bfb2143f3f76b503ca0534/out/vs/platform/terminal/node/ptyHostMain.js:15:4881)
    at /home/vagrant/.vscode-server/bin/97dec172d3256f8ca4bfb2143f3f76b503ca0534/out/vs/platform/terminal/node/ptyHostMain.js:15:4286
    at n.invoke (/home/vagrant/.vscode-server/bin/97dec172d3256f8ca4bfb2143f3f76b503ca0534/out/vs/platform/terminal/node/ptyHostMain.js:11:145)
    at C.deliver (/home/vagrant/.vscode-server/bin/97dec172d3256f8ca4bfb2143f3f76b503ca0534/out/vs/platform/terminal/node/ptyHostMain.js:11:2038)
    at v.fire (/home/vagrant/.vscode-server/bin/97dec172d3256f8ca4bfb2143f3f76b503ca0534/out/vs/platform/terminal/node/ptyHostMain.js:11:1676)
    at process.O (/home/vagrant/.vscode-server/bin/97dec172d3256f8ca4bfb2143f3f76b503ca0534/out/vs/platform/terminal/node/ptyHostMain.js:9:20886)
    at process.emit (node:events:526:28)
    at emit (node:internal/child_process:938:14)
    at processTicksAndRejections (node:internal/process/task_queues:84:21)
[14:37:45] Error [CodeExpectedError]: Could not find pty on pty host
    at h.J (/home/vagrant/.vscode-server/bin/97dec172d3256f8ca4bfb2143f3f76b503ca0534/out/vs/platform/terminal/node/ptyHostMain.js:27:6395)
    at h.updateIcon (/home/vagrant/.vscode-server/bin/97dec172d3256f8ca4bfb2143f3f76b503ca0534/out/vs/platform/terminal/node/ptyHostMain.js:27:2715)
    at Object.call (/home/vagrant/.vscode-server/bin/97dec172d3256f8ca4bfb2143f3f76b503ca0534/out/vs/platform/terminal/node/ptyHostMain.js:17:5110)
    at r.q (/home/vagrant/.vscode-server/bin/97dec172d3256f8ca4bfb2143f3f76b503ca0534/out/vs/platform/terminal/node/ptyHostMain.js:15:5390)
    at r.p (/home/vagrant/.vscode-server/bin/97dec172d3256f8ca4bfb2143f3f76b503ca0534/out/vs/platform/terminal/node/ptyHostMain.js:15:4881)
    at /home/vagrant/.vscode-server/bin/97dec172d3256f8ca4bfb2143f3f76b503ca0534/out/vs/platform/terminal/node/ptyHostMain.js:15:4286
    at n.invoke (/home/vagrant/.vscode-server/bin/97dec172d3256f8ca4bfb2143f3f76b503ca0534/out/vs/platform/terminal/node/ptyHostMain.js:11:145)
    at C.deliver (/home/vagrant/.vscode-server/bin/97dec172d3256f8ca4bfb2143f3f76b503ca0534/out/vs/platform/terminal/node/ptyHostMain.js:11:2038)
    at v.fire (/home/vagrant/.vscode-server/bin/97dec172d3256f8ca4bfb2143f3f76b503ca0534/out/vs/platform/terminal/node/ptyHostMain.js:11:1676)
    at process.O (/home/vagrant/.vscode-server/bin/97dec172d3256f8ca4bfb2143f3f76b503ca0534/out/vs/platform/terminal/node/ptyHostMain.js:9:20886)
    at process.emit (node:events:526:28)
    at emit (node:internal/child_process:938:14)
    at processTicksAndRejections (node:internal/process/task_queues:84:21)
