2023-02-22 15:24:56.070 [info] Log level: Info
2023-02-22 15:24:56.070 [info] Validating found git in: "git"
2023-02-22 15:24:56.070 [info] Using git "1.8.3.1" from "git"
2023-02-22 15:24:56.070 [info] > git rev-parse --show-toplevel [55ms]
2023-02-22 15:24:56.070 [info] > git rev-parse --git-dir --git-common-dir [0ms]
2023-02-22 15:24:56.070 [info] Open repository: /home/vagrant
2023-02-22 15:24:56.070 [warning] ENOENT: no such file or directory, open '/home/vagrant/--git-common-dir/config'
2023-02-22 15:24:56.070 [info] > git rev-parse --show-toplevel [38ms]
2023-02-22 15:24:56.070 [info] > git rev-parse --show-toplevel [2ms]
2023-02-22 15:24:56.070 [info] > git config --get commit.template [24ms]
2023-02-22 15:24:56.070 [info] > git remote --verbose [34ms]
2023-02-22 15:24:56.070 [info] > git rev-parse --show-toplevel [2ms]
2023-02-22 15:24:56.070 [info] > git rev-parse --show-toplevel [13ms]
2023-02-22 15:24:56.070 [info] > git rev-parse --show-toplevel [10ms]
2023-02-22 15:24:56.070 [info] > git for-each-ref --format=%(refname)%00%(upstream:short)%00%(objectname) refs/heads/main refs/remotes/main [58ms]
2023-02-22 15:24:56.070 [info] > git rev-list --left-right --count main...origin/main [4ms]
2023-02-22 15:24:56.070 [info] > git for-each-ref --sort -committerdate --format %(refname) %(objectname) %(*objectname) [1ms]
2023-02-22 15:24:56.144 [info] > git status -z -uall [146ms]
2023-02-22 15:24:57.018 [warning] ENOENT: no such file or directory, open '/home/vagrant/--git-common-dir/config'
2023-02-22 15:24:57.166 [info] > git config --get commit.template [138ms]
2023-02-22 15:24:57.166 [info] > git remote --verbose [148ms]
2023-02-22 15:24:57.199 [info] > git check-ignore -v -z --stdin [53ms]
2023-02-22 15:24:57.201 [info] > git for-each-ref --format=%(refname)%00%(upstream:short)%00%(objectname) refs/heads/main refs/remotes/main [5ms]
2023-02-22 15:24:57.225 [info] > git rev-list --left-right --count main...origin/main [1ms]
2023-02-22 15:24:57.266 [info] > git for-each-ref --sort -committerdate --format %(refname) %(objectname) %(*objectname) [1ms]
2023-02-22 15:24:57.333 [info] > git status -z -uall [84ms]
2023-02-22 15:24:58.475 [warning] ENOENT: no such file or directory, open '/home/vagrant/--git-common-dir/config'
2023-02-22 15:24:58.500 [info] > git config --get commit.template [1ms]
2023-02-22 15:24:58.500 [info] > git remote --verbose [27ms]
2023-02-22 15:24:58.515 [info] > git for-each-ref --format=%(refname)%00%(upstream:short)%00%(objectname) refs/heads/main refs/remotes/main [0ms]
2023-02-22 15:24:58.532 [info] > git rev-list --left-right --count main...origin/main [5ms]
2023-02-22 15:24:58.579 [info] > git for-each-ref --sort -committerdate --format %(refname) %(objectname) %(*objectname) [1ms]
2023-02-22 15:24:58.633 [info] > git status -z -uall [68ms]
2023-02-22 15:25:02.180 [info] > git check-ignore -v -z --stdin [20ms]
2023-02-22 15:25:03.683 [warning] ENOENT: no such file or directory, open '/home/vagrant/--git-common-dir/config'
2023-02-22 15:25:03.700 [info] > git remote --verbose [17ms]
2023-02-22 15:25:03.722 [info] > git for-each-ref --format=%(refname)%00%(upstream:short)%00%(objectname) refs/heads/main refs/remotes/main [1ms]
2023-02-22 15:25:03.730 [info] > git config --get commit.template [30ms]
2023-02-22 15:25:03.731 [info] > git rev-list --left-right --count main...origin/main [1ms]
2023-02-22 15:25:03.761 [info] > git for-each-ref --sort -committerdate --format %(refname) %(objectname) %(*objectname) [1ms]
2023-02-22 15:25:03.814 [info] > git status -z -uall [62ms]
2023-02-22 15:25:08.862 [warning] ENOENT: no such file or directory, open '/home/vagrant/--git-common-dir/config'
2023-02-22 15:25:08.880 [info] > git remote --verbose [17ms]
2023-02-22 15:25:08.906 [info] > git for-each-ref --format=%(refname)%00%(upstream:short)%00%(objectname) refs/heads/main refs/remotes/main [1ms]
2023-02-22 15:25:08.917 [info] > git config --get commit.template [38ms]
2023-02-22 15:25:08.917 [info] > git rev-list --left-right --count main...origin/main [1ms]
2023-02-22 15:25:08.951 [info] > git for-each-ref --sort -committerdate --format %(refname) %(objectname) %(*objectname) [2ms]
2023-02-22 15:25:09.063 [info] > git status -z -uall [125ms]
2023-02-22 15:25:12.593 [info] > git show --textconv :ansible_dir/inventory.yml [27ms]
2023-02-22 15:25:12.594 [info] > git ls-files --stage -- /home/vagrant/ansible_dir/inventory.yml [10ms]
2023-02-22 15:25:12.603 [info] > git cat-file -s 98fa6c537464eae1714e3a2da83c9a7503230ec4 [1ms]
2023-02-22 15:25:14.156 [warning] ENOENT: no such file or directory, open '/home/vagrant/--git-common-dir/config'
2023-02-22 15:25:14.163 [info] > git config --get commit.template [1ms]
2023-02-22 15:25:14.163 [info] > git remote --verbose [7ms]
2023-02-22 15:25:14.177 [info] > git for-each-ref --format=%(refname)%00%(upstream:short)%00%(objectname) refs/heads/main refs/remotes/main [1ms]
2023-02-22 15:25:14.185 [info] > git rev-list --left-right --count main...origin/main [1ms]
2023-02-22 15:25:14.218 [info] > git for-each-ref --sort -committerdate --format %(refname) %(objectname) %(*objectname) [0ms]
2023-02-22 15:25:14.233 [info] > git status -z -uall [27ms]
2023-02-22 15:25:19.288 [warning] ENOENT: no such file or directory, open '/home/vagrant/--git-common-dir/config'
2023-02-22 15:25:19.296 [info] > git config --get commit.template [1ms]
2023-02-22 15:25:19.296 [info] > git remote --verbose [8ms]
2023-02-22 15:25:19.306 [info] > git for-each-ref --format=%(refname)%00%(upstream:short)%00%(objectname) refs/heads/main refs/remotes/main [0ms]
2023-02-22 15:25:19.314 [info] > git rev-list --left-right --count main...origin/main [0ms]
2023-02-22 15:25:19.342 [info] > git for-each-ref --sort -committerdate --format %(refname) %(objectname) %(*objectname) [1ms]
2023-02-22 15:25:19.434 [info] > git status -z -uall [100ms]
2023-02-22 15:25:24.512 [warning] ENOENT: no such file or directory, open '/home/vagrant/--git-common-dir/config'
2023-02-22 15:25:24.524 [info] > git config --get commit.template [2ms]
2023-02-22 15:25:24.524 [info] > git remote --verbose [12ms]
2023-02-22 15:25:24.611 [info] > git for-each-ref --format=%(refname)%00%(upstream:short)%00%(objectname) refs/heads/main refs/remotes/main [1ms]
2023-02-22 15:25:24.618 [info] > git rev-list --left-right --count main...origin/main [0ms]
2023-02-22 15:25:24.646 [info] > git for-each-ref --sort -committerdate --format %(refname) %(objectname) %(*objectname) [1ms]
2023-02-22 15:25:24.716 [info] > git status -z -uall [79ms]
2023-02-22 15:25:28.156 [info] > git show --textconv :ansible_dir/inventory2.yml [15ms]
2023-02-22 15:25:28.156 [info] > git ls-files --stage -- /home/vagrant/ansible_dir/inventory2.yml [1ms]
2023-02-22 15:25:29.757 [warning] ENOENT: no such file or directory, open '/home/vagrant/--git-common-dir/config'
2023-02-22 15:25:29.771 [info] > git config --get commit.template [2ms]
2023-02-22 15:25:29.771 [info] > git remote --verbose [14ms]
2023-02-22 15:25:29.785 [info] > git for-each-ref --format=%(refname)%00%(upstream:short)%00%(objectname) refs/heads/main refs/remotes/main [1ms]
2023-02-22 15:25:29.796 [info] > git rev-list --left-right --count main...origin/main [1ms]
2023-02-22 15:25:29.835 [info] > git for-each-ref --sort -committerdate --format %(refname) %(objectname) %(*objectname) [1ms]
2023-02-22 15:25:29.856 [info] > git status -z -uall [31ms]
2023-02-22 15:25:34.903 [warning] ENOENT: no such file or directory, open '/home/vagrant/--git-common-dir/config'
2023-02-22 15:25:34.922 [info] > git remote --verbose [18ms]
2023-02-22 15:25:34.938 [info] > git for-each-ref --format=%(refname)%00%(upstream:short)%00%(objectname) refs/heads/main refs/remotes/main [1ms]
2023-02-22 15:25:34.948 [info] > git config --get commit.template [27ms]
2023-02-22 15:25:34.949 [info] > git rev-list --left-right --count main...origin/main [1ms]
2023-02-22 15:25:34.988 [info] > git for-each-ref --sort -committerdate --format %(refname) %(objectname) %(*objectname) [3ms]
2023-02-22 15:25:35.043 [info] > git status -z -uall [72ms]
2023-02-22 15:25:40.165 [warning] ENOENT: no such file or directory, open '/home/vagrant/--git-common-dir/config'
2023-02-22 15:25:40.188 [info] > git config --get commit.template [10ms]
2023-02-22 15:25:40.210 [info] > git remote --verbose [45ms]
2023-02-22 15:25:40.227 [info] > git for-each-ref --format=%(refname)%00%(upstream:short)%00%(objectname) refs/heads/main refs/remotes/main [2ms]
2023-02-22 15:25:40.246 [info] > git rev-list --left-right --count main...origin/main [4ms]
2023-02-22 15:25:40.281 [info] > git for-each-ref --sort -committerdate --format %(refname) %(objectname) %(*objectname) [1ms]
2023-02-22 15:25:40.306 [info] > git status -z -uall [35ms]
2023-02-22 15:25:45.355 [warning] ENOENT: no such file or directory, open '/home/vagrant/--git-common-dir/config'
2023-02-22 15:25:45.361 [info] > git config --get commit.template [1ms]
2023-02-22 15:25:45.361 [info] > git remote --verbose [6ms]
2023-02-22 15:25:45.370 [info] > git for-each-ref --format=%(refname)%00%(upstream:short)%00%(objectname) refs/heads/main refs/remotes/main [0ms]
2023-02-22 15:25:45.375 [info] > git rev-list --left-right --count main...origin/main [0ms]
2023-02-22 15:25:45.402 [info] > git for-each-ref --sort -committerdate --format %(refname) %(objectname) %(*objectname) [1ms]
2023-02-22 15:25:45.451 [info] > git status -z -uall [60ms]
2023-02-22 15:25:50.528 [warning] ENOENT: no such file or directory, open '/home/vagrant/--git-common-dir/config'
2023-02-22 15:25:50.538 [info] > git config --get commit.template [1ms]
2023-02-22 15:25:50.538 [info] > git remote --verbose [10ms]
2023-02-22 15:25:50.555 [info] > git for-each-ref --format=%(refname)%00%(upstream:short)%00%(objectname) refs/heads/main refs/remotes/main [1ms]
2023-02-22 15:25:50.566 [info] > git rev-list --left-right --count main...origin/main [1ms]
2023-02-22 15:25:50.593 [info] > git for-each-ref --sort -committerdate --format %(refname) %(objectname) %(*objectname) [0ms]
2023-02-22 15:25:50.676 [info] > git status -z -uall [94ms]
2023-02-22 15:25:55.767 [warning] ENOENT: no such file or directory, open '/home/vagrant/--git-common-dir/config'
2023-02-22 15:25:55.784 [info] > git config --get commit.template [1ms]
2023-02-22 15:25:55.785 [info] > git remote --verbose [18ms]
2023-02-22 15:25:55.801 [info] > git for-each-ref --format=%(refname)%00%(upstream:short)%00%(objectname) refs/heads/main refs/remotes/main [1ms]
2023-02-22 15:25:55.815 [info] > git rev-list --left-right --count main...origin/main [1ms]
2023-02-22 15:25:55.869 [info] > git for-each-ref --sort -committerdate --format %(refname) %(objectname) %(*objectname) [19ms]
2023-02-22 15:25:55.895 [info] > git status -z -uall [61ms]
2023-02-22 15:26:00.951 [warning] ENOENT: no such file or directory, open '/home/vagrant/--git-common-dir/config'
2023-02-22 15:26:00.963 [info] > git config --get commit.template [0ms]
2023-02-22 15:26:00.963 [info] > git remote --verbose [12ms]
2023-02-22 15:26:00.976 [info] > git for-each-ref --format=%(refname)%00%(upstream:short)%00%(objectname) refs/heads/main refs/remotes/main [1ms]
2023-02-22 15:26:00.994 [info] > git rev-list --left-right --count main...origin/main [4ms]
2023-02-22 15:26:01.026 [info] > git for-each-ref --sort -committerdate --format %(refname) %(objectname) %(*objectname) [0ms]
2023-02-22 15:26:01.062 [info] > git status -z -uall [47ms]
2023-02-22 15:26:06.130 [warning] ENOENT: no such file or directory, open '/home/vagrant/--git-common-dir/config'
2023-02-22 15:26:06.139 [info] > git config --get commit.template [1ms]
2023-02-22 15:26:06.140 [info] > git remote --verbose [10ms]
2023-02-22 15:26:06.156 [info] > git for-each-ref --format=%(refname)%00%(upstream:short)%00%(objectname) refs/heads/main refs/remotes/main [0ms]
2023-02-22 15:26:06.165 [info] > git rev-list --left-right --count main...origin/main [1ms]
2023-02-22 15:26:06.191 [info] > git for-each-ref --sort -committerdate --format %(refname) %(objectname) %(*objectname) [0ms]
2023-02-22 15:26:06.268 [info] > git status -z -uall [87ms]
2023-02-22 15:26:11.346 [warning] ENOENT: no such file or directory, open '/home/vagrant/--git-common-dir/config'
2023-02-22 15:26:11.361 [info] > git config --get commit.template [1ms]
2023-02-22 15:26:11.361 [info] > git remote --verbose [15ms]
2023-02-22 15:26:11.377 [info] > git for-each-ref --format=%(refname)%00%(upstream:short)%00%(objectname) refs/heads/main refs/remotes/main [2ms]
2023-02-22 15:26:11.388 [info] > git rev-list --left-right --count main...origin/main [1ms]
2023-02-22 15:26:11.420 [info] > git for-each-ref --sort -committerdate --format %(refname) %(objectname) %(*objectname) [1ms]
2023-02-22 15:26:11.444 [info] > git status -z -uall [33ms]
2023-02-22 15:26:16.510 [warning] ENOENT: no such file or directory, open '/home/vagrant/--git-common-dir/config'
2023-02-22 15:26:16.522 [info] > git config --get commit.template [2ms]
2023-02-22 15:26:16.522 [info] > git remote --verbose [12ms]
2023-02-22 15:26:16.533 [info] > git for-each-ref --format=%(refname)%00%(upstream:short)%00%(objectname) refs/heads/main refs/remotes/main [0ms]
2023-02-22 15:26:16.540 [info] > git rev-list --left-right --count main...origin/main [0ms]
2023-02-22 15:26:16.571 [info] > git for-each-ref --sort -committerdate --format %(refname) %(objectname) %(*objectname) [1ms]
2023-02-22 15:26:16.626 [info] > git status -z -uall [61ms]
2023-02-22 15:26:21.683 [warning] ENOENT: no such file or directory, open '/home/vagrant/--git-common-dir/config'
2023-02-22 15:26:21.691 [info] > git config --get commit.template [0ms]
2023-02-22 15:26:21.691 [info] > git remote --verbose [8ms]
2023-02-22 15:26:21.700 [info] > git for-each-ref --format=%(refname)%00%(upstream:short)%00%(objectname) refs/heads/main refs/remotes/main [0ms]
2023-02-22 15:26:21.706 [info] > git rev-list --left-right --count main...origin/main [0ms]
2023-02-22 15:26:21.743 [info] > git for-each-ref --sort -committerdate --format %(refname) %(objectname) %(*objectname) [1ms]
2023-02-22 15:26:21.777 [info] > git status -z -uall [59ms]
2023-02-22 15:26:23.209 [info] > git show --textconv :ansible_dir/inventory.yml [17ms]
2023-02-22 15:26:23.209 [info] > git ls-files --stage -- /home/vagrant/ansible_dir/inventory.yml [2ms]
2023-02-22 15:26:23.228 [info] > git cat-file -s 98fa6c537464eae1714e3a2da83c9a7503230ec4 [3ms]
2023-02-22 15:26:26.848 [warning] ENOENT: no such file or directory, open '/home/vagrant/--git-common-dir/config'
2023-02-22 15:26:26.861 [info] > git config --get commit.template [0ms]
2023-02-22 15:26:26.861 [info] > git remote --verbose [14ms]
2023-02-22 15:26:26.879 [info] > git for-each-ref --format=%(refname)%00%(upstream:short)%00%(objectname) refs/heads/main refs/remotes/main [2ms]
2023-02-22 15:26:26.888 [info] > git rev-list --left-right --count main...origin/main [0ms]
2023-02-22 15:26:26.929 [info] > git for-each-ref --sort -committerdate --format %(refname) %(objectname) %(*objectname) [1ms]
2023-02-22 15:26:26.967 [info] > git status -z -uall [50ms]
2023-02-22 15:26:31.479 [info] > git show --textconv :ansible_dir/inventory2.yml [15ms]
2023-02-22 15:26:31.479 [info] > git ls-files --stage -- /home/vagrant/ansible_dir/inventory2.yml [2ms]
2023-02-22 15:26:32.050 [warning] ENOENT: no such file or directory, open '/home/vagrant/--git-common-dir/config'
2023-02-22 15:26:32.061 [info] > git config --get commit.template [1ms]
2023-02-22 15:26:32.061 [info] > git remote --verbose [11ms]
2023-02-22 15:26:32.078 [info] > git for-each-ref --format=%(refname)%00%(upstream:short)%00%(objectname) refs/heads/main refs/remotes/main [2ms]
2023-02-22 15:26:32.090 [info] > git rev-list --left-right --count main...origin/main [1ms]
2023-02-22 15:26:32.133 [info] > git for-each-ref --sort -committerdate --format %(refname) %(objectname) %(*objectname) [1ms]
2023-02-22 15:26:32.236 [info] > git status -z -uall [130ms]
2023-02-22 15:26:37.316 [warning] ENOENT: no such file or directory, open '/home/vagrant/--git-common-dir/config'
2023-02-22 15:26:37.329 [info] > git config --get commit.template [1ms]
2023-02-22 15:26:37.330 [info] > git remote --verbose [13ms]
2023-02-22 15:26:37.349 [info] > git for-each-ref --format=%(refname)%00%(upstream:short)%00%(objectname) refs/heads/main refs/remotes/main [0ms]
2023-02-22 15:26:37.362 [info] > git rev-list --left-right --count main...origin/main [1ms]
2023-02-22 15:26:37.412 [info] > git for-each-ref --sort -committerdate --format %(refname) %(objectname) %(*objectname) [0ms]
2023-02-22 15:26:37.425 [info] > git status -z -uall [43ms]
2023-02-22 15:26:42.523 [warning] ENOENT: no such file or directory, open '/home/vagrant/--git-common-dir/config'
2023-02-22 15:26:42.541 [info] > git config --get commit.template [2ms]
2023-02-22 15:26:42.541 [info] > git remote --verbose [18ms]
2023-02-22 15:26:42.561 [info] > git for-each-ref --format=%(refname)%00%(upstream:short)%00%(objectname) refs/heads/main refs/remotes/main [1ms]
2023-02-22 15:26:42.580 [info] > git rev-list --left-right --count main...origin/main [5ms]
2023-02-22 15:26:42.638 [info] > git for-each-ref --sort -committerdate --format %(refname) %(objectname) %(*objectname) [1ms]
2023-02-22 15:26:42.779 [info] > git status -z -uall [181ms]
2023-02-22 15:26:47.836 [warning] ENOENT: no such file or directory, open '/home/vagrant/--git-common-dir/config'
2023-02-22 15:26:47.847 [info] > git config --get commit.template [1ms]
2023-02-22 15:26:47.847 [info] > git remote --verbose [11ms]
2023-02-22 15:26:47.863 [info] > git for-each-ref --format=%(refname)%00%(upstream:short)%00%(objectname) refs/heads/main refs/remotes/main [0ms]
2023-02-22 15:26:47.875 [info] > git rev-list --left-right --count main...origin/main [1ms]
2023-02-22 15:26:47.908 [info] > git for-each-ref --sort -committerdate --format %(refname) %(objectname) %(*objectname) [1ms]
2023-02-22 15:26:47.960 [info] > git status -z -uall [64ms]
2023-02-22 15:26:52.986 [warning] ENOENT: no such file or directory, open '/home/vagrant/--git-common-dir/config'
2023-02-22 15:26:52.992 [info] > git config --get commit.template [1ms]
2023-02-22 15:26:52.992 [info] > git remote --verbose [6ms]
2023-02-22 15:26:53.072 [info] > git for-each-ref --format=%(refname)%00%(upstream:short)%00%(objectname) refs/heads/main refs/remotes/main [1ms]
2023-02-22 15:26:53.078 [info] > git rev-list --left-right --count main...origin/main [0ms]
2023-02-22 15:26:53.107 [info] > git for-each-ref --sort -committerdate --format %(refname) %(objectname) %(*objectname) [1ms]
2023-02-22 15:26:53.125 [info] > git status -z -uall [27ms]
2023-02-22 15:26:58.154 [warning] ENOENT: no such file or directory, open '/home/vagrant/--git-common-dir/config'
2023-02-22 15:26:58.168 [info] > git config --get commit.template [2ms]
2023-02-22 15:26:58.168 [info] > git remote --verbose [14ms]
2023-02-22 15:26:58.183 [info] > git for-each-ref --format=%(refname)%00%(upstream:short)%00%(objectname) refs/heads/main refs/remotes/main [1ms]
2023-02-22 15:26:58.198 [info] > git rev-list --left-right --count main...origin/main [0ms]
2023-02-22 15:26:58.250 [info] > git for-each-ref --sort -committerdate --format %(refname) %(objectname) %(*objectname) [1ms]
2023-02-22 15:26:58.300 [info] > git status -z -uall [79ms]
2023-02-22 15:27:03.388 [warning] ENOENT: no such file or directory, open '/home/vagrant/--git-common-dir/config'
2023-02-22 15:27:03.395 [info] > git config --get commit.template [1ms]
2023-02-22 15:27:03.395 [info] > git remote --verbose [7ms]
2023-02-22 15:27:03.403 [info] > git for-each-ref --format=%(refname)%00%(upstream:short)%00%(objectname) refs/heads/main refs/remotes/main [1ms]
2023-02-22 15:27:03.409 [info] > git rev-list --left-right --count main...origin/main [0ms]
2023-02-22 15:27:03.447 [info] > git for-each-ref --sort -committerdate --format %(refname) %(objectname) %(*objectname) [0ms]
2023-02-22 15:27:03.509 [info] > git status -z -uall [76ms]
2023-02-22 15:27:08.565 [warning] ENOENT: no such file or directory, open '/home/vagrant/--git-common-dir/config'
2023-02-22 15:27:08.582 [info] > git remote --verbose [17ms]
2023-02-22 15:27:08.598 [info] > git for-each-ref --format=%(refname)%00%(upstream:short)%00%(objectname) refs/heads/main refs/remotes/main [1ms]
2023-02-22 15:27:08.607 [info] > git config --get commit.template [26ms]
2023-02-22 15:27:08.608 [info] > git rev-list --left-right --count main...origin/main [1ms]
2023-02-22 15:27:08.649 [info] > git for-each-ref --sort -committerdate --format %(refname) %(objectname) %(*objectname) [1ms]
2023-02-22 15:27:08.693 [info] > git status -z -uall [58ms]
2023-02-22 15:27:13.755 [warning] ENOENT: no such file or directory, open '/home/vagrant/--git-common-dir/config'
2023-02-22 15:27:13.767 [info] > git config --get commit.template [1ms]
2023-02-22 15:27:13.768 [info] > git remote --verbose [13ms]
2023-02-22 15:27:13.800 [info] > git for-each-ref --format=%(refname)%00%(upstream:short)%00%(objectname) refs/heads/main refs/remotes/main [9ms]
2023-02-22 15:27:13.839 [info] > git rev-list --left-right --count main...origin/main [7ms]
2023-02-22 15:27:13.875 [info] > git for-each-ref --sort -committerdate --format %(refname) %(objectname) %(*objectname) [1ms]
2023-02-22 15:27:14.012 [info] > git status -z -uall [154ms]
2023-02-22 15:27:19.092 [warning] ENOENT: no such file or directory, open '/home/vagrant/--git-common-dir/config'
2023-02-22 15:27:19.109 [info] > git remote --verbose [17ms]
2023-02-22 15:27:19.130 [info] > git for-each-ref --format=%(refname)%00%(upstream:short)%00%(objectname) refs/heads/main refs/remotes/main [1ms]
2023-02-22 15:27:19.145 [info] > git config --get commit.template [38ms]
2023-02-22 15:27:19.150 [info] > git rev-list --left-right --count main...origin/main [5ms]
2023-02-22 15:27:19.176 [info] > git for-each-ref --sort -committerdate --format %(refname) %(objectname) %(*objectname) [0ms]
2023-02-22 15:27:19.237 [info] > git status -z -uall [69ms]
2023-02-22 15:27:24.296 [warning] ENOENT: no such file or directory, open '/home/vagrant/--git-common-dir/config'
2023-02-22 15:27:24.309 [info] > git config --get commit.template [1ms]
2023-02-22 15:27:24.309 [info] > git remote --verbose [13ms]
2023-02-22 15:27:24.331 [info] > git for-each-ref --format=%(refname)%00%(upstream:short)%00%(objectname) refs/heads/main refs/remotes/main [1ms]
2023-02-22 15:27:24.346 [info] > git rev-list --left-right --count main...origin/main [1ms]
2023-02-22 15:27:24.379 [info] > git for-each-ref --sort -committerdate --format %(refname) %(objectname) %(*objectname) [1ms]
2023-02-22 15:27:24.475 [info] > git status -z -uall [109ms]
2023-02-22 15:27:29.543 [warning] ENOENT: no such file or directory, open '/home/vagrant/--git-common-dir/config'
2023-02-22 15:27:29.554 [info] > git config --get commit.template [1ms]
2023-02-22 15:27:29.554 [info] > git remote --verbose [11ms]
2023-02-22 15:27:29.630 [info] > git for-each-ref --format=%(refname)%00%(upstream:short)%00%(objectname) refs/heads/main refs/remotes/main [0ms]
2023-02-22 15:27:29.636 [info] > git rev-list --left-right --count main...origin/main [1ms]
2023-02-22 15:27:29.664 [info] > git for-each-ref --sort -committerdate --format %(refname) %(objectname) %(*objectname) [1ms]
2023-02-22 15:27:29.692 [info] > git status -z -uall [37ms]
2023-02-22 15:27:34.747 [warning] ENOENT: no such file or directory, open '/home/vagrant/--git-common-dir/config'
2023-02-22 15:27:34.761 [info] > git config --get commit.template [1ms]
2023-02-22 15:27:34.762 [info] > git remote --verbose [15ms]
2023-02-22 15:27:34.781 [info] > git for-each-ref --format=%(refname)%00%(upstream:short)%00%(objectname) refs/heads/main refs/remotes/main [1ms]
2023-02-22 15:27:34.798 [info] > git rev-list --left-right --count main...origin/main [2ms]
2023-02-22 15:27:34.853 [info] > git for-each-ref --sort -committerdate --format %(refname) %(objectname) %(*objectname) [20ms]
2023-02-22 15:27:34.883 [info] > git status -z -uall [64ms]
2023-02-22 15:27:39.911 [warning] ENOENT: no such file or directory, open '/home/vagrant/--git-common-dir/config'
2023-02-22 15:27:39.918 [info] > git config --get commit.template [0ms]
2023-02-22 15:27:39.919 [info] > git remote --verbose [7ms]
2023-02-22 15:27:39.928 [info] > git for-each-ref --format=%(refname)%00%(upstream:short)%00%(objectname) refs/heads/main refs/remotes/main [0ms]
2023-02-22 15:27:39.932 [info] > git rev-list --left-right --count main...origin/main [0ms]
2023-02-22 15:27:39.958 [info] > git for-each-ref --sort -committerdate --format %(refname) %(objectname) %(*objectname) [1ms]
2023-02-22 15:27:39.977 [info] > git status -z -uall [28ms]
2023-02-22 15:27:45.024 [warning] ENOENT: no such file or directory, open '/home/vagrant/--git-common-dir/config'
2023-02-22 15:27:45.036 [info] > git config --get commit.template [2ms]
2023-02-22 15:27:45.036 [info] > git remote --verbose [12ms]
2023-02-22 15:27:45.213 [info] > git for-each-ref --format=%(refname)%00%(upstream:short)%00%(objectname) refs/heads/main refs/remotes/main [7ms]
2023-02-22 15:27:45.222 [info] > git rev-list --left-right --count main...origin/main [1ms]
2023-02-22 15:27:45.271 [info] > git for-each-ref --sort -committerdate --format %(refname) %(objectname) %(*objectname) [1ms]
2023-02-22 15:27:45.317 [info] > git status -z -uall [80ms]
2023-02-22 15:27:50.375 [warning] ENOENT: no such file or directory, open '/home/vagrant/--git-common-dir/config'
2023-02-22 15:27:50.387 [info] > git config --get commit.template [1ms]
2023-02-22 15:27:50.387 [info] > git remote --verbose [13ms]
2023-02-22 15:27:50.397 [info] > git for-each-ref --format=%(refname)%00%(upstream:short)%00%(objectname) refs/heads/main refs/remotes/main [0ms]
2023-02-22 15:27:50.413 [info] > git rev-list --left-right --count main...origin/main [1ms]
2023-02-22 15:27:50.441 [info] > git for-each-ref --sort -committerdate --format %(refname) %(objectname) %(*objectname) [1ms]
2023-02-22 15:27:50.466 [info] > git status -z -uall [35ms]
2023-02-22 15:27:55.494 [warning] ENOENT: no such file or directory, open '/home/vagrant/--git-common-dir/config'
2023-02-22 15:27:55.504 [info] > git config --get commit.template [1ms]
2023-02-22 15:27:55.504 [info] > git remote --verbose [10ms]
2023-02-22 15:27:55.515 [info] > git for-each-ref --format=%(refname)%00%(upstream:short)%00%(objectname) refs/heads/main refs/remotes/main [1ms]
2023-02-22 15:27:55.522 [info] > git rev-list --left-right --count main...origin/main [0ms]
2023-02-22 15:27:55.558 [info] > git for-each-ref --sort -committerdate --format %(refname) %(objectname) %(*objectname) [1ms]
2023-02-22 15:27:55.579 [info] > git status -z -uall [33ms]
2023-02-22 15:28:00.615 [warning] ENOENT: no such file or directory, open '/home/vagrant/--git-common-dir/config'
2023-02-22 15:28:00.631 [info] > git config --get commit.template [1ms]
2023-02-22 15:28:00.631 [info] > git remote --verbose [17ms]
2023-02-22 15:28:00.651 [info] > git for-each-ref --format=%(refname)%00%(upstream:short)%00%(objectname) refs/heads/main refs/remotes/main [1ms]
2023-02-22 15:28:00.662 [info] > git rev-list --left-right --count main...origin/main [0ms]
2023-02-22 15:28:00.714 [info] > git for-each-ref --sort -committerdate --format %(refname) %(objectname) %(*objectname) [0ms]
2023-02-22 15:28:00.883 [info] > git status -z -uall [201ms]
2023-02-22 15:28:05.949 [warning] ENOENT: no such file or directory, open '/home/vagrant/--git-common-dir/config'
2023-02-22 15:28:05.962 [info] > git config --get commit.template [2ms]
2023-02-22 15:28:05.963 [info] > git remote --verbose [15ms]
2023-02-22 15:28:06.063 [info] > git for-each-ref --format=%(refname)%00%(upstream:short)%00%(objectname) refs/heads/main refs/remotes/main [1ms]
2023-02-22 15:28:06.071 [info] > git rev-list --left-right --count main...origin/main [0ms]
2023-02-22 15:28:06.100 [info] > git for-each-ref --sort -committerdate --format %(refname) %(objectname) %(*objectname) [0ms]
2023-02-22 15:28:06.142 [info] > git status -z -uall [51ms]
2023-02-22 15:28:11.191 [warning] ENOENT: no such file or directory, open '/home/vagrant/--git-common-dir/config'
2023-02-22 15:28:11.202 [info] > git config --get commit.template [0ms]
2023-02-22 15:28:11.202 [info] > git remote --verbose [11ms]
2023-02-22 15:28:11.215 [info] > git for-each-ref --format=%(refname)%00%(upstream:short)%00%(objectname) refs/heads/main refs/remotes/main [1ms]
2023-02-22 15:28:11.221 [info] > git rev-list --left-right --count main...origin/main [1ms]
2023-02-22 15:28:11.246 [info] > git for-each-ref --sort -committerdate --format %(refname) %(objectname) %(*objectname) [0ms]
2023-02-22 15:28:11.277 [info] > git status -z -uall [40ms]
2023-02-22 15:28:16.333 [warning] ENOENT: no such file or directory, open '/home/vagrant/--git-common-dir/config'
2023-02-22 15:28:16.348 [info] > git config --get commit.template [2ms]
2023-02-22 15:28:16.349 [info] > git remote --verbose [15ms]
2023-02-22 15:28:16.366 [info] > git for-each-ref --format=%(refname)%00%(upstream:short)%00%(objectname) refs/heads/main refs/remotes/main [2ms]
2023-02-22 15:28:16.385 [info] > git rev-list --left-right --count main...origin/main [0ms]
2023-02-22 15:28:16.412 [info] > git for-each-ref --sort -committerdate --format %(refname) %(objectname) %(*objectname) [0ms]
2023-02-22 15:28:16.461 [info] > git status -z -uall [55ms]
2023-02-22 15:28:59.894 [warning] ENOENT: no such file or directory, open '/home/vagrant/--git-common-dir/config'
2023-02-22 15:28:59.920 [info] > git config --get commit.template [4ms]
2023-02-22 15:28:59.923 [info] > git remote --verbose [28ms]
2023-02-22 15:28:59.946 [info] > git for-each-ref --format=%(refname)%00%(upstream:short)%00%(objectname) refs/heads/main refs/remotes/main [0ms]
2023-02-22 15:28:59.962 [info] > git rev-list --left-right --count main...origin/main [0ms]
2023-02-22 15:28:59.997 [info] > git for-each-ref --sort -committerdate --format %(refname) %(objectname) %(*objectname) [1ms]
2023-02-22 15:29:00.031 [info] > git status -z -uall [45ms]
2023-02-22 15:29:05.160 [warning] ENOENT: no such file or directory, open '/home/vagrant/--git-common-dir/config'
2023-02-22 15:29:05.167 [info] > git config --get commit.template [1ms]
2023-02-22 15:29:05.167 [info] > git remote --verbose [7ms]
2023-02-22 15:29:05.177 [info] > git for-each-ref --format=%(refname)%00%(upstream:short)%00%(objectname) refs/heads/main refs/remotes/main [0ms]
2023-02-22 15:29:05.187 [info] > git rev-list --left-right --count main...origin/main [1ms]
2023-02-22 15:29:05.222 [info] > git for-each-ref --sort -committerdate --format %(refname) %(objectname) %(*objectname) [1ms]
2023-02-22 15:29:05.253 [info] > git status -z -uall [48ms]
2023-02-22 15:29:10.363 [warning] ENOENT: no such file or directory, open '/home/vagrant/--git-common-dir/config'
2023-02-22 15:29:10.370 [info] > git config --get commit.template [1ms]
2023-02-22 15:29:10.371 [info] > git remote --verbose [8ms]
2023-02-22 15:29:10.426 [info] > git for-each-ref --format=%(refname)%00%(upstream:short)%00%(objectname) refs/heads/main refs/remotes/main [2ms]
2023-02-22 15:29:10.495 [info] > git rev-list --left-right --count main...origin/main [27ms]
2023-02-22 15:29:10.591 [info] > git for-each-ref --sort -committerdate --format %(refname) %(objectname) %(*objectname) [0ms]
2023-02-22 15:29:10.668 [info] > git show --textconv :ansible_dir/ansible.cfg [47ms]
2023-02-22 15:29:10.669 [info] > git ls-files --stage -- /home/vagrant/ansible_dir/ansible.cfg [2ms]
2023-02-22 15:29:10.697 [info] > git status -z -uall [171ms]
2023-02-22 15:29:10.698 [info] > git cat-file -s cf6f692169f80a3e0677905924be0b9390511327 [2ms]
2023-02-22 15:29:15.811 [warning] ENOENT: no such file or directory, open '/home/vagrant/--git-common-dir/config'
2023-02-22 15:29:15.819 [info] > git config --get commit.template [1ms]
2023-02-22 15:29:15.819 [info] > git remote --verbose [8ms]
2023-02-22 15:29:15.829 [info] > git for-each-ref --format=%(refname)%00%(upstream:short)%00%(objectname) refs/heads/main refs/remotes/main [0ms]
2023-02-22 15:29:15.835 [info] > git rev-list --left-right --count main...origin/main [0ms]
2023-02-22 15:29:15.866 [info] > git for-each-ref --sort -committerdate --format %(refname) %(objectname) %(*objectname) [1ms]
2023-02-22 15:29:15.899 [info] > git status -z -uall [42ms]
2023-02-22 15:29:20.956 [warning] ENOENT: no such file or directory, open '/home/vagrant/--git-common-dir/config'
2023-02-22 15:29:20.968 [info] > git config --get commit.template [0ms]
2023-02-22 15:29:20.968 [info] > git remote --verbose [13ms]
2023-02-22 15:29:20.975 [info] > git for-each-ref --format=%(refname)%00%(upstream:short)%00%(objectname) refs/heads/main refs/remotes/main [0ms]
2023-02-22 15:29:20.981 [info] > git rev-list --left-right --count main...origin/main [1ms]
2023-02-22 15:29:21.009 [info] > git for-each-ref --sort -committerdate --format %(refname) %(objectname) %(*objectname) [0ms]
2023-02-22 15:29:21.128 [info] > git status -z -uall [130ms]
2023-02-22 15:29:26.205 [warning] ENOENT: no such file or directory, open '/home/vagrant/--git-common-dir/config'
2023-02-22 15:29:26.215 [info] > git config --get commit.template [1ms]
2023-02-22 15:29:26.216 [info] > git remote --verbose [10ms]
2023-02-22 15:29:26.227 [info] > git for-each-ref --format=%(refname)%00%(upstream:short)%00%(objectname) refs/heads/main refs/remotes/main [1ms]
2023-02-22 15:29:26.236 [info] > git rev-list --left-right --count main...origin/main [0ms]
2023-02-22 15:29:26.259 [info] > git for-each-ref --sort -committerdate --format %(refname) %(objectname) %(*objectname) [0ms]
2023-02-22 15:29:26.299 [info] > git status -z -uall [46ms]
2023-02-22 15:29:31.342 [warning] ENOENT: no such file or directory, open '/home/vagrant/--git-common-dir/config'
2023-02-22 15:29:31.366 [info] > git remote --verbose [24ms]
2023-02-22 15:29:31.399 [info] > git config --get commit.template [37ms]
2023-02-22 15:29:31.408 [info] > git for-each-ref --format=%(refname)%00%(upstream:short)%00%(objectname) refs/heads/main refs/remotes/main [11ms]
2023-02-22 15:29:31.431 [info] > git rev-list --left-right --count main...origin/main [8ms]
2023-02-22 15:29:31.468 [info] > git for-each-ref --sort -committerdate --format %(refname) %(objectname) %(*objectname) [1ms]
2023-02-22 15:29:31.497 [info] > git status -z -uall [44ms]
2023-02-22 15:29:36.560 [warning] ENOENT: no such file or directory, open '/home/vagrant/--git-common-dir/config'
2023-02-22 15:29:36.573 [info] > git config --get commit.template [2ms]
2023-02-22 15:29:36.573 [info] > git remote --verbose [13ms]
2023-02-22 15:29:36.593 [info] > git for-each-ref --format=%(refname)%00%(upstream:short)%00%(objectname) refs/heads/main refs/remotes/main [1ms]
2023-02-22 15:29:36.605 [info] > git rev-list --left-right --count main...origin/main [1ms]
2023-02-22 15:29:36.636 [info] > git for-each-ref --sort -committerdate --format %(refname) %(objectname) %(*objectname) [1ms]
2023-02-22 15:29:36.676 [info] > git status -z -uall [48ms]
2023-02-22 15:29:41.791 [warning] ENOENT: no such file or directory, open '/home/vagrant/--git-common-dir/config'
2023-02-22 15:29:41.801 [info] > git config --get commit.template [1ms]
2023-02-22 15:29:41.811 [info] > git for-each-ref --format=%(refname)%00%(upstream:short)%00%(objectname) refs/heads/main refs/remotes/main [1ms]
2023-02-22 15:29:41.818 [info] > git remote --verbose [27ms]
2023-02-22 15:29:41.819 [info] > git rev-list --left-right --count main...origin/main [1ms]
2023-02-22 15:29:41.853 [info] > git for-each-ref --sort -committerdate --format %(refname) %(objectname) %(*objectname) [1ms]
2023-02-22 15:29:41.859 [info] > git status -z -uall [16ms]
2023-02-22 15:29:46.901 [warning] ENOENT: no such file or directory, open '/home/vagrant/--git-common-dir/config'
2023-02-22 15:29:46.914 [info] > git config --get commit.template [1ms]
2023-02-22 15:29:46.914 [info] > git remote --verbose [13ms]
2023-02-22 15:29:46.925 [info] > git for-each-ref --format=%(refname)%00%(upstream:short)%00%(objectname) refs/heads/main refs/remotes/main [0ms]
2023-02-22 15:29:46.932 [info] > git rev-list --left-right --count main...origin/main [0ms]
2023-02-22 15:29:46.965 [info] > git for-each-ref --sort -committerdate --format %(refname) %(objectname) %(*objectname) [1ms]
2023-02-22 15:29:46.989 [info] > git status -z -uall [33ms]
2023-02-22 15:29:52.042 [warning] ENOENT: no such file or directory, open '/home/vagrant/--git-common-dir/config'
2023-02-22 15:29:52.050 [info] > git config --get commit.template [1ms]
2023-02-22 15:29:52.050 [info] > git remote --verbose [8ms]
2023-02-22 15:29:52.061 [info] > git for-each-ref --format=%(refname)%00%(upstream:short)%00%(objectname) refs/heads/main refs/remotes/main [1ms]
2023-02-22 15:29:52.070 [info] > git rev-list --left-right --count main...origin/main [0ms]
2023-02-22 15:29:52.101 [info] > git for-each-ref --sort -committerdate --format %(refname) %(objectname) %(*objectname) [0ms]
2023-02-22 15:29:52.154 [info] > git status -z -uall [61ms]
2023-02-22 15:29:57.217 [warning] ENOENT: no such file or directory, open '/home/vagrant/--git-common-dir/config'
2023-02-22 15:29:57.229 [info] > git config --get commit.template [1ms]
2023-02-22 15:29:57.229 [info] > git remote --verbose [12ms]
2023-02-22 15:29:57.244 [info] > git for-each-ref --format=%(refname)%00%(upstream:short)%00%(objectname) refs/heads/main refs/remotes/main [0ms]
2023-02-22 15:29:57.254 [info] > git rev-list --left-right --count main...origin/main [0ms]
2023-02-22 15:29:57.290 [info] > git for-each-ref --sort -committerdate --format %(refname) %(objectname) %(*objectname) [1ms]
2023-02-22 15:29:57.323 [info] > git status -z -uall [50ms]
2023-02-22 15:30:02.375 [warning] ENOENT: no such file or directory, open '/home/vagrant/--git-common-dir/config'
2023-02-22 15:30:02.391 [info] > git remote --verbose [16ms]
2023-02-22 15:30:02.409 [info] > git for-each-ref --format=%(refname)%00%(upstream:short)%00%(objectname) refs/heads/main refs/remotes/main [1ms]
2023-02-22 15:30:02.416 [info] > git config --get commit.template [26ms]
2023-02-22 15:30:02.417 [info] > git rev-list --left-right --count main...origin/main [1ms]
2023-02-22 15:30:02.458 [info] > git for-each-ref --sort -committerdate --format %(refname) %(objectname) %(*objectname) [1ms]
2023-02-22 15:30:02.473 [info] > git status -z -uall [43ms]
2023-02-22 15:30:07.522 [warning] ENOENT: no such file or directory, open '/home/vagrant/--git-common-dir/config'
2023-02-22 15:30:07.528 [info] > git config --get commit.template [1ms]
2023-02-22 15:30:07.528 [info] > git remote --verbose [6ms]
2023-02-22 15:30:07.535 [info] > git for-each-ref --format=%(refname)%00%(upstream:short)%00%(objectname) refs/heads/main refs/remotes/main [0ms]
2023-02-22 15:30:07.543 [info] > git rev-list --left-right --count main...origin/main [1ms]
2023-02-22 15:30:07.563 [info] > git for-each-ref --sort -committerdate --format %(refname) %(objectname) %(*objectname) [0ms]
2023-02-22 15:30:07.586 [info] > git status -z -uall [29ms]
2023-02-22 15:30:12.621 [warning] ENOENT: no such file or directory, open '/home/vagrant/--git-common-dir/config'
2023-02-22 15:30:12.630 [info] > git config --get commit.template [1ms]
2023-02-22 15:30:12.630 [info] > git remote --verbose [9ms]
2023-02-22 15:30:12.643 [info] > git for-each-ref --format=%(refname)%00%(upstream:short)%00%(objectname) refs/heads/main refs/remotes/main [1ms]
2023-02-22 15:30:12.651 [info] > git rev-list --left-right --count main...origin/main [1ms]
2023-02-22 15:30:12.694 [info] > git for-each-ref --sort -committerdate --format %(refname) %(objectname) %(*objectname) [0ms]
2023-02-22 15:30:12.706 [info] > git status -z -uall [40ms]
2023-02-22 15:30:17.754 [warning] ENOENT: no such file or directory, open '/home/vagrant/--git-common-dir/config'
2023-02-22 15:30:17.766 [info] > git config --get commit.template [1ms]
2023-02-22 15:30:17.766 [info] > git remote --verbose [12ms]
2023-02-22 15:30:17.779 [info] > git for-each-ref --format=%(refname)%00%(upstream:short)%00%(objectname) refs/heads/main refs/remotes/main [1ms]
2023-02-22 15:30:17.793 [info] > git rev-list --left-right --count main...origin/main [1ms]
2023-02-22 15:30:17.829 [info] > git for-each-ref --sort -committerdate --format %(refname) %(objectname) %(*objectname) [1ms]
2023-02-22 15:30:17.859 [info] > git status -z -uall [39ms]
2023-02-22 15:30:22.909 [warning] ENOENT: no such file or directory, open '/home/vagrant/--git-common-dir/config'
2023-02-22 15:30:22.929 [info] > git config --get commit.template [2ms]
2023-02-22 15:30:22.929 [info] > git remote --verbose [21ms]
2023-02-22 15:30:22.953 [info] > git for-each-ref --format=%(refname)%00%(upstream:short)%00%(objectname) refs/heads/main refs/remotes/main [1ms]
2023-02-22 15:30:22.968 [info] > git rev-list --left-right --count main...origin/main [1ms]
2023-02-22 15:30:23.004 [info] > git for-each-ref --sort -committerdate --format %(refname) %(objectname) %(*objectname) [0ms]
2023-02-22 15:30:23.021 [info] > git status -z -uall [26ms]
2023-02-22 15:30:28.055 [warning] ENOENT: no such file or directory, open '/home/vagrant/--git-common-dir/config'
2023-02-22 15:30:28.068 [info] > git config --get commit.template [1ms]
2023-02-22 15:30:28.068 [info] > git remote --verbose [13ms]
2023-02-22 15:30:28.086 [info] > git for-each-ref --format=%(refname)%00%(upstream:short)%00%(objectname) refs/heads/main refs/remotes/main [0ms]
2023-02-22 15:30:28.092 [info] > git rev-list --left-right --count main...origin/main [1ms]
2023-02-22 15:30:28.115 [info] > git for-each-ref --sort -committerdate --format %(refname) %(objectname) %(*objectname) [0ms]
2023-02-22 15:30:28.136 [info] > git status -z -uall [27ms]
2023-02-22 15:30:33.200 [warning] ENOENT: no such file or directory, open '/home/vagrant/--git-common-dir/config'
2023-02-22 15:30:33.214 [info] > git config --get commit.template [1ms]
2023-02-22 15:30:33.214 [info] > git remote --verbose [14ms]
2023-02-22 15:30:33.231 [info] > git for-each-ref --format=%(refname)%00%(upstream:short)%00%(objectname) refs/heads/main refs/remotes/main [0ms]
2023-02-22 15:30:33.238 [info] > git rev-list --left-right --count main...origin/main [1ms]
2023-02-22 15:30:33.280 [info] > git for-each-ref --sort -committerdate --format %(refname) %(objectname) %(*objectname) [1ms]
2023-02-22 15:30:33.296 [info] > git status -z -uall [44ms]
2023-02-22 15:30:38.338 [warning] ENOENT: no such file or directory, open '/home/vagrant/--git-common-dir/config'
2023-02-22 15:30:38.353 [info] > git config --get commit.template [2ms]
2023-02-22 15:30:38.353 [info] > git remote --verbose [15ms]
2023-02-22 15:30:38.372 [info] > git for-each-ref --format=%(refname)%00%(upstream:short)%00%(objectname) refs/heads/main refs/remotes/main [2ms]
2023-02-22 15:30:38.379 [info] > git rev-list --left-right --count main...origin/main [0ms]
2023-02-22 15:30:38.399 [info] > git for-each-ref --sort -committerdate --format %(refname) %(objectname) %(*objectname) [0ms]
2023-02-22 15:30:38.421 [info] > git status -z -uall [27ms]
2023-02-22 15:30:43.498 [warning] ENOENT: no such file or directory, open '/home/vagrant/--git-common-dir/config'
2023-02-22 15:30:43.503 [info] > git config --get commit.template [1ms]
2023-02-22 15:30:43.503 [info] > git remote --verbose [5ms]
2023-02-22 15:30:43.512 [info] > git for-each-ref --format=%(refname)%00%(upstream:short)%00%(objectname) refs/heads/main refs/remotes/main [2ms]
2023-02-22 15:30:43.521 [info] > git rev-list --left-right --count main...origin/main [1ms]
2023-02-22 15:30:43.551 [info] > git for-each-ref --sort -committerdate --format %(refname) %(objectname) %(*objectname) [1ms]
2023-02-22 15:30:43.627 [info] > git status -z -uall [87ms]
2023-02-22 15:30:48.731 [warning] ENOENT: no such file or directory, open '/home/vagrant/--git-common-dir/config'
2023-02-22 15:30:48.747 [info] > git remote --verbose [17ms]
2023-02-22 15:30:48.766 [info] > git for-each-ref --format=%(refname)%00%(upstream:short)%00%(objectname) refs/heads/main refs/remotes/main [0ms]
2023-02-22 15:30:48.774 [info] > git config --get commit.template [29ms]
2023-02-22 15:30:48.775 [info] > git rev-list --left-right --count main...origin/main [1ms]
2023-02-22 15:30:48.803 [info] > git for-each-ref --sort -committerdate --format %(refname) %(objectname) %(*objectname) [0ms]
2023-02-22 15:30:48.820 [info] > git status -z -uall [24ms]
2023-02-22 15:30:53.858 [warning] ENOENT: no such file or directory, open '/home/vagrant/--git-common-dir/config'
2023-02-22 15:30:53.865 [info] > git config --get commit.template [1ms]
2023-02-22 15:30:53.865 [info] > git remote --verbose [7ms]
2023-02-22 15:30:53.874 [info] > git for-each-ref --format=%(refname)%00%(upstream:short)%00%(objectname) refs/heads/main refs/remotes/main [0ms]
2023-02-22 15:30:53.879 [info] > git rev-list --left-right --count main...origin/main [0ms]
2023-02-22 15:30:53.906 [info] > git for-each-ref --sort -committerdate --format %(refname) %(objectname) %(*objectname) [0ms]
2023-02-22 15:30:53.916 [info] > git status -z -uall [17ms]
2023-02-22 15:30:58.974 [warning] ENOENT: no such file or directory, open '/home/vagrant/--git-common-dir/config'
2023-02-22 15:30:58.989 [info] > git config --get commit.template [1ms]
2023-02-22 15:30:58.989 [info] > git remote --verbose [16ms]
2023-02-22 15:30:59.001 [info] > git for-each-ref --format=%(refname)%00%(upstream:short)%00%(objectname) refs/heads/main refs/remotes/main [0ms]
2023-02-22 15:30:59.007 [info] > git rev-list --left-right --count main...origin/main [0ms]
2023-02-22 15:30:59.034 [info] > git for-each-ref --sort -committerdate --format %(refname) %(objectname) %(*objectname) [1ms]
2023-02-22 15:30:59.074 [info] > git status -z -uall [50ms]
2023-02-22 15:31:04.113 [warning] ENOENT: no such file or directory, open '/home/vagrant/--git-common-dir/config'
2023-02-22 15:31:04.127 [info] > git config --get commit.template [1ms]
2023-02-22 15:31:04.127 [info] > git remote --verbose [14ms]
2023-02-22 15:31:04.149 [info] > git for-each-ref --format=%(refname)%00%(upstream:short)%00%(objectname) refs/heads/main refs/remotes/main [1ms]
2023-02-22 15:31:04.162 [info] > git rev-list --left-right --count main...origin/main [1ms]
2023-02-22 15:31:04.197 [info] > git for-each-ref --sort -committerdate --format %(refname) %(objectname) %(*objectname) [1ms]
2023-02-22 15:31:04.216 [info] > git status -z -uall [28ms]
2023-02-22 15:31:09.261 [warning] ENOENT: no such file or directory, open '/home/vagrant/--git-common-dir/config'
2023-02-22 15:31:09.280 [info] > git config --get commit.template [1ms]
2023-02-22 15:31:09.280 [info] > git remote --verbose [19ms]
2023-02-22 15:31:09.295 [info] > git for-each-ref --format=%(refname)%00%(upstream:short)%00%(objectname) refs/heads/main refs/remotes/main [0ms]
2023-02-22 15:31:09.301 [info] > git rev-list --left-right --count main...origin/main [0ms]
2023-02-22 15:31:09.333 [info] > git for-each-ref --sort -committerdate --format %(refname) %(objectname) %(*objectname) [0ms]
2023-02-22 15:31:09.374 [info] > git status -z -uall [53ms]
2023-02-22 15:31:14.449 [warning] ENOENT: no such file or directory, open '/home/vagrant/--git-common-dir/config'
2023-02-22 15:31:14.463 [info] > git config --get commit.template [1ms]
2023-02-22 15:31:14.464 [info] > git remote --verbose [15ms]
2023-02-22 15:31:14.478 [info] > git for-each-ref --format=%(refname)%00%(upstream:short)%00%(objectname) refs/heads/main refs/remotes/main [2ms]
2023-02-22 15:31:14.489 [info] > git rev-list --left-right --count main...origin/main [1ms]
2023-02-22 15:31:14.543 [info] > git for-each-ref --sort -committerdate --format %(refname) %(objectname) %(*objectname) [2ms]
2023-02-22 15:31:14.601 [info] > git status -z -uall [92ms]
2023-02-22 15:31:19.636 [warning] ENOENT: no such file or directory, open '/home/vagrant/--git-common-dir/config'
2023-02-22 15:31:19.642 [info] > git config --get commit.template [1ms]
2023-02-22 15:31:19.642 [info] > git remote --verbose [6ms]
2023-02-22 15:31:19.653 [info] > git for-each-ref --format=%(refname)%00%(upstream:short)%00%(objectname) refs/heads/main refs/remotes/main [1ms]
2023-02-22 15:31:19.668 [info] > git rev-list --left-right --count main...origin/main [1ms]
2023-02-22 15:31:19.701 [info] > git for-each-ref --sort -committerdate --format %(refname) %(objectname) %(*objectname) [0ms]
2023-02-22 15:31:19.727 [info] > git status -z -uall [33ms]
2023-02-22 15:31:24.763 [warning] ENOENT: no such file or directory, open '/home/vagrant/--git-common-dir/config'
2023-02-22 15:31:24.781 [info] > git remote --verbose [17ms]
2023-02-22 15:31:24.797 [info] > git for-each-ref --format=%(refname)%00%(upstream:short)%00%(objectname) refs/heads/main refs/remotes/main [1ms]
2023-02-22 15:31:24.815 [info] > git config --get commit.template [36ms]
2023-02-22 15:31:24.816 [info] > git rev-list --left-right --count main...origin/main [2ms]
2023-02-22 15:31:24.860 [info] > git for-each-ref --sort -committerdate --format %(refname) %(objectname) %(*objectname) [1ms]
2023-02-22 15:31:24.885 [info] > git status -z -uall [38ms]
2023-02-22 15:31:29.935 [warning] ENOENT: no such file or directory, open '/home/vagrant/--git-common-dir/config'
2023-02-22 15:31:29.951 [info] > git remote --verbose [15ms]
2023-02-22 15:31:29.969 [info] > git for-each-ref --format=%(refname)%00%(upstream:short)%00%(objectname) refs/heads/main refs/remotes/main [1ms]
2023-02-22 15:31:29.976 [info] > git config --get commit.template [27ms]
2023-02-22 15:31:29.977 [info] > git rev-list --left-right --count main...origin/main [1ms]
2023-02-22 15:31:30.008 [info] > git for-each-ref --sort -committerdate --format %(refname) %(objectname) %(*objectname) [1ms]
2023-02-22 15:31:30.019 [info] > git status -z -uall [18ms]
2023-02-22 15:31:35.093 [warning] ENOENT: no such file or directory, open '/home/vagrant/--git-common-dir/config'
2023-02-22 15:31:35.099 [info] > git config --get commit.template [1ms]
2023-02-22 15:31:35.099 [info] > git remote --verbose [6ms]
2023-02-22 15:31:35.110 [info] > git for-each-ref --format=%(refname)%00%(upstream:short)%00%(objectname) refs/heads/main refs/remotes/main [0ms]
2023-02-22 15:31:35.117 [info] > git rev-list --left-right --count main...origin/main [1ms]
2023-02-22 15:31:35.153 [info] > git for-each-ref --sort -committerdate --format %(refname) %(objectname) %(*objectname) [0ms]
2023-02-22 15:31:35.176 [info] > git status -z -uall [33ms]
2023-02-22 15:31:40.226 [warning] ENOENT: no such file or directory, open '/home/vagrant/--git-common-dir/config'
2023-02-22 15:31:40.242 [info] > git config --get commit.template [1ms]
2023-02-22 15:31:40.242 [info] > git remote --verbose [16ms]
2023-02-22 15:31:40.269 [info] > git for-each-ref --format=%(refname)%00%(upstream:short)%00%(objectname) refs/heads/main refs/remotes/main [5ms]
2023-02-22 15:31:40.277 [info] > git rev-list --left-right --count main...origin/main [0ms]
2023-02-22 15:31:40.314 [info] > git for-each-ref --sort -committerdate --format %(refname) %(objectname) %(*objectname) [0ms]
2023-02-22 15:31:40.334 [info] > git status -z -uall [31ms]
2023-02-22 15:31:45.370 [warning] ENOENT: no such file or directory, open '/home/vagrant/--git-common-dir/config'
2023-02-22 15:31:45.383 [info] > git config --get commit.template [1ms]
2023-02-22 15:31:45.383 [info] > git remote --verbose [14ms]
2023-02-22 15:31:45.393 [info] > git for-each-ref --format=%(refname)%00%(upstream:short)%00%(objectname) refs/heads/main refs/remotes/main [1ms]
2023-02-22 15:31:45.405 [info] > git rev-list --left-right --count main...origin/main [0ms]
2023-02-22 15:31:45.434 [info] > git for-each-ref --sort -committerdate --format %(refname) %(objectname) %(*objectname) [1ms]
2023-02-22 15:31:45.479 [info] > git status -z -uall [58ms]
2023-02-22 15:31:50.549 [warning] ENOENT: no such file or directory, open '/home/vagrant/--git-common-dir/config'
2023-02-22 15:31:50.557 [info] > git config --get commit.template [0ms]
2023-02-22 15:31:50.557 [info] > git remote --verbose [8ms]
2023-02-22 15:31:50.567 [info] > git for-each-ref --format=%(refname)%00%(upstream:short)%00%(objectname) refs/heads/main refs/remotes/main [0ms]
2023-02-22 15:31:50.575 [info] > git rev-list --left-right --count main...origin/main [1ms]
2023-02-22 15:31:50.602 [info] > git for-each-ref --sort -committerdate --format %(refname) %(objectname) %(*objectname) [1ms]
2023-02-22 15:31:50.637 [info] > git status -z -uall [44ms]
2023-02-22 15:31:55.676 [warning] ENOENT: no such file or directory, open '/home/vagrant/--git-common-dir/config'
2023-02-22 15:31:55.680 [info] > git config --get commit.template [0ms]
2023-02-22 15:31:55.680 [info] > git remote --verbose [4ms]
2023-02-22 15:31:55.688 [info] > git for-each-ref --format=%(refname)%00%(upstream:short)%00%(objectname) refs/heads/main refs/remotes/main [0ms]
2023-02-22 15:31:55.695 [info] > git rev-list --left-right --count main...origin/main [1ms]
2023-02-22 15:31:55.725 [info] > git for-each-ref --sort -committerdate --format %(refname) %(objectname) %(*objectname) [0ms]
2023-02-22 15:31:55.735 [info] > git status -z -uall [16ms]
2023-02-22 15:32:00.788 [warning] ENOENT: no such file or directory, open '/home/vagrant/--git-common-dir/config'
2023-02-22 15:32:00.798 [info] > git config --get commit.template [1ms]
2023-02-22 15:32:00.798 [info] > git remote --verbose [10ms]
2023-02-22 15:32:00.809 [info] > git for-each-ref --format=%(refname)%00%(upstream:short)%00%(objectname) refs/heads/main refs/remotes/main [0ms]
2023-02-22 15:32:00.826 [info] > git rev-list --left-right --count main...origin/main [4ms]
2023-02-22 15:32:00.867 [info] > git for-each-ref --sort -committerdate --format %(refname) %(objectname) %(*objectname) [1ms]
2023-02-22 15:32:00.877 [info] > git status -z -uall [36ms]
2023-02-22 15:32:05.941 [warning] ENOENT: no such file or directory, open '/home/vagrant/--git-common-dir/config'
2023-02-22 15:32:05.954 [info] > git config --get commit.template [0ms]
2023-02-22 15:32:05.954 [info] > git remote --verbose [13ms]
2023-02-22 15:32:05.964 [info] > git for-each-ref --format=%(refname)%00%(upstream:short)%00%(objectname) refs/heads/main refs/remotes/main [1ms]
2023-02-22 15:32:05.974 [info] > git rev-list --left-right --count main...origin/main [1ms]
2023-02-22 15:32:06.009 [info] > git for-each-ref --sort -committerdate --format %(refname) %(objectname) %(*objectname) [0ms]
2023-02-22 15:32:06.041 [info] > git status -z -uall [54ms]
2023-02-22 15:32:38.183 [warning] ENOENT: no such file or directory, open '/home/vagrant/--git-common-dir/config'
2023-02-22 15:32:38.203 [info] > git config --get commit.template [1ms]
2023-02-22 15:32:38.203 [info] > git remote --verbose [21ms]
2023-02-22 15:32:38.218 [info] > git for-each-ref --format=%(refname)%00%(upstream:short)%00%(objectname) refs/heads/main refs/remotes/main [3ms]
2023-02-22 15:32:38.236 [info] > git rev-list --left-right --count main...origin/main [1ms]
2023-02-22 15:32:38.273 [info] > git for-each-ref --sort -committerdate --format %(refname) %(objectname) %(*objectname) [0ms]
2023-02-22 15:32:38.297 [info] > git status -z -uall [36ms]
2023-02-22 15:32:43.345 [warning] ENOENT: no such file or directory, open '/home/vagrant/--git-common-dir/config'
2023-02-22 15:32:43.356 [info] > git config --get commit.template [0ms]
2023-02-22 15:32:43.357 [info] > git remote --verbose [13ms]
2023-02-22 15:32:43.369 [info] > git for-each-ref --format=%(refname)%00%(upstream:short)%00%(objectname) refs/heads/main refs/remotes/main [1ms]
2023-02-22 15:32:43.380 [info] > git rev-list --left-right --count main...origin/main [1ms]
2023-02-22 15:32:43.407 [info] > git for-each-ref --sort -committerdate --format %(refname) %(objectname) %(*objectname) [0ms]
2023-02-22 15:32:43.443 [info] > git status -z -uall [45ms]
2023-02-22 15:32:48.505 [warning] ENOENT: no such file or directory, open '/home/vagrant/--git-common-dir/config'
2023-02-22 15:32:48.527 [info] > git config --get commit.template [1ms]
2023-02-22 15:32:48.527 [info] > git remote --verbose [22ms]
2023-02-22 15:32:48.537 [info] > git for-each-ref --format=%(refname)%00%(upstream:short)%00%(objectname) refs/heads/main refs/remotes/main [0ms]
2023-02-22 15:32:48.542 [info] > git rev-list --left-right --count main...origin/main [0ms]
2023-02-22 15:32:48.578 [info] > git for-each-ref --sort -committerdate --format %(refname) %(objectname) %(*objectname) [1ms]
2023-02-22 15:32:48.632 [info] > git status -z -uall [66ms]
2023-02-22 15:35:28.894 [warning] ENOENT: no such file or directory, open '/home/vagrant/--git-common-dir/config'
2023-02-22 15:35:28.943 [info] > git config --get commit.template [2ms]
2023-02-22 15:35:28.946 [info] > git remote --verbose [52ms]
2023-02-22 15:35:28.967 [info] > git for-each-ref --format=%(refname)%00%(upstream:short)%00%(objectname) refs/heads/main refs/remotes/main [1ms]
2023-02-22 15:35:28.985 [info] > git rev-list --left-right --count main...origin/main [1ms]
2023-02-22 15:35:29.019 [info] > git for-each-ref --sort -committerdate --format %(refname) %(objectname) %(*objectname) [1ms]
2023-02-22 15:35:29.048 [info] > git status -z -uall [39ms]
2023-02-22 15:35:34.210 [warning] ENOENT: no such file or directory, open '/home/vagrant/--git-common-dir/config'
2023-02-22 15:35:34.217 [info] > git config --get commit.template [1ms]
2023-02-22 15:35:34.218 [info] > git remote --verbose [8ms]
2023-02-22 15:35:34.230 [info] > git for-each-ref --format=%(refname)%00%(upstream:short)%00%(objectname) refs/heads/main refs/remotes/main [0ms]
2023-02-22 15:35:34.240 [info] > git rev-list --left-right --count main...origin/main [0ms]
2023-02-22 15:35:34.268 [info] > git for-each-ref --sort -committerdate --format %(refname) %(objectname) %(*objectname) [0ms]
2023-02-22 15:35:34.288 [info] > git status -z -uall [27ms]
2023-02-22 15:35:39.326 [warning] ENOENT: no such file or directory, open '/home/vagrant/--git-common-dir/config'
2023-02-22 15:35:39.332 [info] > git config --get commit.template [1ms]
2023-02-22 15:35:39.332 [info] > git remote --verbose [6ms]
2023-02-22 15:35:39.345 [info] > git for-each-ref --format=%(refname)%00%(upstream:short)%00%(objectname) refs/heads/main refs/remotes/main [1ms]
2023-02-22 15:35:39.354 [info] > git rev-list --left-right --count main...origin/main [0ms]
2023-02-22 15:35:39.394 [info] > git for-each-ref --sort -committerdate --format %(refname) %(objectname) %(*objectname) [1ms]
2023-02-22 15:35:39.401 [info] > git status -z -uall [34ms]
2023-02-22 15:35:44.431 [warning] ENOENT: no such file or directory, open '/home/vagrant/--git-common-dir/config'
2023-02-22 15:35:44.442 [info] > git config --get commit.template [2ms]
2023-02-22 15:35:44.442 [info] > git remote --verbose [11ms]
2023-02-22 15:35:44.450 [info] > git for-each-ref --format=%(refname)%00%(upstream:short)%00%(objectname) refs/heads/main refs/remotes/main [0ms]
2023-02-22 15:35:44.458 [info] > git rev-list --left-right --count main...origin/main [1ms]
2023-02-22 15:35:44.482 [info] > git for-each-ref --sort -committerdate --format %(refname) %(objectname) %(*objectname) [0ms]
2023-02-22 15:35:44.528 [info] > git status -z -uall [53ms]
2023-02-22 15:35:49.599 [warning] ENOENT: no such file or directory, open '/home/vagrant/--git-common-dir/config'
2023-02-22 15:35:49.612 [info] > git config --get commit.template [1ms]
2023-02-22 15:35:49.613 [info] > git remote --verbose [14ms]
2023-02-22 15:35:49.626 [info] > git for-each-ref --format=%(refname)%00%(upstream:short)%00%(objectname) refs/heads/main refs/remotes/main [1ms]
2023-02-22 15:35:49.633 [info] > git rev-list --left-right --count main...origin/main [0ms]
2023-02-22 15:35:49.659 [info] > git for-each-ref --sort -committerdate --format %(refname) %(objectname) %(*objectname) [0ms]
2023-02-22 15:35:49.670 [info] > git status -z -uall [17ms]
2023-02-22 15:35:54.711 [warning] ENOENT: no such file or directory, open '/home/vagrant/--git-common-dir/config'
2023-02-22 15:35:54.728 [info] > git remote --verbose [18ms]
2023-02-22 15:35:54.752 [info] > git config --get commit.template [26ms]
2023-02-22 15:35:54.752 [info] > git for-each-ref --format=%(refname)%00%(upstream:short)%00%(objectname) refs/heads/main refs/remotes/main [1ms]
2023-02-22 15:35:54.760 [info] > git rev-list --left-right --count main...origin/main [0ms]
2023-02-22 15:35:54.797 [info] > git for-each-ref --sort -committerdate --format %(refname) %(objectname) %(*objectname) [1ms]
2023-02-22 15:35:54.798 [info] > git status -z -uall [25ms]
2023-02-22 15:35:59.830 [warning] ENOENT: no such file or directory, open '/home/vagrant/--git-common-dir/config'
2023-02-22 15:35:59.840 [info] > git config --get commit.template [0ms]
2023-02-22 15:35:59.841 [info] > git remote --verbose [11ms]
2023-02-22 15:35:59.853 [info] > git for-each-ref --format=%(refname)%00%(upstream:short)%00%(objectname) refs/heads/main refs/remotes/main [1ms]
2023-02-22 15:35:59.862 [info] > git rev-list --left-right --count main...origin/main [1ms]
2023-02-22 15:35:59.893 [info] > git for-each-ref --sort -committerdate --format %(refname) %(objectname) %(*objectname) [1ms]
2023-02-22 15:35:59.916 [info] > git status -z -uall [33ms]
2023-02-22 15:36:04.975 [warning] ENOENT: no such file or directory, open '/home/vagrant/--git-common-dir/config'
2023-02-22 15:36:04.993 [info] > git remote --verbose [18ms]
2023-02-22 15:36:05.022 [info] > git for-each-ref --format=%(refname)%00%(upstream:short)%00%(objectname) refs/heads/main refs/remotes/main [0ms]
2023-02-22 15:36:05.031 [info] > git config --get commit.template [42ms]
2023-02-22 15:36:05.032 [info] > git rev-list --left-right --count main...origin/main [1ms]
2023-02-22 15:36:05.066 [info] > git for-each-ref --sort -committerdate --format %(refname) %(objectname) %(*objectname) [1ms]
2023-02-22 15:36:05.119 [info] > git status -z -uall [64ms]
2023-02-22 15:36:10.199 [warning] ENOENT: no such file or directory, open '/home/vagrant/--git-common-dir/config'
2023-02-22 15:36:10.216 [info] > git config --get commit.template [1ms]
2023-02-22 15:36:10.217 [info] > git remote --verbose [17ms]
2023-02-22 15:36:10.235 [info] > git for-each-ref --format=%(refname)%00%(upstream:short)%00%(objectname) refs/heads/main refs/remotes/main [1ms]
2023-02-22 15:36:10.243 [info] > git rev-list --left-right --count main...origin/main [1ms]
2023-02-22 15:36:10.328 [info] > git for-each-ref --sort -committerdate --format %(refname) %(objectname) %(*objectname) [3ms]
2023-02-22 15:36:10.355 [info] > git status -z -uall [57ms]
2023-02-22 15:36:15.403 [warning] ENOENT: no such file or directory, open '/home/vagrant/--git-common-dir/config'
2023-02-22 15:36:15.410 [info] > git config --get commit.template [1ms]
2023-02-22 15:36:15.411 [info] > git remote --verbose [7ms]
2023-02-22 15:36:15.420 [info] > git for-each-ref --format=%(refname)%00%(upstream:short)%00%(objectname) refs/heads/main refs/remotes/main [0ms]
2023-02-22 15:36:15.427 [info] > git rev-list --left-right --count main...origin/main [0ms]
2023-02-22 15:36:15.457 [info] > git for-each-ref --sort -committerdate --format %(refname) %(objectname) %(*objectname) [0ms]
2023-02-22 15:36:15.476 [info] > git status -z -uall [27ms]
2023-02-22 15:36:20.503 [warning] ENOENT: no such file or directory, open '/home/vagrant/--git-common-dir/config'
2023-02-22 15:36:20.512 [info] > git config --get commit.template [0ms]
2023-02-22 15:36:20.512 [info] > git remote --verbose [9ms]
2023-02-22 15:36:20.525 [info] > git for-each-ref --format=%(refname)%00%(upstream:short)%00%(objectname) refs/heads/main refs/remotes/main [0ms]
2023-02-22 15:36:20.533 [info] > git rev-list --left-right --count main...origin/main [1ms]
2023-02-22 15:36:20.562 [info] > git for-each-ref --sort -committerdate --format %(refname) %(objectname) %(*objectname) [1ms]
2023-02-22 15:36:20.643 [info] > git status -z -uall [90ms]
2023-02-22 15:36:25.760 [warning] ENOENT: no such file or directory, open '/home/vagrant/--git-common-dir/config'
2023-02-22 15:36:25.778 [info] > git remote --verbose [17ms]
2023-02-22 15:36:25.805 [info] > git for-each-ref --format=%(refname)%00%(upstream:short)%00%(objectname) refs/heads/main refs/remotes/main [2ms]
2023-02-22 15:36:25.824 [info] > git config --get commit.template [47ms]
2023-02-22 15:36:25.833 [info] > git rev-list --left-right --count main...origin/main [10ms]
2023-02-22 15:36:25.874 [info] > git for-each-ref --sort -committerdate --format %(refname) %(objectname) %(*objectname) [1ms]
2023-02-22 15:36:25.942 [info] > git status -z -uall [84ms]
2023-02-22 15:36:31.014 [warning] ENOENT: no such file or directory, open '/home/vagrant/--git-common-dir/config'
2023-02-22 15:36:31.029 [info] > git config --get commit.template [1ms]
2023-02-22 15:36:31.049 [info] > git for-each-ref --format=%(refname)%00%(upstream:short)%00%(objectname) refs/heads/main refs/remotes/main [1ms]
2023-02-22 15:36:31.061 [info] > git remote --verbose [47ms]
2023-02-22 15:36:31.062 [info] > git rev-list --left-right --count main...origin/main [1ms]
2023-02-22 15:36:31.090 [info] > git for-each-ref --sort -committerdate --format %(refname) %(objectname) %(*objectname) [1ms]
2023-02-22 15:36:31.217 [info] > git status -z -uall [137ms]
2023-02-22 15:36:36.303 [warning] ENOENT: no such file or directory, open '/home/vagrant/--git-common-dir/config'
2023-02-22 15:36:36.312 [info] > git config --get commit.template [1ms]
2023-02-22 15:36:36.312 [info] > git remote --verbose [10ms]
2023-02-22 15:36:36.327 [info] > git for-each-ref --format=%(refname)%00%(upstream:short)%00%(objectname) refs/heads/main refs/remotes/main [0ms]
2023-02-22 15:36:36.334 [info] > git rev-list --left-right --count main...origin/main [0ms]
2023-02-22 15:36:36.367 [info] > git for-each-ref --sort -committerdate --format %(refname) %(objectname) %(*objectname) [1ms]
2023-02-22 15:36:36.395 [info] > git status -z -uall [37ms]
2023-02-22 15:36:41.443 [warning] ENOENT: no such file or directory, open '/home/vagrant/--git-common-dir/config'
2023-02-22 15:36:41.455 [info] > git config --get commit.template [0ms]
2023-02-22 15:36:41.456 [info] > git remote --verbose [13ms]
2023-02-22 15:36:41.471 [info] > git for-each-ref --format=%(refname)%00%(upstream:short)%00%(objectname) refs/heads/main refs/remotes/main [1ms]
2023-02-22 15:36:41.491 [info] > git rev-list --left-right --count main...origin/main [4ms]
2023-02-22 15:36:41.577 [info] > git for-each-ref --sort -committerdate --format %(refname) %(objectname) %(*objectname) [56ms]
2023-02-22 15:36:41.590 [info] > git status -z -uall [77ms]
2023-02-22 15:36:46.685 [warning] ENOENT: no such file or directory, open '/home/vagrant/--git-common-dir/config'
2023-02-22 15:36:46.699 [info] > git config --get commit.template [1ms]
2023-02-22 15:36:46.699 [info] > git remote --verbose [14ms]
2023-02-22 15:36:46.714 [info] > git for-each-ref --format=%(refname)%00%(upstream:short)%00%(objectname) refs/heads/main refs/remotes/main [1ms]
2023-02-22 15:36:46.725 [info] > git rev-list --left-right --count main...origin/main [0ms]
2023-02-22 15:36:46.765 [info] > git for-each-ref --sort -committerdate --format %(refname) %(objectname) %(*objectname) [2ms]
2023-02-22 15:36:46.804 [info] > git status -z -uall [51ms]
